
------
Test: None
Time: 2022-10-14 17:29:21.077523
Request method: POST
Request URL: http://localmail.itexpert.ru:5058/ServiceModel/AuthService.svc/Login
Request data: None
Request json: {'UserName': 'Supervisor', 'UserPassword': '!Supervisor123Test!'}
Request cookies: {'Content-Type': 'application/json', 'User-Agent': 'PostmanRuntime/7.29.0', 'Accept': '*/*', 'Cache-Control': 'Cache-Control', 'Host': 'localmail.itexpert.ru:5058', 'Accept-Encoding': 'gzip, deflate, br', 'Connection': 'keep-alive', 'Content-Length': '69'}
Request headers: {}

-------
Response code: 200
Response text: {"RedirectUrl":null,"PasswordChangeUrl":null,"Exception":null,"Code":0,"Message":""}
Response head: {'Date': 'Fri, 14 Oct 2022 12:29:24 GMT', 'Content-Type': 'application/json; charset=utf-8', 'Server': 'Kestrel', 'Content-Length': '84', 'Cache-Control': 'no-cache', 'Pragma': 'no-cache', 'Expires': 'Thu, 01 Jan 1970 00:00:00 GMT', 'Set-Cookie': 'BPMSESSIONID=; expires=Thu, 01 Jan 1970 00:00:00 GMT; path=/; samesite=lax, .ASPXAUTH=CfDJ8KOx5pzs3vJMgjraUoy-gb4B0FIPv1gqqlwcI_b333wEIjTsgDoaWggvteY9A6pHYqmJuePXldyp_SkIg88lSjXpHbWHn2ewDSzrCNGHQbJFeqybSWXXQd01-1ive1TAb-n_PdjLz1914k4XiovZULwElQeuRU5naWuQ7AS8YSooby88IQSJvVrnay6r7v1rajgW1brjGnzJjNT1yN0q1fDvjSreCLtmNG-p3L0wI1cWdYFikCRhuPz7q_4jPucsPrqru_VsN74GKdP686dIyOBSqpzoQEzbJzQ1cGH9Hadg5aQF3SP3XGSzdsIyHBmOGbwYk_D9UV4d-yvo4Udvho3uJJVa22VsYhQfSaoGslUAneLyCZzmETu8Rc2K6jMBXK56Z5XRjJt4EkY6k3iYjHT76FEr4mbQHjpsoBaH2w6YGTbB1LGlWsiH1XKirFuptmzuIGnzto_uMr1hTkcEepPjTaMBCt3VuH0hRUW9745lXQxzrsaTn8vysl7ReBgIY5ybHvsRlSiTTY_I70FzBvrGYl-htzDWDWYs2uIzC9ZvIumhv_yK2U3QQ-4vgL8FUC2uoUDzgnPbvKM8YlLDRKG79A3oEApCEScFQNMiPAKlGrtFk-Ow-YblrJ5qP_62QEIfrDB3CpdexVqbjAfBqg_qbzzkubUwNefQOSnbmzBkKuRy7uHKGNeTVVtTksfN68nnfvZBebi8JS0peIHxd5Suduuy4ajQRrOxeUXsplFYnkzIJUCmY4blUG5F5_Tl9bN9bKlyjZyG2SDaPHAYM2r-fMAgp23TFjnsdo3wDy-YQf3SEreWYmcIjCepd5rZVA; path=/; samesite=lax; httponly, CsrfToken=CfDJ8KOx5pzs3vJMgjraUoy-gb5INEcQKpDCuxBi7xhkBwyyixtyZPH_amUfgo3dglWb2P2wA9HFLJ5jlLRa3p44UCOtn1hBJjff-qh_X2PoxXwf5LxzuxkxUm6X_2382doDECqJZyvWo0QN5hTh7Po9U9c; path=/; samesite=lax; httponly, BPMCSRF=CfDJ8KOx5pzs3vJMgjraUoy-gb7RUraJraAR99uYBkcA7PXRJQfxakAmi7-NzdUjtwhKEADPDmehdKPrJWOS6SpIPRZeD4p_9qRUuqXlJv5AGke3_TFY6m9DP_rBnN7lSVMdrTF0tm_3o_w9Tg0zRIUEDhtksZscwjZ9moAMJYEnaa74y-W4jiOMbLuRNQPboPIBfg; path=/; samesite=lax', 'X-Frame-Options': 'SAMEORIGIN'}
Response cookies: <RequestsCookieJar[<Cookie .ASPXAUTH=CfDJ8KOx5pzs3vJMgjraUoy-gb4B0FIPv1gqqlwcI_b333wEIjTsgDoaWggvteY9A6pHYqmJuePXldyp_SkIg88lSjXpHbWHn2ewDSzrCNGHQbJFeqybSWXXQd01-1ive1TAb-n_PdjLz1914k4XiovZULwElQeuRU5naWuQ7AS8YSooby88IQSJvVrnay6r7v1rajgW1brjGnzJjNT1yN0q1fDvjSreCLtmNG-p3L0wI1cWdYFikCRhuPz7q_4jPucsPrqru_VsN74GKdP686dIyOBSqpzoQEzbJzQ1cGH9Hadg5aQF3SP3XGSzdsIyHBmOGbwYk_D9UV4d-yvo4Udvho3uJJVa22VsYhQfSaoGslUAneLyCZzmETu8Rc2K6jMBXK56Z5XRjJt4EkY6k3iYjHT76FEr4mbQHjpsoBaH2w6YGTbB1LGlWsiH1XKirFuptmzuIGnzto_uMr1hTkcEepPjTaMBCt3VuH0hRUW9745lXQxzrsaTn8vysl7ReBgIY5ybHvsRlSiTTY_I70FzBvrGYl-htzDWDWYs2uIzC9ZvIumhv_yK2U3QQ-4vgL8FUC2uoUDzgnPbvKM8YlLDRKG79A3oEApCEScFQNMiPAKlGrtFk-Ow-YblrJ5qP_62QEIfrDB3CpdexVqbjAfBqg_qbzzkubUwNefQOSnbmzBkKuRy7uHKGNeTVVtTksfN68nnfvZBebi8JS0peIHxd5Suduuy4ajQRrOxeUXsplFYnkzIJUCmY4blUG5F5_Tl9bN9bKlyjZyG2SDaPHAYM2r-fMAgp23TFjnsdo3wDy-YQf3SEreWYmcIjCepd5rZVA for localmail.itexpert.ru/>, <Cookie BPMCSRF=CfDJ8KOx5pzs3vJMgjraUoy-gb7RUraJraAR99uYBkcA7PXRJQfxakAmi7-NzdUjtwhKEADPDmehdKPrJWOS6SpIPRZeD4p_9qRUuqXlJv5AGke3_TFY6m9DP_rBnN7lSVMdrTF0tm_3o_w9Tg0zRIUEDhtksZscwjZ9moAMJYEnaa74y-W4jiOMbLuRNQPboPIBfg for localmail.itexpert.ru/>, <Cookie CsrfToken=CfDJ8KOx5pzs3vJMgjraUoy-gb5INEcQKpDCuxBi7xhkBwyyixtyZPH_amUfgo3dglWb2P2wA9HFLJ5jlLRa3p44UCOtn1hBJjff-qh_X2PoxXwf5LxzuxkxUm6X_2382doDECqJZyvWo0QN5hTh7Po9U9c for localmail.itexpert.ru/>]>

-------

------
Test: None
Time: 2022-10-14 17:29:21.366873
Request method: POST
Request URL: http://localmail.itexpert.ru:5058/rest/SapErpIntegrationService/v1/UpdateOSDirectory
Request data: None
Request json: {'currentPage': 1, 'pageCount': 1, 'delta': 'F', 'item': [{'ANLN1': '240000240179', 'TXT50': 'Аппарат телефонный Cisco/CP-7945G=13', 'INVNR': '12121313', 'AKTIV': '29.03.2016', 'KOSTL': '1006103050', 'WERKS': '1002', 'STORT': '43', 'ANSW_END': '20000.00', 'RBW_END': '10000', 'MENGE': '2', 'POSNR': '1100648.80016-YO04-00013', 'GLO_RUS_OKOF16': '330.28.12', 'GLO_RUS_DEPGRN': '03', 'NDJAR': '003', 'DEAKT': '13.02.2023', 'KTEXT3': 'г.Санкт-Петербург ул.Почтамтская 3-5', 'ZZCNDPERNR': '00028076', 'CNDPERNR_NAME': 'Дернов ИН123', 'OS_STATUS': 'Активен', 'AWKEY': '09072021/2', 'GJAHR': '2021', 'ACT-ID': 'pre09072021/2', 'SERNR': '666', 'row': 1, 'deleted': ''}]}
Request cookies: {'Content-Type': 'application/json', 'User-Agent': 'PostmanRuntime/7.29.0', 'Accept': '*/*', 'Cache-Control': 'Cache-Control', 'Host': 'localmail.itexpert.ru:5058', 'Accept-Encoding': 'gzip, deflate, br', 'Connection': 'keep-alive', 'Content-Length': '69', 'BPMCSRF': 'CfDJ8KOx5pzs3vJMgjraUoy-gb7RUraJraAR99uYBkcA7PXRJQfxakAmi7-NzdUjtwhKEADPDmehdKPrJWOS6SpIPRZeD4p_9qRUuqXlJv5AGke3_TFY6m9DP_rBnN7lSVMdrTF0tm_3o_w9Tg0zRIUEDhtksZscwjZ9moAMJYEnaa74y-W4jiOMbLuRNQPboPIBfg'}
Request headers: <RequestsCookieJar[<Cookie .ASPXAUTH=CfDJ8KOx5pzs3vJMgjraUoy-gb4B0FIPv1gqqlwcI_b333wEIjTsgDoaWggvteY9A6pHYqmJuePXldyp_SkIg88lSjXpHbWHn2ewDSzrCNGHQbJFeqybSWXXQd01-1ive1TAb-n_PdjLz1914k4XiovZULwElQeuRU5naWuQ7AS8YSooby88IQSJvVrnay6r7v1rajgW1brjGnzJjNT1yN0q1fDvjSreCLtmNG-p3L0wI1cWdYFikCRhuPz7q_4jPucsPrqru_VsN74GKdP686dIyOBSqpzoQEzbJzQ1cGH9Hadg5aQF3SP3XGSzdsIyHBmOGbwYk_D9UV4d-yvo4Udvho3uJJVa22VsYhQfSaoGslUAneLyCZzmETu8Rc2K6jMBXK56Z5XRjJt4EkY6k3iYjHT76FEr4mbQHjpsoBaH2w6YGTbB1LGlWsiH1XKirFuptmzuIGnzto_uMr1hTkcEepPjTaMBCt3VuH0hRUW9745lXQxzrsaTn8vysl7ReBgIY5ybHvsRlSiTTY_I70FzBvrGYl-htzDWDWYs2uIzC9ZvIumhv_yK2U3QQ-4vgL8FUC2uoUDzgnPbvKM8YlLDRKG79A3oEApCEScFQNMiPAKlGrtFk-Ow-YblrJ5qP_62QEIfrDB3CpdexVqbjAfBqg_qbzzkubUwNefQOSnbmzBkKuRy7uHKGNeTVVtTksfN68nnfvZBebi8JS0peIHxd5Suduuy4ajQRrOxeUXsplFYnkzIJUCmY4blUG5F5_Tl9bN9bKlyjZyG2SDaPHAYM2r-fMAgp23TFjnsdo3wDy-YQf3SEreWYmcIjCepd5rZVA for localmail.itexpert.ru/>, <Cookie BPMCSRF=CfDJ8KOx5pzs3vJMgjraUoy-gb7RUraJraAR99uYBkcA7PXRJQfxakAmi7-NzdUjtwhKEADPDmehdKPrJWOS6SpIPRZeD4p_9qRUuqXlJv5AGke3_TFY6m9DP_rBnN7lSVMdrTF0tm_3o_w9Tg0zRIUEDhtksZscwjZ9moAMJYEnaa74y-W4jiOMbLuRNQPboPIBfg for localmail.itexpert.ru/>, <Cookie CsrfToken=CfDJ8KOx5pzs3vJMgjraUoy-gb5INEcQKpDCuxBi7xhkBwyyixtyZPH_amUfgo3dglWb2P2wA9HFLJ5jlLRa3p44UCOtn1hBJjff-qh_X2PoxXwf5LxzuxkxUm6X_2382doDECqJZyvWo0QN5hTh7Po9U9c for localmail.itexpert.ru/>]>

-------
Response code: 200
Response text: {"result":[{"TYPE":"S","MESSAGE":"Запись изменена","ROW":1}],"isSuccessful":true,"message":"OK","success":true,"error":null,"status":200}
Response head: {'Date': 'Fri, 14 Oct 2022 12:29:25 GMT', 'Content-Type': 'application/json; charset=utf-8', 'Server': 'Kestrel', 'Content-Length': '151', 'Cache-Control': 'no-cache', 'Pragma': 'no-cache', 'Expires': '-1', 'Set-Cookie': 'BPMSESSIONID=CfDJ8KOx5pzs3vJMgjraUoy%2Bgb4t89drEe43ZQ3NVU336Z6RUn39kHgYqyK3UPb5W4qAaviDmaf%2FO8G22LLRuIugDxWESDRTH41JdQcfUilrcga5n5LAyM3CV0rHqcVNKfvH8qaBjltDxGjpd7fgMZIE0n%2BIbMH%2BDGoexhRji%2FveruVW; path=/; samesite=lax; httponly'}
Response cookies: <RequestsCookieJar[<Cookie BPMSESSIONID=CfDJ8KOx5pzs3vJMgjraUoy%2Bgb4t89drEe43ZQ3NVU336Z6RUn39kHgYqyK3UPb5W4qAaviDmaf%2FO8G22LLRuIugDxWESDRTH41JdQcfUilrcga5n5LAyM3CV0rHqcVNKfvH8qaBjltDxGjpd7fgMZIE0n%2BIbMH%2BDGoexhRji%2FveruVW for localmail.itexpert.ru/>]>

-------

------
Test: None
Time: 2022-10-14 17:29:23.084083
Request method: POST
Request URL: http://localmail.itexpert.ru:5058/ServiceModel/AuthService.svc/Login
Request data: None
Request json: {'UserName': 'Supervisor', 'UserPassword': '!Supervisor123Test!'}
Request cookies: {'Content-Type': 'application/json', 'User-Agent': 'PostmanRuntime/7.29.0', 'Accept': '*/*', 'Cache-Control': 'Cache-Control', 'Host': 'localmail.itexpert.ru:5058', 'Accept-Encoding': 'gzip, deflate, br', 'Connection': 'keep-alive', 'Content-Length': '69'}
Request headers: {}

-------
Response code: 200
Response text: {"RedirectUrl":null,"PasswordChangeUrl":null,"Exception":null,"Code":0,"Message":""}
Response head: {'Date': 'Fri, 14 Oct 2022 12:29:26 GMT', 'Content-Type': 'application/json; charset=utf-8', 'Server': 'Kestrel', 'Content-Length': '84', 'Cache-Control': 'no-cache', 'Pragma': 'no-cache', 'Expires': 'Thu, 01 Jan 1970 00:00:00 GMT', 'Set-Cookie': 'BPMSESSIONID=; expires=Thu, 01 Jan 1970 00:00:00 GMT; path=/; samesite=lax, .ASPXAUTH=CfDJ8KOx5pzs3vJMgjraUoy-gb6Nokk9h4X2Qdsn5EdejDA-IbK0BTmg3vj4P9_PncDvtzKAn1lAzOuMjrLcYWjcVJkhz1pDR723Z_bHAH4wVgHYbiDiOe50PFhEPd1XZiPWrt4bziHFvKb5V3zFEuPMVhlTGOKTG8sfbIR_5OUCBQTueId3OxX9fzymWglajMIhyFYOQDPvx_xIkZBxnlgKGveo0a9GM3-3i879I2nxw_RRGluKnW1uSpUvQWmDJoq4i7UvSQFJ5bxL-DiyfJpgpOzZlMx-7vXeLY5per4DsMEiqYSfndJy_Spw89nHCmusLdIMT8x41oV20aSNK2vxqgum1ZXujqOXhR-7kXfZdM8Z9fjW2lQyQ8Wat48JGWB5yhHfqUhNEWG2Ehbaftpc6evAAasRVw-5yrIoFsm9YsbkRxV8C2rObBDhRtWbY9fOFo_M3DQh2Eh9KfX6pkPDIJzUN9D8VNq1-J-R-iElftj9PuvPFO7FYpLarp53vWkp896s0Y8xile6DWVdPJTd2JrIAinXlGW4UOs7F4ovMmQOnnx-oWT82UA8RTQGm6d7vjooyIctrqbjqQUA828AVVJpFlOPbjsRthIxsniphe6VvmwRGtgNdmXUQCeBukqXhe8Y7oGaJ1QNq54PbcncE0ktSpMXSwr3AuNJ72I1K29S94M8-iHI-fJtvqECdb5X5kwe4108mJagigMWDOctDWXq7RaWdQO56-hNmzcNAl5ngaNreZgMsJBdSlRMAmJRBQXdxccShuQ7vCiWphm_Vti2WtTx6rvTyCBuDOban_ObJ2HhRwZqD2A3okIbNTsFuA; path=/; samesite=lax; httponly, CsrfToken=CfDJ8KOx5pzs3vJMgjraUoy-gb523M5HqiVA5sI9TWnm3WJKg2fPS09z24HNaCJGt-BXOciFkxpH3_aC70kzPWEp6cBlbu3uYauJ2OOLUbgPXIpPxp1Zd7bXBKSgkyP0XwL2tsKufpp7sFktCyHb1DZY_UQ; path=/; samesite=lax; httponly, BPMCSRF=CfDJ8KOx5pzs3vJMgjraUoy-gb4Fr8DEC6jVK-Azj7Gb0mtr7NNcciLbmgfLjZKu6l75acL1dWmLE_a7UAy-c7vAQ8VmmcikCxR97aXKsdsiY1L3kbxJfPyEoBfNiQj0pHkoTuC3TXuevFlLmA1vYccjRWdo0dLGjzQbtDHQfvB8oV0Vz5oqXLVpUrOoU5uwnU4Miw; path=/; samesite=lax', 'X-Frame-Options': 'SAMEORIGIN'}
Response cookies: <RequestsCookieJar[<Cookie .ASPXAUTH=CfDJ8KOx5pzs3vJMgjraUoy-gb6Nokk9h4X2Qdsn5EdejDA-IbK0BTmg3vj4P9_PncDvtzKAn1lAzOuMjrLcYWjcVJkhz1pDR723Z_bHAH4wVgHYbiDiOe50PFhEPd1XZiPWrt4bziHFvKb5V3zFEuPMVhlTGOKTG8sfbIR_5OUCBQTueId3OxX9fzymWglajMIhyFYOQDPvx_xIkZBxnlgKGveo0a9GM3-3i879I2nxw_RRGluKnW1uSpUvQWmDJoq4i7UvSQFJ5bxL-DiyfJpgpOzZlMx-7vXeLY5per4DsMEiqYSfndJy_Spw89nHCmusLdIMT8x41oV20aSNK2vxqgum1ZXujqOXhR-7kXfZdM8Z9fjW2lQyQ8Wat48JGWB5yhHfqUhNEWG2Ehbaftpc6evAAasRVw-5yrIoFsm9YsbkRxV8C2rObBDhRtWbY9fOFo_M3DQh2Eh9KfX6pkPDIJzUN9D8VNq1-J-R-iElftj9PuvPFO7FYpLarp53vWkp896s0Y8xile6DWVdPJTd2JrIAinXlGW4UOs7F4ovMmQOnnx-oWT82UA8RTQGm6d7vjooyIctrqbjqQUA828AVVJpFlOPbjsRthIxsniphe6VvmwRGtgNdmXUQCeBukqXhe8Y7oGaJ1QNq54PbcncE0ktSpMXSwr3AuNJ72I1K29S94M8-iHI-fJtvqECdb5X5kwe4108mJagigMWDOctDWXq7RaWdQO56-hNmzcNAl5ngaNreZgMsJBdSlRMAmJRBQXdxccShuQ7vCiWphm_Vti2WtTx6rvTyCBuDOban_ObJ2HhRwZqD2A3okIbNTsFuA for localmail.itexpert.ru/>, <Cookie BPMCSRF=CfDJ8KOx5pzs3vJMgjraUoy-gb4Fr8DEC6jVK-Azj7Gb0mtr7NNcciLbmgfLjZKu6l75acL1dWmLE_a7UAy-c7vAQ8VmmcikCxR97aXKsdsiY1L3kbxJfPyEoBfNiQj0pHkoTuC3TXuevFlLmA1vYccjRWdo0dLGjzQbtDHQfvB8oV0Vz5oqXLVpUrOoU5uwnU4Miw for localmail.itexpert.ru/>, <Cookie CsrfToken=CfDJ8KOx5pzs3vJMgjraUoy-gb523M5HqiVA5sI9TWnm3WJKg2fPS09z24HNaCJGt-BXOciFkxpH3_aC70kzPWEp6cBlbu3uYauJ2OOLUbgPXIpPxp1Zd7bXBKSgkyP0XwL2tsKufpp7sFktCyHb1DZY_UQ for localmail.itexpert.ru/>]>

-------

------
Test: None
Time: 2022-10-14 17:29:23.354125
Request method: POST
Request URL: http://localmail.itexpert.ru:5058/rest/SapErpIntegrationService/v1/UpdateOSDirectory
Request data: None
Request json: {'currentPage': 1, 'pageCount': 1, 'delta': 'F', 'item': [{'ANLN1': '240000240179', 'TXT50': 'Аппарат телефонный Cisco/CP-7945G=13', 'INVNR': None, 'AKTIV': '29.03.2016', 'KOSTL': '1006103050', 'WERKS': '1002', 'STORT': '43', 'ANSW_END': '20000.00', 'RBW_END': '10000', 'MENGE': '2', 'POSNR': '1100648.80016-YO04-00013', 'GLO_RUS_OKOF16': '330.28.12', 'GLO_RUS_DEPGRN': '03', 'NDJAR': '003', 'DEAKT': '13.02.2023', 'KTEXT3': 'г.Санкт-Петербург ул.Почтамтская 3-5', 'ZZCNDPERNR': '00028076', 'CNDPERNR_NAME': 'Дернов ИН123', 'OS_STATUS': 'Активен', 'AWKEY': '09072021/2', 'GJAHR': '2021', 'ACT-ID': 'pre09072021/2', 'SERNR': '123йцу123йу1', 'row': 1, 'deleted': ''}]}
Request cookies: {'Content-Type': 'application/json', 'User-Agent': 'PostmanRuntime/7.29.0', 'Accept': '*/*', 'Cache-Control': 'Cache-Control', 'Host': 'localmail.itexpert.ru:5058', 'Accept-Encoding': 'gzip, deflate, br', 'Connection': 'keep-alive', 'Content-Length': '69', 'BPMCSRF': 'CfDJ8KOx5pzs3vJMgjraUoy-gb4Fr8DEC6jVK-Azj7Gb0mtr7NNcciLbmgfLjZKu6l75acL1dWmLE_a7UAy-c7vAQ8VmmcikCxR97aXKsdsiY1L3kbxJfPyEoBfNiQj0pHkoTuC3TXuevFlLmA1vYccjRWdo0dLGjzQbtDHQfvB8oV0Vz5oqXLVpUrOoU5uwnU4Miw'}
Request headers: <RequestsCookieJar[<Cookie .ASPXAUTH=CfDJ8KOx5pzs3vJMgjraUoy-gb6Nokk9h4X2Qdsn5EdejDA-IbK0BTmg3vj4P9_PncDvtzKAn1lAzOuMjrLcYWjcVJkhz1pDR723Z_bHAH4wVgHYbiDiOe50PFhEPd1XZiPWrt4bziHFvKb5V3zFEuPMVhlTGOKTG8sfbIR_5OUCBQTueId3OxX9fzymWglajMIhyFYOQDPvx_xIkZBxnlgKGveo0a9GM3-3i879I2nxw_RRGluKnW1uSpUvQWmDJoq4i7UvSQFJ5bxL-DiyfJpgpOzZlMx-7vXeLY5per4DsMEiqYSfndJy_Spw89nHCmusLdIMT8x41oV20aSNK2vxqgum1ZXujqOXhR-7kXfZdM8Z9fjW2lQyQ8Wat48JGWB5yhHfqUhNEWG2Ehbaftpc6evAAasRVw-5yrIoFsm9YsbkRxV8C2rObBDhRtWbY9fOFo_M3DQh2Eh9KfX6pkPDIJzUN9D8VNq1-J-R-iElftj9PuvPFO7FYpLarp53vWkp896s0Y8xile6DWVdPJTd2JrIAinXlGW4UOs7F4ovMmQOnnx-oWT82UA8RTQGm6d7vjooyIctrqbjqQUA828AVVJpFlOPbjsRthIxsniphe6VvmwRGtgNdmXUQCeBukqXhe8Y7oGaJ1QNq54PbcncE0ktSpMXSwr3AuNJ72I1K29S94M8-iHI-fJtvqECdb5X5kwe4108mJagigMWDOctDWXq7RaWdQO56-hNmzcNAl5ngaNreZgMsJBdSlRMAmJRBQXdxccShuQ7vCiWphm_Vti2WtTx6rvTyCBuDOban_ObJ2HhRwZqD2A3okIbNTsFuA for localmail.itexpert.ru/>, <Cookie BPMCSRF=CfDJ8KOx5pzs3vJMgjraUoy-gb4Fr8DEC6jVK-Azj7Gb0mtr7NNcciLbmgfLjZKu6l75acL1dWmLE_a7UAy-c7vAQ8VmmcikCxR97aXKsdsiY1L3kbxJfPyEoBfNiQj0pHkoTuC3TXuevFlLmA1vYccjRWdo0dLGjzQbtDHQfvB8oV0Vz5oqXLVpUrOoU5uwnU4Miw for localmail.itexpert.ru/>, <Cookie CsrfToken=CfDJ8KOx5pzs3vJMgjraUoy-gb523M5HqiVA5sI9TWnm3WJKg2fPS09z24HNaCJGt-BXOciFkxpH3_aC70kzPWEp6cBlbu3uYauJ2OOLUbgPXIpPxp1Zd7bXBKSgkyP0XwL2tsKufpp7sFktCyHb1DZY_UQ for localmail.itexpert.ru/>]>

-------
Response code: 200
Response text: {"result":[{"TYPE":"E","MESSAGE":"Не заполнен обязательный атрибут \"Инвентарный номер\"","ROW":1}],"isSuccessful":true,"message":"OK","success":true,"error":null,"status":200}
Response head: {'Date': 'Fri, 14 Oct 2022 12:29:26 GMT', 'Content-Type': 'application/json; charset=utf-8', 'Server': 'Kestrel', 'Content-Length': '221', 'Cache-Control': 'no-cache', 'Pragma': 'no-cache', 'Expires': '-1', 'Set-Cookie': 'BPMSESSIONID=CfDJ8KOx5pzs3vJMgjraUoy%2Bgb5%2Fe%2Fp1WHRX6TtgKDLWCUKxce5fVNJc4l3oC%2FBP2Mb8ia8v9YG4T9uFbFBhTIDZzXC11EtyLqEKvs5gz%2F2vZ1XfrduWTfClp7%2B2cSfUFM6XH%2F3lJMHsDcmoOD404o2RNMnpGlnVMJcQYh5PPNK3%2FnZF; path=/; samesite=lax; httponly'}
Response cookies: <RequestsCookieJar[<Cookie BPMSESSIONID=CfDJ8KOx5pzs3vJMgjraUoy%2Bgb5%2Fe%2Fp1WHRX6TtgKDLWCUKxce5fVNJc4l3oC%2FBP2Mb8ia8v9YG4T9uFbFBhTIDZzXC11EtyLqEKvs5gz%2F2vZ1XfrduWTfClp7%2B2cSfUFM6XH%2F3lJMHsDcmoOD404o2RNMnpGlnVMJcQYh5PPNK3%2FnZF for localmail.itexpert.ru/>]>

-------

------
Test: None
Time: 2022-10-14 17:29:24.095281
Request method: POST
Request URL: http://localmail.itexpert.ru:5058/ServiceModel/AuthService.svc/Login
Request data: None
Request json: {'UserName': 'Supervisor', 'UserPassword': '!Supervisor123Test!'}
Request cookies: {'Content-Type': 'application/json', 'User-Agent': 'PostmanRuntime/7.29.0', 'Accept': '*/*', 'Cache-Control': 'Cache-Control', 'Host': 'localmail.itexpert.ru:5058', 'Accept-Encoding': 'gzip, deflate, br', 'Connection': 'keep-alive', 'Content-Length': '69'}
Request headers: {}

-------
Response code: 200
Response text: {"RedirectUrl":null,"PasswordChangeUrl":null,"Exception":null,"Code":0,"Message":""}
Response head: {'Date': 'Fri, 14 Oct 2022 12:29:27 GMT', 'Content-Type': 'application/json; charset=utf-8', 'Server': 'Kestrel', 'Content-Length': '84', 'Cache-Control': 'no-cache', 'Pragma': 'no-cache', 'Expires': 'Thu, 01 Jan 1970 00:00:00 GMT', 'Set-Cookie': 'BPMSESSIONID=; expires=Thu, 01 Jan 1970 00:00:00 GMT; path=/; samesite=lax, .ASPXAUTH=CfDJ8KOx5pzs3vJMgjraUoy-gb62rDkvtC7hbipO9mByqwuDbi5Fdh924_CU_I5FdCc3bLeCo2aS45kxm4g2kr-GfuaatFESj1-I3O8A8DgzmjAxlfS6gWfU4Yck8uMxrS7rJmU1bttIIK8maz1DyACynjSEznRhbAIgtKIkl0nvDYZIL1fGZGJEA5ET9yROo2HUdPwKqRf8b4JmWa8klUmsej8VjUOGDDM_tYdWWbEo9BkaWq7SwOvoC7khggJeKlqA6y1MsitbFJxmMUGDqZz5qdbxanxDN6-g4GkWz_NXuDPw7bh43Bd9nKSkkMHtuV5Cc2CxdPPXxGe-PhwkD3JMFGV-JhsjdyQDU0h3HgYUhNd4noPDpBbDguS6iW4atnKvpEqZUYtAKZYtANQeIkXOpVYuycj7PfKDS9fyW8jQsFmnuD7_HNaLa9N5hGPO9KWQTPsmlTkdD3-yeBytyQfQVuuZ95kijt79gwP99V4mC-4GF2Z473oW8Ft5sZ8b04RYxNL8EwXhQbuIhaPdRagDBm2m2tjSTOuEx_lbVoAk-07P2Ksc_yMK3agOiUwcdH4a9ViJuY2MHs-VRmh28x66nokaK9ZAkSXWqqo_pDUo-Ckb3oIn3JDcsQj-7Cjcgu22jCsV7l7ZQ1N__xLRxWU5BgB0gjWyYMt04aJRxy9ZaU5E4tcMmZCwjRzcBzOYVjOINYJSZVBZBe9gCNxCRjAS77E0wkqLcb0SAdBkWK96T4yxw9_Tr56qogvslSrTE1to7AOvi5TFRqCSqFHiWMXJWSJzehlzeU6NRbqWHmUKcU03810WmCtMSvydyxc26jeYhQ; path=/; samesite=lax; httponly, CsrfToken=CfDJ8KOx5pzs3vJMgjraUoy-gb5FvbXyxyvaUU7kasXmABxwEq-N7Rm8MJO9DYJEBgvF5xGfCSmKUDs3wcOIxUALHXIWdyXo7niqHrNoFE42Y1zhp5W5D3TQIF7XuXZ9FwakI4Ujx4kRcMv_fz8VUaK9DM0; path=/; samesite=lax; httponly, BPMCSRF=CfDJ8KOx5pzs3vJMgjraUoy-gb4MvY-Yl5jbLYirZb-ziBRWTez34SUJrQs5s3-w2aZ7APlYepjJX9pZpg1D9z6f3XgKArkbJwzdZxbaZpoG5WAVHNmkeyiK6dXvRS_wvIoUJNmtc_ODY4TIyii5sehUevMOySwMZRc8PbwBYU6ektVNTp5COrZUnuRz_vb9dSr0cA; path=/; samesite=lax', 'X-Frame-Options': 'SAMEORIGIN'}
Response cookies: <RequestsCookieJar[<Cookie .ASPXAUTH=CfDJ8KOx5pzs3vJMgjraUoy-gb62rDkvtC7hbipO9mByqwuDbi5Fdh924_CU_I5FdCc3bLeCo2aS45kxm4g2kr-GfuaatFESj1-I3O8A8DgzmjAxlfS6gWfU4Yck8uMxrS7rJmU1bttIIK8maz1DyACynjSEznRhbAIgtKIkl0nvDYZIL1fGZGJEA5ET9yROo2HUdPwKqRf8b4JmWa8klUmsej8VjUOGDDM_tYdWWbEo9BkaWq7SwOvoC7khggJeKlqA6y1MsitbFJxmMUGDqZz5qdbxanxDN6-g4GkWz_NXuDPw7bh43Bd9nKSkkMHtuV5Cc2CxdPPXxGe-PhwkD3JMFGV-JhsjdyQDU0h3HgYUhNd4noPDpBbDguS6iW4atnKvpEqZUYtAKZYtANQeIkXOpVYuycj7PfKDS9fyW8jQsFmnuD7_HNaLa9N5hGPO9KWQTPsmlTkdD3-yeBytyQfQVuuZ95kijt79gwP99V4mC-4GF2Z473oW8Ft5sZ8b04RYxNL8EwXhQbuIhaPdRagDBm2m2tjSTOuEx_lbVoAk-07P2Ksc_yMK3agOiUwcdH4a9ViJuY2MHs-VRmh28x66nokaK9ZAkSXWqqo_pDUo-Ckb3oIn3JDcsQj-7Cjcgu22jCsV7l7ZQ1N__xLRxWU5BgB0gjWyYMt04aJRxy9ZaU5E4tcMmZCwjRzcBzOYVjOINYJSZVBZBe9gCNxCRjAS77E0wkqLcb0SAdBkWK96T4yxw9_Tr56qogvslSrTE1to7AOvi5TFRqCSqFHiWMXJWSJzehlzeU6NRbqWHmUKcU03810WmCtMSvydyxc26jeYhQ for localmail.itexpert.ru/>, <Cookie BPMCSRF=CfDJ8KOx5pzs3vJMgjraUoy-gb4MvY-Yl5jbLYirZb-ziBRWTez34SUJrQs5s3-w2aZ7APlYepjJX9pZpg1D9z6f3XgKArkbJwzdZxbaZpoG5WAVHNmkeyiK6dXvRS_wvIoUJNmtc_ODY4TIyii5sehUevMOySwMZRc8PbwBYU6ektVNTp5COrZUnuRz_vb9dSr0cA for localmail.itexpert.ru/>, <Cookie CsrfToken=CfDJ8KOx5pzs3vJMgjraUoy-gb5FvbXyxyvaUU7kasXmABxwEq-N7Rm8MJO9DYJEBgvF5xGfCSmKUDs3wcOIxUALHXIWdyXo7niqHrNoFE42Y1zhp5W5D3TQIF7XuXZ9FwakI4Ujx4kRcMv_fz8VUaK9DM0 for localmail.itexpert.ru/>]>

-------

------
Test: None
Time: 2022-10-14 17:29:24.361108
Request method: POST
Request URL: http://localmail.itexpert.ru:5058/rest/SapErpIntegrationService/v1/UpdateOSDirectory
Request data: None
Request json: {'currentPage': 1, 'pageCount': 1, 'delta': 'F', 'item': [{'ANLN1': '240000240179', 'TXT50': 'Аппарат телефонный Cisco/CP-7945G=13', 'INVNR': '', 'AKTIV': '29.03.2016', 'KOSTL': '1006103050', 'WERKS': '1002', 'STORT': '43', 'ANSW_END': '20000.00', 'RBW_END': '10000', 'MENGE': '2', 'POSNR': '1100648.80016-YO04-00013', 'GLO_RUS_OKOF16': '330.28.12', 'GLO_RUS_DEPGRN': '03', 'NDJAR': '003', 'DEAKT': '13.02.2023', 'KTEXT3': 'г.Санкт-Петербург ул.Почтамтская 3-5', 'ZZCNDPERNR': '00028076', 'CNDPERNR_NAME': 'Дернов ИН123', 'OS_STATUS': 'Активен', 'AWKEY': '09072021/2', 'GJAHR': '2021', 'ACT-ID': 'pre09072021/2', 'SERNR': '123йцу123йу1', 'row': 1, 'deleted': ''}]}
Request cookies: {'Content-Type': 'application/json', 'User-Agent': 'PostmanRuntime/7.29.0', 'Accept': '*/*', 'Cache-Control': 'Cache-Control', 'Host': 'localmail.itexpert.ru:5058', 'Accept-Encoding': 'gzip, deflate, br', 'Connection': 'keep-alive', 'Content-Length': '69', 'BPMCSRF': 'CfDJ8KOx5pzs3vJMgjraUoy-gb4MvY-Yl5jbLYirZb-ziBRWTez34SUJrQs5s3-w2aZ7APlYepjJX9pZpg1D9z6f3XgKArkbJwzdZxbaZpoG5WAVHNmkeyiK6dXvRS_wvIoUJNmtc_ODY4TIyii5sehUevMOySwMZRc8PbwBYU6ektVNTp5COrZUnuRz_vb9dSr0cA'}
Request headers: <RequestsCookieJar[<Cookie .ASPXAUTH=CfDJ8KOx5pzs3vJMgjraUoy-gb62rDkvtC7hbipO9mByqwuDbi5Fdh924_CU_I5FdCc3bLeCo2aS45kxm4g2kr-GfuaatFESj1-I3O8A8DgzmjAxlfS6gWfU4Yck8uMxrS7rJmU1bttIIK8maz1DyACynjSEznRhbAIgtKIkl0nvDYZIL1fGZGJEA5ET9yROo2HUdPwKqRf8b4JmWa8klUmsej8VjUOGDDM_tYdWWbEo9BkaWq7SwOvoC7khggJeKlqA6y1MsitbFJxmMUGDqZz5qdbxanxDN6-g4GkWz_NXuDPw7bh43Bd9nKSkkMHtuV5Cc2CxdPPXxGe-PhwkD3JMFGV-JhsjdyQDU0h3HgYUhNd4noPDpBbDguS6iW4atnKvpEqZUYtAKZYtANQeIkXOpVYuycj7PfKDS9fyW8jQsFmnuD7_HNaLa9N5hGPO9KWQTPsmlTkdD3-yeBytyQfQVuuZ95kijt79gwP99V4mC-4GF2Z473oW8Ft5sZ8b04RYxNL8EwXhQbuIhaPdRagDBm2m2tjSTOuEx_lbVoAk-07P2Ksc_yMK3agOiUwcdH4a9ViJuY2MHs-VRmh28x66nokaK9ZAkSXWqqo_pDUo-Ckb3oIn3JDcsQj-7Cjcgu22jCsV7l7ZQ1N__xLRxWU5BgB0gjWyYMt04aJRxy9ZaU5E4tcMmZCwjRzcBzOYVjOINYJSZVBZBe9gCNxCRjAS77E0wkqLcb0SAdBkWK96T4yxw9_Tr56qogvslSrTE1to7AOvi5TFRqCSqFHiWMXJWSJzehlzeU6NRbqWHmUKcU03810WmCtMSvydyxc26jeYhQ for localmail.itexpert.ru/>, <Cookie BPMCSRF=CfDJ8KOx5pzs3vJMgjraUoy-gb4MvY-Yl5jbLYirZb-ziBRWTez34SUJrQs5s3-w2aZ7APlYepjJX9pZpg1D9z6f3XgKArkbJwzdZxbaZpoG5WAVHNmkeyiK6dXvRS_wvIoUJNmtc_ODY4TIyii5sehUevMOySwMZRc8PbwBYU6ektVNTp5COrZUnuRz_vb9dSr0cA for localmail.itexpert.ru/>, <Cookie CsrfToken=CfDJ8KOx5pzs3vJMgjraUoy-gb5FvbXyxyvaUU7kasXmABxwEq-N7Rm8MJO9DYJEBgvF5xGfCSmKUDs3wcOIxUALHXIWdyXo7niqHrNoFE42Y1zhp5W5D3TQIF7XuXZ9FwakI4Ujx4kRcMv_fz8VUaK9DM0 for localmail.itexpert.ru/>]>

-------
Response code: 200
Response text: {"result":[{"TYPE":"E","MESSAGE":"Инвентарный номер не найден в КСУИТ","ROW":1}],"isSuccessful":true,"message":"OK","success":true,"error":null,"status":200}
Response head: {'Date': 'Fri, 14 Oct 2022 12:29:27 GMT', 'Content-Type': 'application/json; charset=utf-8', 'Server': 'Kestrel', 'Content-Length': '187', 'Cache-Control': 'no-cache', 'Pragma': 'no-cache', 'Expires': '-1', 'Set-Cookie': 'BPMSESSIONID=CfDJ8KOx5pzs3vJMgjraUoy%2Bgb5NYtzGMT8PylF8njlM45V3dl18ldNkeSAda5OUBFaZHEZZzkiOPm53dUAw0evatNbGtLAJg%2Fq8rk9A4F%2Fe7ktz2Jk8Ybpp3RGj0XuPlLLQCPK4cVkerw7J%2BhsdE2ya2896e7Ji2voeOKJZYW9p7Vfi; path=/; samesite=lax; httponly'}
Response cookies: <RequestsCookieJar[<Cookie BPMSESSIONID=CfDJ8KOx5pzs3vJMgjraUoy%2Bgb5NYtzGMT8PylF8njlM45V3dl18ldNkeSAda5OUBFaZHEZZzkiOPm53dUAw0evatNbGtLAJg%2Fq8rk9A4F%2Fe7ktz2Jk8Ybpp3RGj0XuPlLLQCPK4cVkerw7J%2BhsdE2ya2896e7Ji2voeOKJZYW9p7Vfi for localmail.itexpert.ru/>]>

-------

------
Test: None
Time: 2022-10-14 17:29:25.032224
Request method: POST
Request URL: http://localmail.itexpert.ru:5058/ServiceModel/AuthService.svc/Login
Request data: None
Request json: {'UserName': 'Supervisor', 'UserPassword': '!Supervisor123Test!'}
Request cookies: {'Content-Type': 'application/json', 'User-Agent': 'PostmanRuntime/7.29.0', 'Accept': '*/*', 'Cache-Control': 'Cache-Control', 'Host': 'localmail.itexpert.ru:5058', 'Accept-Encoding': 'gzip, deflate, br', 'Connection': 'keep-alive', 'Content-Length': '69'}
Request headers: {}

-------
Response code: 200
Response text: {"RedirectUrl":null,"PasswordChangeUrl":null,"Exception":null,"Code":0,"Message":""}
Response head: {'Date': 'Fri, 14 Oct 2022 12:29:28 GMT', 'Content-Type': 'application/json; charset=utf-8', 'Server': 'Kestrel', 'Content-Length': '84', 'Cache-Control': 'no-cache', 'Pragma': 'no-cache', 'Expires': 'Thu, 01 Jan 1970 00:00:00 GMT', 'Set-Cookie': 'BPMSESSIONID=; expires=Thu, 01 Jan 1970 00:00:00 GMT; path=/; samesite=lax, .ASPXAUTH=CfDJ8KOx5pzs3vJMgjraUoy-gb744vQc6R4sD02U8mjVsWfsZtN1dZ8liMtR7213663UMIRG32a-3lpF6dELfGOSyvOoIJFxA5VUM2nOXr3KRDFrDu-JM7kp1ODBMTXqbnhnh3uq24xhiHff4-1f0Oyq2s1EFZi9V8U4siOcbL1c-7C00ZRCcAW90M3JxNdHLDQNUUB1mGgaQOlp8OUQg93vshqcktXAjcIUAx54Q8vpen8I550HsOu_UlhKhsNiWyPfGDwcC8cBYLyp-O5wEeff4XA0AgzXs3Di7uAj_P2hV2KE--jX5gyIk_gDYjW-LYUts4v_fBlGNe4MG_SjAScls8XDxVxBx6BPWUhSlCuM1EZIof6VDUxTOjiSyF0xpR-vrCxBdb1JRQlZeOaJo4SACO910sx2aBiXbIWRVSNunZVK3_MxJRrgFiUp1sqns8zaGycaGj5-L3lLAmGFnwpMRXdi02hb-v-0CRcUV_1QV9QZsEsk3WiIL01iWTaoDy6Er6HGxq4N0gCMNGMoJCDFfNOrhcx0G7bZt7KYZkGdpOyqvPbGhQbLBdke4QBnLTTJ1EI0LHEOABPVbyMlgJ5j9GKYheVvEPFp2EXH5KkNLiMNUeUzyn0OWI_j30qjtxJ5fwM_103oTzp25iUS4fz55dTCc7Zccf2aZf1JHS4Tb3b2p1MqgN5oIYyKRxm94ic8oljptnx9dKWb9RWETaoELpb4QCgd5oCQ4jkQofUUEB_XuGVMhfpqlOItJna77ykCLjiSOr89Ml7qkuKwJ_47x5ZCC4IZIWYn48Q4uU2m4pTer2HBXxGDnfcM7w3Avj16dw; path=/; samesite=lax; httponly, CsrfToken=CfDJ8KOx5pzs3vJMgjraUoy-gb6y73-CCtZ3egwqNnbFPGEsMDvURgmMtwUaMQeMx0XWV3rvq3yilg3mjdNpmmghrrl0M08RfPnrA4ix3sOQ13NqWK-o9QrPhuN-2B4zWHfHLchGl6JL3HZC5LESxX0Zew4; path=/; samesite=lax; httponly, BPMCSRF=CfDJ8KOx5pzs3vJMgjraUoy-gb74zmkJ7tE6okDWFf7vRrLvQzAfK8IoSpQ-L4KdaKW5IgFzBxzyVigOCtWwR7HbFRPJMGL73NNRel-zUouBWxv7MkidQhzrVqUMJxEm4BCvTUnxUMmLj-zEiH8c7IL4mRFDVS1kYa-QVcT9Y0VjdIQC9p-DkVu1SFEcaw1-eh8QpA; path=/; samesite=lax', 'X-Frame-Options': 'SAMEORIGIN'}
Response cookies: <RequestsCookieJar[<Cookie .ASPXAUTH=CfDJ8KOx5pzs3vJMgjraUoy-gb744vQc6R4sD02U8mjVsWfsZtN1dZ8liMtR7213663UMIRG32a-3lpF6dELfGOSyvOoIJFxA5VUM2nOXr3KRDFrDu-JM7kp1ODBMTXqbnhnh3uq24xhiHff4-1f0Oyq2s1EFZi9V8U4siOcbL1c-7C00ZRCcAW90M3JxNdHLDQNUUB1mGgaQOlp8OUQg93vshqcktXAjcIUAx54Q8vpen8I550HsOu_UlhKhsNiWyPfGDwcC8cBYLyp-O5wEeff4XA0AgzXs3Di7uAj_P2hV2KE--jX5gyIk_gDYjW-LYUts4v_fBlGNe4MG_SjAScls8XDxVxBx6BPWUhSlCuM1EZIof6VDUxTOjiSyF0xpR-vrCxBdb1JRQlZeOaJo4SACO910sx2aBiXbIWRVSNunZVK3_MxJRrgFiUp1sqns8zaGycaGj5-L3lLAmGFnwpMRXdi02hb-v-0CRcUV_1QV9QZsEsk3WiIL01iWTaoDy6Er6HGxq4N0gCMNGMoJCDFfNOrhcx0G7bZt7KYZkGdpOyqvPbGhQbLBdke4QBnLTTJ1EI0LHEOABPVbyMlgJ5j9GKYheVvEPFp2EXH5KkNLiMNUeUzyn0OWI_j30qjtxJ5fwM_103oTzp25iUS4fz55dTCc7Zccf2aZf1JHS4Tb3b2p1MqgN5oIYyKRxm94ic8oljptnx9dKWb9RWETaoELpb4QCgd5oCQ4jkQofUUEB_XuGVMhfpqlOItJna77ykCLjiSOr89Ml7qkuKwJ_47x5ZCC4IZIWYn48Q4uU2m4pTer2HBXxGDnfcM7w3Avj16dw for localmail.itexpert.ru/>, <Cookie BPMCSRF=CfDJ8KOx5pzs3vJMgjraUoy-gb74zmkJ7tE6okDWFf7vRrLvQzAfK8IoSpQ-L4KdaKW5IgFzBxzyVigOCtWwR7HbFRPJMGL73NNRel-zUouBWxv7MkidQhzrVqUMJxEm4BCvTUnxUMmLj-zEiH8c7IL4mRFDVS1kYa-QVcT9Y0VjdIQC9p-DkVu1SFEcaw1-eh8QpA for localmail.itexpert.ru/>, <Cookie CsrfToken=CfDJ8KOx5pzs3vJMgjraUoy-gb6y73-CCtZ3egwqNnbFPGEsMDvURgmMtwUaMQeMx0XWV3rvq3yilg3mjdNpmmghrrl0M08RfPnrA4ix3sOQ13NqWK-o9QrPhuN-2B4zWHfHLchGl6JL3HZC5LESxX0Zew4 for localmail.itexpert.ru/>]>

-------

------
Test: None
Time: 2022-10-14 17:29:25.304062
Request method: POST
Request URL: http://localmail.itexpert.ru:5058/rest/SapErpIntegrationService/v1/UpdateOSDirectory
Request data: None
Request json: {'currentPage': 1, 'pageCount': 1, 'delta': 'F', 'item': [{'ANLN1': '240000240179', 'TXT50': 'Аппарат телефонный Cisco/CP-7945G=13', 'INVNR': '12121313', 'AKTIV': '29.03.2016', 'KOSTL': '1006103088', 'WERKS': '1002', 'STORT': '43', 'ANSW_END': '20000.00', 'RBW_END': '10000', 'MENGE': '2', 'POSNR': '1100648.80016-YO04-00013', 'GLO_RUS_OKOF16': '330.28.12', 'GLO_RUS_DEPGRN': '03', 'NDJAR': '003', 'DEAKT': '13.02.2023', 'KTEXT3': 'г.Санкт-Петербург ул.Почтамтская 3-5', 'ZZCNDPERNR': '00028076', 'CNDPERNR_NAME': 'Дернов ИН123', 'OS_STATUS': 'Активен', 'AWKEY': '09072021/2', 'GJAHR': '2021', 'ACT-ID': 'pre09072021/2', 'SERNR': '123йцу123йу1', 'row': 1, 'deleted': ''}]}
Request cookies: {'Content-Type': 'application/json', 'User-Agent': 'PostmanRuntime/7.29.0', 'Accept': '*/*', 'Cache-Control': 'Cache-Control', 'Host': 'localmail.itexpert.ru:5058', 'Accept-Encoding': 'gzip, deflate, br', 'Connection': 'keep-alive', 'Content-Length': '69', 'BPMCSRF': 'CfDJ8KOx5pzs3vJMgjraUoy-gb74zmkJ7tE6okDWFf7vRrLvQzAfK8IoSpQ-L4KdaKW5IgFzBxzyVigOCtWwR7HbFRPJMGL73NNRel-zUouBWxv7MkidQhzrVqUMJxEm4BCvTUnxUMmLj-zEiH8c7IL4mRFDVS1kYa-QVcT9Y0VjdIQC9p-DkVu1SFEcaw1-eh8QpA'}
Request headers: <RequestsCookieJar[<Cookie .ASPXAUTH=CfDJ8KOx5pzs3vJMgjraUoy-gb744vQc6R4sD02U8mjVsWfsZtN1dZ8liMtR7213663UMIRG32a-3lpF6dELfGOSyvOoIJFxA5VUM2nOXr3KRDFrDu-JM7kp1ODBMTXqbnhnh3uq24xhiHff4-1f0Oyq2s1EFZi9V8U4siOcbL1c-7C00ZRCcAW90M3JxNdHLDQNUUB1mGgaQOlp8OUQg93vshqcktXAjcIUAx54Q8vpen8I550HsOu_UlhKhsNiWyPfGDwcC8cBYLyp-O5wEeff4XA0AgzXs3Di7uAj_P2hV2KE--jX5gyIk_gDYjW-LYUts4v_fBlGNe4MG_SjAScls8XDxVxBx6BPWUhSlCuM1EZIof6VDUxTOjiSyF0xpR-vrCxBdb1JRQlZeOaJo4SACO910sx2aBiXbIWRVSNunZVK3_MxJRrgFiUp1sqns8zaGycaGj5-L3lLAmGFnwpMRXdi02hb-v-0CRcUV_1QV9QZsEsk3WiIL01iWTaoDy6Er6HGxq4N0gCMNGMoJCDFfNOrhcx0G7bZt7KYZkGdpOyqvPbGhQbLBdke4QBnLTTJ1EI0LHEOABPVbyMlgJ5j9GKYheVvEPFp2EXH5KkNLiMNUeUzyn0OWI_j30qjtxJ5fwM_103oTzp25iUS4fz55dTCc7Zccf2aZf1JHS4Tb3b2p1MqgN5oIYyKRxm94ic8oljptnx9dKWb9RWETaoELpb4QCgd5oCQ4jkQofUUEB_XuGVMhfpqlOItJna77ykCLjiSOr89Ml7qkuKwJ_47x5ZCC4IZIWYn48Q4uU2m4pTer2HBXxGDnfcM7w3Avj16dw for localmail.itexpert.ru/>, <Cookie BPMCSRF=CfDJ8KOx5pzs3vJMgjraUoy-gb74zmkJ7tE6okDWFf7vRrLvQzAfK8IoSpQ-L4KdaKW5IgFzBxzyVigOCtWwR7HbFRPJMGL73NNRel-zUouBWxv7MkidQhzrVqUMJxEm4BCvTUnxUMmLj-zEiH8c7IL4mRFDVS1kYa-QVcT9Y0VjdIQC9p-DkVu1SFEcaw1-eh8QpA for localmail.itexpert.ru/>, <Cookie CsrfToken=CfDJ8KOx5pzs3vJMgjraUoy-gb6y73-CCtZ3egwqNnbFPGEsMDvURgmMtwUaMQeMx0XWV3rvq3yilg3mjdNpmmghrrl0M08RfPnrA4ix3sOQ13NqWK-o9QrPhuN-2B4zWHfHLchGl6JL3HZC5LESxX0Zew4 for localmail.itexpert.ru/>]>

-------
Response code: 200
Response text: {"result":[{"TYPE":"E","MESSAGE":"МВЗ не найдено в КСУИТ","ROW":1}],"isSuccessful":true,"message":"OK","success":true,"error":null,"status":200}
Response head: {'Date': 'Fri, 14 Oct 2022 12:29:28 GMT', 'Content-Type': 'application/json; charset=utf-8', 'Server': 'Kestrel', 'Content-Length': '162', 'Cache-Control': 'no-cache', 'Pragma': 'no-cache', 'Expires': '-1', 'Set-Cookie': 'BPMSESSIONID=CfDJ8KOx5pzs3vJMgjraUoy%2Bgb6Ng4UtBKMK6JoERxpqs48fl7coU8FaAz9wOJHWAOsvHFJ7se6RbrNXOR1qTETIWlo1dGnewwflcBGT0UqH8dqjHRctiz3MQom1kKeg%2FfQgGuWNOiExKZDumJFvuD5Ww652OPQFoZfcobaIIRuQW9NY; path=/; samesite=lax; httponly'}
Response cookies: <RequestsCookieJar[<Cookie BPMSESSIONID=CfDJ8KOx5pzs3vJMgjraUoy%2Bgb6Ng4UtBKMK6JoERxpqs48fl7coU8FaAz9wOJHWAOsvHFJ7se6RbrNXOR1qTETIWlo1dGnewwflcBGT0UqH8dqjHRctiz3MQom1kKeg%2FfQgGuWNOiExKZDumJFvuD5Ww652OPQFoZfcobaIIRuQW9NY for localmail.itexpert.ru/>]>

-------

------
Test: None
Time: 2022-10-14 17:29:25.997892
Request method: POST
Request URL: http://localmail.itexpert.ru:5058/ServiceModel/AuthService.svc/Login
Request data: None
Request json: {'UserName': 'Supervisor', 'UserPassword': '!Supervisor123Test!'}
Request cookies: {'Content-Type': 'application/json', 'User-Agent': 'PostmanRuntime/7.29.0', 'Accept': '*/*', 'Cache-Control': 'Cache-Control', 'Host': 'localmail.itexpert.ru:5058', 'Accept-Encoding': 'gzip, deflate, br', 'Connection': 'keep-alive', 'Content-Length': '69'}
Request headers: {}

-------
Response code: 200
Response text: {"RedirectUrl":null,"PasswordChangeUrl":null,"Exception":null,"Code":0,"Message":""}
Response head: {'Date': 'Fri, 14 Oct 2022 12:29:28 GMT', 'Content-Type': 'application/json; charset=utf-8', 'Server': 'Kestrel', 'Content-Length': '84', 'Cache-Control': 'no-cache', 'Pragma': 'no-cache', 'Expires': 'Thu, 01 Jan 1970 00:00:00 GMT', 'Set-Cookie': 'BPMSESSIONID=; expires=Thu, 01 Jan 1970 00:00:00 GMT; path=/; samesite=lax, .ASPXAUTH=CfDJ8KOx5pzs3vJMgjraUoy-gb4GeNy6fIjCkrYnc8lNhSMUSINj2Rx6xYkjdqTGzlA552ho7JCRganH9ljhE-AoLEpfYBMw_ho5zE3BFiy39650oOeGEZcoopd3-u4HFLfK0gun022d_BqTMhIezxo_dsRyCQf9kaBxOfXqxzfBocFmII3h5RtU4R5bOs73xIOkhCALdpV2TwiU8ZhPZRa-vLI8mpusR5N1ooe_mRu5QIhuJ9gywZ4qJFiyxUmDNyvTo0-8TqvmeoR7dOVQcbb9rzXFnofm9vZAWDAFby_fKiQVaF4HTIdOYN-9VfWIbADcbbpfItx7Lv765Ijc-CjTQfQqdBk6txEctcI0X8jeXIpJa1hm6AHSHzykNIPFqlpYoDeL_0sKvPJROpzOPzfYkzcw6TCBqNsZMXcJWejJu1brpnkS2AiUW2iHxH97-cdXntw1vF0JM3Xqcrsxkildj3kpGXNxNI5g6lJyVFz5phSKl--5jYdUKOJ4kMuSUtDGzeVDdDJQ4IbmwB18AzM0zCJgdnG9NbbU_rZZk4U2T16kRcv_pwKPBb2Y50OyxI8zbhBArdTMBrxxlg96IL5LctoXvK4yWHRjc5MMlrDX70_MN-_q-O7M7z0GpM9Z_5I0cgzFkSpLDNjEi1AOMDNXJcvoxNGeBCpOe2zKSKo3GX0nuR58hCkRqPGKvhsbKgiVGhhKscvG2Fs-z6chPI0VSBoZnqBHga5Kr0R9TBWXLB6t-AyNlccYDPmB-HS1hvqgq7yIBS4IFz1EQc2czDJnBvuXAE0A5X-thYZPy8bvV_5MS5WDb23xMHsxfBMnRgRkog; path=/; samesite=lax; httponly, CsrfToken=CfDJ8KOx5pzs3vJMgjraUoy-gb6OmM-PtdP8spTQGTtp7NOW0egKDu2HOE39tBrJ2BbFrjbKBJtRFnmyVLIWB2NOMTzhGJJjwtaEijQkVP_e-cNoom9RyaFuRd46emiQ1sCeSeVTdTV3SzYronIF0JxXGNs; path=/; samesite=lax; httponly, BPMCSRF=CfDJ8KOx5pzs3vJMgjraUoy-gb5ieKTnPTJGh8oX4tuRc8s9fRL_5HIedoHY7CXkzm3_-Pw6cZk5bIBlHhoVQGc7WxPMBhfWRNvk2p2qrQ_sduXb9U7oUFfYum4uXaqmEeT-D4_6_AOBL-RIxy4z0a9IZLshaMZpOmf64EK5qj-5L9pHk3NAXyKgXAaoShZGQsP8Rg; path=/; samesite=lax', 'X-Frame-Options': 'SAMEORIGIN'}
Response cookies: <RequestsCookieJar[<Cookie .ASPXAUTH=CfDJ8KOx5pzs3vJMgjraUoy-gb4GeNy6fIjCkrYnc8lNhSMUSINj2Rx6xYkjdqTGzlA552ho7JCRganH9ljhE-AoLEpfYBMw_ho5zE3BFiy39650oOeGEZcoopd3-u4HFLfK0gun022d_BqTMhIezxo_dsRyCQf9kaBxOfXqxzfBocFmII3h5RtU4R5bOs73xIOkhCALdpV2TwiU8ZhPZRa-vLI8mpusR5N1ooe_mRu5QIhuJ9gywZ4qJFiyxUmDNyvTo0-8TqvmeoR7dOVQcbb9rzXFnofm9vZAWDAFby_fKiQVaF4HTIdOYN-9VfWIbADcbbpfItx7Lv765Ijc-CjTQfQqdBk6txEctcI0X8jeXIpJa1hm6AHSHzykNIPFqlpYoDeL_0sKvPJROpzOPzfYkzcw6TCBqNsZMXcJWejJu1brpnkS2AiUW2iHxH97-cdXntw1vF0JM3Xqcrsxkildj3kpGXNxNI5g6lJyVFz5phSKl--5jYdUKOJ4kMuSUtDGzeVDdDJQ4IbmwB18AzM0zCJgdnG9NbbU_rZZk4U2T16kRcv_pwKPBb2Y50OyxI8zbhBArdTMBrxxlg96IL5LctoXvK4yWHRjc5MMlrDX70_MN-_q-O7M7z0GpM9Z_5I0cgzFkSpLDNjEi1AOMDNXJcvoxNGeBCpOe2zKSKo3GX0nuR58hCkRqPGKvhsbKgiVGhhKscvG2Fs-z6chPI0VSBoZnqBHga5Kr0R9TBWXLB6t-AyNlccYDPmB-HS1hvqgq7yIBS4IFz1EQc2czDJnBvuXAE0A5X-thYZPy8bvV_5MS5WDb23xMHsxfBMnRgRkog for localmail.itexpert.ru/>, <Cookie BPMCSRF=CfDJ8KOx5pzs3vJMgjraUoy-gb5ieKTnPTJGh8oX4tuRc8s9fRL_5HIedoHY7CXkzm3_-Pw6cZk5bIBlHhoVQGc7WxPMBhfWRNvk2p2qrQ_sduXb9U7oUFfYum4uXaqmEeT-D4_6_AOBL-RIxy4z0a9IZLshaMZpOmf64EK5qj-5L9pHk3NAXyKgXAaoShZGQsP8Rg for localmail.itexpert.ru/>, <Cookie CsrfToken=CfDJ8KOx5pzs3vJMgjraUoy-gb6OmM-PtdP8spTQGTtp7NOW0egKDu2HOE39tBrJ2BbFrjbKBJtRFnmyVLIWB2NOMTzhGJJjwtaEijQkVP_e-cNoom9RyaFuRd46emiQ1sCeSeVTdTV3SzYronIF0JxXGNs for localmail.itexpert.ru/>]>

-------

------
Test: None
Time: 2022-10-14 17:29:26.279018
Request method: POST
Request URL: http://localmail.itexpert.ru:5058/rest/SapErpIntegrationService/v1/UpdateOSDirectory
Request data: None
Request json: {'currentPage': 1, 'pageCount': 1, 'delta': 'F', 'item': [{'ANLN1': '240000240179', 'TXT50': 'Аппарат телефонный Cisco/CP-7945G=13', 'INVNR': '12121313', 'AKTIV': '29.03.2016', 'KOSTL': '1006103050', 'WERKS': '1002', 'STORT': '43', 'ANSW_END': '20000.00', 'RBW_END': '10000', 'MENGE': '2', 'POSNR': '1100648.80016-YO04-00011', 'GLO_RUS_OKOF16': '330.28.12', 'GLO_RUS_DEPGRN': '03', 'NDJAR': '003', 'DEAKT': '13.02.2023', 'KTEXT3': 'г.Санкт-Петербург ул.Почтамтская 3-5', 'ZZCNDPERNR': '00028076', 'CNDPERNR_NAME': 'Дернов ИН123', 'OS_STATUS': 'Активен', 'AWKEY': '09072021/2', 'GJAHR': '2021', 'ACT-ID': 'pre09072021/2', 'SERNR': '123йцу123йу1', 'row': 1, 'deleted': ''}]}
Request cookies: {'Content-Type': 'application/json', 'User-Agent': 'PostmanRuntime/7.29.0', 'Accept': '*/*', 'Cache-Control': 'Cache-Control', 'Host': 'localmail.itexpert.ru:5058', 'Accept-Encoding': 'gzip, deflate, br', 'Connection': 'keep-alive', 'Content-Length': '69', 'BPMCSRF': 'CfDJ8KOx5pzs3vJMgjraUoy-gb5ieKTnPTJGh8oX4tuRc8s9fRL_5HIedoHY7CXkzm3_-Pw6cZk5bIBlHhoVQGc7WxPMBhfWRNvk2p2qrQ_sduXb9U7oUFfYum4uXaqmEeT-D4_6_AOBL-RIxy4z0a9IZLshaMZpOmf64EK5qj-5L9pHk3NAXyKgXAaoShZGQsP8Rg'}
Request headers: <RequestsCookieJar[<Cookie .ASPXAUTH=CfDJ8KOx5pzs3vJMgjraUoy-gb4GeNy6fIjCkrYnc8lNhSMUSINj2Rx6xYkjdqTGzlA552ho7JCRganH9ljhE-AoLEpfYBMw_ho5zE3BFiy39650oOeGEZcoopd3-u4HFLfK0gun022d_BqTMhIezxo_dsRyCQf9kaBxOfXqxzfBocFmII3h5RtU4R5bOs73xIOkhCALdpV2TwiU8ZhPZRa-vLI8mpusR5N1ooe_mRu5QIhuJ9gywZ4qJFiyxUmDNyvTo0-8TqvmeoR7dOVQcbb9rzXFnofm9vZAWDAFby_fKiQVaF4HTIdOYN-9VfWIbADcbbpfItx7Lv765Ijc-CjTQfQqdBk6txEctcI0X8jeXIpJa1hm6AHSHzykNIPFqlpYoDeL_0sKvPJROpzOPzfYkzcw6TCBqNsZMXcJWejJu1brpnkS2AiUW2iHxH97-cdXntw1vF0JM3Xqcrsxkildj3kpGXNxNI5g6lJyVFz5phSKl--5jYdUKOJ4kMuSUtDGzeVDdDJQ4IbmwB18AzM0zCJgdnG9NbbU_rZZk4U2T16kRcv_pwKPBb2Y50OyxI8zbhBArdTMBrxxlg96IL5LctoXvK4yWHRjc5MMlrDX70_MN-_q-O7M7z0GpM9Z_5I0cgzFkSpLDNjEi1AOMDNXJcvoxNGeBCpOe2zKSKo3GX0nuR58hCkRqPGKvhsbKgiVGhhKscvG2Fs-z6chPI0VSBoZnqBHga5Kr0R9TBWXLB6t-AyNlccYDPmB-HS1hvqgq7yIBS4IFz1EQc2czDJnBvuXAE0A5X-thYZPy8bvV_5MS5WDb23xMHsxfBMnRgRkog for localmail.itexpert.ru/>, <Cookie BPMCSRF=CfDJ8KOx5pzs3vJMgjraUoy-gb5ieKTnPTJGh8oX4tuRc8s9fRL_5HIedoHY7CXkzm3_-Pw6cZk5bIBlHhoVQGc7WxPMBhfWRNvk2p2qrQ_sduXb9U7oUFfYum4uXaqmEeT-D4_6_AOBL-RIxy4z0a9IZLshaMZpOmf64EK5qj-5L9pHk3NAXyKgXAaoShZGQsP8Rg for localmail.itexpert.ru/>, <Cookie CsrfToken=CfDJ8KOx5pzs3vJMgjraUoy-gb6OmM-PtdP8spTQGTtp7NOW0egKDu2HOE39tBrJ2BbFrjbKBJtRFnmyVLIWB2NOMTzhGJJjwtaEijQkVP_e-cNoom9RyaFuRd46emiQ1sCeSeVTdTV3SzYronIF0JxXGNs for localmail.itexpert.ru/>]>

-------
Response code: 200
Response text: {"result":[{"TYPE":"E","MESSAGE":"СПП-элемент не найден в КСУИТ","ROW":1}],"isSuccessful":true,"message":"OK","success":true,"error":null,"status":200}
Response head: {'Date': 'Fri, 14 Oct 2022 12:29:29 GMT', 'Content-Type': 'application/json; charset=utf-8', 'Server': 'Kestrel', 'Content-Length': '175', 'Cache-Control': 'no-cache', 'Pragma': 'no-cache', 'Expires': '-1', 'Set-Cookie': 'BPMSESSIONID=CfDJ8KOx5pzs3vJMgjraUoy%2Bgb7QF2V078zR9xjCMyU00gbh90EiTkUWSV%2BKt9DNAIbKVrPMdhvt4u16JXg%2FeI9rJUfYd7Ufpen%2By3ywsA%2Fel4lk%2Fw%2Fk6azg1KRyTabXlOQY6Q4i7MvObfh0zEqioyc1ucVGko2p4yGZAcxvTfoFxGvw; path=/; samesite=lax; httponly'}
Response cookies: <RequestsCookieJar[<Cookie BPMSESSIONID=CfDJ8KOx5pzs3vJMgjraUoy%2Bgb7QF2V078zR9xjCMyU00gbh90EiTkUWSV%2BKt9DNAIbKVrPMdhvt4u16JXg%2FeI9rJUfYd7Ufpen%2By3ywsA%2Fel4lk%2Fw%2Fk6azg1KRyTabXlOQY6Q4i7MvObfh0zEqioyc1ucVGko2p4yGZAcxvTfoFxGvw for localmail.itexpert.ru/>]>

-------

------
Test: None
Time: 2022-10-14 17:29:26.969851
Request method: POST
Request URL: http://localmail.itexpert.ru:5058/ServiceModel/AuthService.svc/Login
Request data: None
Request json: {'UserName': 'Supervisor', 'UserPassword': '!Supervisor123Test!'}
Request cookies: {'Content-Type': 'application/json', 'User-Agent': 'PostmanRuntime/7.29.0', 'Accept': '*/*', 'Cache-Control': 'Cache-Control', 'Host': 'localmail.itexpert.ru:5058', 'Accept-Encoding': 'gzip, deflate, br', 'Connection': 'keep-alive', 'Content-Length': '69'}
Request headers: {}

-------
Response code: 200
Response text: {"RedirectUrl":null,"PasswordChangeUrl":null,"Exception":null,"Code":0,"Message":""}
Response head: {'Date': 'Fri, 14 Oct 2022 12:29:29 GMT', 'Content-Type': 'application/json; charset=utf-8', 'Server': 'Kestrel', 'Content-Length': '84', 'Cache-Control': 'no-cache', 'Pragma': 'no-cache', 'Expires': 'Thu, 01 Jan 1970 00:00:00 GMT', 'Set-Cookie': 'BPMSESSIONID=; expires=Thu, 01 Jan 1970 00:00:00 GMT; path=/; samesite=lax, .ASPXAUTH=CfDJ8KOx5pzs3vJMgjraUoy-gb6WNFNboz6vTu_FuHdUGwjaTvB1DHe29J-kFURfXjfnqKI4fVoXuoGQrqF0-i4AsguCdXQnUY54FW1lyMNW5t7O20YJij9suYVw_VJ-PAo1QhdHgEuAEnoie9kvsXNsaI7iVessR3uVFP2vowbYTkOCQY8iJQuRPM5iN4DVOKRAjtEOatVGTCGEMSDv5f9SCcjb86ETdkCZi7Wm5RtVuBlTiZnCIaNyLoECkzYLE05gVIzu7x91yHQcu2xduNalIcyMJJ_15SfAjoS3zOUkUHmyNJ8GBk7ETC1TCbXzjH-rxsjXvicvRQ8-224DZ5clrWH9foOaft-EdPECinc5qh_NmI5eA7l_ZrNJlic9X2tUSXNhKQWRsaRfhDe4jhy-zUZETO-f00hPWhRQcLKjO-Ci6pRgVuL4VIaEnDWPUQHTFcRB45HptIkiGalYNkb7vpbQeNEj_-gvdg0tGqStPNaeEBe3n1ZJYiSpkAcxY9ZiF4HSJLFCGJ91pmDlm4S2RQ3cBsbLBI9b3XUh26utI2bZx1JADm8o6bpQ7NdRwZY_7ZVO9q-vc34aqOKxE9Pt997NapVZITME3CQsCSxFxH-Ypr-M8_mNAQXHSG884IzEEBDErJS80ruql3ReGCmlWv8Xx8eHpN4SQay99X2-zM8bbpgvn2Wm1tMi4ByfDOj7aS6TRadMQVWTI9TaoSykPZiDe3HuJD-D31YfmGKAgpNWWgnoWvNTp7tWkDTX3-WiGIQ5wcSfJ5fccQvG_iXthpWfteNsq-pxChr0tv1494AJSOtQqNFkgXCVv-0oCcchgw; path=/; samesite=lax; httponly, CsrfToken=CfDJ8KOx5pzs3vJMgjraUoy-gb7k-7oTIVmxXe7d_C0ltgfgjsfqOd4yH4jpiDPvljyBzibobRSXxA4s4kAjNVHfFlCi4OYTDr7B8lgKH54Ec_lirTP-dIFqAzeVFzMusjXmE4DZviJacFKEHw1QJxvrqqk; path=/; samesite=lax; httponly, BPMCSRF=CfDJ8KOx5pzs3vJMgjraUoy-gb7Z9UEFn4QSQBPBZUrqvsImEuP7Pyz0sAjNQ05H2SlA54m1v1HxD6MWYYEL9g2ZpLuPEzD0kiu1o3c26ZksBH3sNPOTnUG8PALeZIvRlnAk_XfY55m0TTTOG4h1oFgmxsW4EfdqtwsheE4V_xY18Qm5z0laOKzQiRMqxH_OgKAMRw; path=/; samesite=lax', 'X-Frame-Options': 'SAMEORIGIN'}
Response cookies: <RequestsCookieJar[<Cookie .ASPXAUTH=CfDJ8KOx5pzs3vJMgjraUoy-gb6WNFNboz6vTu_FuHdUGwjaTvB1DHe29J-kFURfXjfnqKI4fVoXuoGQrqF0-i4AsguCdXQnUY54FW1lyMNW5t7O20YJij9suYVw_VJ-PAo1QhdHgEuAEnoie9kvsXNsaI7iVessR3uVFP2vowbYTkOCQY8iJQuRPM5iN4DVOKRAjtEOatVGTCGEMSDv5f9SCcjb86ETdkCZi7Wm5RtVuBlTiZnCIaNyLoECkzYLE05gVIzu7x91yHQcu2xduNalIcyMJJ_15SfAjoS3zOUkUHmyNJ8GBk7ETC1TCbXzjH-rxsjXvicvRQ8-224DZ5clrWH9foOaft-EdPECinc5qh_NmI5eA7l_ZrNJlic9X2tUSXNhKQWRsaRfhDe4jhy-zUZETO-f00hPWhRQcLKjO-Ci6pRgVuL4VIaEnDWPUQHTFcRB45HptIkiGalYNkb7vpbQeNEj_-gvdg0tGqStPNaeEBe3n1ZJYiSpkAcxY9ZiF4HSJLFCGJ91pmDlm4S2RQ3cBsbLBI9b3XUh26utI2bZx1JADm8o6bpQ7NdRwZY_7ZVO9q-vc34aqOKxE9Pt997NapVZITME3CQsCSxFxH-Ypr-M8_mNAQXHSG884IzEEBDErJS80ruql3ReGCmlWv8Xx8eHpN4SQay99X2-zM8bbpgvn2Wm1tMi4ByfDOj7aS6TRadMQVWTI9TaoSykPZiDe3HuJD-D31YfmGKAgpNWWgnoWvNTp7tWkDTX3-WiGIQ5wcSfJ5fccQvG_iXthpWfteNsq-pxChr0tv1494AJSOtQqNFkgXCVv-0oCcchgw for localmail.itexpert.ru/>, <Cookie BPMCSRF=CfDJ8KOx5pzs3vJMgjraUoy-gb7Z9UEFn4QSQBPBZUrqvsImEuP7Pyz0sAjNQ05H2SlA54m1v1HxD6MWYYEL9g2ZpLuPEzD0kiu1o3c26ZksBH3sNPOTnUG8PALeZIvRlnAk_XfY55m0TTTOG4h1oFgmxsW4EfdqtwsheE4V_xY18Qm5z0laOKzQiRMqxH_OgKAMRw for localmail.itexpert.ru/>, <Cookie CsrfToken=CfDJ8KOx5pzs3vJMgjraUoy-gb7k-7oTIVmxXe7d_C0ltgfgjsfqOd4yH4jpiDPvljyBzibobRSXxA4s4kAjNVHfFlCi4OYTDr7B8lgKH54Ec_lirTP-dIFqAzeVFzMusjXmE4DZviJacFKEHw1QJxvrqqk for localmail.itexpert.ru/>]>

-------

------
Test: None
Time: 2022-10-14 17:29:27.244834
Request method: POST
Request URL: http://localmail.itexpert.ru:5058/rest/SapErpIntegrationService/v1/UpdateOSDirectory
Request data: None
Request json: {'currentPage': 1, 'pageCount': 1, 'delta': 'F', 'item': [{'ANLN1': '240000240179', 'TXT50': 'Аппарат телефонный Cisco/CP-7945G=13', 'INVNR': '12121313', 'AKTIV': '29.03.2016', 'KOSTL': '1006103050', 'WERKS': '1002', 'STORT': '43', 'ANSW_END': '20000.00', 'RBW_END': '10000', 'MENGE': '2', 'POSNR': '1100648.80016-YO04-00013', 'GLO_RUS_OKOF16': '330.28.12', 'GLO_RUS_DEPGRN': '03', 'NDJAR': '003', 'DEAKT': '13.02.2023', 'KTEXT3': 'г.Санкт-Петербург ул.Почтамтская 3-5', 'ZZCNDPERNR': '00028076', 'CNDPERNR_NAME': 'Дернов ИН123', 'OS_STATUS': 'Активе', 'AWKEY': '09072021/2', 'GJAHR': '2021', 'ACT-ID': 'pre09072021/2', 'SERNR': '123йцу123йу1', 'row': 1, 'deleted': ''}]}
Request cookies: {'Content-Type': 'application/json', 'User-Agent': 'PostmanRuntime/7.29.0', 'Accept': '*/*', 'Cache-Control': 'Cache-Control', 'Host': 'localmail.itexpert.ru:5058', 'Accept-Encoding': 'gzip, deflate, br', 'Connection': 'keep-alive', 'Content-Length': '69', 'BPMCSRF': 'CfDJ8KOx5pzs3vJMgjraUoy-gb7Z9UEFn4QSQBPBZUrqvsImEuP7Pyz0sAjNQ05H2SlA54m1v1HxD6MWYYEL9g2ZpLuPEzD0kiu1o3c26ZksBH3sNPOTnUG8PALeZIvRlnAk_XfY55m0TTTOG4h1oFgmxsW4EfdqtwsheE4V_xY18Qm5z0laOKzQiRMqxH_OgKAMRw'}
Request headers: <RequestsCookieJar[<Cookie .ASPXAUTH=CfDJ8KOx5pzs3vJMgjraUoy-gb6WNFNboz6vTu_FuHdUGwjaTvB1DHe29J-kFURfXjfnqKI4fVoXuoGQrqF0-i4AsguCdXQnUY54FW1lyMNW5t7O20YJij9suYVw_VJ-PAo1QhdHgEuAEnoie9kvsXNsaI7iVessR3uVFP2vowbYTkOCQY8iJQuRPM5iN4DVOKRAjtEOatVGTCGEMSDv5f9SCcjb86ETdkCZi7Wm5RtVuBlTiZnCIaNyLoECkzYLE05gVIzu7x91yHQcu2xduNalIcyMJJ_15SfAjoS3zOUkUHmyNJ8GBk7ETC1TCbXzjH-rxsjXvicvRQ8-224DZ5clrWH9foOaft-EdPECinc5qh_NmI5eA7l_ZrNJlic9X2tUSXNhKQWRsaRfhDe4jhy-zUZETO-f00hPWhRQcLKjO-Ci6pRgVuL4VIaEnDWPUQHTFcRB45HptIkiGalYNkb7vpbQeNEj_-gvdg0tGqStPNaeEBe3n1ZJYiSpkAcxY9ZiF4HSJLFCGJ91pmDlm4S2RQ3cBsbLBI9b3XUh26utI2bZx1JADm8o6bpQ7NdRwZY_7ZVO9q-vc34aqOKxE9Pt997NapVZITME3CQsCSxFxH-Ypr-M8_mNAQXHSG884IzEEBDErJS80ruql3ReGCmlWv8Xx8eHpN4SQay99X2-zM8bbpgvn2Wm1tMi4ByfDOj7aS6TRadMQVWTI9TaoSykPZiDe3HuJD-D31YfmGKAgpNWWgnoWvNTp7tWkDTX3-WiGIQ5wcSfJ5fccQvG_iXthpWfteNsq-pxChr0tv1494AJSOtQqNFkgXCVv-0oCcchgw for localmail.itexpert.ru/>, <Cookie BPMCSRF=CfDJ8KOx5pzs3vJMgjraUoy-gb7Z9UEFn4QSQBPBZUrqvsImEuP7Pyz0sAjNQ05H2SlA54m1v1HxD6MWYYEL9g2ZpLuPEzD0kiu1o3c26ZksBH3sNPOTnUG8PALeZIvRlnAk_XfY55m0TTTOG4h1oFgmxsW4EfdqtwsheE4V_xY18Qm5z0laOKzQiRMqxH_OgKAMRw for localmail.itexpert.ru/>, <Cookie CsrfToken=CfDJ8KOx5pzs3vJMgjraUoy-gb7k-7oTIVmxXe7d_C0ltgfgjsfqOd4yH4jpiDPvljyBzibobRSXxA4s4kAjNVHfFlCi4OYTDr7B8lgKH54Ec_lirTP-dIFqAzeVFzMusjXmE4DZviJacFKEHw1QJxvrqqk for localmail.itexpert.ru/>]>

-------
Response code: 200
Response text: {"result":[{"TYPE":"E","MESSAGE":"Статус не найден в КСУИТ","ROW":1}],"isSuccessful":true,"message":"OK","success":true,"error":null,"status":200}
Response head: {'Date': 'Fri, 14 Oct 2022 12:29:30 GMT', 'Content-Type': 'application/json; charset=utf-8', 'Server': 'Kestrel', 'Content-Length': '166', 'Cache-Control': 'no-cache', 'Pragma': 'no-cache', 'Expires': '-1', 'Set-Cookie': 'BPMSESSIONID=CfDJ8KOx5pzs3vJMgjraUoy%2Bgb6ynbtcJNMM4jKds4UnsOTr%2B%2Fuw7BEPsas0NjvGRm54MDdkp%2F7y5N1Vs7Ra5HlvuHhdxsReahofSkwIycFcUkTx1JiX%2Fj1L63IstWDLeZyEwvIyIxTBYurs6NOW4UWxVgar%2FYk8Wq1Ee4tcgJLIO7Mi; path=/; samesite=lax; httponly'}
Response cookies: <RequestsCookieJar[<Cookie BPMSESSIONID=CfDJ8KOx5pzs3vJMgjraUoy%2Bgb6ynbtcJNMM4jKds4UnsOTr%2B%2Fuw7BEPsas0NjvGRm54MDdkp%2F7y5N1Vs7Ra5HlvuHhdxsReahofSkwIycFcUkTx1JiX%2Fj1L63IstWDLeZyEwvIyIxTBYurs6NOW4UWxVgar%2FYk8Wq1Ee4tcgJLIO7Mi for localmail.itexpert.ru/>]>

-------

------
Test: None
Time: 2022-10-14 17:29:27.964114
Request method: POST
Request URL: http://localmail.itexpert.ru:5058/ServiceModel/AuthService.svc/Login
Request data: None
Request json: {'UserName': 'Supervisor', 'UserPassword': '!Supervisor123Test!'}
Request cookies: {'Content-Type': 'application/json', 'User-Agent': 'PostmanRuntime/7.29.0', 'Accept': '*/*', 'Cache-Control': 'Cache-Control', 'Host': 'localmail.itexpert.ru:5058', 'Accept-Encoding': 'gzip, deflate, br', 'Connection': 'keep-alive', 'Content-Length': '69'}
Request headers: {}

-------
Response code: 200
Response text: {"RedirectUrl":null,"PasswordChangeUrl":null,"Exception":null,"Code":0,"Message":""}
Response head: {'Date': 'Fri, 14 Oct 2022 12:29:30 GMT', 'Content-Type': 'application/json; charset=utf-8', 'Server': 'Kestrel', 'Content-Length': '84', 'Cache-Control': 'no-cache', 'Pragma': 'no-cache', 'Expires': 'Thu, 01 Jan 1970 00:00:00 GMT', 'Set-Cookie': 'BPMSESSIONID=; expires=Thu, 01 Jan 1970 00:00:00 GMT; path=/; samesite=lax, .ASPXAUTH=CfDJ8KOx5pzs3vJMgjraUoy-gb6T8qyGzjSRUXje0Bp9RWe9iCAuZrCB_Tcp8PDLA_1bSWmNnm3SyotFk3kRmNMu7EdgvsuyZLcRs4KOzgImJHFed4LYmXlW4p1RDpAxTHW8cD4IdPrYgsty87siWtLTflgWCSNLgt_GaUjPMIFktwrJUJBAmFFijqjMCrgPx8neABA-bfuh4aqC6m1vIKgzRqwc4p6LAUf1EUWKSgfl7410vfcpX0Ee4bFt7rvumF5G4uk5hQx1QSex--A1heXmITnvX6yO9Jm-7Ef5Vx-nWK_3CwQLNxsvYC5JhMOwcCzqQbtRGafih_c4t3Fx2LGydi84rI0I20ZxjnCAOhAfRgUrKRqsfVRkfOO2quMJSIm8S5Q71myrCeGS-dUZg2SzewwcMMyaSiOe8mIQRi1Cfr7jJDowm97iaj_XR5vkMkgKmXtzzgdEkzVc92AM9s7RyCUBv6m1dlKwL6Gbm60B0jgXb2v-rLdrH2b1bMFNItvU1q-FmwhNJtHINHGHRX_CoMPq3YgEIuTj364imBCk-EbVAtk4pf19Js2hZB9yA6DkM7tYDNpCCavqITgxBUDF5hyF524cKoHDKNao1y6JB1WHIV4DiQ4Wvq1tP2mlzQYhwFsMeX6f2FKTEIN2gQ24h-DVfNLeO3rbfZja3JJvOxRzihl-QOTBBcNLy5ZnyAY1s1xxjGbkATPR_umBAtKpB0wryJE8oAHI_5Py1JavI1h9-61878kqhMorOMRJK2Q0xnbV7yeuW82Nx3kX5uzLwMRmD-H8WTLVXAnu5pXgL89f02e9we7cXy0cOjV0RDdzXw; path=/; samesite=lax; httponly, CsrfToken=CfDJ8KOx5pzs3vJMgjraUoy-gb4DIrHbdx6OPNKLnPssljIkOFkmw2DSwmrIDHVvsH7-nqp5poE_4uk8rMWkmcBCB4-VZtpYgLmIicCcBWMjeIkS0MhLlH7lNlrqvwp2WbLThLWuQP8OBFboZCTowHuUT48; path=/; samesite=lax; httponly, BPMCSRF=CfDJ8KOx5pzs3vJMgjraUoy-gb506-j8_0ddq0Sywdydp5jY-8BQSWWKkzJ7AXFqTnu_W4mNulIvYa7KSItdHp5UvgSYfKyEz9ci7j0_5ydpJJOlBmB3a93VlGQUvfJOpB4BRjF34DtHVEUD7I5-I-X3zzQLDCBH4dwdK0ZwWZfvgvV-A3anhww6J93anxWTi7IC1Q; path=/; samesite=lax', 'X-Frame-Options': 'SAMEORIGIN'}
Response cookies: <RequestsCookieJar[<Cookie .ASPXAUTH=CfDJ8KOx5pzs3vJMgjraUoy-gb6T8qyGzjSRUXje0Bp9RWe9iCAuZrCB_Tcp8PDLA_1bSWmNnm3SyotFk3kRmNMu7EdgvsuyZLcRs4KOzgImJHFed4LYmXlW4p1RDpAxTHW8cD4IdPrYgsty87siWtLTflgWCSNLgt_GaUjPMIFktwrJUJBAmFFijqjMCrgPx8neABA-bfuh4aqC6m1vIKgzRqwc4p6LAUf1EUWKSgfl7410vfcpX0Ee4bFt7rvumF5G4uk5hQx1QSex--A1heXmITnvX6yO9Jm-7Ef5Vx-nWK_3CwQLNxsvYC5JhMOwcCzqQbtRGafih_c4t3Fx2LGydi84rI0I20ZxjnCAOhAfRgUrKRqsfVRkfOO2quMJSIm8S5Q71myrCeGS-dUZg2SzewwcMMyaSiOe8mIQRi1Cfr7jJDowm97iaj_XR5vkMkgKmXtzzgdEkzVc92AM9s7RyCUBv6m1dlKwL6Gbm60B0jgXb2v-rLdrH2b1bMFNItvU1q-FmwhNJtHINHGHRX_CoMPq3YgEIuTj364imBCk-EbVAtk4pf19Js2hZB9yA6DkM7tYDNpCCavqITgxBUDF5hyF524cKoHDKNao1y6JB1WHIV4DiQ4Wvq1tP2mlzQYhwFsMeX6f2FKTEIN2gQ24h-DVfNLeO3rbfZja3JJvOxRzihl-QOTBBcNLy5ZnyAY1s1xxjGbkATPR_umBAtKpB0wryJE8oAHI_5Py1JavI1h9-61878kqhMorOMRJK2Q0xnbV7yeuW82Nx3kX5uzLwMRmD-H8WTLVXAnu5pXgL89f02e9we7cXy0cOjV0RDdzXw for localmail.itexpert.ru/>, <Cookie BPMCSRF=CfDJ8KOx5pzs3vJMgjraUoy-gb506-j8_0ddq0Sywdydp5jY-8BQSWWKkzJ7AXFqTnu_W4mNulIvYa7KSItdHp5UvgSYfKyEz9ci7j0_5ydpJJOlBmB3a93VlGQUvfJOpB4BRjF34DtHVEUD7I5-I-X3zzQLDCBH4dwdK0ZwWZfvgvV-A3anhww6J93anxWTi7IC1Q for localmail.itexpert.ru/>, <Cookie CsrfToken=CfDJ8KOx5pzs3vJMgjraUoy-gb4DIrHbdx6OPNKLnPssljIkOFkmw2DSwmrIDHVvsH7-nqp5poE_4uk8rMWkmcBCB4-VZtpYgLmIicCcBWMjeIkS0MhLlH7lNlrqvwp2WbLThLWuQP8OBFboZCTowHuUT48 for localmail.itexpert.ru/>]>

-------

------
Test: None
Time: 2022-10-14 17:29:28.226097
Request method: POST
Request URL: http://localmail.itexpert.ru:5058/rest/SapErpIntegrationService/v1/UpdateOSDirectory
Request data: None
Request json: {'currentPage': 2, 'pageCount': 1, 'delta': 'F', 'item': [{'ANLN1': '240000240179', 'TXT50': 'Аппарат телефонный Cisco/CP-7945G=13', 'INVNR': '12121313', 'AKTIV': '29.03.2016', 'KOSTL': '1006103050', 'WERKS': '1002', 'STORT': '43', 'ANSW_END': '20000.00', 'RBW_END': '10000', 'MENGE': '2', 'POSNR': '1100648.80016-YO04-00013', 'GLO_RUS_OKOF16': '330.28.12', 'GLO_RUS_DEPGRN': '03', 'NDJAR': '003', 'DEAKT': '13.02.2023', 'KTEXT3': 'г.Санкт-Петербург ул.Почтамтская 3-5', 'ZZCNDPERNR': '00028076', 'CNDPERNR_NAME': 'Дернов ИН123', 'OS_STATUS': 'Активен', 'AWKEY': '09072021/2', 'GJAHR': '2021', 'ACT-ID': 'pre09072021/2', 'SERNR': '123йцу123йу1', 'row': 1, 'deleted': ''}]}
Request cookies: {'Content-Type': 'application/json', 'User-Agent': 'PostmanRuntime/7.29.0', 'Accept': '*/*', 'Cache-Control': 'Cache-Control', 'Host': 'localmail.itexpert.ru:5058', 'Accept-Encoding': 'gzip, deflate, br', 'Connection': 'keep-alive', 'Content-Length': '69', 'BPMCSRF': 'CfDJ8KOx5pzs3vJMgjraUoy-gb506-j8_0ddq0Sywdydp5jY-8BQSWWKkzJ7AXFqTnu_W4mNulIvYa7KSItdHp5UvgSYfKyEz9ci7j0_5ydpJJOlBmB3a93VlGQUvfJOpB4BRjF34DtHVEUD7I5-I-X3zzQLDCBH4dwdK0ZwWZfvgvV-A3anhww6J93anxWTi7IC1Q'}
Request headers: <RequestsCookieJar[<Cookie .ASPXAUTH=CfDJ8KOx5pzs3vJMgjraUoy-gb6T8qyGzjSRUXje0Bp9RWe9iCAuZrCB_Tcp8PDLA_1bSWmNnm3SyotFk3kRmNMu7EdgvsuyZLcRs4KOzgImJHFed4LYmXlW4p1RDpAxTHW8cD4IdPrYgsty87siWtLTflgWCSNLgt_GaUjPMIFktwrJUJBAmFFijqjMCrgPx8neABA-bfuh4aqC6m1vIKgzRqwc4p6LAUf1EUWKSgfl7410vfcpX0Ee4bFt7rvumF5G4uk5hQx1QSex--A1heXmITnvX6yO9Jm-7Ef5Vx-nWK_3CwQLNxsvYC5JhMOwcCzqQbtRGafih_c4t3Fx2LGydi84rI0I20ZxjnCAOhAfRgUrKRqsfVRkfOO2quMJSIm8S5Q71myrCeGS-dUZg2SzewwcMMyaSiOe8mIQRi1Cfr7jJDowm97iaj_XR5vkMkgKmXtzzgdEkzVc92AM9s7RyCUBv6m1dlKwL6Gbm60B0jgXb2v-rLdrH2b1bMFNItvU1q-FmwhNJtHINHGHRX_CoMPq3YgEIuTj364imBCk-EbVAtk4pf19Js2hZB9yA6DkM7tYDNpCCavqITgxBUDF5hyF524cKoHDKNao1y6JB1WHIV4DiQ4Wvq1tP2mlzQYhwFsMeX6f2FKTEIN2gQ24h-DVfNLeO3rbfZja3JJvOxRzihl-QOTBBcNLy5ZnyAY1s1xxjGbkATPR_umBAtKpB0wryJE8oAHI_5Py1JavI1h9-61878kqhMorOMRJK2Q0xnbV7yeuW82Nx3kX5uzLwMRmD-H8WTLVXAnu5pXgL89f02e9we7cXy0cOjV0RDdzXw for localmail.itexpert.ru/>, <Cookie BPMCSRF=CfDJ8KOx5pzs3vJMgjraUoy-gb506-j8_0ddq0Sywdydp5jY-8BQSWWKkzJ7AXFqTnu_W4mNulIvYa7KSItdHp5UvgSYfKyEz9ci7j0_5ydpJJOlBmB3a93VlGQUvfJOpB4BRjF34DtHVEUD7I5-I-X3zzQLDCBH4dwdK0ZwWZfvgvV-A3anhww6J93anxWTi7IC1Q for localmail.itexpert.ru/>, <Cookie CsrfToken=CfDJ8KOx5pzs3vJMgjraUoy-gb4DIrHbdx6OPNKLnPssljIkOFkmw2DSwmrIDHVvsH7-nqp5poE_4uk8rMWkmcBCB4-VZtpYgLmIicCcBWMjeIkS0MhLlH7lNlrqvwp2WbLThLWuQP8OBFboZCTowHuUT48 for localmail.itexpert.ru/>]>

-------
Response code: 200
Response text: {"result":null,"isSuccessful":false,"message":null,"success":false,"error":"Номер страницы превышает количество страниц","status":400}
Response head: {'Date': 'Fri, 14 Oct 2022 12:29:31 GMT', 'Content-Type': 'application/json; charset=utf-8', 'Server': 'Kestrel', 'Content-Length': '173', 'Cache-Control': 'no-cache', 'Pragma': 'no-cache', 'Expires': '-1', 'Set-Cookie': 'BPMSESSIONID=CfDJ8KOx5pzs3vJMgjraUoy%2Bgb5ErDo3ci428JBS%2B6Ot0pXreOcKzRof0bSwfMR3GKPFCF3khYxoS4bAH5qW62w12cMzutB%2BjmDMb32RsdlNE6dMV77N7OMnefnJAeV1k2%2FNv2giLY6NbXkQH2%2BVJPapNDtnUKo3ti62UQbwI8o1Pgpv; path=/; samesite=lax; httponly'}
Response cookies: <RequestsCookieJar[<Cookie BPMSESSIONID=CfDJ8KOx5pzs3vJMgjraUoy%2Bgb5ErDo3ci428JBS%2B6Ot0pXreOcKzRof0bSwfMR3GKPFCF3khYxoS4bAH5qW62w12cMzutB%2BjmDMb32RsdlNE6dMV77N7OMnefnJAeV1k2%2FNv2giLY6NbXkQH2%2BVJPapNDtnUKo3ti62UQbwI8o1Pgpv for localmail.itexpert.ru/>]>

-------

------
Test: None
Time: 2022-10-14 17:29:28.434057
Request method: POST
Request URL: http://localmail.itexpert.ru:5058/ServiceModel/AuthService.svc/Login
Request data: None
Request json: {'UserName': 'Supervisor', 'UserPassword': '!Supervisor123Test!'}
Request cookies: {'Content-Type': 'application/json', 'User-Agent': 'PostmanRuntime/7.29.0', 'Accept': '*/*', 'Cache-Control': 'Cache-Control', 'Host': 'localmail.itexpert.ru:5058', 'Accept-Encoding': 'gzip, deflate, br', 'Connection': 'keep-alive', 'Content-Length': '69'}
Request headers: {}

-------
Response code: 200
Response text: {"RedirectUrl":null,"PasswordChangeUrl":null,"Exception":null,"Code":0,"Message":""}
Response head: {'Date': 'Fri, 14 Oct 2022 12:29:31 GMT', 'Content-Type': 'application/json; charset=utf-8', 'Server': 'Kestrel', 'Content-Length': '84', 'Cache-Control': 'no-cache', 'Pragma': 'no-cache', 'Expires': 'Thu, 01 Jan 1970 00:00:00 GMT', 'Set-Cookie': 'BPMSESSIONID=; expires=Thu, 01 Jan 1970 00:00:00 GMT; path=/; samesite=lax, .ASPXAUTH=CfDJ8KOx5pzs3vJMgjraUoy-gb7TC4QPeV8rrN-Q5zzvd9Kd3hubWk5TmOqbBtxzcR3NHNGGkN64Y0-jx_fmxrMD0V2WvBjljoMwR4BuZU_67DluPyb9aPHqsmFbbJzKE6xgyBq3_MkUQI_tiRKSGH5Xf35Qh3ojUs19O_mTy0lo-yUS3hYbXDhvy6P5998m7GcyJ0m6NrtrP5M9NE8CyphY0iQ6DJXfAgl1wKa8vff8VLQDAVe3RKuM5Gj4ubPehR31t4vwRlx-ArUd5GFRujI8QW484rUglcNkSkkvH6CoLAw8pJHJdRUOz_E-N3lTbaSSWZt4hFajW1oVir7dSRpWP2RkHQeGSomqHFlmP0JmDyoxhPgqP-jO_xZgXGyg1nKRi4xCE3WL11HWnAW20Sm2V-TrtT0lV5OIakDoDaZbvtn_uKcu-Lbp19ziUaACUQocGhbcMf77Zcz4LMlbva55I3K24k5Gfc48mEsR9XHLx9vaqGE8CXCG6oCnHIY3DGObDbVvy744TSXdBKxDH4z68eyf4JKnjbIZwJOtGa5OPoGlemyN5kfC4HmNO6vmkt_mzqJcQyoDKoXpni1eLvJfiL2qJal4D4JTdgWiNxKh88PHzovQLKXQEg3wiH12viY7rcc6QmTmXhZQRl_P4tWUyIMVYYVhcGwpweQ0oG7P0sgaQ3l3ZhLvQqbElHvudqXxuMxqMqse-0kC7Ja2Xkta4KegDaPiEQkSVh2Ge2RAXCmyTSe3U3De8iCLPLwDykFvlHjTDA2HXApZUaPoi9IYE1RLyzYZI-sd-fvJEsV7N3xlRM58pzTE09coTTJZrZnZtQ; path=/; samesite=lax; httponly, CsrfToken=CfDJ8KOx5pzs3vJMgjraUoy-gb5__UkzPy3GN6lrUsMbn2BYcG-cDZs0HKajnSCOzeUkFbf8OJb5sWtyBSFpFQdPM7XskCfecNYPAxFkPuStjKhY4TUHYk1Ji-hFEWB79CZuPkwPcZ9zMDSXo3LNrPMMHY4; path=/; samesite=lax; httponly, BPMCSRF=CfDJ8KOx5pzs3vJMgjraUoy-gb6QJZ885vPGBJfK-qrZOWz3nr2tq6_oMUN6W4jCV37d9ddCuIFc7AC11LFJ4qJKRwfuZLIO9_GYzxyGNTClpGr73eeCNzhPdVvw_i7RVDfjOH3-rhvyL8DJDDatzu3JUz5AJCGmpE814s6BriuW03x2pAGhPv_WPXHUjGpC9HGw3g; path=/; samesite=lax', 'X-Frame-Options': 'SAMEORIGIN'}
Response cookies: <RequestsCookieJar[<Cookie .ASPXAUTH=CfDJ8KOx5pzs3vJMgjraUoy-gb7TC4QPeV8rrN-Q5zzvd9Kd3hubWk5TmOqbBtxzcR3NHNGGkN64Y0-jx_fmxrMD0V2WvBjljoMwR4BuZU_67DluPyb9aPHqsmFbbJzKE6xgyBq3_MkUQI_tiRKSGH5Xf35Qh3ojUs19O_mTy0lo-yUS3hYbXDhvy6P5998m7GcyJ0m6NrtrP5M9NE8CyphY0iQ6DJXfAgl1wKa8vff8VLQDAVe3RKuM5Gj4ubPehR31t4vwRlx-ArUd5GFRujI8QW484rUglcNkSkkvH6CoLAw8pJHJdRUOz_E-N3lTbaSSWZt4hFajW1oVir7dSRpWP2RkHQeGSomqHFlmP0JmDyoxhPgqP-jO_xZgXGyg1nKRi4xCE3WL11HWnAW20Sm2V-TrtT0lV5OIakDoDaZbvtn_uKcu-Lbp19ziUaACUQocGhbcMf77Zcz4LMlbva55I3K24k5Gfc48mEsR9XHLx9vaqGE8CXCG6oCnHIY3DGObDbVvy744TSXdBKxDH4z68eyf4JKnjbIZwJOtGa5OPoGlemyN5kfC4HmNO6vmkt_mzqJcQyoDKoXpni1eLvJfiL2qJal4D4JTdgWiNxKh88PHzovQLKXQEg3wiH12viY7rcc6QmTmXhZQRl_P4tWUyIMVYYVhcGwpweQ0oG7P0sgaQ3l3ZhLvQqbElHvudqXxuMxqMqse-0kC7Ja2Xkta4KegDaPiEQkSVh2Ge2RAXCmyTSe3U3De8iCLPLwDykFvlHjTDA2HXApZUaPoi9IYE1RLyzYZI-sd-fvJEsV7N3xlRM58pzTE09coTTJZrZnZtQ for localmail.itexpert.ru/>, <Cookie BPMCSRF=CfDJ8KOx5pzs3vJMgjraUoy-gb6QJZ885vPGBJfK-qrZOWz3nr2tq6_oMUN6W4jCV37d9ddCuIFc7AC11LFJ4qJKRwfuZLIO9_GYzxyGNTClpGr73eeCNzhPdVvw_i7RVDfjOH3-rhvyL8DJDDatzu3JUz5AJCGmpE814s6BriuW03x2pAGhPv_WPXHUjGpC9HGw3g for localmail.itexpert.ru/>, <Cookie CsrfToken=CfDJ8KOx5pzs3vJMgjraUoy-gb5__UkzPy3GN6lrUsMbn2BYcG-cDZs0HKajnSCOzeUkFbf8OJb5sWtyBSFpFQdPM7XskCfecNYPAxFkPuStjKhY4TUHYk1Ji-hFEWB79CZuPkwPcZ9zMDSXo3LNrPMMHY4 for localmail.itexpert.ru/>]>

-------

------
Test: None
Time: 2022-10-14 17:29:28.696930
Request method: POST
Request URL: http://localmail.itexpert.ru:5058/rest/SapErpIntegrationService/v1/UpdateOSDirectory
Request data: None
Request json: {'currentPage': 1, 'pageCount': 1, 'delta': 'F', 'item': [{'ANLN1': '240000240179', 'TXT50': 'Аппарат телефонный Cisco/CP-7945G=13', 'INVNR': '12121313', 'AKTIV': '29.03.2016', 'KOSTL': '1006103050', 'WERKS': '1002', 'STORT': '43', 'ANSW_END': '20000.00', 'RBW_END': '10000', 'MENGE': '2', 'POSNR': '1100648.80016-YO04-00013', 'GLO_RUS_OKOF16': '330.28.12', 'GLO_RUS_DEPGRN': '03', 'NDJAR': '003', 'DEAKT': '13.02.2023', 'KTEXT3': 'г.Санкт-Петербург ул.Почтамтская 3-5', 'ZZCNDPERNR': '00028076', 'CNDPERNR_NAME': 'Дернов ИН123', 'OS_STATUS': 'Перемещен', 'AWKEY': '09072021/2', 'GJAHR': '2021', 'ACT-ID': 'pre09072021/2', 'SERNR': '666', 'row': 1, 'deleted': ''}]}
Request cookies: {'Content-Type': 'application/json', 'User-Agent': 'PostmanRuntime/7.29.0', 'Accept': '*/*', 'Cache-Control': 'Cache-Control', 'Host': 'localmail.itexpert.ru:5058', 'Accept-Encoding': 'gzip, deflate, br', 'Connection': 'keep-alive', 'Content-Length': '69', 'BPMCSRF': 'CfDJ8KOx5pzs3vJMgjraUoy-gb6QJZ885vPGBJfK-qrZOWz3nr2tq6_oMUN6W4jCV37d9ddCuIFc7AC11LFJ4qJKRwfuZLIO9_GYzxyGNTClpGr73eeCNzhPdVvw_i7RVDfjOH3-rhvyL8DJDDatzu3JUz5AJCGmpE814s6BriuW03x2pAGhPv_WPXHUjGpC9HGw3g'}
Request headers: <RequestsCookieJar[<Cookie .ASPXAUTH=CfDJ8KOx5pzs3vJMgjraUoy-gb7TC4QPeV8rrN-Q5zzvd9Kd3hubWk5TmOqbBtxzcR3NHNGGkN64Y0-jx_fmxrMD0V2WvBjljoMwR4BuZU_67DluPyb9aPHqsmFbbJzKE6xgyBq3_MkUQI_tiRKSGH5Xf35Qh3ojUs19O_mTy0lo-yUS3hYbXDhvy6P5998m7GcyJ0m6NrtrP5M9NE8CyphY0iQ6DJXfAgl1wKa8vff8VLQDAVe3RKuM5Gj4ubPehR31t4vwRlx-ArUd5GFRujI8QW484rUglcNkSkkvH6CoLAw8pJHJdRUOz_E-N3lTbaSSWZt4hFajW1oVir7dSRpWP2RkHQeGSomqHFlmP0JmDyoxhPgqP-jO_xZgXGyg1nKRi4xCE3WL11HWnAW20Sm2V-TrtT0lV5OIakDoDaZbvtn_uKcu-Lbp19ziUaACUQocGhbcMf77Zcz4LMlbva55I3K24k5Gfc48mEsR9XHLx9vaqGE8CXCG6oCnHIY3DGObDbVvy744TSXdBKxDH4z68eyf4JKnjbIZwJOtGa5OPoGlemyN5kfC4HmNO6vmkt_mzqJcQyoDKoXpni1eLvJfiL2qJal4D4JTdgWiNxKh88PHzovQLKXQEg3wiH12viY7rcc6QmTmXhZQRl_P4tWUyIMVYYVhcGwpweQ0oG7P0sgaQ3l3ZhLvQqbElHvudqXxuMxqMqse-0kC7Ja2Xkta4KegDaPiEQkSVh2Ge2RAXCmyTSe3U3De8iCLPLwDykFvlHjTDA2HXApZUaPoi9IYE1RLyzYZI-sd-fvJEsV7N3xlRM58pzTE09coTTJZrZnZtQ for localmail.itexpert.ru/>, <Cookie BPMCSRF=CfDJ8KOx5pzs3vJMgjraUoy-gb6QJZ885vPGBJfK-qrZOWz3nr2tq6_oMUN6W4jCV37d9ddCuIFc7AC11LFJ4qJKRwfuZLIO9_GYzxyGNTClpGr73eeCNzhPdVvw_i7RVDfjOH3-rhvyL8DJDDatzu3JUz5AJCGmpE814s6BriuW03x2pAGhPv_WPXHUjGpC9HGw3g for localmail.itexpert.ru/>, <Cookie CsrfToken=CfDJ8KOx5pzs3vJMgjraUoy-gb5__UkzPy3GN6lrUsMbn2BYcG-cDZs0HKajnSCOzeUkFbf8OJb5sWtyBSFpFQdPM7XskCfecNYPAxFkPuStjKhY4TUHYk1Ji-hFEWB79CZuPkwPcZ9zMDSXo3LNrPMMHY4 for localmail.itexpert.ru/>]>

-------
Response code: 200
Response text: {"result":[{"TYPE":"E","MESSAGE":"ОС перемещено, исключено из обработки Инв№ 12121313, Номер карточки ОС 240000240179","ROW":1}],"isSuccessful":true,"message":"OK","success":true,"error":null,"status":200}
Response head: {'Date': 'Fri, 14 Oct 2022 12:29:32 GMT', 'Content-Type': 'application/json; charset=utf-8', 'Server': 'Kestrel', 'Content-Length': '257', 'Cache-Control': 'no-cache', 'Pragma': 'no-cache', 'Expires': '-1', 'Set-Cookie': 'BPMSESSIONID=CfDJ8KOx5pzs3vJMgjraUoy%2Bgb4zvmUH01s0ra7cDRRK8b103DSYDe0KQhlKGd7x%2B1yUaWxKKVh4ZQ6JaYAatqfBFgQqdNVGIH1o6sd4wTuuSS94vMcYt5UWZa5jIr5w4wywFyOvhxq2F0wkFuvRwNnctNnihI7zTiM%2BkEJFA3A5ZHW1; path=/; samesite=lax; httponly'}
Response cookies: <RequestsCookieJar[<Cookie BPMSESSIONID=CfDJ8KOx5pzs3vJMgjraUoy%2Bgb4zvmUH01s0ra7cDRRK8b103DSYDe0KQhlKGd7x%2B1yUaWxKKVh4ZQ6JaYAatqfBFgQqdNVGIH1o6sd4wTuuSS94vMcYt5UWZa5jIr5w4wywFyOvhxq2F0wkFuvRwNnctNnihI7zTiM%2BkEJFA3A5ZHW1 for localmail.itexpert.ru/>]>

-------
