
------
Test: None
Time: 2022-10-14 17:37:40.067346
Request method: POST
Request URL: http://localmail.itexpert.ru:5058/ServiceModel/AuthService.svc/Login
Request data: None
Request json: {'UserName': 'Supervisor', 'UserPassword': '!Supervisor123Test!'}
Request cookies: {'Content-Type': 'application/json', 'User-Agent': 'PostmanRuntime/7.29.0', 'Accept': '*/*', 'Cache-Control': 'Cache-Control', 'Host': 'localmail.itexpert.ru:5058', 'Accept-Encoding': 'gzip, deflate, br', 'Connection': 'keep-alive', 'Content-Length': '69'}
Request headers: {}

-------
Response code: 200
Response text: {"RedirectUrl":null,"PasswordChangeUrl":null,"Exception":null,"Code":0,"Message":""}
Response head: {'Date': 'Fri, 14 Oct 2022 12:37:43 GMT', 'Content-Type': 'application/json; charset=utf-8', 'Server': 'Kestrel', 'Content-Length': '84', 'Cache-Control': 'no-cache', 'Pragma': 'no-cache', 'Expires': 'Thu, 01 Jan 1970 00:00:00 GMT', 'Set-Cookie': 'BPMSESSIONID=; expires=Thu, 01 Jan 1970 00:00:00 GMT; path=/; samesite=lax, .ASPXAUTH=CfDJ8KOx5pzs3vJMgjraUoy-gb75kmtcXEL28JXjD7f8_vWhDFaAQJgnGNvRVOrXZlWcxKMgfMDKacYMAtqQNzjdXmX4OpfKnXEbj4y-Pf9-U9BCEicaWx_dNw2RSuuvZIrphERtamELB8Wo5BGWO-sw6qc2K0nnzNbonQumJjmSo6piFtzA2oD59vunicb9iG0iFzwN3dG_cPdFuZjLFRRjWfLfVzfZOxQiPxTiWIq3pOlpl70Rs4hlmPEBXASxfZ0eM_vu8AETtgLZ9EDb_4WIOJITjeWm3xGgmUz_ht0oKbgslczpeR2NBDUVO96TTsKFxwaOFU5j13c-hAdojuCrdUMq_0YtiAF7XfZwxmDVvhozUsZZDJUOcizJpKmSH332nBxXnrghWyDxDbcwbU-Bj0nYN80CjpBtb0yWHCuvo92Xyth1Zv6PK04-ka9_bf_E5zM-1KD8aa2Ip0nPDJQA-batKB6R0MIvW0al5fHlu2Yr4eB9P-0Zn3-yl4aVyTl0rwBkR-sf6OpEWkRkvjl4agonroia_zInuJp7nV9EtbiDC6SITjFc-8ntG9QdEpWAbzI1iKJV-7Sr-74mNyIt0k_1n_KbVjEnaO3d59EdI3RkkQYIG0MlUDV83pFIAHmBPHKAhHerYri5B7DvnlkHA6ssSue7-uu-ffw3pKukL5X9QCilG6zya90wrjVfCkfdx9n7eTpjZFAdlih3gppRu0C0sUmrop1y92GQt5sVRQN1f6FOwk8bKSzH-aoim3f1WIaLQl-r9Dq7MQsIid0A2bgic4q5AzOq6PGEdwoBEckUn3zCfoWaG3X41t_OPxQ2nQ; path=/; samesite=lax; httponly, CsrfToken=CfDJ8KOx5pzs3vJMgjraUoy-gb52UKzSFGIhUOpXLbafZVm6r2ad-g0ImPm9FAQLHzORj_y8FpCubk3yV_Q9mdYNNl7VoWHdtV4oS4D0mTVaRCu6tfprHxJCeAbJPiX5NQyyEgWzUnlhX1s3Nt6_3lqGCWo; path=/; samesite=lax; httponly, BPMCSRF=CfDJ8KOx5pzs3vJMgjraUoy-gb5n2gUjCxXMqU5AuHZJMCyM0_QlfzIZzqrYf4GlpRAgpPWy8Api2KDdkzG2YkixtT316nSHkGovDAKjq4RaLHuxJlvVkO9PvLFCOzwtsXQiMjR1wPGaCVM_-P62xC89dHpx-e7c2x3_ALfFS_BJPuKlPIsRCtvUaN7DdGjCenE0Zg; path=/; samesite=lax', 'X-Frame-Options': 'SAMEORIGIN'}
Response cookies: <RequestsCookieJar[<Cookie .ASPXAUTH=CfDJ8KOx5pzs3vJMgjraUoy-gb75kmtcXEL28JXjD7f8_vWhDFaAQJgnGNvRVOrXZlWcxKMgfMDKacYMAtqQNzjdXmX4OpfKnXEbj4y-Pf9-U9BCEicaWx_dNw2RSuuvZIrphERtamELB8Wo5BGWO-sw6qc2K0nnzNbonQumJjmSo6piFtzA2oD59vunicb9iG0iFzwN3dG_cPdFuZjLFRRjWfLfVzfZOxQiPxTiWIq3pOlpl70Rs4hlmPEBXASxfZ0eM_vu8AETtgLZ9EDb_4WIOJITjeWm3xGgmUz_ht0oKbgslczpeR2NBDUVO96TTsKFxwaOFU5j13c-hAdojuCrdUMq_0YtiAF7XfZwxmDVvhozUsZZDJUOcizJpKmSH332nBxXnrghWyDxDbcwbU-Bj0nYN80CjpBtb0yWHCuvo92Xyth1Zv6PK04-ka9_bf_E5zM-1KD8aa2Ip0nPDJQA-batKB6R0MIvW0al5fHlu2Yr4eB9P-0Zn3-yl4aVyTl0rwBkR-sf6OpEWkRkvjl4agonroia_zInuJp7nV9EtbiDC6SITjFc-8ntG9QdEpWAbzI1iKJV-7Sr-74mNyIt0k_1n_KbVjEnaO3d59EdI3RkkQYIG0MlUDV83pFIAHmBPHKAhHerYri5B7DvnlkHA6ssSue7-uu-ffw3pKukL5X9QCilG6zya90wrjVfCkfdx9n7eTpjZFAdlih3gppRu0C0sUmrop1y92GQt5sVRQN1f6FOwk8bKSzH-aoim3f1WIaLQl-r9Dq7MQsIid0A2bgic4q5AzOq6PGEdwoBEckUn3zCfoWaG3X41t_OPxQ2nQ for localmail.itexpert.ru/>, <Cookie BPMCSRF=CfDJ8KOx5pzs3vJMgjraUoy-gb5n2gUjCxXMqU5AuHZJMCyM0_QlfzIZzqrYf4GlpRAgpPWy8Api2KDdkzG2YkixtT316nSHkGovDAKjq4RaLHuxJlvVkO9PvLFCOzwtsXQiMjR1wPGaCVM_-P62xC89dHpx-e7c2x3_ALfFS_BJPuKlPIsRCtvUaN7DdGjCenE0Zg for localmail.itexpert.ru/>, <Cookie CsrfToken=CfDJ8KOx5pzs3vJMgjraUoy-gb52UKzSFGIhUOpXLbafZVm6r2ad-g0ImPm9FAQLHzORj_y8FpCubk3yV_Q9mdYNNl7VoWHdtV4oS4D0mTVaRCu6tfprHxJCeAbJPiX5NQyyEgWzUnlhX1s3Nt6_3lqGCWo for localmail.itexpert.ru/>]>

-------

------
Test: None
Time: 2022-10-14 17:37:40.359411
Request method: POST
Request URL: http://localmail.itexpert.ru:5058/rest/SapErpIntegrationService/v1/UpdateOSDirectory
Request data: None
Request json: {'currentPage': 1, 'pageCount': 1, 'delta': 'F', 'item': [{'ANLN1': '240000240179', 'TXT50': 'Аппарат телефонный Cisco/CP-7945G=13', 'INVNR': '12121313', 'AKTIV': '29.03.2016', 'KOSTL': '1006103050', 'WERKS': '1002', 'STORT': '43', 'ANSW_END': '20000.00', 'RBW_END': '10000', 'MENGE': '2', 'POSNR': '1100648.80016-YO04-00013', 'GLO_RUS_OKOF16': '330.28.12', 'GLO_RUS_DEPGRN': '03', 'NDJAR': '003', 'DEAKT': '13.02.2023', 'KTEXT3': 'г.Санкт-Петербург ул.Почтамтская 3-5', 'ZZCNDPERNR': '00028076', 'CNDPERNR_NAME': 'Дернов ИН123', 'OS_STATUS': 'Активен', 'AWKEY': '09072021/2', 'GJAHR': '2021', 'ACT-ID': 'pre09072021/2', 'SERNR': '666', 'row': 1, 'deleted': ''}]}
Request cookies: {'Content-Type': 'application/json', 'User-Agent': 'PostmanRuntime/7.29.0', 'Accept': '*/*', 'Cache-Control': 'Cache-Control', 'Host': 'localmail.itexpert.ru:5058', 'Accept-Encoding': 'gzip, deflate, br', 'Connection': 'keep-alive', 'Content-Length': '69', 'BPMCSRF': 'CfDJ8KOx5pzs3vJMgjraUoy-gb5n2gUjCxXMqU5AuHZJMCyM0_QlfzIZzqrYf4GlpRAgpPWy8Api2KDdkzG2YkixtT316nSHkGovDAKjq4RaLHuxJlvVkO9PvLFCOzwtsXQiMjR1wPGaCVM_-P62xC89dHpx-e7c2x3_ALfFS_BJPuKlPIsRCtvUaN7DdGjCenE0Zg'}
Request headers: <RequestsCookieJar[<Cookie .ASPXAUTH=CfDJ8KOx5pzs3vJMgjraUoy-gb75kmtcXEL28JXjD7f8_vWhDFaAQJgnGNvRVOrXZlWcxKMgfMDKacYMAtqQNzjdXmX4OpfKnXEbj4y-Pf9-U9BCEicaWx_dNw2RSuuvZIrphERtamELB8Wo5BGWO-sw6qc2K0nnzNbonQumJjmSo6piFtzA2oD59vunicb9iG0iFzwN3dG_cPdFuZjLFRRjWfLfVzfZOxQiPxTiWIq3pOlpl70Rs4hlmPEBXASxfZ0eM_vu8AETtgLZ9EDb_4WIOJITjeWm3xGgmUz_ht0oKbgslczpeR2NBDUVO96TTsKFxwaOFU5j13c-hAdojuCrdUMq_0YtiAF7XfZwxmDVvhozUsZZDJUOcizJpKmSH332nBxXnrghWyDxDbcwbU-Bj0nYN80CjpBtb0yWHCuvo92Xyth1Zv6PK04-ka9_bf_E5zM-1KD8aa2Ip0nPDJQA-batKB6R0MIvW0al5fHlu2Yr4eB9P-0Zn3-yl4aVyTl0rwBkR-sf6OpEWkRkvjl4agonroia_zInuJp7nV9EtbiDC6SITjFc-8ntG9QdEpWAbzI1iKJV-7Sr-74mNyIt0k_1n_KbVjEnaO3d59EdI3RkkQYIG0MlUDV83pFIAHmBPHKAhHerYri5B7DvnlkHA6ssSue7-uu-ffw3pKukL5X9QCilG6zya90wrjVfCkfdx9n7eTpjZFAdlih3gppRu0C0sUmrop1y92GQt5sVRQN1f6FOwk8bKSzH-aoim3f1WIaLQl-r9Dq7MQsIid0A2bgic4q5AzOq6PGEdwoBEckUn3zCfoWaG3X41t_OPxQ2nQ for localmail.itexpert.ru/>, <Cookie BPMCSRF=CfDJ8KOx5pzs3vJMgjraUoy-gb5n2gUjCxXMqU5AuHZJMCyM0_QlfzIZzqrYf4GlpRAgpPWy8Api2KDdkzG2YkixtT316nSHkGovDAKjq4RaLHuxJlvVkO9PvLFCOzwtsXQiMjR1wPGaCVM_-P62xC89dHpx-e7c2x3_ALfFS_BJPuKlPIsRCtvUaN7DdGjCenE0Zg for localmail.itexpert.ru/>, <Cookie CsrfToken=CfDJ8KOx5pzs3vJMgjraUoy-gb52UKzSFGIhUOpXLbafZVm6r2ad-g0ImPm9FAQLHzORj_y8FpCubk3yV_Q9mdYNNl7VoWHdtV4oS4D0mTVaRCu6tfprHxJCeAbJPiX5NQyyEgWzUnlhX1s3Nt6_3lqGCWo for localmail.itexpert.ru/>]>

-------
Response code: 200
Response text: {"result":[{"TYPE":"S","MESSAGE":"Запись изменена","ROW":1}],"isSuccessful":true,"message":"OK","success":true,"error":null,"status":200}
Response head: {'Date': 'Fri, 14 Oct 2022 12:37:44 GMT', 'Content-Type': 'application/json; charset=utf-8', 'Server': 'Kestrel', 'Content-Length': '151', 'Cache-Control': 'no-cache', 'Pragma': 'no-cache', 'Expires': '-1', 'Set-Cookie': 'BPMSESSIONID=CfDJ8KOx5pzs3vJMgjraUoy%2Bgb7QGJN%2BhRWna3%2FGQ15RmsKM50bchNkV5IQfki6f0z3P%2FL9oz84MSbWbz8iwzVZWDweWfWRAdpQDIOHY0f%2BB1w5hmoXh%2BJk0RlPKy%2FnVCf1xrOAOhjAmtoCuZSJ7nPjhngFb6Vrmi5vyB8grLR%2FmbY%2Fs; path=/; samesite=lax; httponly'}
Response cookies: <RequestsCookieJar[<Cookie BPMSESSIONID=CfDJ8KOx5pzs3vJMgjraUoy%2Bgb7QGJN%2BhRWna3%2FGQ15RmsKM50bchNkV5IQfki6f0z3P%2FL9oz84MSbWbz8iwzVZWDweWfWRAdpQDIOHY0f%2BB1w5hmoXh%2BJk0RlPKy%2FnVCf1xrOAOhjAmtoCuZSJ7nPjhngFb6Vrmi5vyB8grLR%2FmbY%2Fs for localmail.itexpert.ru/>]>

-------

------
Test: None
Time: 2022-10-14 17:37:41.928165
Request method: POST
Request URL: http://localmail.itexpert.ru:5058/ServiceModel/AuthService.svc/Login
Request data: None
Request json: {'UserName': 'Supervisor', 'UserPassword': '!Supervisor123Test!'}
Request cookies: {'Content-Type': 'application/json', 'User-Agent': 'PostmanRuntime/7.29.0', 'Accept': '*/*', 'Cache-Control': 'Cache-Control', 'Host': 'localmail.itexpert.ru:5058', 'Accept-Encoding': 'gzip, deflate, br', 'Connection': 'keep-alive', 'Content-Length': '69'}
Request headers: {}

-------
Response code: 200
Response text: {"RedirectUrl":null,"PasswordChangeUrl":null,"Exception":null,"Code":0,"Message":""}
Response head: {'Date': 'Fri, 14 Oct 2022 12:37:44 GMT', 'Content-Type': 'application/json; charset=utf-8', 'Server': 'Kestrel', 'Content-Length': '84', 'Cache-Control': 'no-cache', 'Pragma': 'no-cache', 'Expires': 'Thu, 01 Jan 1970 00:00:00 GMT', 'Set-Cookie': 'BPMSESSIONID=; expires=Thu, 01 Jan 1970 00:00:00 GMT; path=/; samesite=lax, .ASPXAUTH=CfDJ8KOx5pzs3vJMgjraUoy-gb5GxwlK1fwrhriX8a6x8A3Fw85wmxYyA_nppgTCY2OogmgbrvCtpDU87k6gGigjsaOXJnM54BX7gE5L0ud5cySzUsub4FYgXC3MpH4CmoTapBBRRhJSTZY288EUO4TqcyAX-cjdCt_vkJnGobGY2Vigy41rK6fPoO-BknEGSfPdDzwq5iCwstozdcOVF-cvKoEn3wqAjAWMvAw7IokU8EVBDcBgifVtzUMLA-AWQ4n1Gmf7y4gaWusooO0OvIKzma86pUtgz8RBQ-I3SN0Sko-jN6Ly1iaF4RhacYcZTobTCFe8Yprw-gIXbfwbB-IMvSWgMz88D968Wdb0HEYDi-fUhd6_QEw7Ax5viOa5n6jMaDKnWGSXK0TDbKRqo6UuCa26TdORoFlnAMvEZ2gOUpfqa8uhKjXgHtxsCFtvEEQlhIP_UrDzrGJPz-9Tz0tLtHGoW-ggpjUMO2RXQzVUVu3Sbp8b2wypsDNPY0GzEd2OyGwgcojIGAotfaS4kIvGid7kv2C0N8wdNRXB34DlPTI_Onx85sVcsgk_UpptiKE_O0Wzvg-nmz-Vho7d4g-Z4jK7uuaKvvd85NeP0Sca_ZOa74PDf0AIECYGU_OHRk7WlZIbGkWz1B6b7QdZEMc2OLhkI1il_zb_WK00eVxtYmvE7ezYe7Of1SPnsCBPJDR23BXDN2BthBF-pT7LdX0QbK1peVWjzuGJBKkkfBmwlKv6zv0o9Y_GsQ3Aj4f6ZCmO2fXtIYqzaYcH0dOzcbTM3tv80kbTcgfdOt1p2mSXp0ywr20BxPMtesa2NPxhMmq_Yw; path=/; samesite=lax; httponly, CsrfToken=CfDJ8KOx5pzs3vJMgjraUoy-gb5AquU5RZ7Z-D9Wc4Vcrq65YE291yitFqsB3sXhT4Tn3jBnHCpBmpyYYFa0iMixFFqaUpTSaqGm-4Q_wE6UzaOegFgsdrwDxQmdCmIy6sTZwQLsqkRp_BnLKic-TrM65-s; path=/; samesite=lax; httponly, BPMCSRF=CfDJ8KOx5pzs3vJMgjraUoy-gb5h0g2taQ9GTow6dWXF7jC-IfckR7hceVO-TBUr7NQ_oBeRFAU29f9OpEx6_UAAHpsWU-s16spjsihj6e8JXurIsKuAE5J9Zhlagp5et8zycnKRfmDujbfkSQ4ka_32BmOMRza6VSIlE-_NwN9U64px6JChoXz8WA-dkKzQJc_Rpg; path=/; samesite=lax', 'X-Frame-Options': 'SAMEORIGIN'}
Response cookies: <RequestsCookieJar[<Cookie .ASPXAUTH=CfDJ8KOx5pzs3vJMgjraUoy-gb5GxwlK1fwrhriX8a6x8A3Fw85wmxYyA_nppgTCY2OogmgbrvCtpDU87k6gGigjsaOXJnM54BX7gE5L0ud5cySzUsub4FYgXC3MpH4CmoTapBBRRhJSTZY288EUO4TqcyAX-cjdCt_vkJnGobGY2Vigy41rK6fPoO-BknEGSfPdDzwq5iCwstozdcOVF-cvKoEn3wqAjAWMvAw7IokU8EVBDcBgifVtzUMLA-AWQ4n1Gmf7y4gaWusooO0OvIKzma86pUtgz8RBQ-I3SN0Sko-jN6Ly1iaF4RhacYcZTobTCFe8Yprw-gIXbfwbB-IMvSWgMz88D968Wdb0HEYDi-fUhd6_QEw7Ax5viOa5n6jMaDKnWGSXK0TDbKRqo6UuCa26TdORoFlnAMvEZ2gOUpfqa8uhKjXgHtxsCFtvEEQlhIP_UrDzrGJPz-9Tz0tLtHGoW-ggpjUMO2RXQzVUVu3Sbp8b2wypsDNPY0GzEd2OyGwgcojIGAotfaS4kIvGid7kv2C0N8wdNRXB34DlPTI_Onx85sVcsgk_UpptiKE_O0Wzvg-nmz-Vho7d4g-Z4jK7uuaKvvd85NeP0Sca_ZOa74PDf0AIECYGU_OHRk7WlZIbGkWz1B6b7QdZEMc2OLhkI1il_zb_WK00eVxtYmvE7ezYe7Of1SPnsCBPJDR23BXDN2BthBF-pT7LdX0QbK1peVWjzuGJBKkkfBmwlKv6zv0o9Y_GsQ3Aj4f6ZCmO2fXtIYqzaYcH0dOzcbTM3tv80kbTcgfdOt1p2mSXp0ywr20BxPMtesa2NPxhMmq_Yw for localmail.itexpert.ru/>, <Cookie BPMCSRF=CfDJ8KOx5pzs3vJMgjraUoy-gb5h0g2taQ9GTow6dWXF7jC-IfckR7hceVO-TBUr7NQ_oBeRFAU29f9OpEx6_UAAHpsWU-s16spjsihj6e8JXurIsKuAE5J9Zhlagp5et8zycnKRfmDujbfkSQ4ka_32BmOMRza6VSIlE-_NwN9U64px6JChoXz8WA-dkKzQJc_Rpg for localmail.itexpert.ru/>, <Cookie CsrfToken=CfDJ8KOx5pzs3vJMgjraUoy-gb5AquU5RZ7Z-D9Wc4Vcrq65YE291yitFqsB3sXhT4Tn3jBnHCpBmpyYYFa0iMixFFqaUpTSaqGm-4Q_wE6UzaOegFgsdrwDxQmdCmIy6sTZwQLsqkRp_BnLKic-TrM65-s for localmail.itexpert.ru/>]>

-------

------
Test: None
Time: 2022-10-14 17:37:42.188176
Request method: POST
Request URL: http://localmail.itexpert.ru:5058/rest/SapErpIntegrationService/v1/UpdateOSDirectory
Request data: None
Request json: {'currentPage': 1, 'pageCount': 1, 'delta': 'F', 'item': [{'ANLN1': '240000240179', 'TXT50': 'Аппарат телефонный Cisco/CP-7945G=13', 'INVNR': None, 'AKTIV': '29.03.2016', 'KOSTL': '1006103050', 'WERKS': '1002', 'STORT': '43', 'ANSW_END': '20000.00', 'RBW_END': '10000', 'MENGE': '2', 'POSNR': '1100648.80016-YO04-00013', 'GLO_RUS_OKOF16': '330.28.12', 'GLO_RUS_DEPGRN': '03', 'NDJAR': '003', 'DEAKT': '13.02.2023', 'KTEXT3': 'г.Санкт-Петербург ул.Почтамтская 3-5', 'ZZCNDPERNR': '00028076', 'CNDPERNR_NAME': 'Дернов ИН123', 'OS_STATUS': 'Активен', 'AWKEY': '09072021/2', 'GJAHR': '2021', 'ACT-ID': 'pre09072021/2', 'SERNR': '123йцу123йу1', 'row': 1, 'deleted': ''}]}
Request cookies: {'Content-Type': 'application/json', 'User-Agent': 'PostmanRuntime/7.29.0', 'Accept': '*/*', 'Cache-Control': 'Cache-Control', 'Host': 'localmail.itexpert.ru:5058', 'Accept-Encoding': 'gzip, deflate, br', 'Connection': 'keep-alive', 'Content-Length': '69', 'BPMCSRF': 'CfDJ8KOx5pzs3vJMgjraUoy-gb5h0g2taQ9GTow6dWXF7jC-IfckR7hceVO-TBUr7NQ_oBeRFAU29f9OpEx6_UAAHpsWU-s16spjsihj6e8JXurIsKuAE5J9Zhlagp5et8zycnKRfmDujbfkSQ4ka_32BmOMRza6VSIlE-_NwN9U64px6JChoXz8WA-dkKzQJc_Rpg'}
Request headers: <RequestsCookieJar[<Cookie .ASPXAUTH=CfDJ8KOx5pzs3vJMgjraUoy-gb5GxwlK1fwrhriX8a6x8A3Fw85wmxYyA_nppgTCY2OogmgbrvCtpDU87k6gGigjsaOXJnM54BX7gE5L0ud5cySzUsub4FYgXC3MpH4CmoTapBBRRhJSTZY288EUO4TqcyAX-cjdCt_vkJnGobGY2Vigy41rK6fPoO-BknEGSfPdDzwq5iCwstozdcOVF-cvKoEn3wqAjAWMvAw7IokU8EVBDcBgifVtzUMLA-AWQ4n1Gmf7y4gaWusooO0OvIKzma86pUtgz8RBQ-I3SN0Sko-jN6Ly1iaF4RhacYcZTobTCFe8Yprw-gIXbfwbB-IMvSWgMz88D968Wdb0HEYDi-fUhd6_QEw7Ax5viOa5n6jMaDKnWGSXK0TDbKRqo6UuCa26TdORoFlnAMvEZ2gOUpfqa8uhKjXgHtxsCFtvEEQlhIP_UrDzrGJPz-9Tz0tLtHGoW-ggpjUMO2RXQzVUVu3Sbp8b2wypsDNPY0GzEd2OyGwgcojIGAotfaS4kIvGid7kv2C0N8wdNRXB34DlPTI_Onx85sVcsgk_UpptiKE_O0Wzvg-nmz-Vho7d4g-Z4jK7uuaKvvd85NeP0Sca_ZOa74PDf0AIECYGU_OHRk7WlZIbGkWz1B6b7QdZEMc2OLhkI1il_zb_WK00eVxtYmvE7ezYe7Of1SPnsCBPJDR23BXDN2BthBF-pT7LdX0QbK1peVWjzuGJBKkkfBmwlKv6zv0o9Y_GsQ3Aj4f6ZCmO2fXtIYqzaYcH0dOzcbTM3tv80kbTcgfdOt1p2mSXp0ywr20BxPMtesa2NPxhMmq_Yw for localmail.itexpert.ru/>, <Cookie BPMCSRF=CfDJ8KOx5pzs3vJMgjraUoy-gb5h0g2taQ9GTow6dWXF7jC-IfckR7hceVO-TBUr7NQ_oBeRFAU29f9OpEx6_UAAHpsWU-s16spjsihj6e8JXurIsKuAE5J9Zhlagp5et8zycnKRfmDujbfkSQ4ka_32BmOMRza6VSIlE-_NwN9U64px6JChoXz8WA-dkKzQJc_Rpg for localmail.itexpert.ru/>, <Cookie CsrfToken=CfDJ8KOx5pzs3vJMgjraUoy-gb5AquU5RZ7Z-D9Wc4Vcrq65YE291yitFqsB3sXhT4Tn3jBnHCpBmpyYYFa0iMixFFqaUpTSaqGm-4Q_wE6UzaOegFgsdrwDxQmdCmIy6sTZwQLsqkRp_BnLKic-TrM65-s for localmail.itexpert.ru/>]>

-------
Response code: 200
Response text: {"result":[{"TYPE":"E","MESSAGE":"Не заполнен обязательный атрибут \"Инвентарный номер\"","ROW":1}],"isSuccessful":true,"message":"OK","success":true,"error":null,"status":200}
Response head: {'Date': 'Fri, 14 Oct 2022 12:37:45 GMT', 'Content-Type': 'application/json; charset=utf-8', 'Server': 'Kestrel', 'Content-Length': '221', 'Cache-Control': 'no-cache', 'Pragma': 'no-cache', 'Expires': '-1', 'Set-Cookie': 'BPMSESSIONID=CfDJ8KOx5pzs3vJMgjraUoy%2Bgb7NKRzwf0ib9axyBhgSe8in%2FPLLRaiE5CPogyxhXQi6gqhfZnHsOMj14bw0Jg%2FyXqoSzZJIcxOgYmowVpcOTPZ3Ubxw6JcsSPuFIPh%2FlFEx5sXpQTJXxQSVf4x6uyh0AAazQwkf1GBebRKcTNYDB6tZ; path=/; samesite=lax; httponly'}
Response cookies: <RequestsCookieJar[<Cookie BPMSESSIONID=CfDJ8KOx5pzs3vJMgjraUoy%2Bgb7NKRzwf0ib9axyBhgSe8in%2FPLLRaiE5CPogyxhXQi6gqhfZnHsOMj14bw0Jg%2FyXqoSzZJIcxOgYmowVpcOTPZ3Ubxw6JcsSPuFIPh%2FlFEx5sXpQTJXxQSVf4x6uyh0AAazQwkf1GBebRKcTNYDB6tZ for localmail.itexpert.ru/>]>

-------

------
Test: None
Time: 2022-10-14 17:37:43.189656
Request method: POST
Request URL: http://localmail.itexpert.ru:5058/ServiceModel/AuthService.svc/Login
Request data: None
Request json: {'UserName': 'Supervisor', 'UserPassword': '!Supervisor123Test!'}
Request cookies: {'Content-Type': 'application/json', 'User-Agent': 'PostmanRuntime/7.29.0', 'Accept': '*/*', 'Cache-Control': 'Cache-Control', 'Host': 'localmail.itexpert.ru:5058', 'Accept-Encoding': 'gzip, deflate, br', 'Connection': 'keep-alive', 'Content-Length': '69'}
Request headers: {}

-------
Response code: 200
Response text: {"RedirectUrl":null,"PasswordChangeUrl":null,"Exception":null,"Code":0,"Message":""}
Response head: {'Date': 'Fri, 14 Oct 2022 12:37:46 GMT', 'Content-Type': 'application/json; charset=utf-8', 'Server': 'Kestrel', 'Content-Length': '84', 'Cache-Control': 'no-cache', 'Pragma': 'no-cache', 'Expires': 'Thu, 01 Jan 1970 00:00:00 GMT', 'Set-Cookie': 'BPMSESSIONID=; expires=Thu, 01 Jan 1970 00:00:00 GMT; path=/; samesite=lax, .ASPXAUTH=CfDJ8KOx5pzs3vJMgjraUoy-gb7PAuyWDR9Y-XJD5meO3U8mlb4tzW9BzsftHsfq4xQNuH6ype-SBe9dxeB322Pqg7OvcsCRHsIt46aU5lc0m3qN1Gqgt7mth_dcPvxsPjv-a1Q5M-Nn-chXrJFM3CXWICImhw7Da4KmU9y6ljuDx-zWR7d9Av4TK3gWHaudg6_Z6f11Q4W-WI95bi6Yx8pG6IyMcwihR9y4NxaoM35pU_fICO6nCUUW9-360VsFUMNTXH7rbCjsS8omzxZr2KQBXDETfPVPB3vzYHuFtm1D-PysYDV-Cp9DqP0itKmlrCv5LWr1d1jhO_rrO4OVosuHY4tQfVd5HVz26APkFe9rN8RzNe1iH5MTx28QEsAUppzOJdB-qd7JIu0a1oApQlTjgovi-D64pPSZQJRwf74P3oMqA2n3OHei9S6mYhtzYgafYyIPxFxIHJUU14chGSKSKA6XwFOpOWrkKBxGX1hc3Yhi5A7GNmQ_gUK5m5tm2JJjhCOA7Rln8p_97E1-tkVAm9H-y8SmiNELUyiGnMCQyjogOTqZOHzOWU0elSVAU6qyawscAyHAUKMnMP_5B8ChsaY0OKu6woX8oZ8110qNSTGvRkDR_zJeuuPTSh3mKJaGKnZwh0tV-hapj4InmMkK7olazGjG_WLtUIS31snNPPoW0LFj1FUeMyLYxMePXdG0_Afq2J5QMGU1ynHvHsllExN98ZH6fDqAsBvpXsgjetUrgzFuHk9nqmqt_0wkH4tnnqdZKUhIN2Z9jlbElqrYyvPAlZO3WQaBHAQ2DTzP5gy3XZG0hYX7MMeJV-ZwvO9_NQ; path=/; samesite=lax; httponly, CsrfToken=CfDJ8KOx5pzs3vJMgjraUoy-gb4Czn4Q6aNxJjic945u4kLN1MooWOYKQyswq-E5H2Ht5WhrzRGrjHNpPA5oEUyqm9CYJv_SG-nQ7EQTAIGAjrvA7sGJ4qN5xcXz1zK0n_954s5eZtxsoXgUI28kXQBxa28; path=/; samesite=lax; httponly, BPMCSRF=CfDJ8KOx5pzs3vJMgjraUoy-gb5BzSDTYO7kaA4ScS9tuSWTIZy0O_uuAtXtavmDt7_kpc9xTEKXS4UFfDqVHi4wFM2LWLwaaCJgWije7qwYg3kL3hCh1bLKxq3XkRd8FkQhl1iDw8SR6sQOvoVRvn2oxpXlyV41W33UU_JJR_NoBUBBHrJzzUZiY65eT_uTda0ppw; path=/; samesite=lax', 'X-Frame-Options': 'SAMEORIGIN'}
Response cookies: <RequestsCookieJar[<Cookie .ASPXAUTH=CfDJ8KOx5pzs3vJMgjraUoy-gb7PAuyWDR9Y-XJD5meO3U8mlb4tzW9BzsftHsfq4xQNuH6ype-SBe9dxeB322Pqg7OvcsCRHsIt46aU5lc0m3qN1Gqgt7mth_dcPvxsPjv-a1Q5M-Nn-chXrJFM3CXWICImhw7Da4KmU9y6ljuDx-zWR7d9Av4TK3gWHaudg6_Z6f11Q4W-WI95bi6Yx8pG6IyMcwihR9y4NxaoM35pU_fICO6nCUUW9-360VsFUMNTXH7rbCjsS8omzxZr2KQBXDETfPVPB3vzYHuFtm1D-PysYDV-Cp9DqP0itKmlrCv5LWr1d1jhO_rrO4OVosuHY4tQfVd5HVz26APkFe9rN8RzNe1iH5MTx28QEsAUppzOJdB-qd7JIu0a1oApQlTjgovi-D64pPSZQJRwf74P3oMqA2n3OHei9S6mYhtzYgafYyIPxFxIHJUU14chGSKSKA6XwFOpOWrkKBxGX1hc3Yhi5A7GNmQ_gUK5m5tm2JJjhCOA7Rln8p_97E1-tkVAm9H-y8SmiNELUyiGnMCQyjogOTqZOHzOWU0elSVAU6qyawscAyHAUKMnMP_5B8ChsaY0OKu6woX8oZ8110qNSTGvRkDR_zJeuuPTSh3mKJaGKnZwh0tV-hapj4InmMkK7olazGjG_WLtUIS31snNPPoW0LFj1FUeMyLYxMePXdG0_Afq2J5QMGU1ynHvHsllExN98ZH6fDqAsBvpXsgjetUrgzFuHk9nqmqt_0wkH4tnnqdZKUhIN2Z9jlbElqrYyvPAlZO3WQaBHAQ2DTzP5gy3XZG0hYX7MMeJV-ZwvO9_NQ for localmail.itexpert.ru/>, <Cookie BPMCSRF=CfDJ8KOx5pzs3vJMgjraUoy-gb5BzSDTYO7kaA4ScS9tuSWTIZy0O_uuAtXtavmDt7_kpc9xTEKXS4UFfDqVHi4wFM2LWLwaaCJgWije7qwYg3kL3hCh1bLKxq3XkRd8FkQhl1iDw8SR6sQOvoVRvn2oxpXlyV41W33UU_JJR_NoBUBBHrJzzUZiY65eT_uTda0ppw for localmail.itexpert.ru/>, <Cookie CsrfToken=CfDJ8KOx5pzs3vJMgjraUoy-gb4Czn4Q6aNxJjic945u4kLN1MooWOYKQyswq-E5H2Ht5WhrzRGrjHNpPA5oEUyqm9CYJv_SG-nQ7EQTAIGAjrvA7sGJ4qN5xcXz1zK0n_954s5eZtxsoXgUI28kXQBxa28 for localmail.itexpert.ru/>]>

-------

------
Test: None
Time: 2022-10-14 17:37:43.550697
Request method: POST
Request URL: http://localmail.itexpert.ru:5058/rest/SapErpIntegrationService/v1/UpdateOSDirectory
Request data: None
Request json: {'currentPage': 1, 'pageCount': 1, 'delta': 'F', 'item': [{'ANLN1': '240000240179', 'TXT50': 'Аппарат телефонный Cisco/CP-7945G=13', 'INVNR': '', 'AKTIV': '29.03.2016', 'KOSTL': '1006103050', 'WERKS': '1002', 'STORT': '43', 'ANSW_END': '20000.00', 'RBW_END': '10000', 'MENGE': '2', 'POSNR': '1100648.80016-YO04-00013', 'GLO_RUS_OKOF16': '330.28.12', 'GLO_RUS_DEPGRN': '03', 'NDJAR': '003', 'DEAKT': '13.02.2023', 'KTEXT3': 'г.Санкт-Петербург ул.Почтамтская 3-5', 'ZZCNDPERNR': '00028076', 'CNDPERNR_NAME': 'Дернов ИН123', 'OS_STATUS': 'Активен', 'AWKEY': '09072021/2', 'GJAHR': '2021', 'ACT-ID': 'pre09072021/2', 'SERNR': '123йцу123йу1', 'row': 1, 'deleted': ''}]}
Request cookies: {'Content-Type': 'application/json', 'User-Agent': 'PostmanRuntime/7.29.0', 'Accept': '*/*', 'Cache-Control': 'Cache-Control', 'Host': 'localmail.itexpert.ru:5058', 'Accept-Encoding': 'gzip, deflate, br', 'Connection': 'keep-alive', 'Content-Length': '69', 'BPMCSRF': 'CfDJ8KOx5pzs3vJMgjraUoy-gb5BzSDTYO7kaA4ScS9tuSWTIZy0O_uuAtXtavmDt7_kpc9xTEKXS4UFfDqVHi4wFM2LWLwaaCJgWije7qwYg3kL3hCh1bLKxq3XkRd8FkQhl1iDw8SR6sQOvoVRvn2oxpXlyV41W33UU_JJR_NoBUBBHrJzzUZiY65eT_uTda0ppw'}
Request headers: <RequestsCookieJar[<Cookie .ASPXAUTH=CfDJ8KOx5pzs3vJMgjraUoy-gb7PAuyWDR9Y-XJD5meO3U8mlb4tzW9BzsftHsfq4xQNuH6ype-SBe9dxeB322Pqg7OvcsCRHsIt46aU5lc0m3qN1Gqgt7mth_dcPvxsPjv-a1Q5M-Nn-chXrJFM3CXWICImhw7Da4KmU9y6ljuDx-zWR7d9Av4TK3gWHaudg6_Z6f11Q4W-WI95bi6Yx8pG6IyMcwihR9y4NxaoM35pU_fICO6nCUUW9-360VsFUMNTXH7rbCjsS8omzxZr2KQBXDETfPVPB3vzYHuFtm1D-PysYDV-Cp9DqP0itKmlrCv5LWr1d1jhO_rrO4OVosuHY4tQfVd5HVz26APkFe9rN8RzNe1iH5MTx28QEsAUppzOJdB-qd7JIu0a1oApQlTjgovi-D64pPSZQJRwf74P3oMqA2n3OHei9S6mYhtzYgafYyIPxFxIHJUU14chGSKSKA6XwFOpOWrkKBxGX1hc3Yhi5A7GNmQ_gUK5m5tm2JJjhCOA7Rln8p_97E1-tkVAm9H-y8SmiNELUyiGnMCQyjogOTqZOHzOWU0elSVAU6qyawscAyHAUKMnMP_5B8ChsaY0OKu6woX8oZ8110qNSTGvRkDR_zJeuuPTSh3mKJaGKnZwh0tV-hapj4InmMkK7olazGjG_WLtUIS31snNPPoW0LFj1FUeMyLYxMePXdG0_Afq2J5QMGU1ynHvHsllExN98ZH6fDqAsBvpXsgjetUrgzFuHk9nqmqt_0wkH4tnnqdZKUhIN2Z9jlbElqrYyvPAlZO3WQaBHAQ2DTzP5gy3XZG0hYX7MMeJV-ZwvO9_NQ for localmail.itexpert.ru/>, <Cookie BPMCSRF=CfDJ8KOx5pzs3vJMgjraUoy-gb5BzSDTYO7kaA4ScS9tuSWTIZy0O_uuAtXtavmDt7_kpc9xTEKXS4UFfDqVHi4wFM2LWLwaaCJgWije7qwYg3kL3hCh1bLKxq3XkRd8FkQhl1iDw8SR6sQOvoVRvn2oxpXlyV41W33UU_JJR_NoBUBBHrJzzUZiY65eT_uTda0ppw for localmail.itexpert.ru/>, <Cookie CsrfToken=CfDJ8KOx5pzs3vJMgjraUoy-gb4Czn4Q6aNxJjic945u4kLN1MooWOYKQyswq-E5H2Ht5WhrzRGrjHNpPA5oEUyqm9CYJv_SG-nQ7EQTAIGAjrvA7sGJ4qN5xcXz1zK0n_954s5eZtxsoXgUI28kXQBxa28 for localmail.itexpert.ru/>]>

-------
Response code: 200
Response text: {"result":[{"TYPE":"E","MESSAGE":"Инвентарный номер не найден в КСУИТ","ROW":1}],"isSuccessful":true,"message":"OK","success":true,"error":null,"status":200}
Response head: {'Date': 'Fri, 14 Oct 2022 12:37:46 GMT', 'Content-Type': 'application/json; charset=utf-8', 'Server': 'Kestrel', 'Content-Length': '187', 'Cache-Control': 'no-cache', 'Pragma': 'no-cache', 'Expires': '-1', 'Set-Cookie': 'BPMSESSIONID=CfDJ8KOx5pzs3vJMgjraUoy%2Bgb7f0%2BNqI24R0A0JcJdxL5PwVrHk11HbPVAO7s5tpkimUXeaosMMaWls2Z%2B%2BTyJBRcYbbIWz5r8twGB8rAYrK4o4leCnrHlrDFjP3l7fxizesvFgDijxsT7Y91FC5yhu9MX54aSNCpZXFtUInZa15lzp; path=/; samesite=lax; httponly'}
Response cookies: <RequestsCookieJar[<Cookie BPMSESSIONID=CfDJ8KOx5pzs3vJMgjraUoy%2Bgb7f0%2BNqI24R0A0JcJdxL5PwVrHk11HbPVAO7s5tpkimUXeaosMMaWls2Z%2B%2BTyJBRcYbbIWz5r8twGB8rAYrK4o4leCnrHlrDFjP3l7fxizesvFgDijxsT7Y91FC5yhu9MX54aSNCpZXFtUInZa15lzp for localmail.itexpert.ru/>]>

-------

------
Test: None
Time: 2022-10-14 17:37:44.253011
Request method: POST
Request URL: http://localmail.itexpert.ru:5058/ServiceModel/AuthService.svc/Login
Request data: None
Request json: {'UserName': 'Supervisor', 'UserPassword': '!Supervisor123Test!'}
Request cookies: {'Content-Type': 'application/json', 'User-Agent': 'PostmanRuntime/7.29.0', 'Accept': '*/*', 'Cache-Control': 'Cache-Control', 'Host': 'localmail.itexpert.ru:5058', 'Accept-Encoding': 'gzip, deflate, br', 'Connection': 'keep-alive', 'Content-Length': '69'}
Request headers: {}

-------
Response code: 200
Response text: {"RedirectUrl":null,"PasswordChangeUrl":null,"Exception":null,"Code":0,"Message":""}
Response head: {'Date': 'Fri, 14 Oct 2022 12:37:47 GMT', 'Content-Type': 'application/json; charset=utf-8', 'Server': 'Kestrel', 'Content-Length': '84', 'Cache-Control': 'no-cache', 'Pragma': 'no-cache', 'Expires': 'Thu, 01 Jan 1970 00:00:00 GMT', 'Set-Cookie': 'BPMSESSIONID=; expires=Thu, 01 Jan 1970 00:00:00 GMT; path=/; samesite=lax, .ASPXAUTH=CfDJ8KOx5pzs3vJMgjraUoy-gb4rg639PzIIcr3rAl3vVE-D9RoFmfJ1lAY7UMUB41Kcxgz3M3lxicJ_laqSUWBmkkDO1ua2RqquJ3rUGCcHu_oZHkrG8RQlnLlDOfTV_fLyh-LT7B3hH-26ZdLG1rmS-gkrPJlXWZzZXyjZGAkZo9s6VGUrzFw06UuOpN2mafeyB5OulxkDzlUn-cPYEeCBIdnU65E9156hO3Q-usL0tUOx4bvqXAD5_NmY1O_6zbqv-Mnz5yxb3_roj5FOpyifMui01qlHPcWtt2qhDuz-B65f_FBqfYtmfcJ3b9u0UpwzbdoNaBhV0BczF6UVjmkubmff7O8wnZGwBeclLYDoKXjJTULHZE4KoPliL8yOFg3-spN3mcjnck79zi-l9zTfSO1fuYftT--o_GBvu5vm77xbxEUdK1uN1Qmn2B2nkY-2jM9irCHTXKDQ5m8-mYSctmRcHbV_9tf44l8nK6_uxifTWGQAnw5ZkJNBxQEWxkN0Ivu0nsQyUtHsaivSvY0uWSm5iUT1GjsvhxToNlmL11gq5G1DNjMEF6V-VGcX9EwChZuSff2MdXM7-FdV7nQrFVsqwatFux_ej2TYD0NJCBH5g2LSZmTBBc5P4DLxf1YDXfwvy4u49spUZrM0aFDTjP7UoHWByuACk56KjzRgjgeqfVA1J7MwvIa4xEOr1QvGxPbATEG4-v4b7qkCaJ3-hCQX_vK4LygDQjm2qsCKntprH90MLDCmrWDyYXAnw7Sr1NHHwko3cMSUJXLRwgcX4jz3BWHGQL9seYrwJii82abwyibxwY3UOTKkrL62fnpI2g; path=/; samesite=lax; httponly, CsrfToken=CfDJ8KOx5pzs3vJMgjraUoy-gb4R3It5kKwaqq84PYIUS30D7jSTZiMWrM-_n2FGOFeEC_Yza0pkLZUqweLXLFGd5w9hF0K3Vn402nHhnWWKCVzS2Y-jr4TpZvH86eL-qyB29EnaiQTAfRLX03V6QWfkQZc; path=/; samesite=lax; httponly, BPMCSRF=CfDJ8KOx5pzs3vJMgjraUoy-gb5VCCT0CrVEBqbAI-XaXhNxMOE9EAqXe1awIgw5oXavADvr9fhobJiZwhZhAb5p_u9VCc8WyDR5aogC-pn3Yy1l75UrdWrz-ihtiSfJcGXNecg_AKDQnxZarEMkyVALpHeu9zlCQ5GvhLWT5J7yMukSq-T-ERsxCrmmip0lZSP2ow; path=/; samesite=lax', 'X-Frame-Options': 'SAMEORIGIN'}
Response cookies: <RequestsCookieJar[<Cookie .ASPXAUTH=CfDJ8KOx5pzs3vJMgjraUoy-gb4rg639PzIIcr3rAl3vVE-D9RoFmfJ1lAY7UMUB41Kcxgz3M3lxicJ_laqSUWBmkkDO1ua2RqquJ3rUGCcHu_oZHkrG8RQlnLlDOfTV_fLyh-LT7B3hH-26ZdLG1rmS-gkrPJlXWZzZXyjZGAkZo9s6VGUrzFw06UuOpN2mafeyB5OulxkDzlUn-cPYEeCBIdnU65E9156hO3Q-usL0tUOx4bvqXAD5_NmY1O_6zbqv-Mnz5yxb3_roj5FOpyifMui01qlHPcWtt2qhDuz-B65f_FBqfYtmfcJ3b9u0UpwzbdoNaBhV0BczF6UVjmkubmff7O8wnZGwBeclLYDoKXjJTULHZE4KoPliL8yOFg3-spN3mcjnck79zi-l9zTfSO1fuYftT--o_GBvu5vm77xbxEUdK1uN1Qmn2B2nkY-2jM9irCHTXKDQ5m8-mYSctmRcHbV_9tf44l8nK6_uxifTWGQAnw5ZkJNBxQEWxkN0Ivu0nsQyUtHsaivSvY0uWSm5iUT1GjsvhxToNlmL11gq5G1DNjMEF6V-VGcX9EwChZuSff2MdXM7-FdV7nQrFVsqwatFux_ej2TYD0NJCBH5g2LSZmTBBc5P4DLxf1YDXfwvy4u49spUZrM0aFDTjP7UoHWByuACk56KjzRgjgeqfVA1J7MwvIa4xEOr1QvGxPbATEG4-v4b7qkCaJ3-hCQX_vK4LygDQjm2qsCKntprH90MLDCmrWDyYXAnw7Sr1NHHwko3cMSUJXLRwgcX4jz3BWHGQL9seYrwJii82abwyibxwY3UOTKkrL62fnpI2g for localmail.itexpert.ru/>, <Cookie BPMCSRF=CfDJ8KOx5pzs3vJMgjraUoy-gb5VCCT0CrVEBqbAI-XaXhNxMOE9EAqXe1awIgw5oXavADvr9fhobJiZwhZhAb5p_u9VCc8WyDR5aogC-pn3Yy1l75UrdWrz-ihtiSfJcGXNecg_AKDQnxZarEMkyVALpHeu9zlCQ5GvhLWT5J7yMukSq-T-ERsxCrmmip0lZSP2ow for localmail.itexpert.ru/>, <Cookie CsrfToken=CfDJ8KOx5pzs3vJMgjraUoy-gb4R3It5kKwaqq84PYIUS30D7jSTZiMWrM-_n2FGOFeEC_Yza0pkLZUqweLXLFGd5w9hF0K3Vn402nHhnWWKCVzS2Y-jr4TpZvH86eL-qyB29EnaiQTAfRLX03V6QWfkQZc for localmail.itexpert.ru/>]>

-------

------
Test: None
Time: 2022-10-14 17:37:44.544311
Request method: POST
Request URL: http://localmail.itexpert.ru:5058/rest/SapErpIntegrationService/v1/UpdateOSDirectory
Request data: None
Request json: {'currentPage': 1, 'pageCount': 1, 'delta': 'F', 'item': [{'ANLN1': '240000240179', 'TXT50': 'Аппарат телефонный Cisco/CP-7945G=13', 'INVNR': '12121313', 'AKTIV': '29.03.2016', 'KOSTL': '1006103088', 'WERKS': '1002', 'STORT': '43', 'ANSW_END': '20000.00', 'RBW_END': '10000', 'MENGE': '2', 'POSNR': '1100648.80016-YO04-00013', 'GLO_RUS_OKOF16': '330.28.12', 'GLO_RUS_DEPGRN': '03', 'NDJAR': '003', 'DEAKT': '13.02.2023', 'KTEXT3': 'г.Санкт-Петербург ул.Почтамтская 3-5', 'ZZCNDPERNR': '00028076', 'CNDPERNR_NAME': 'Дернов ИН123', 'OS_STATUS': 'Активен', 'AWKEY': '09072021/2', 'GJAHR': '2021', 'ACT-ID': 'pre09072021/2', 'SERNR': '123йцу123йу1', 'row': 1, 'deleted': ''}]}
Request cookies: {'Content-Type': 'application/json', 'User-Agent': 'PostmanRuntime/7.29.0', 'Accept': '*/*', 'Cache-Control': 'Cache-Control', 'Host': 'localmail.itexpert.ru:5058', 'Accept-Encoding': 'gzip, deflate, br', 'Connection': 'keep-alive', 'Content-Length': '69', 'BPMCSRF': 'CfDJ8KOx5pzs3vJMgjraUoy-gb5VCCT0CrVEBqbAI-XaXhNxMOE9EAqXe1awIgw5oXavADvr9fhobJiZwhZhAb5p_u9VCc8WyDR5aogC-pn3Yy1l75UrdWrz-ihtiSfJcGXNecg_AKDQnxZarEMkyVALpHeu9zlCQ5GvhLWT5J7yMukSq-T-ERsxCrmmip0lZSP2ow'}
Request headers: <RequestsCookieJar[<Cookie .ASPXAUTH=CfDJ8KOx5pzs3vJMgjraUoy-gb4rg639PzIIcr3rAl3vVE-D9RoFmfJ1lAY7UMUB41Kcxgz3M3lxicJ_laqSUWBmkkDO1ua2RqquJ3rUGCcHu_oZHkrG8RQlnLlDOfTV_fLyh-LT7B3hH-26ZdLG1rmS-gkrPJlXWZzZXyjZGAkZo9s6VGUrzFw06UuOpN2mafeyB5OulxkDzlUn-cPYEeCBIdnU65E9156hO3Q-usL0tUOx4bvqXAD5_NmY1O_6zbqv-Mnz5yxb3_roj5FOpyifMui01qlHPcWtt2qhDuz-B65f_FBqfYtmfcJ3b9u0UpwzbdoNaBhV0BczF6UVjmkubmff7O8wnZGwBeclLYDoKXjJTULHZE4KoPliL8yOFg3-spN3mcjnck79zi-l9zTfSO1fuYftT--o_GBvu5vm77xbxEUdK1uN1Qmn2B2nkY-2jM9irCHTXKDQ5m8-mYSctmRcHbV_9tf44l8nK6_uxifTWGQAnw5ZkJNBxQEWxkN0Ivu0nsQyUtHsaivSvY0uWSm5iUT1GjsvhxToNlmL11gq5G1DNjMEF6V-VGcX9EwChZuSff2MdXM7-FdV7nQrFVsqwatFux_ej2TYD0NJCBH5g2LSZmTBBc5P4DLxf1YDXfwvy4u49spUZrM0aFDTjP7UoHWByuACk56KjzRgjgeqfVA1J7MwvIa4xEOr1QvGxPbATEG4-v4b7qkCaJ3-hCQX_vK4LygDQjm2qsCKntprH90MLDCmrWDyYXAnw7Sr1NHHwko3cMSUJXLRwgcX4jz3BWHGQL9seYrwJii82abwyibxwY3UOTKkrL62fnpI2g for localmail.itexpert.ru/>, <Cookie BPMCSRF=CfDJ8KOx5pzs3vJMgjraUoy-gb5VCCT0CrVEBqbAI-XaXhNxMOE9EAqXe1awIgw5oXavADvr9fhobJiZwhZhAb5p_u9VCc8WyDR5aogC-pn3Yy1l75UrdWrz-ihtiSfJcGXNecg_AKDQnxZarEMkyVALpHeu9zlCQ5GvhLWT5J7yMukSq-T-ERsxCrmmip0lZSP2ow for localmail.itexpert.ru/>, <Cookie CsrfToken=CfDJ8KOx5pzs3vJMgjraUoy-gb4R3It5kKwaqq84PYIUS30D7jSTZiMWrM-_n2FGOFeEC_Yza0pkLZUqweLXLFGd5w9hF0K3Vn402nHhnWWKCVzS2Y-jr4TpZvH86eL-qyB29EnaiQTAfRLX03V6QWfkQZc for localmail.itexpert.ru/>]>

-------
Response code: 200
Response text: {"result":[{"TYPE":"E","MESSAGE":"МВЗ не найдено в КСУИТ","ROW":1}],"isSuccessful":true,"message":"OK","success":true,"error":null,"status":200}
Response head: {'Date': 'Fri, 14 Oct 2022 12:37:47 GMT', 'Content-Type': 'application/json; charset=utf-8', 'Server': 'Kestrel', 'Content-Length': '162', 'Cache-Control': 'no-cache', 'Pragma': 'no-cache', 'Expires': '-1', 'Set-Cookie': 'BPMSESSIONID=CfDJ8KOx5pzs3vJMgjraUoy%2Bgb7IQw9UMsUQJ1H7Q1hEETWdPaXafObm%2BGBdDttI8SEX3oYQ85H%2B2w%2BVc8FFWSB480m26okxqYQLrd0osXz3DXotCgEyqw%2B4wAOXqhPZ7Lsl0irmTNVcDUKs95ULWzI1zfl7VNrBkF%2Bs4gvYP9mx07R5; path=/; samesite=lax; httponly'}
Response cookies: <RequestsCookieJar[<Cookie BPMSESSIONID=CfDJ8KOx5pzs3vJMgjraUoy%2Bgb7IQw9UMsUQJ1H7Q1hEETWdPaXafObm%2BGBdDttI8SEX3oYQ85H%2B2w%2BVc8FFWSB480m26okxqYQLrd0osXz3DXotCgEyqw%2B4wAOXqhPZ7Lsl0irmTNVcDUKs95ULWzI1zfl7VNrBkF%2Bs4gvYP9mx07R5 for localmail.itexpert.ru/>]>

-------

------
Test: None
Time: 2022-10-14 17:37:45.251231
Request method: POST
Request URL: http://localmail.itexpert.ru:5058/ServiceModel/AuthService.svc/Login
Request data: None
Request json: {'UserName': 'Supervisor', 'UserPassword': '!Supervisor123Test!'}
Request cookies: {'Content-Type': 'application/json', 'User-Agent': 'PostmanRuntime/7.29.0', 'Accept': '*/*', 'Cache-Control': 'Cache-Control', 'Host': 'localmail.itexpert.ru:5058', 'Accept-Encoding': 'gzip, deflate, br', 'Connection': 'keep-alive', 'Content-Length': '69'}
Request headers: {}

-------
Response code: 200
Response text: {"RedirectUrl":null,"PasswordChangeUrl":null,"Exception":null,"Code":0,"Message":""}
Response head: {'Date': 'Fri, 14 Oct 2022 12:37:48 GMT', 'Content-Type': 'application/json; charset=utf-8', 'Server': 'Kestrel', 'Content-Length': '84', 'Cache-Control': 'no-cache', 'Pragma': 'no-cache', 'Expires': 'Thu, 01 Jan 1970 00:00:00 GMT', 'Set-Cookie': 'BPMSESSIONID=; expires=Thu, 01 Jan 1970 00:00:00 GMT; path=/; samesite=lax, .ASPXAUTH=CfDJ8KOx5pzs3vJMgjraUoy-gb56M3whptnDdACEkUsUhNIokBBx_akopdjbEejwMzoM1WE5pXqRVd11h-ryYHIKQ0NdiQInNSThnPpElRtD3YhowBxvTMbEzicYPf7vtv0HDm-hG8W8OVLn2SnzTm-3rCD6uK0el2b7-Tai7yadHN9sGDn3Mk29szTddhem54Oy8WneNmyAjo2Ck4q5JHk-s3JDP59uDzqUWeAlD0l3AN4JWtpWGg-G3QXBYplwdZAB5PD7UO80esKtapirOUoEmnJyUujQMuZ6rwGMhaiOgxJCGa25NwWq7_qMIvZxXijfDqtnU02EvVQbcs9y6m_h7duWXZ73VyIc8-4eiNggog5B4ZiDW1OB-PXUvIaLlpm2zKL1VdD2te5nQAFB4dOcrwNDnXdKKp6kwD9pgHFhs-0d8aelqKOwQQJWIffa2CgYPI-_qfTcAaZZn6EyCJK-tvRodiP1w4IWrTuCMsDSKeV1TYkZwZ4vaDY7tm-QfxedzAKWEDkqQYV7wECmv4u-SmO9IKHZu5QRIbvgt9aj3BQ1tc3liVr7KBeG_pw1uCN2kj9ZhdOvEKStEYCB_btYThfA6AflA8f0uudemGvVfS3PNDSrgUP-naAZf5zBulMXjTpo8lT_YHuDD7pfO6-PhwXIbYX3bk-Eh4ECvUdmIKeubzgkO38SX77sjBt5dMvoQPhlBfI3nhfBsocqwoDtwAJVgcZKGeJFe9BK1F8flS2T5xZMj-N8KwA6U1oJfNGaTphNYQNK3j-1FSCjbAKfVBe-EPbpzmr70GU7NeaxIdZX6tTLJ9XcuweDs5xJtPnR7Q; path=/; samesite=lax; httponly, CsrfToken=CfDJ8KOx5pzs3vJMgjraUoy-gb4NBijL9DS6M6N748-CdVE59Fasz-1ucxP1thUpAcp9kV9SIUfhy6HIOBPlR-5Sy78p0glmdOdrbIBmP95inXKaf4pqBgSdQC6CQoQtJwqD6fp9hPHPsBiNGqj3O-g952U; path=/; samesite=lax; httponly, BPMCSRF=CfDJ8KOx5pzs3vJMgjraUoy-gb6M-cbaDuA6KJ98e-gc1O4LH4AkIdBthf8HqcG1h20Wu1C1G8uemP4gg8FOaRTzwk2s0LJn0calVaXzEsnTR5ajz0R4i3VuQ8RTFbDE2mD3nS5MLyLomSP6JEthKzjpzAMJ0BugEwNNTcSIQRvRdV3ieFQQDi-NaB3T3MF6vnixmQ; path=/; samesite=lax', 'X-Frame-Options': 'SAMEORIGIN'}
Response cookies: <RequestsCookieJar[<Cookie .ASPXAUTH=CfDJ8KOx5pzs3vJMgjraUoy-gb56M3whptnDdACEkUsUhNIokBBx_akopdjbEejwMzoM1WE5pXqRVd11h-ryYHIKQ0NdiQInNSThnPpElRtD3YhowBxvTMbEzicYPf7vtv0HDm-hG8W8OVLn2SnzTm-3rCD6uK0el2b7-Tai7yadHN9sGDn3Mk29szTddhem54Oy8WneNmyAjo2Ck4q5JHk-s3JDP59uDzqUWeAlD0l3AN4JWtpWGg-G3QXBYplwdZAB5PD7UO80esKtapirOUoEmnJyUujQMuZ6rwGMhaiOgxJCGa25NwWq7_qMIvZxXijfDqtnU02EvVQbcs9y6m_h7duWXZ73VyIc8-4eiNggog5B4ZiDW1OB-PXUvIaLlpm2zKL1VdD2te5nQAFB4dOcrwNDnXdKKp6kwD9pgHFhs-0d8aelqKOwQQJWIffa2CgYPI-_qfTcAaZZn6EyCJK-tvRodiP1w4IWrTuCMsDSKeV1TYkZwZ4vaDY7tm-QfxedzAKWEDkqQYV7wECmv4u-SmO9IKHZu5QRIbvgt9aj3BQ1tc3liVr7KBeG_pw1uCN2kj9ZhdOvEKStEYCB_btYThfA6AflA8f0uudemGvVfS3PNDSrgUP-naAZf5zBulMXjTpo8lT_YHuDD7pfO6-PhwXIbYX3bk-Eh4ECvUdmIKeubzgkO38SX77sjBt5dMvoQPhlBfI3nhfBsocqwoDtwAJVgcZKGeJFe9BK1F8flS2T5xZMj-N8KwA6U1oJfNGaTphNYQNK3j-1FSCjbAKfVBe-EPbpzmr70GU7NeaxIdZX6tTLJ9XcuweDs5xJtPnR7Q for localmail.itexpert.ru/>, <Cookie BPMCSRF=CfDJ8KOx5pzs3vJMgjraUoy-gb6M-cbaDuA6KJ98e-gc1O4LH4AkIdBthf8HqcG1h20Wu1C1G8uemP4gg8FOaRTzwk2s0LJn0calVaXzEsnTR5ajz0R4i3VuQ8RTFbDE2mD3nS5MLyLomSP6JEthKzjpzAMJ0BugEwNNTcSIQRvRdV3ieFQQDi-NaB3T3MF6vnixmQ for localmail.itexpert.ru/>, <Cookie CsrfToken=CfDJ8KOx5pzs3vJMgjraUoy-gb4NBijL9DS6M6N748-CdVE59Fasz-1ucxP1thUpAcp9kV9SIUfhy6HIOBPlR-5Sy78p0glmdOdrbIBmP95inXKaf4pqBgSdQC6CQoQtJwqD6fp9hPHPsBiNGqj3O-g952U for localmail.itexpert.ru/>]>

-------

------
Test: None
Time: 2022-10-14 17:37:45.526734
Request method: POST
Request URL: http://localmail.itexpert.ru:5058/rest/SapErpIntegrationService/v1/UpdateOSDirectory
Request data: None
Request json: {'currentPage': 1, 'pageCount': 1, 'delta': 'F', 'item': [{'ANLN1': '240000240179', 'TXT50': 'Аппарат телефонный Cisco/CP-7945G=13', 'INVNR': '12121313', 'AKTIV': '29.03.2016', 'KOSTL': '1006103050', 'WERKS': '1002', 'STORT': '43', 'ANSW_END': '20000.00', 'RBW_END': '10000', 'MENGE': '2', 'POSNR': '1100648.80016-YO04-00011', 'GLO_RUS_OKOF16': '330.28.12', 'GLO_RUS_DEPGRN': '03', 'NDJAR': '003', 'DEAKT': '13.02.2023', 'KTEXT3': 'г.Санкт-Петербург ул.Почтамтская 3-5', 'ZZCNDPERNR': '00028076', 'CNDPERNR_NAME': 'Дернов ИН123', 'OS_STATUS': 'Активен', 'AWKEY': '09072021/2', 'GJAHR': '2021', 'ACT-ID': 'pre09072021/2', 'SERNR': '123йцу123йу1', 'row': 1, 'deleted': ''}]}
Request cookies: {'Content-Type': 'application/json', 'User-Agent': 'PostmanRuntime/7.29.0', 'Accept': '*/*', 'Cache-Control': 'Cache-Control', 'Host': 'localmail.itexpert.ru:5058', 'Accept-Encoding': 'gzip, deflate, br', 'Connection': 'keep-alive', 'Content-Length': '69', 'BPMCSRF': 'CfDJ8KOx5pzs3vJMgjraUoy-gb6M-cbaDuA6KJ98e-gc1O4LH4AkIdBthf8HqcG1h20Wu1C1G8uemP4gg8FOaRTzwk2s0LJn0calVaXzEsnTR5ajz0R4i3VuQ8RTFbDE2mD3nS5MLyLomSP6JEthKzjpzAMJ0BugEwNNTcSIQRvRdV3ieFQQDi-NaB3T3MF6vnixmQ'}
Request headers: <RequestsCookieJar[<Cookie .ASPXAUTH=CfDJ8KOx5pzs3vJMgjraUoy-gb56M3whptnDdACEkUsUhNIokBBx_akopdjbEejwMzoM1WE5pXqRVd11h-ryYHIKQ0NdiQInNSThnPpElRtD3YhowBxvTMbEzicYPf7vtv0HDm-hG8W8OVLn2SnzTm-3rCD6uK0el2b7-Tai7yadHN9sGDn3Mk29szTddhem54Oy8WneNmyAjo2Ck4q5JHk-s3JDP59uDzqUWeAlD0l3AN4JWtpWGg-G3QXBYplwdZAB5PD7UO80esKtapirOUoEmnJyUujQMuZ6rwGMhaiOgxJCGa25NwWq7_qMIvZxXijfDqtnU02EvVQbcs9y6m_h7duWXZ73VyIc8-4eiNggog5B4ZiDW1OB-PXUvIaLlpm2zKL1VdD2te5nQAFB4dOcrwNDnXdKKp6kwD9pgHFhs-0d8aelqKOwQQJWIffa2CgYPI-_qfTcAaZZn6EyCJK-tvRodiP1w4IWrTuCMsDSKeV1TYkZwZ4vaDY7tm-QfxedzAKWEDkqQYV7wECmv4u-SmO9IKHZu5QRIbvgt9aj3BQ1tc3liVr7KBeG_pw1uCN2kj9ZhdOvEKStEYCB_btYThfA6AflA8f0uudemGvVfS3PNDSrgUP-naAZf5zBulMXjTpo8lT_YHuDD7pfO6-PhwXIbYX3bk-Eh4ECvUdmIKeubzgkO38SX77sjBt5dMvoQPhlBfI3nhfBsocqwoDtwAJVgcZKGeJFe9BK1F8flS2T5xZMj-N8KwA6U1oJfNGaTphNYQNK3j-1FSCjbAKfVBe-EPbpzmr70GU7NeaxIdZX6tTLJ9XcuweDs5xJtPnR7Q for localmail.itexpert.ru/>, <Cookie BPMCSRF=CfDJ8KOx5pzs3vJMgjraUoy-gb6M-cbaDuA6KJ98e-gc1O4LH4AkIdBthf8HqcG1h20Wu1C1G8uemP4gg8FOaRTzwk2s0LJn0calVaXzEsnTR5ajz0R4i3VuQ8RTFbDE2mD3nS5MLyLomSP6JEthKzjpzAMJ0BugEwNNTcSIQRvRdV3ieFQQDi-NaB3T3MF6vnixmQ for localmail.itexpert.ru/>, <Cookie CsrfToken=CfDJ8KOx5pzs3vJMgjraUoy-gb4NBijL9DS6M6N748-CdVE59Fasz-1ucxP1thUpAcp9kV9SIUfhy6HIOBPlR-5Sy78p0glmdOdrbIBmP95inXKaf4pqBgSdQC6CQoQtJwqD6fp9hPHPsBiNGqj3O-g952U for localmail.itexpert.ru/>]>

-------
Response code: 200
Response text: {"result":[{"TYPE":"E","MESSAGE":"СПП-элемент не найден в КСУИТ","ROW":1}],"isSuccessful":true,"message":"OK","success":true,"error":null,"status":200}
Response head: {'Date': 'Fri, 14 Oct 2022 12:37:49 GMT', 'Content-Type': 'application/json; charset=utf-8', 'Server': 'Kestrel', 'Content-Length': '175', 'Cache-Control': 'no-cache', 'Pragma': 'no-cache', 'Expires': '-1', 'Set-Cookie': 'BPMSESSIONID=CfDJ8KOx5pzs3vJMgjraUoy%2Bgb4btEbhqOdL%2FbLRajWRBmmkl3U8cUDbqIEi0RTWqPIpqa8IOB4hKTehfNApR0uktKbbJvaQoNOPqHetF%2BZfqH%2Fo9HM9xtH%2BYHWiz7LvbxgEA8TxnuA4u2H0c4CDfD8Qj5b5PEEv51Zb2VMsEG5oocSW; path=/; samesite=lax; httponly'}
Response cookies: <RequestsCookieJar[<Cookie BPMSESSIONID=CfDJ8KOx5pzs3vJMgjraUoy%2Bgb4btEbhqOdL%2FbLRajWRBmmkl3U8cUDbqIEi0RTWqPIpqa8IOB4hKTehfNApR0uktKbbJvaQoNOPqHetF%2BZfqH%2Fo9HM9xtH%2BYHWiz7LvbxgEA8TxnuA4u2H0c4CDfD8Qj5b5PEEv51Zb2VMsEG5oocSW for localmail.itexpert.ru/>]>

-------

------
Test: None
Time: 2022-10-14 17:37:46.397115
Request method: POST
Request URL: http://localmail.itexpert.ru:5058/ServiceModel/AuthService.svc/Login
Request data: None
Request json: {'UserName': 'Supervisor', 'UserPassword': '!Supervisor123Test!'}
Request cookies: {'Content-Type': 'application/json', 'User-Agent': 'PostmanRuntime/7.29.0', 'Accept': '*/*', 'Cache-Control': 'Cache-Control', 'Host': 'localmail.itexpert.ru:5058', 'Accept-Encoding': 'gzip, deflate, br', 'Connection': 'keep-alive', 'Content-Length': '69'}
Request headers: {}

-------
Response code: 200
Response text: {"RedirectUrl":null,"PasswordChangeUrl":null,"Exception":null,"Code":0,"Message":""}
Response head: {'Date': 'Fri, 14 Oct 2022 12:37:49 GMT', 'Content-Type': 'application/json; charset=utf-8', 'Server': 'Kestrel', 'Content-Length': '84', 'Cache-Control': 'no-cache', 'Pragma': 'no-cache', 'Expires': 'Thu, 01 Jan 1970 00:00:00 GMT', 'Set-Cookie': 'BPMSESSIONID=; expires=Thu, 01 Jan 1970 00:00:00 GMT; path=/; samesite=lax, .ASPXAUTH=CfDJ8KOx5pzs3vJMgjraUoy-gb6zcy7Gf1iOm6YhzDgTEGc-QKy_LYGw5MMV42F-l0wCip12QbVHZF4FJf5DMLLy1PAGIF3xbS8KllbIgLptkB_IhbAkpUkl4Ri7Zk_9r35FtirNcCDmt0MHc_dk4hAcBmEqGmDk-eobrY1VDHfhx1fG0yNCJMeVu1HkxmMOAQtfXFUcxLowY2hYUmaX6uyiUB2i3vWBXtJgVbQO8R9SQAkwsLxwOsF6Fha2KSMTT18BJ3FIfofGWCdds3vZ8BpnkyFLk6FLnne2QyTFB_qFp5d9Dhu4ROTcnFKFJIngP7a6XLGu0E2KWpdzcah5fIGVQK9yoGa9ScYPYrFWAoHTkuM4zOW3qi59sXl3Xh2z8T3s3F0qewmikoGQm5AcyR7A3mSyyODhal0mqjQyZ7Z6YfK_uxz9tiaX2CKx2rZj9-gkyRt6iggolSTEU3w_Gx4pa_0nUB82_TWp7e1FvORQIzEE-r6Y-pqfj1JwFYGvMe7qIgeAU4eb-dbvcNQNJ8RiPcHrv1nU9MEkMrboVXbvkKtrGx8WkFyuPeUKSS2qlaqKSvtJud8sCx7MkCyFwmpBv2480Gn8QyOg-Rb5A3S-XJ-DsRfdTQWe1Xb7VlY6EJdtnwisTA7jmZm-uOxpIfrqabgY7L5KcbNTuwwOA8dUpAhKQhn0lGgTOFxT7-uwjfeMRHaHd0jV25o8rQ9bWXe9dV9fSzsRGrXOvQoRXikQX5ZDYubVxrMgZUY8Ya8aoLZhTN-AVGpaglmm2R9oxJGQPYPXiKhPvlXS55hQBNQ5FRmMqtSGp1FptRGCiznXWa8bXQ; path=/; samesite=lax; httponly, CsrfToken=CfDJ8KOx5pzs3vJMgjraUoy-gb7nkT2xO1wex-wfsd8d5HFmEiwDJXDJP8LUf6w7l1p_ylCQFVNfpnWbNyLKkbp0vzYzUFYyJPHQ0nu7DaGwc3C2RUf60k7PcwItnm6IOryczB6o_G2WG5rBbf5LQGqnLVY; path=/; samesite=lax; httponly, BPMCSRF=CfDJ8KOx5pzs3vJMgjraUoy-gb5d68gfzBuqBtyABbrXPOHN3F8TO2p7bWFDk6YF7hNtLi0P7eD5v4Axu5-tvuSAQAR2mKzfQ7LMoxtKcv6ir0iOP7_K42I9RojO1S4ZKKUZ1H-HcNUAMSvREmE5-5DHNBUZzvfgZ4EyyH_csrLrhq1JYCKswgg6WscRFtfGRSnj5Q; path=/; samesite=lax', 'X-Frame-Options': 'SAMEORIGIN'}
Response cookies: <RequestsCookieJar[<Cookie .ASPXAUTH=CfDJ8KOx5pzs3vJMgjraUoy-gb6zcy7Gf1iOm6YhzDgTEGc-QKy_LYGw5MMV42F-l0wCip12QbVHZF4FJf5DMLLy1PAGIF3xbS8KllbIgLptkB_IhbAkpUkl4Ri7Zk_9r35FtirNcCDmt0MHc_dk4hAcBmEqGmDk-eobrY1VDHfhx1fG0yNCJMeVu1HkxmMOAQtfXFUcxLowY2hYUmaX6uyiUB2i3vWBXtJgVbQO8R9SQAkwsLxwOsF6Fha2KSMTT18BJ3FIfofGWCdds3vZ8BpnkyFLk6FLnne2QyTFB_qFp5d9Dhu4ROTcnFKFJIngP7a6XLGu0E2KWpdzcah5fIGVQK9yoGa9ScYPYrFWAoHTkuM4zOW3qi59sXl3Xh2z8T3s3F0qewmikoGQm5AcyR7A3mSyyODhal0mqjQyZ7Z6YfK_uxz9tiaX2CKx2rZj9-gkyRt6iggolSTEU3w_Gx4pa_0nUB82_TWp7e1FvORQIzEE-r6Y-pqfj1JwFYGvMe7qIgeAU4eb-dbvcNQNJ8RiPcHrv1nU9MEkMrboVXbvkKtrGx8WkFyuPeUKSS2qlaqKSvtJud8sCx7MkCyFwmpBv2480Gn8QyOg-Rb5A3S-XJ-DsRfdTQWe1Xb7VlY6EJdtnwisTA7jmZm-uOxpIfrqabgY7L5KcbNTuwwOA8dUpAhKQhn0lGgTOFxT7-uwjfeMRHaHd0jV25o8rQ9bWXe9dV9fSzsRGrXOvQoRXikQX5ZDYubVxrMgZUY8Ya8aoLZhTN-AVGpaglmm2R9oxJGQPYPXiKhPvlXS55hQBNQ5FRmMqtSGp1FptRGCiznXWa8bXQ for localmail.itexpert.ru/>, <Cookie BPMCSRF=CfDJ8KOx5pzs3vJMgjraUoy-gb5d68gfzBuqBtyABbrXPOHN3F8TO2p7bWFDk6YF7hNtLi0P7eD5v4Axu5-tvuSAQAR2mKzfQ7LMoxtKcv6ir0iOP7_K42I9RojO1S4ZKKUZ1H-HcNUAMSvREmE5-5DHNBUZzvfgZ4EyyH_csrLrhq1JYCKswgg6WscRFtfGRSnj5Q for localmail.itexpert.ru/>, <Cookie CsrfToken=CfDJ8KOx5pzs3vJMgjraUoy-gb7nkT2xO1wex-wfsd8d5HFmEiwDJXDJP8LUf6w7l1p_ylCQFVNfpnWbNyLKkbp0vzYzUFYyJPHQ0nu7DaGwc3C2RUf60k7PcwItnm6IOryczB6o_G2WG5rBbf5LQGqnLVY for localmail.itexpert.ru/>]>

-------

------
Test: None
Time: 2022-10-14 17:37:46.668998
Request method: POST
Request URL: http://localmail.itexpert.ru:5058/rest/SapErpIntegrationService/v1/UpdateOSDirectory
Request data: None
Request json: {'currentPage': 1, 'pageCount': 1, 'delta': 'F', 'item': [{'ANLN1': '240000240179', 'TXT50': 'Аппарат телефонный Cisco/CP-7945G=13', 'INVNR': '12121313', 'AKTIV': '29.03.2016', 'KOSTL': '1006103050', 'WERKS': '1002', 'STORT': '43', 'ANSW_END': '20000.00', 'RBW_END': '10000', 'MENGE': '2', 'POSNR': '1100648.80016-YO04-00013', 'GLO_RUS_OKOF16': '330.28.12', 'GLO_RUS_DEPGRN': '03', 'NDJAR': '003', 'DEAKT': '13.02.2023', 'KTEXT3': 'г.Санкт-Петербург ул.Почтамтская 3-5', 'ZZCNDPERNR': '00028076', 'CNDPERNR_NAME': 'Дернов ИН123', 'OS_STATUS': 'Активе', 'AWKEY': '09072021/2', 'GJAHR': '2021', 'ACT-ID': 'pre09072021/2', 'SERNR': '123йцу123йу1', 'row': 1, 'deleted': ''}]}
Request cookies: {'Content-Type': 'application/json', 'User-Agent': 'PostmanRuntime/7.29.0', 'Accept': '*/*', 'Cache-Control': 'Cache-Control', 'Host': 'localmail.itexpert.ru:5058', 'Accept-Encoding': 'gzip, deflate, br', 'Connection': 'keep-alive', 'Content-Length': '69', 'BPMCSRF': 'CfDJ8KOx5pzs3vJMgjraUoy-gb5d68gfzBuqBtyABbrXPOHN3F8TO2p7bWFDk6YF7hNtLi0P7eD5v4Axu5-tvuSAQAR2mKzfQ7LMoxtKcv6ir0iOP7_K42I9RojO1S4ZKKUZ1H-HcNUAMSvREmE5-5DHNBUZzvfgZ4EyyH_csrLrhq1JYCKswgg6WscRFtfGRSnj5Q'}
Request headers: <RequestsCookieJar[<Cookie .ASPXAUTH=CfDJ8KOx5pzs3vJMgjraUoy-gb6zcy7Gf1iOm6YhzDgTEGc-QKy_LYGw5MMV42F-l0wCip12QbVHZF4FJf5DMLLy1PAGIF3xbS8KllbIgLptkB_IhbAkpUkl4Ri7Zk_9r35FtirNcCDmt0MHc_dk4hAcBmEqGmDk-eobrY1VDHfhx1fG0yNCJMeVu1HkxmMOAQtfXFUcxLowY2hYUmaX6uyiUB2i3vWBXtJgVbQO8R9SQAkwsLxwOsF6Fha2KSMTT18BJ3FIfofGWCdds3vZ8BpnkyFLk6FLnne2QyTFB_qFp5d9Dhu4ROTcnFKFJIngP7a6XLGu0E2KWpdzcah5fIGVQK9yoGa9ScYPYrFWAoHTkuM4zOW3qi59sXl3Xh2z8T3s3F0qewmikoGQm5AcyR7A3mSyyODhal0mqjQyZ7Z6YfK_uxz9tiaX2CKx2rZj9-gkyRt6iggolSTEU3w_Gx4pa_0nUB82_TWp7e1FvORQIzEE-r6Y-pqfj1JwFYGvMe7qIgeAU4eb-dbvcNQNJ8RiPcHrv1nU9MEkMrboVXbvkKtrGx8WkFyuPeUKSS2qlaqKSvtJud8sCx7MkCyFwmpBv2480Gn8QyOg-Rb5A3S-XJ-DsRfdTQWe1Xb7VlY6EJdtnwisTA7jmZm-uOxpIfrqabgY7L5KcbNTuwwOA8dUpAhKQhn0lGgTOFxT7-uwjfeMRHaHd0jV25o8rQ9bWXe9dV9fSzsRGrXOvQoRXikQX5ZDYubVxrMgZUY8Ya8aoLZhTN-AVGpaglmm2R9oxJGQPYPXiKhPvlXS55hQBNQ5FRmMqtSGp1FptRGCiznXWa8bXQ for localmail.itexpert.ru/>, <Cookie BPMCSRF=CfDJ8KOx5pzs3vJMgjraUoy-gb5d68gfzBuqBtyABbrXPOHN3F8TO2p7bWFDk6YF7hNtLi0P7eD5v4Axu5-tvuSAQAR2mKzfQ7LMoxtKcv6ir0iOP7_K42I9RojO1S4ZKKUZ1H-HcNUAMSvREmE5-5DHNBUZzvfgZ4EyyH_csrLrhq1JYCKswgg6WscRFtfGRSnj5Q for localmail.itexpert.ru/>, <Cookie CsrfToken=CfDJ8KOx5pzs3vJMgjraUoy-gb7nkT2xO1wex-wfsd8d5HFmEiwDJXDJP8LUf6w7l1p_ylCQFVNfpnWbNyLKkbp0vzYzUFYyJPHQ0nu7DaGwc3C2RUf60k7PcwItnm6IOryczB6o_G2WG5rBbf5LQGqnLVY for localmail.itexpert.ru/>]>

-------
Response code: 200
Response text: {"result":[{"TYPE":"E","MESSAGE":"Статус не найден в КСУИТ","ROW":1}],"isSuccessful":true,"message":"OK","success":true,"error":null,"status":200}
Response head: {'Date': 'Fri, 14 Oct 2022 12:37:50 GMT', 'Content-Type': 'application/json; charset=utf-8', 'Server': 'Kestrel', 'Content-Length': '166', 'Cache-Control': 'no-cache', 'Pragma': 'no-cache', 'Expires': '-1', 'Set-Cookie': 'BPMSESSIONID=CfDJ8KOx5pzs3vJMgjraUoy%2Bgb7og9zfKsnsWl1oUpUv5Da8jbfkCdHXvhDDa%2B%2FPqUA2kfPQkYfnq6bnlaCRAKTCDjTRXVSOwqo5PZBzPwLaPnxvUlVuuI2cfZ2W5y5d5cxVkD3tBuNjTFVGANqQEnKKNs%2BpdRW026acnWv%2FKKTqm%2Fbz; path=/; samesite=lax; httponly'}
Response cookies: <RequestsCookieJar[<Cookie BPMSESSIONID=CfDJ8KOx5pzs3vJMgjraUoy%2Bgb7og9zfKsnsWl1oUpUv5Da8jbfkCdHXvhDDa%2B%2FPqUA2kfPQkYfnq6bnlaCRAKTCDjTRXVSOwqo5PZBzPwLaPnxvUlVuuI2cfZ2W5y5d5cxVkD3tBuNjTFVGANqQEnKKNs%2BpdRW026acnWv%2FKKTqm%2Fbz for localmail.itexpert.ru/>]>

-------

------
Test: None
Time: 2022-10-14 17:37:47.466978
Request method: POST
Request URL: http://localmail.itexpert.ru:5058/ServiceModel/AuthService.svc/Login
Request data: None
Request json: {'UserName': 'Supervisor', 'UserPassword': '!Supervisor123Test!'}
Request cookies: {'Content-Type': 'application/json', 'User-Agent': 'PostmanRuntime/7.29.0', 'Accept': '*/*', 'Cache-Control': 'Cache-Control', 'Host': 'localmail.itexpert.ru:5058', 'Accept-Encoding': 'gzip, deflate, br', 'Connection': 'keep-alive', 'Content-Length': '69'}
Request headers: {}

-------
Response code: 200
Response text: {"RedirectUrl":null,"PasswordChangeUrl":null,"Exception":null,"Code":0,"Message":""}
Response head: {'Date': 'Fri, 14 Oct 2022 12:37:50 GMT', 'Content-Type': 'application/json; charset=utf-8', 'Server': 'Kestrel', 'Content-Length': '84', 'Cache-Control': 'no-cache', 'Pragma': 'no-cache', 'Expires': 'Thu, 01 Jan 1970 00:00:00 GMT', 'Set-Cookie': 'BPMSESSIONID=; expires=Thu, 01 Jan 1970 00:00:00 GMT; path=/; samesite=lax, .ASPXAUTH=CfDJ8KOx5pzs3vJMgjraUoy-gb6zy0YCvo1elNHkNVm_rLYKLQQwRuYprNG-Dq3xVFoD2OYwhz04MPaazwlPyCDOrNlj0J5iY00zm2cVjVjX62UbPhdeLwhYnQTtebHA0goL2h133xdI77a6g3caIaM1xYbQbIv_9lTtEfbvmHYhe5222KiX7YChu1o6_L4t4_p_OHgyhawJfwVVG-jW_WPOtEUJnbIL_UTB3BxN91TspDfulp2mnAd5iCE5y-2Cs0Fkl1WKklhLvxSlTs5squ9ZzLckevX8PoxcN4_zxULriCaIzSzHBfnr3U7O6R_q2k9YphuBy5brZGw_wRbFs7Dr1l2hPYH0qk7auL1i_yV2JgRwQcwq0P4WeSmsTEW--UopDZtoxdHue1B_skEwQwVAAS2Pn7jhTwRqPxmnRCa2iI3qw-LodgwQEuGkQDtI8dEYuZ-O9YRTOD-beK_o98PjVoY56QZZvck-TsavQUTNKuI7fhWd7A0nztSUWFMGHy7Z-5MhsDpc3S9tahW4u1esS2dYbuVgMRzkoVr-AH1a8bAqeFR84GVljcQTvom2QAxIfHo2xXuo-Rw1oV1BVRKMm1Bw91H2tk3GVFTeQJ6YpChfseAeEa6oe2JFgO_M0EZk6cq5o672aMw84BpeY1LoeizUDfi2E1knLdZmBmbYaYFX_hC5dzGBQ8zb-wFb4DAyVJaNnyfBkBPNPmWorYDcZb1TjctyRneSHq8f0hB7mYX4u2SpbKqfOPPHAJEQu7EkZ6McfDcyNxQR9mNAjILQNEoP6YFQsIseEFLqp0eiLRE0Mnu_9H08eQCgmd6JlvGAYg; path=/; samesite=lax; httponly, CsrfToken=CfDJ8KOx5pzs3vJMgjraUoy-gb5Z68qH6MLT8F_p83iQPmxc9swzYtPYQh4bPjPY9xzBDuwT2MgXeRO1UKnOIr-FZOTFA8-5zr-GdSq7l1C5eJ3_arLZh4Jix3yw2xblRwmiXP-q9V2zYWHscPjHT-w9xIE; path=/; samesite=lax; httponly, BPMCSRF=CfDJ8KOx5pzs3vJMgjraUoy-gb4C6kJgLdQEcCS2mnjERcYzksZTqDotwV7Y0qAJ0VkyyHVVZDbyua9Ap81mK2XnfOecQGxtjGjLkE_eG0bx5D1TMDcWJxLY7yctzqUI8qXjnSyp6G4gIHR1NzZkkexAzE8tW1n_0-HAslsUnULU5G93xkejA_if17JAMgEeh5JAmA; path=/; samesite=lax', 'X-Frame-Options': 'SAMEORIGIN'}
Response cookies: <RequestsCookieJar[<Cookie .ASPXAUTH=CfDJ8KOx5pzs3vJMgjraUoy-gb6zy0YCvo1elNHkNVm_rLYKLQQwRuYprNG-Dq3xVFoD2OYwhz04MPaazwlPyCDOrNlj0J5iY00zm2cVjVjX62UbPhdeLwhYnQTtebHA0goL2h133xdI77a6g3caIaM1xYbQbIv_9lTtEfbvmHYhe5222KiX7YChu1o6_L4t4_p_OHgyhawJfwVVG-jW_WPOtEUJnbIL_UTB3BxN91TspDfulp2mnAd5iCE5y-2Cs0Fkl1WKklhLvxSlTs5squ9ZzLckevX8PoxcN4_zxULriCaIzSzHBfnr3U7O6R_q2k9YphuBy5brZGw_wRbFs7Dr1l2hPYH0qk7auL1i_yV2JgRwQcwq0P4WeSmsTEW--UopDZtoxdHue1B_skEwQwVAAS2Pn7jhTwRqPxmnRCa2iI3qw-LodgwQEuGkQDtI8dEYuZ-O9YRTOD-beK_o98PjVoY56QZZvck-TsavQUTNKuI7fhWd7A0nztSUWFMGHy7Z-5MhsDpc3S9tahW4u1esS2dYbuVgMRzkoVr-AH1a8bAqeFR84GVljcQTvom2QAxIfHo2xXuo-Rw1oV1BVRKMm1Bw91H2tk3GVFTeQJ6YpChfseAeEa6oe2JFgO_M0EZk6cq5o672aMw84BpeY1LoeizUDfi2E1knLdZmBmbYaYFX_hC5dzGBQ8zb-wFb4DAyVJaNnyfBkBPNPmWorYDcZb1TjctyRneSHq8f0hB7mYX4u2SpbKqfOPPHAJEQu7EkZ6McfDcyNxQR9mNAjILQNEoP6YFQsIseEFLqp0eiLRE0Mnu_9H08eQCgmd6JlvGAYg for localmail.itexpert.ru/>, <Cookie BPMCSRF=CfDJ8KOx5pzs3vJMgjraUoy-gb4C6kJgLdQEcCS2mnjERcYzksZTqDotwV7Y0qAJ0VkyyHVVZDbyua9Ap81mK2XnfOecQGxtjGjLkE_eG0bx5D1TMDcWJxLY7yctzqUI8qXjnSyp6G4gIHR1NzZkkexAzE8tW1n_0-HAslsUnULU5G93xkejA_if17JAMgEeh5JAmA for localmail.itexpert.ru/>, <Cookie CsrfToken=CfDJ8KOx5pzs3vJMgjraUoy-gb5Z68qH6MLT8F_p83iQPmxc9swzYtPYQh4bPjPY9xzBDuwT2MgXeRO1UKnOIr-FZOTFA8-5zr-GdSq7l1C5eJ3_arLZh4Jix3yw2xblRwmiXP-q9V2zYWHscPjHT-w9xIE for localmail.itexpert.ru/>]>

-------

------
Test: None
Time: 2022-10-14 17:37:47.739440
Request method: POST
Request URL: http://localmail.itexpert.ru:5058/rest/SapErpIntegrationService/v1/UpdateOSDirectory
Request data: None
Request json: {'currentPage': 2, 'pageCount': 1, 'delta': 'F', 'item': [{'ANLN1': '240000240179', 'TXT50': 'Аппарат телефонный Cisco/CP-7945G=13', 'INVNR': '12121313', 'AKTIV': '29.03.2016', 'KOSTL': '1006103050', 'WERKS': '1002', 'STORT': '43', 'ANSW_END': '20000.00', 'RBW_END': '10000', 'MENGE': '2', 'POSNR': '1100648.80016-YO04-00013', 'GLO_RUS_OKOF16': '330.28.12', 'GLO_RUS_DEPGRN': '03', 'NDJAR': '003', 'DEAKT': '13.02.2023', 'KTEXT3': 'г.Санкт-Петербург ул.Почтамтская 3-5', 'ZZCNDPERNR': '00028076', 'CNDPERNR_NAME': 'Дернов ИН123', 'OS_STATUS': 'Активен', 'AWKEY': '09072021/2', 'GJAHR': '2021', 'ACT-ID': 'pre09072021/2', 'SERNR': '123йцу123йу1', 'row': 1, 'deleted': ''}]}
Request cookies: {'Content-Type': 'application/json', 'User-Agent': 'PostmanRuntime/7.29.0', 'Accept': '*/*', 'Cache-Control': 'Cache-Control', 'Host': 'localmail.itexpert.ru:5058', 'Accept-Encoding': 'gzip, deflate, br', 'Connection': 'keep-alive', 'Content-Length': '69', 'BPMCSRF': 'CfDJ8KOx5pzs3vJMgjraUoy-gb4C6kJgLdQEcCS2mnjERcYzksZTqDotwV7Y0qAJ0VkyyHVVZDbyua9Ap81mK2XnfOecQGxtjGjLkE_eG0bx5D1TMDcWJxLY7yctzqUI8qXjnSyp6G4gIHR1NzZkkexAzE8tW1n_0-HAslsUnULU5G93xkejA_if17JAMgEeh5JAmA'}
Request headers: <RequestsCookieJar[<Cookie .ASPXAUTH=CfDJ8KOx5pzs3vJMgjraUoy-gb6zy0YCvo1elNHkNVm_rLYKLQQwRuYprNG-Dq3xVFoD2OYwhz04MPaazwlPyCDOrNlj0J5iY00zm2cVjVjX62UbPhdeLwhYnQTtebHA0goL2h133xdI77a6g3caIaM1xYbQbIv_9lTtEfbvmHYhe5222KiX7YChu1o6_L4t4_p_OHgyhawJfwVVG-jW_WPOtEUJnbIL_UTB3BxN91TspDfulp2mnAd5iCE5y-2Cs0Fkl1WKklhLvxSlTs5squ9ZzLckevX8PoxcN4_zxULriCaIzSzHBfnr3U7O6R_q2k9YphuBy5brZGw_wRbFs7Dr1l2hPYH0qk7auL1i_yV2JgRwQcwq0P4WeSmsTEW--UopDZtoxdHue1B_skEwQwVAAS2Pn7jhTwRqPxmnRCa2iI3qw-LodgwQEuGkQDtI8dEYuZ-O9YRTOD-beK_o98PjVoY56QZZvck-TsavQUTNKuI7fhWd7A0nztSUWFMGHy7Z-5MhsDpc3S9tahW4u1esS2dYbuVgMRzkoVr-AH1a8bAqeFR84GVljcQTvom2QAxIfHo2xXuo-Rw1oV1BVRKMm1Bw91H2tk3GVFTeQJ6YpChfseAeEa6oe2JFgO_M0EZk6cq5o672aMw84BpeY1LoeizUDfi2E1knLdZmBmbYaYFX_hC5dzGBQ8zb-wFb4DAyVJaNnyfBkBPNPmWorYDcZb1TjctyRneSHq8f0hB7mYX4u2SpbKqfOPPHAJEQu7EkZ6McfDcyNxQR9mNAjILQNEoP6YFQsIseEFLqp0eiLRE0Mnu_9H08eQCgmd6JlvGAYg for localmail.itexpert.ru/>, <Cookie BPMCSRF=CfDJ8KOx5pzs3vJMgjraUoy-gb4C6kJgLdQEcCS2mnjERcYzksZTqDotwV7Y0qAJ0VkyyHVVZDbyua9Ap81mK2XnfOecQGxtjGjLkE_eG0bx5D1TMDcWJxLY7yctzqUI8qXjnSyp6G4gIHR1NzZkkexAzE8tW1n_0-HAslsUnULU5G93xkejA_if17JAMgEeh5JAmA for localmail.itexpert.ru/>, <Cookie CsrfToken=CfDJ8KOx5pzs3vJMgjraUoy-gb5Z68qH6MLT8F_p83iQPmxc9swzYtPYQh4bPjPY9xzBDuwT2MgXeRO1UKnOIr-FZOTFA8-5zr-GdSq7l1C5eJ3_arLZh4Jix3yw2xblRwmiXP-q9V2zYWHscPjHT-w9xIE for localmail.itexpert.ru/>]>

-------
Response code: 200
Response text: {"result":null,"isSuccessful":false,"message":null,"success":false,"error":"Номер страницы превышает количество страниц","status":400}
Response head: {'Date': 'Fri, 14 Oct 2022 12:37:50 GMT', 'Content-Type': 'application/json; charset=utf-8', 'Server': 'Kestrel', 'Content-Length': '173', 'Cache-Control': 'no-cache', 'Pragma': 'no-cache', 'Expires': '-1', 'Set-Cookie': 'BPMSESSIONID=CfDJ8KOx5pzs3vJMgjraUoy%2Bgb5tEd3cFbNHfOuF1HVXXzGsabK5EtF9Barewfyz077mqRpxvDeDWQyKiSXFEirpMLBCRF0t88Z7jeMTtZsB5g8qBTMwVD1RfiuUH8q6AXfs%2Fh1cBfkpG0H9Wktwo0C%2BCyzDtQwWnmnqRHPxuS0sJMbc; path=/; samesite=lax; httponly'}
Response cookies: <RequestsCookieJar[<Cookie BPMSESSIONID=CfDJ8KOx5pzs3vJMgjraUoy%2Bgb5tEd3cFbNHfOuF1HVXXzGsabK5EtF9Barewfyz077mqRpxvDeDWQyKiSXFEirpMLBCRF0t88Z7jeMTtZsB5g8qBTMwVD1RfiuUH8q6AXfs%2Fh1cBfkpG0H9Wktwo0C%2BCyzDtQwWnmnqRHPxuS0sJMbc for localmail.itexpert.ru/>]>

-------

------
Test: None
Time: 2022-10-14 17:37:48.002944
Request method: POST
Request URL: http://localmail.itexpert.ru:5058/ServiceModel/AuthService.svc/Login
Request data: None
Request json: {'UserName': 'Supervisor', 'UserPassword': '!Supervisor123Test!'}
Request cookies: {'Content-Type': 'application/json', 'User-Agent': 'PostmanRuntime/7.29.0', 'Accept': '*/*', 'Cache-Control': 'Cache-Control', 'Host': 'localmail.itexpert.ru:5058', 'Accept-Encoding': 'gzip, deflate, br', 'Connection': 'keep-alive', 'Content-Length': '69'}
Request headers: {}

-------
Response code: 200
Response text: {"RedirectUrl":null,"PasswordChangeUrl":null,"Exception":null,"Code":0,"Message":""}
Response head: {'Date': 'Fri, 14 Oct 2022 12:37:50 GMT', 'Content-Type': 'application/json; charset=utf-8', 'Server': 'Kestrel', 'Content-Length': '84', 'Cache-Control': 'no-cache', 'Pragma': 'no-cache', 'Expires': 'Thu, 01 Jan 1970 00:00:00 GMT', 'Set-Cookie': 'BPMSESSIONID=; expires=Thu, 01 Jan 1970 00:00:00 GMT; path=/; samesite=lax, .ASPXAUTH=CfDJ8KOx5pzs3vJMgjraUoy-gb6lil_9zc96O1iRBrtqJgHjOri0eV2-QvLMgtANSRxazcWF_QqUZFH6IK_L01bA_Cdu76MSyH012mp8AEgqtupLYvubkW6D-3SzZ4vLqSt0cA5svPy3Wq4v4YKWeBah21x2D8ifjAzr4qPXi26YWxUkYY9UOaXfu3CENbXb2JKlWO6e7EVavAPWGATp3vKN_rDce6fMtA0Loh2FqPJNVFbwtSJk5KfeXIuz_bhYUTYRMJmL4O8gUs9UaUhjQo1lxuyZtf39xyrwW3mVZngE1Czle-kMqvNrCFVVTRUkyOXLxEgT85bp5MCR7J_mXV__7-Qz_IWUlI0d_CmBoI-O3ldGHufSj01WPWir3Ba2Fy1znLD62_GR7xRFZ4ZlIVg5pgR3hp_VX2F1els7IsrWuZiBjsGAVNVfdMZIfBYuyd5MtmBcb0mLknFdeNV5Ra64cFRfm1de0J-hmZxiBJy4Ar0eb9lceD6J8A54JNpKItZjrRIKh_m-cQDov_xP7MgmEcpHRJjORDXFNzY9DrUegphZm-WllpnVXWgofXito0qQqxY7Oxsln6I0Ka7tv2VEToy-SkX5l3x8m6-xamsLCgdAkGQFDKkPGDw0bElNa8fKGaZjQ_99m8Bzh1DX8edurUfDl0btCChNcaIuUbudm5asVL1xEQvHMW_U4AF57vGkNHy598lrKgRzW16Mv_0Q5btmTWMau39EoJNPF465hyu58pOzBN_fK2dz14jGYonoeDxOAkSOrur5i286T9A0omnfGc66OBehJ-0poRpjWsCHTnzNASTyj7DYwWBu-r1hCw; path=/; samesite=lax; httponly, CsrfToken=CfDJ8KOx5pzs3vJMgjraUoy-gb7TY4g3L8UTlrHE4SHHwTotGkv7yI4rV7pDI_tXZ6UkjugEAs1i44KUx_DpK3ZrT1izTTnMKMxZSev9aUxW3ca-pKlgROHs675VaVOIAXaIVB3IADY6U_sgP58RO51uxwU; path=/; samesite=lax; httponly, BPMCSRF=CfDJ8KOx5pzs3vJMgjraUoy-gb7tWrVyKwJ-F67RosC2xwJvHUXtzAfGeLYuLgv0JeyeB9onYla8Qz3GhUTraXZqTABeMQu8i2zC9EeXBwNFhUkCp0vLcv0dXYUgCs4JJyN4DIy9ubw-7LVbI_H8YXIAh1SgecVJSF5GfcNbOLg2tLeY6U7aPSSKe-P7jW0Q52TMFA; path=/; samesite=lax', 'X-Frame-Options': 'SAMEORIGIN'}
Response cookies: <RequestsCookieJar[<Cookie .ASPXAUTH=CfDJ8KOx5pzs3vJMgjraUoy-gb6lil_9zc96O1iRBrtqJgHjOri0eV2-QvLMgtANSRxazcWF_QqUZFH6IK_L01bA_Cdu76MSyH012mp8AEgqtupLYvubkW6D-3SzZ4vLqSt0cA5svPy3Wq4v4YKWeBah21x2D8ifjAzr4qPXi26YWxUkYY9UOaXfu3CENbXb2JKlWO6e7EVavAPWGATp3vKN_rDce6fMtA0Loh2FqPJNVFbwtSJk5KfeXIuz_bhYUTYRMJmL4O8gUs9UaUhjQo1lxuyZtf39xyrwW3mVZngE1Czle-kMqvNrCFVVTRUkyOXLxEgT85bp5MCR7J_mXV__7-Qz_IWUlI0d_CmBoI-O3ldGHufSj01WPWir3Ba2Fy1znLD62_GR7xRFZ4ZlIVg5pgR3hp_VX2F1els7IsrWuZiBjsGAVNVfdMZIfBYuyd5MtmBcb0mLknFdeNV5Ra64cFRfm1de0J-hmZxiBJy4Ar0eb9lceD6J8A54JNpKItZjrRIKh_m-cQDov_xP7MgmEcpHRJjORDXFNzY9DrUegphZm-WllpnVXWgofXito0qQqxY7Oxsln6I0Ka7tv2VEToy-SkX5l3x8m6-xamsLCgdAkGQFDKkPGDw0bElNa8fKGaZjQ_99m8Bzh1DX8edurUfDl0btCChNcaIuUbudm5asVL1xEQvHMW_U4AF57vGkNHy598lrKgRzW16Mv_0Q5btmTWMau39EoJNPF465hyu58pOzBN_fK2dz14jGYonoeDxOAkSOrur5i286T9A0omnfGc66OBehJ-0poRpjWsCHTnzNASTyj7DYwWBu-r1hCw for localmail.itexpert.ru/>, <Cookie BPMCSRF=CfDJ8KOx5pzs3vJMgjraUoy-gb7tWrVyKwJ-F67RosC2xwJvHUXtzAfGeLYuLgv0JeyeB9onYla8Qz3GhUTraXZqTABeMQu8i2zC9EeXBwNFhUkCp0vLcv0dXYUgCs4JJyN4DIy9ubw-7LVbI_H8YXIAh1SgecVJSF5GfcNbOLg2tLeY6U7aPSSKe-P7jW0Q52TMFA for localmail.itexpert.ru/>, <Cookie CsrfToken=CfDJ8KOx5pzs3vJMgjraUoy-gb7TY4g3L8UTlrHE4SHHwTotGkv7yI4rV7pDI_tXZ6UkjugEAs1i44KUx_DpK3ZrT1izTTnMKMxZSev9aUxW3ca-pKlgROHs675VaVOIAXaIVB3IADY6U_sgP58RO51uxwU for localmail.itexpert.ru/>]>

-------

------
Test: None
Time: 2022-10-14 17:37:48.269951
Request method: POST
Request URL: http://localmail.itexpert.ru:5058/rest/SapErpIntegrationService/v1/UpdateOSDirectory
Request data: None
Request json: {'currentPage': 1, 'pageCount': 1, 'delta': 'F', 'item': [{'ANLN1': '240000240179', 'TXT50': 'Аппарат телефонный Cisco/CP-7945G=13', 'INVNR': '12121313', 'AKTIV': '29.03.2016', 'KOSTL': '1006103050', 'WERKS': '1002', 'STORT': '43', 'ANSW_END': '20000.00', 'RBW_END': '10000', 'MENGE': '2', 'POSNR': '1100648.80016-YO04-00013', 'GLO_RUS_OKOF16': '330.28.12', 'GLO_RUS_DEPGRN': '03', 'NDJAR': '003', 'DEAKT': '13.02.2023', 'KTEXT3': 'г.Санкт-Петербург ул.Почтамтская 3-5', 'ZZCNDPERNR': '00028076', 'CNDPERNR_NAME': 'Дернов ИН123', 'OS_STATUS': 'Перемещен', 'AWKEY': '09072021/2', 'GJAHR': '2021', 'ACT-ID': 'pre09072021/2', 'SERNR': '666', 'row': 1, 'deleted': ''}]}
Request cookies: {'Content-Type': 'application/json', 'User-Agent': 'PostmanRuntime/7.29.0', 'Accept': '*/*', 'Cache-Control': 'Cache-Control', 'Host': 'localmail.itexpert.ru:5058', 'Accept-Encoding': 'gzip, deflate, br', 'Connection': 'keep-alive', 'Content-Length': '69', 'BPMCSRF': 'CfDJ8KOx5pzs3vJMgjraUoy-gb7tWrVyKwJ-F67RosC2xwJvHUXtzAfGeLYuLgv0JeyeB9onYla8Qz3GhUTraXZqTABeMQu8i2zC9EeXBwNFhUkCp0vLcv0dXYUgCs4JJyN4DIy9ubw-7LVbI_H8YXIAh1SgecVJSF5GfcNbOLg2tLeY6U7aPSSKe-P7jW0Q52TMFA'}
Request headers: <RequestsCookieJar[<Cookie .ASPXAUTH=CfDJ8KOx5pzs3vJMgjraUoy-gb6lil_9zc96O1iRBrtqJgHjOri0eV2-QvLMgtANSRxazcWF_QqUZFH6IK_L01bA_Cdu76MSyH012mp8AEgqtupLYvubkW6D-3SzZ4vLqSt0cA5svPy3Wq4v4YKWeBah21x2D8ifjAzr4qPXi26YWxUkYY9UOaXfu3CENbXb2JKlWO6e7EVavAPWGATp3vKN_rDce6fMtA0Loh2FqPJNVFbwtSJk5KfeXIuz_bhYUTYRMJmL4O8gUs9UaUhjQo1lxuyZtf39xyrwW3mVZngE1Czle-kMqvNrCFVVTRUkyOXLxEgT85bp5MCR7J_mXV__7-Qz_IWUlI0d_CmBoI-O3ldGHufSj01WPWir3Ba2Fy1znLD62_GR7xRFZ4ZlIVg5pgR3hp_VX2F1els7IsrWuZiBjsGAVNVfdMZIfBYuyd5MtmBcb0mLknFdeNV5Ra64cFRfm1de0J-hmZxiBJy4Ar0eb9lceD6J8A54JNpKItZjrRIKh_m-cQDov_xP7MgmEcpHRJjORDXFNzY9DrUegphZm-WllpnVXWgofXito0qQqxY7Oxsln6I0Ka7tv2VEToy-SkX5l3x8m6-xamsLCgdAkGQFDKkPGDw0bElNa8fKGaZjQ_99m8Bzh1DX8edurUfDl0btCChNcaIuUbudm5asVL1xEQvHMW_U4AF57vGkNHy598lrKgRzW16Mv_0Q5btmTWMau39EoJNPF465hyu58pOzBN_fK2dz14jGYonoeDxOAkSOrur5i286T9A0omnfGc66OBehJ-0poRpjWsCHTnzNASTyj7DYwWBu-r1hCw for localmail.itexpert.ru/>, <Cookie BPMCSRF=CfDJ8KOx5pzs3vJMgjraUoy-gb7tWrVyKwJ-F67RosC2xwJvHUXtzAfGeLYuLgv0JeyeB9onYla8Qz3GhUTraXZqTABeMQu8i2zC9EeXBwNFhUkCp0vLcv0dXYUgCs4JJyN4DIy9ubw-7LVbI_H8YXIAh1SgecVJSF5GfcNbOLg2tLeY6U7aPSSKe-P7jW0Q52TMFA for localmail.itexpert.ru/>, <Cookie CsrfToken=CfDJ8KOx5pzs3vJMgjraUoy-gb7TY4g3L8UTlrHE4SHHwTotGkv7yI4rV7pDI_tXZ6UkjugEAs1i44KUx_DpK3ZrT1izTTnMKMxZSev9aUxW3ca-pKlgROHs675VaVOIAXaIVB3IADY6U_sgP58RO51uxwU for localmail.itexpert.ru/>]>

-------
Response code: 200
Response text: {"result":[{"TYPE":"E","MESSAGE":"ОС перемещено, исключено из обработки Инв№ 12121313, Номер карточки ОС 240000240179","ROW":1}],"isSuccessful":true,"message":"OK","success":true,"error":null,"status":200}
Response head: {'Date': 'Fri, 14 Oct 2022 12:37:51 GMT', 'Content-Type': 'application/json; charset=utf-8', 'Server': 'Kestrel', 'Content-Length': '257', 'Cache-Control': 'no-cache', 'Pragma': 'no-cache', 'Expires': '-1', 'Set-Cookie': 'BPMSESSIONID=CfDJ8KOx5pzs3vJMgjraUoy%2Bgb6DpQ3adoPM%2FRhyzyqLdxrzRhSCF5X3KzklSN7J%2FaP4ACVGX7G7%2FGLth8OLVpFJI5q6CxiFyjX5Mv477L%2BU5BFkCQc1dpFMx%2BYKtlYvUAB2zztE1%2FYfBNAXrdi3zivZA3cmSgwGuIUW6atOX8rbeXce; path=/; samesite=lax; httponly'}
Response cookies: <RequestsCookieJar[<Cookie BPMSESSIONID=CfDJ8KOx5pzs3vJMgjraUoy%2Bgb6DpQ3adoPM%2FRhyzyqLdxrzRhSCF5X3KzklSN7J%2FaP4ACVGX7G7%2FGLth8OLVpFJI5q6CxiFyjX5Mv477L%2BU5BFkCQc1dpFMx%2BYKtlYvUAB2zztE1%2FYfBNAXrdi3zivZA3cmSgwGuIUW6atOX8rbeXce for localmail.itexpert.ru/>]>

-------
