
------
Test: None
Time: 2022-10-14 17:30:48.643938
Request method: POST
Request URL: http://localmail.itexpert.ru:5058/ServiceModel/AuthService.svc/Login
Request data: None
Request json: {'UserName': 'Supervisor', 'UserPassword': '!Supervisor123Test!'}
Request cookies: {'Content-Type': 'application/json', 'User-Agent': 'PostmanRuntime/7.29.0', 'Accept': '*/*', 'Cache-Control': 'Cache-Control', 'Host': 'localmail.itexpert.ru:5058', 'Accept-Encoding': 'gzip, deflate, br', 'Connection': 'keep-alive', 'Content-Length': '69'}
Request headers: {}

-------
Response code: 200
Response text: {"RedirectUrl":null,"PasswordChangeUrl":null,"Exception":null,"Code":0,"Message":""}
Response head: {'Date': 'Fri, 14 Oct 2022 12:30:51 GMT', 'Content-Type': 'application/json; charset=utf-8', 'Server': 'Kestrel', 'Content-Length': '84', 'Cache-Control': 'no-cache', 'Pragma': 'no-cache', 'Expires': 'Thu, 01 Jan 1970 00:00:00 GMT', 'Set-Cookie': 'BPMSESSIONID=; expires=Thu, 01 Jan 1970 00:00:00 GMT; path=/; samesite=lax, .ASPXAUTH=CfDJ8KOx5pzs3vJMgjraUoy-gb7cIpDUi4DaTxzFkdfSb5qilUESGUVnISS9_-qxoSWl-wFGcnvppgB9_kuP1vC5XTzS18vqOPj5_mMaW7u7_7brklGoRVrSKqzQ9GNg4akCE_s4P1M7XFGjKA-YZcDAvfOpOHlNQnCmueUjA4iUP0WU1a0_nQQnvn-0sSfrMLcywBm0aLg2McmXW4U9QrWKW1VvxlXTzKlD2V12o7sJ1yb7jSHIuGgAc3Q6s3-83fEmRLFzRblhgjN_2tAupoGSrAZ4QSveIZVslSPVPUAzK-uMrU1CW32lZiYTXbMt41SV_0qwQnqKW1790E6S0XBbL0iDVSHifh0ADxyuV4xlGL_oq-jiHbApmZDotPoAFjLhbMHFwYDt8RzKyGaINijx-gpyBFQXnFNDldup1n1-yiHzrOeK3MAoWwW-BruZB5pTgI_YEKveGcucLBBBp78P6KoZB8xCgpPnufAIKwoaRpo34DEm-mNWPB7DIxpCNIjrOLUO4b5hGfesAMG4bJJlr7jWt4aO3wXwVqKKU0Giyt3X9We4g9zNfnx26ouFuPY9WxWbli0TqW4gCJjmDQYYhxTUuZZQ87Hpx1sx5_IQvAHtlCfnAU8AWEdBuCLmXnXxm-E2r3Xj3doXxtCCix2NJ4hTSEdYR2w9Pvid0IgFWfcvlVMBr1HPvNqwywsbSZakmg8fCJUd6-F1KXoTWNpe7wk24qJPF7fN-xsa3v28uB4GiZYUUZO97gi2_3AzbXkUhAmThJkJhIKFu-wuHV255r2uJWUGIwn9weN-oUZAoUuscd_j7yKl7_cBbwh6fE4DlQ; path=/; samesite=lax; httponly, CsrfToken=CfDJ8KOx5pzs3vJMgjraUoy-gb7m0E1rWCR8hUMSOIlwID0QQQeT4-psePI_3U2PQakgjXoOhymbzOzBgFQPK6wa42Fnhn9p71XyS0fxHR1BZHYOMgn8FM8MW8UpPr4m_MfLCzLMdXhnnSafttV3KEHEW6A; path=/; samesite=lax; httponly, BPMCSRF=CfDJ8KOx5pzs3vJMgjraUoy-gb5fUUuFlCvVwFw_IMPCm9HEoQ0pV8Y81NY2bk8XsS7-Wd4UE-b-Qec_HRuoRjOlTs0yPiuUvgAttsYCp-5E-mEcHN0F-wubJp6gB20eGEy8z0XD1mES4YJAEUJBWfwPu9qHKbX0wO13Ytf7Vya67kj3ayFeTuxWu2FfPDfK5IOfUw; path=/; samesite=lax', 'X-Frame-Options': 'SAMEORIGIN'}
Response cookies: <RequestsCookieJar[<Cookie .ASPXAUTH=CfDJ8KOx5pzs3vJMgjraUoy-gb7cIpDUi4DaTxzFkdfSb5qilUESGUVnISS9_-qxoSWl-wFGcnvppgB9_kuP1vC5XTzS18vqOPj5_mMaW7u7_7brklGoRVrSKqzQ9GNg4akCE_s4P1M7XFGjKA-YZcDAvfOpOHlNQnCmueUjA4iUP0WU1a0_nQQnvn-0sSfrMLcywBm0aLg2McmXW4U9QrWKW1VvxlXTzKlD2V12o7sJ1yb7jSHIuGgAc3Q6s3-83fEmRLFzRblhgjN_2tAupoGSrAZ4QSveIZVslSPVPUAzK-uMrU1CW32lZiYTXbMt41SV_0qwQnqKW1790E6S0XBbL0iDVSHifh0ADxyuV4xlGL_oq-jiHbApmZDotPoAFjLhbMHFwYDt8RzKyGaINijx-gpyBFQXnFNDldup1n1-yiHzrOeK3MAoWwW-BruZB5pTgI_YEKveGcucLBBBp78P6KoZB8xCgpPnufAIKwoaRpo34DEm-mNWPB7DIxpCNIjrOLUO4b5hGfesAMG4bJJlr7jWt4aO3wXwVqKKU0Giyt3X9We4g9zNfnx26ouFuPY9WxWbli0TqW4gCJjmDQYYhxTUuZZQ87Hpx1sx5_IQvAHtlCfnAU8AWEdBuCLmXnXxm-E2r3Xj3doXxtCCix2NJ4hTSEdYR2w9Pvid0IgFWfcvlVMBr1HPvNqwywsbSZakmg8fCJUd6-F1KXoTWNpe7wk24qJPF7fN-xsa3v28uB4GiZYUUZO97gi2_3AzbXkUhAmThJkJhIKFu-wuHV255r2uJWUGIwn9weN-oUZAoUuscd_j7yKl7_cBbwh6fE4DlQ for localmail.itexpert.ru/>, <Cookie BPMCSRF=CfDJ8KOx5pzs3vJMgjraUoy-gb5fUUuFlCvVwFw_IMPCm9HEoQ0pV8Y81NY2bk8XsS7-Wd4UE-b-Qec_HRuoRjOlTs0yPiuUvgAttsYCp-5E-mEcHN0F-wubJp6gB20eGEy8z0XD1mES4YJAEUJBWfwPu9qHKbX0wO13Ytf7Vya67kj3ayFeTuxWu2FfPDfK5IOfUw for localmail.itexpert.ru/>, <Cookie CsrfToken=CfDJ8KOx5pzs3vJMgjraUoy-gb7m0E1rWCR8hUMSOIlwID0QQQeT4-psePI_3U2PQakgjXoOhymbzOzBgFQPK6wa42Fnhn9p71XyS0fxHR1BZHYOMgn8FM8MW8UpPr4m_MfLCzLMdXhnnSafttV3KEHEW6A for localmail.itexpert.ru/>]>

-------

------
Test: None
Time: 2022-10-14 17:30:48.917241
Request method: POST
Request URL: http://localmail.itexpert.ru:5058/rest/SapErpIntegrationService/v1/UpdateOSDirectory
Request data: None
Request json: {'currentPage': 1, 'pageCount': 1, 'delta': 'F', 'item': [{'ANLN1': '240000240179', 'TXT50': 'Аппарат телефонный Cisco/CP-7945G=13', 'INVNR': '12121313', 'AKTIV': '29.03.2016', 'KOSTL': '1006103050', 'WERKS': '1002', 'STORT': '43', 'ANSW_END': '20000.00', 'RBW_END': '10000', 'MENGE': '2', 'POSNR': '1100648.80016-YO04-00013', 'GLO_RUS_OKOF16': '330.28.12', 'GLO_RUS_DEPGRN': '03', 'NDJAR': '003', 'DEAKT': '13.02.2023', 'KTEXT3': 'г.Санкт-Петербург ул.Почтамтская 3-5', 'ZZCNDPERNR': '00028076', 'CNDPERNR_NAME': 'Дернов ИН123', 'OS_STATUS': 'Активен', 'AWKEY': '09072021/2', 'GJAHR': '2021', 'ACT-ID': 'pre09072021/2', 'SERNR': '666', 'row': 1, 'deleted': ''}]}
Request cookies: {'Content-Type': 'application/json', 'User-Agent': 'PostmanRuntime/7.29.0', 'Accept': '*/*', 'Cache-Control': 'Cache-Control', 'Host': 'localmail.itexpert.ru:5058', 'Accept-Encoding': 'gzip, deflate, br', 'Connection': 'keep-alive', 'Content-Length': '69', 'BPMCSRF': 'CfDJ8KOx5pzs3vJMgjraUoy-gb5fUUuFlCvVwFw_IMPCm9HEoQ0pV8Y81NY2bk8XsS7-Wd4UE-b-Qec_HRuoRjOlTs0yPiuUvgAttsYCp-5E-mEcHN0F-wubJp6gB20eGEy8z0XD1mES4YJAEUJBWfwPu9qHKbX0wO13Ytf7Vya67kj3ayFeTuxWu2FfPDfK5IOfUw'}
Request headers: <RequestsCookieJar[<Cookie .ASPXAUTH=CfDJ8KOx5pzs3vJMgjraUoy-gb7cIpDUi4DaTxzFkdfSb5qilUESGUVnISS9_-qxoSWl-wFGcnvppgB9_kuP1vC5XTzS18vqOPj5_mMaW7u7_7brklGoRVrSKqzQ9GNg4akCE_s4P1M7XFGjKA-YZcDAvfOpOHlNQnCmueUjA4iUP0WU1a0_nQQnvn-0sSfrMLcywBm0aLg2McmXW4U9QrWKW1VvxlXTzKlD2V12o7sJ1yb7jSHIuGgAc3Q6s3-83fEmRLFzRblhgjN_2tAupoGSrAZ4QSveIZVslSPVPUAzK-uMrU1CW32lZiYTXbMt41SV_0qwQnqKW1790E6S0XBbL0iDVSHifh0ADxyuV4xlGL_oq-jiHbApmZDotPoAFjLhbMHFwYDt8RzKyGaINijx-gpyBFQXnFNDldup1n1-yiHzrOeK3MAoWwW-BruZB5pTgI_YEKveGcucLBBBp78P6KoZB8xCgpPnufAIKwoaRpo34DEm-mNWPB7DIxpCNIjrOLUO4b5hGfesAMG4bJJlr7jWt4aO3wXwVqKKU0Giyt3X9We4g9zNfnx26ouFuPY9WxWbli0TqW4gCJjmDQYYhxTUuZZQ87Hpx1sx5_IQvAHtlCfnAU8AWEdBuCLmXnXxm-E2r3Xj3doXxtCCix2NJ4hTSEdYR2w9Pvid0IgFWfcvlVMBr1HPvNqwywsbSZakmg8fCJUd6-F1KXoTWNpe7wk24qJPF7fN-xsa3v28uB4GiZYUUZO97gi2_3AzbXkUhAmThJkJhIKFu-wuHV255r2uJWUGIwn9weN-oUZAoUuscd_j7yKl7_cBbwh6fE4DlQ for localmail.itexpert.ru/>, <Cookie BPMCSRF=CfDJ8KOx5pzs3vJMgjraUoy-gb5fUUuFlCvVwFw_IMPCm9HEoQ0pV8Y81NY2bk8XsS7-Wd4UE-b-Qec_HRuoRjOlTs0yPiuUvgAttsYCp-5E-mEcHN0F-wubJp6gB20eGEy8z0XD1mES4YJAEUJBWfwPu9qHKbX0wO13Ytf7Vya67kj3ayFeTuxWu2FfPDfK5IOfUw for localmail.itexpert.ru/>, <Cookie CsrfToken=CfDJ8KOx5pzs3vJMgjraUoy-gb7m0E1rWCR8hUMSOIlwID0QQQeT4-psePI_3U2PQakgjXoOhymbzOzBgFQPK6wa42Fnhn9p71XyS0fxHR1BZHYOMgn8FM8MW8UpPr4m_MfLCzLMdXhnnSafttV3KEHEW6A for localmail.itexpert.ru/>]>

-------
Response code: 200
Response text: {"result":[{"TYPE":"S","MESSAGE":"Запись изменена","ROW":1}],"isSuccessful":true,"message":"OK","success":true,"error":null,"status":200}
Response head: {'Date': 'Fri, 14 Oct 2022 12:30:53 GMT', 'Content-Type': 'application/json; charset=utf-8', 'Server': 'Kestrel', 'Content-Length': '151', 'Cache-Control': 'no-cache', 'Pragma': 'no-cache', 'Expires': '-1', 'Set-Cookie': 'BPMSESSIONID=CfDJ8KOx5pzs3vJMgjraUoy%2Bgb76Vr2e4Wf%2FD8QJsjAO%2FioG%2FnHylWHW9quNhQy4IpKDNgSCJucXqmEuFdzsf2N21xamaU9FrjIepwdbK94xZL3vCAjgXCqGjfKWbpl3jpIrjhw6AgjF4iXDFrnnVDpMe5EjeMI4i1w32tv%2FPI1FZt05; path=/; samesite=lax; httponly'}
Response cookies: <RequestsCookieJar[<Cookie BPMSESSIONID=CfDJ8KOx5pzs3vJMgjraUoy%2Bgb76Vr2e4Wf%2FD8QJsjAO%2FioG%2FnHylWHW9quNhQy4IpKDNgSCJucXqmEuFdzsf2N21xamaU9FrjIepwdbK94xZL3vCAjgXCqGjfKWbpl3jpIrjhw6AgjF4iXDFrnnVDpMe5EjeMI4i1w32tv%2FPI1FZt05 for localmail.itexpert.ru/>]>

-------

------
Test: None
Time: 2022-10-14 17:30:50.397891
Request method: POST
Request URL: http://localmail.itexpert.ru:5058/ServiceModel/AuthService.svc/Login
Request data: None
Request json: {'UserName': 'Supervisor', 'UserPassword': '!Supervisor123Test!'}
Request cookies: {'Content-Type': 'application/json', 'User-Agent': 'PostmanRuntime/7.29.0', 'Accept': '*/*', 'Cache-Control': 'Cache-Control', 'Host': 'localmail.itexpert.ru:5058', 'Accept-Encoding': 'gzip, deflate, br', 'Connection': 'keep-alive', 'Content-Length': '69'}
Request headers: {}

-------
Response code: 200
Response text: {"RedirectUrl":null,"PasswordChangeUrl":null,"Exception":null,"Code":0,"Message":""}
Response head: {'Date': 'Fri, 14 Oct 2022 12:30:53 GMT', 'Content-Type': 'application/json; charset=utf-8', 'Server': 'Kestrel', 'Content-Length': '84', 'Cache-Control': 'no-cache', 'Pragma': 'no-cache', 'Expires': 'Thu, 01 Jan 1970 00:00:00 GMT', 'Set-Cookie': 'BPMSESSIONID=; expires=Thu, 01 Jan 1970 00:00:00 GMT; path=/; samesite=lax, .ASPXAUTH=CfDJ8KOx5pzs3vJMgjraUoy-gb6Be1wjPbvLpmkcHOgykN11oFmUdXMw65xwluz4gU491PyH8reYpZWMoQP6DpPyW-Lx0YJOHJIkFRxmOZqaJM1n_XLTUbcKFlvEK_RWx2HiM2QOHgoQ3zjKWfDFci39QRvOsfjKmXt4Nv4tptTuiurXdYQFvLjkN1-RvmnTGBr3Axs3q1UEssX8Uz5xPWK9eEzDmNVfvUfB6RunKRc-5PpH6Xn-LQmj6ck3agySQ29HNlVyd-y4i48upR633tvvnI2XHRm3EbRFab3NDlp51wM96pGmnyNQHRiansdmf2b2CQQ0loLr31RmD-TsJZ-EhB41kbyaCTZTH9AgNetGgAO2Oj7o8eY_EjZYPGzMGrID6nXFUMdVIOsm2NFMb0QS_VdAtIKz6xnrDMScs20ORIZuCtGuPFgPeDFuoZmufEReVsuJR7z03uttsSlXZRYNhTD_1Og1wvMvNtRUk8HBExjlSHo9sLj9mreHraPIyT3aPP0zskyIuLAKdzv2o2UuIoB6mdUHDIj8UP8pWqnSXHx8wA9gdKEzMnOX0vcljwJaZUsgSr-WvKz-DLOL1yYDbYKWCklhnFnlPI7kLn-O6QdB7S5tq7K4CnmvHSRNq-91BVwiYS9RzbW4OcwbH7t4maOM3su_g6gfAa9rqzWta51DYyzDn3fGDuGpm4CSxLYZlTeyf568KMid_KxYtMY4B92Kku0Oqo_IXVq0J-ik2Nx9A8wh0CnnjUTAiy48iPB1nOVj3YkPXW47KriusPhtowcY5YL1LJ09dKZe2MloRkveydjdGwpN9qXmjyF12Wk5DQ; path=/; samesite=lax; httponly, CsrfToken=CfDJ8KOx5pzs3vJMgjraUoy-gb7Af4UZTyp5iXUd5r7KtLwlXDf7CJUWoxWgVWbFdC0OLJWEywTQRgCJxAyPpbI2NQf0kkWFVsZCdOUYweJUi0GiJlhMpR6ZcEYa6lc3DTHBLKZv59t2RSsK1rQwNHLzcGk; path=/; samesite=lax; httponly, BPMCSRF=CfDJ8KOx5pzs3vJMgjraUoy-gb7MtTHPYhLPvhklLGyGj2yZAYxWxKJkq9Y5Ndk3hLzunPJT4RtlLTm0sUcklTohHq-A2266Lsfv06ckBmUEczclmjIP8u75hkunJGqsdWhAFUoObv_1z_sDTk9dG8CA_uKuq73CjSYOyO-ul0CfGbxQiLZ_kOGDbbjD3WYJHh1v1w; path=/; samesite=lax', 'X-Frame-Options': 'SAMEORIGIN'}
Response cookies: <RequestsCookieJar[<Cookie .ASPXAUTH=CfDJ8KOx5pzs3vJMgjraUoy-gb6Be1wjPbvLpmkcHOgykN11oFmUdXMw65xwluz4gU491PyH8reYpZWMoQP6DpPyW-Lx0YJOHJIkFRxmOZqaJM1n_XLTUbcKFlvEK_RWx2HiM2QOHgoQ3zjKWfDFci39QRvOsfjKmXt4Nv4tptTuiurXdYQFvLjkN1-RvmnTGBr3Axs3q1UEssX8Uz5xPWK9eEzDmNVfvUfB6RunKRc-5PpH6Xn-LQmj6ck3agySQ29HNlVyd-y4i48upR633tvvnI2XHRm3EbRFab3NDlp51wM96pGmnyNQHRiansdmf2b2CQQ0loLr31RmD-TsJZ-EhB41kbyaCTZTH9AgNetGgAO2Oj7o8eY_EjZYPGzMGrID6nXFUMdVIOsm2NFMb0QS_VdAtIKz6xnrDMScs20ORIZuCtGuPFgPeDFuoZmufEReVsuJR7z03uttsSlXZRYNhTD_1Og1wvMvNtRUk8HBExjlSHo9sLj9mreHraPIyT3aPP0zskyIuLAKdzv2o2UuIoB6mdUHDIj8UP8pWqnSXHx8wA9gdKEzMnOX0vcljwJaZUsgSr-WvKz-DLOL1yYDbYKWCklhnFnlPI7kLn-O6QdB7S5tq7K4CnmvHSRNq-91BVwiYS9RzbW4OcwbH7t4maOM3su_g6gfAa9rqzWta51DYyzDn3fGDuGpm4CSxLYZlTeyf568KMid_KxYtMY4B92Kku0Oqo_IXVq0J-ik2Nx9A8wh0CnnjUTAiy48iPB1nOVj3YkPXW47KriusPhtowcY5YL1LJ09dKZe2MloRkveydjdGwpN9qXmjyF12Wk5DQ for localmail.itexpert.ru/>, <Cookie BPMCSRF=CfDJ8KOx5pzs3vJMgjraUoy-gb7MtTHPYhLPvhklLGyGj2yZAYxWxKJkq9Y5Ndk3hLzunPJT4RtlLTm0sUcklTohHq-A2266Lsfv06ckBmUEczclmjIP8u75hkunJGqsdWhAFUoObv_1z_sDTk9dG8CA_uKuq73CjSYOyO-ul0CfGbxQiLZ_kOGDbbjD3WYJHh1v1w for localmail.itexpert.ru/>, <Cookie CsrfToken=CfDJ8KOx5pzs3vJMgjraUoy-gb7Af4UZTyp5iXUd5r7KtLwlXDf7CJUWoxWgVWbFdC0OLJWEywTQRgCJxAyPpbI2NQf0kkWFVsZCdOUYweJUi0GiJlhMpR6ZcEYa6lc3DTHBLKZv59t2RSsK1rQwNHLzcGk for localmail.itexpert.ru/>]>

-------

------
Test: None
Time: 2022-10-14 17:30:50.661530
Request method: POST
Request URL: http://localmail.itexpert.ru:5058/rest/SapErpIntegrationService/v1/UpdateOSDirectory
Request data: None
Request json: {'currentPage': 1, 'pageCount': 1, 'delta': 'F', 'item': [{'ANLN1': '240000240179', 'TXT50': 'Аппарат телефонный Cisco/CP-7945G=13', 'INVNR': None, 'AKTIV': '29.03.2016', 'KOSTL': '1006103050', 'WERKS': '1002', 'STORT': '43', 'ANSW_END': '20000.00', 'RBW_END': '10000', 'MENGE': '2', 'POSNR': '1100648.80016-YO04-00013', 'GLO_RUS_OKOF16': '330.28.12', 'GLO_RUS_DEPGRN': '03', 'NDJAR': '003', 'DEAKT': '13.02.2023', 'KTEXT3': 'г.Санкт-Петербург ул.Почтамтская 3-5', 'ZZCNDPERNR': '00028076', 'CNDPERNR_NAME': 'Дернов ИН123', 'OS_STATUS': 'Активен', 'AWKEY': '09072021/2', 'GJAHR': '2021', 'ACT-ID': 'pre09072021/2', 'SERNR': '123йцу123йу1', 'row': 1, 'deleted': ''}]}
Request cookies: {'Content-Type': 'application/json', 'User-Agent': 'PostmanRuntime/7.29.0', 'Accept': '*/*', 'Cache-Control': 'Cache-Control', 'Host': 'localmail.itexpert.ru:5058', 'Accept-Encoding': 'gzip, deflate, br', 'Connection': 'keep-alive', 'Content-Length': '69', 'BPMCSRF': 'CfDJ8KOx5pzs3vJMgjraUoy-gb7MtTHPYhLPvhklLGyGj2yZAYxWxKJkq9Y5Ndk3hLzunPJT4RtlLTm0sUcklTohHq-A2266Lsfv06ckBmUEczclmjIP8u75hkunJGqsdWhAFUoObv_1z_sDTk9dG8CA_uKuq73CjSYOyO-ul0CfGbxQiLZ_kOGDbbjD3WYJHh1v1w'}
Request headers: <RequestsCookieJar[<Cookie .ASPXAUTH=CfDJ8KOx5pzs3vJMgjraUoy-gb6Be1wjPbvLpmkcHOgykN11oFmUdXMw65xwluz4gU491PyH8reYpZWMoQP6DpPyW-Lx0YJOHJIkFRxmOZqaJM1n_XLTUbcKFlvEK_RWx2HiM2QOHgoQ3zjKWfDFci39QRvOsfjKmXt4Nv4tptTuiurXdYQFvLjkN1-RvmnTGBr3Axs3q1UEssX8Uz5xPWK9eEzDmNVfvUfB6RunKRc-5PpH6Xn-LQmj6ck3agySQ29HNlVyd-y4i48upR633tvvnI2XHRm3EbRFab3NDlp51wM96pGmnyNQHRiansdmf2b2CQQ0loLr31RmD-TsJZ-EhB41kbyaCTZTH9AgNetGgAO2Oj7o8eY_EjZYPGzMGrID6nXFUMdVIOsm2NFMb0QS_VdAtIKz6xnrDMScs20ORIZuCtGuPFgPeDFuoZmufEReVsuJR7z03uttsSlXZRYNhTD_1Og1wvMvNtRUk8HBExjlSHo9sLj9mreHraPIyT3aPP0zskyIuLAKdzv2o2UuIoB6mdUHDIj8UP8pWqnSXHx8wA9gdKEzMnOX0vcljwJaZUsgSr-WvKz-DLOL1yYDbYKWCklhnFnlPI7kLn-O6QdB7S5tq7K4CnmvHSRNq-91BVwiYS9RzbW4OcwbH7t4maOM3su_g6gfAa9rqzWta51DYyzDn3fGDuGpm4CSxLYZlTeyf568KMid_KxYtMY4B92Kku0Oqo_IXVq0J-ik2Nx9A8wh0CnnjUTAiy48iPB1nOVj3YkPXW47KriusPhtowcY5YL1LJ09dKZe2MloRkveydjdGwpN9qXmjyF12Wk5DQ for localmail.itexpert.ru/>, <Cookie BPMCSRF=CfDJ8KOx5pzs3vJMgjraUoy-gb7MtTHPYhLPvhklLGyGj2yZAYxWxKJkq9Y5Ndk3hLzunPJT4RtlLTm0sUcklTohHq-A2266Lsfv06ckBmUEczclmjIP8u75hkunJGqsdWhAFUoObv_1z_sDTk9dG8CA_uKuq73CjSYOyO-ul0CfGbxQiLZ_kOGDbbjD3WYJHh1v1w for localmail.itexpert.ru/>, <Cookie CsrfToken=CfDJ8KOx5pzs3vJMgjraUoy-gb7Af4UZTyp5iXUd5r7KtLwlXDf7CJUWoxWgVWbFdC0OLJWEywTQRgCJxAyPpbI2NQf0kkWFVsZCdOUYweJUi0GiJlhMpR6ZcEYa6lc3DTHBLKZv59t2RSsK1rQwNHLzcGk for localmail.itexpert.ru/>]>

-------
Response code: 200
Response text: {"result":[{"TYPE":"E","MESSAGE":"Не заполнен обязательный атрибут \"Инвентарный номер\"","ROW":1}],"isSuccessful":true,"message":"OK","success":true,"error":null,"status":200}
Response head: {'Date': 'Fri, 14 Oct 2022 12:30:54 GMT', 'Content-Type': 'application/json; charset=utf-8', 'Server': 'Kestrel', 'Content-Length': '221', 'Cache-Control': 'no-cache', 'Pragma': 'no-cache', 'Expires': '-1', 'Set-Cookie': 'BPMSESSIONID=CfDJ8KOx5pzs3vJMgjraUoy%2Bgb7VuH%2BykHbZ4LaQGIqxr%2ByUhztK0TL0A4SAGwpgBfWefckenv%2F2xn9ddaKCd48cHc7pOk8rUckEsGQWlkVrSQyJUqZPpQGLgVUk%2FC4g%2FXS6yzJiR5dJePd0RiRGEGg5YHXgFwCy2zzGCZnHYDC5JTan; path=/; samesite=lax; httponly'}
Response cookies: <RequestsCookieJar[<Cookie BPMSESSIONID=CfDJ8KOx5pzs3vJMgjraUoy%2Bgb7VuH%2BykHbZ4LaQGIqxr%2ByUhztK0TL0A4SAGwpgBfWefckenv%2F2xn9ddaKCd48cHc7pOk8rUckEsGQWlkVrSQyJUqZPpQGLgVUk%2FC4g%2FXS6yzJiR5dJePd0RiRGEGg5YHXgFwCy2zzGCZnHYDC5JTan for localmail.itexpert.ru/>]>

-------

------
Test: None
Time: 2022-10-14 17:30:51.386835
Request method: POST
Request URL: http://localmail.itexpert.ru:5058/ServiceModel/AuthService.svc/Login
Request data: None
Request json: {'UserName': 'Supervisor', 'UserPassword': '!Supervisor123Test!'}
Request cookies: {'Content-Type': 'application/json', 'User-Agent': 'PostmanRuntime/7.29.0', 'Accept': '*/*', 'Cache-Control': 'Cache-Control', 'Host': 'localmail.itexpert.ru:5058', 'Accept-Encoding': 'gzip, deflate, br', 'Connection': 'keep-alive', 'Content-Length': '69'}
Request headers: {}

-------
Response code: 200
Response text: {"RedirectUrl":null,"PasswordChangeUrl":null,"Exception":null,"Code":0,"Message":""}
Response head: {'Date': 'Fri, 14 Oct 2022 12:30:54 GMT', 'Content-Type': 'application/json; charset=utf-8', 'Server': 'Kestrel', 'Content-Length': '84', 'Cache-Control': 'no-cache', 'Pragma': 'no-cache', 'Expires': 'Thu, 01 Jan 1970 00:00:00 GMT', 'Set-Cookie': 'BPMSESSIONID=; expires=Thu, 01 Jan 1970 00:00:00 GMT; path=/; samesite=lax, .ASPXAUTH=CfDJ8KOx5pzs3vJMgjraUoy-gb79kY3_qRtRagJSdE1NbhKl4egWrcJqPcC6ylpTOy-eghvL-UDKKYLiP452vQhVn2adipZ3eqh-mYF7mgTBiVwk2jiRC8uW0ETEymEwmlyF34qkP5kPT0kJ7u1fX0c7ze7onmQRb4ebBalnmFhwTQ9pZtgzVy4LscZR9dLjg2oeBPnvO3asngdD0g_w-MaAKdKLM-7A027m7ggf55MU-WOhB53N03bAL-7-I5mUlK6XvqZYRmrRbh3KK4q5hmU-7Wz134OUV8TIdSFz4RrpilOh0J6-_bZP_HF3RVwaQppXediHxrm7cMIyolkcVxnvHNlA49ENhxgdRqHnrgI4PkE_f4RlqChpSC9PdKnxTLyBbTr49WcRqPj4VHCCAuxLoazGWZ3fRHJ1UULVjgxPqRoDzAclna9moONIy33-ZZoJCX9tsd7L25EgK-hy1bsgprbrtFP64vZsw1hGyqfVH1Dlne_bourrYYm8GWVoE_RxCAfnc5PvEjKmZasZ7DLwLhqsgOtkEmHfpZtKPuXV8WPiQVaGKzhNNYafmPOJFi-f_aph3558T1M9V3OjuTNaNmUPDY477SGvx16LUNaNqxykr1JQ68N4RnmPcj7bKslDcg8aXeRJdjrXLUuuDrDR4_zIdXkuEdo1uXO3SEuFuyxRgIa-jldhUV2wVo9Jg9pSwUksSaI1VAALJAO8xCoCmX-AekCrBPiG8hbyTg2Rr7nA1SZzbI0-ItgHbpObxPGxw4CLvPxXKOwGTo9-06N3Em6vRypb_dxkU6FVGmKEbr6xD7Ng_vDskz3N_xLZ6xE8yA; path=/; samesite=lax; httponly, CsrfToken=CfDJ8KOx5pzs3vJMgjraUoy-gb7A2iRTDvLZg7oXMFFxnbsk8lmcLfx78JehJZycSWhjoUhroM8-M0P2NzJESS9S3Su2NvGqWzvpR1VOEnjcHpGagdFmECdd-Oo1eEcqJryEiV_bSUl7iKCe6aet1pAWwPQ; path=/; samesite=lax; httponly, BPMCSRF=CfDJ8KOx5pzs3vJMgjraUoy-gb7WdxenQAz4SFvSp1Wy_2_5qHe5qZNqD8XBre2yM2XpfVMDf9T2FOWvzA2o1yQ3h9dDGaSKV0pE-gsDx2VJkHa89oracbGLnM4HxlQZzLTMsw7MPS2ngU-3NMTNX4MBS82fnRvZ_C2ny9FKdvH6FpPWrz7BCC1ZugSVv_B4TxfBkg; path=/; samesite=lax', 'X-Frame-Options': 'SAMEORIGIN'}
Response cookies: <RequestsCookieJar[<Cookie .ASPXAUTH=CfDJ8KOx5pzs3vJMgjraUoy-gb79kY3_qRtRagJSdE1NbhKl4egWrcJqPcC6ylpTOy-eghvL-UDKKYLiP452vQhVn2adipZ3eqh-mYF7mgTBiVwk2jiRC8uW0ETEymEwmlyF34qkP5kPT0kJ7u1fX0c7ze7onmQRb4ebBalnmFhwTQ9pZtgzVy4LscZR9dLjg2oeBPnvO3asngdD0g_w-MaAKdKLM-7A027m7ggf55MU-WOhB53N03bAL-7-I5mUlK6XvqZYRmrRbh3KK4q5hmU-7Wz134OUV8TIdSFz4RrpilOh0J6-_bZP_HF3RVwaQppXediHxrm7cMIyolkcVxnvHNlA49ENhxgdRqHnrgI4PkE_f4RlqChpSC9PdKnxTLyBbTr49WcRqPj4VHCCAuxLoazGWZ3fRHJ1UULVjgxPqRoDzAclna9moONIy33-ZZoJCX9tsd7L25EgK-hy1bsgprbrtFP64vZsw1hGyqfVH1Dlne_bourrYYm8GWVoE_RxCAfnc5PvEjKmZasZ7DLwLhqsgOtkEmHfpZtKPuXV8WPiQVaGKzhNNYafmPOJFi-f_aph3558T1M9V3OjuTNaNmUPDY477SGvx16LUNaNqxykr1JQ68N4RnmPcj7bKslDcg8aXeRJdjrXLUuuDrDR4_zIdXkuEdo1uXO3SEuFuyxRgIa-jldhUV2wVo9Jg9pSwUksSaI1VAALJAO8xCoCmX-AekCrBPiG8hbyTg2Rr7nA1SZzbI0-ItgHbpObxPGxw4CLvPxXKOwGTo9-06N3Em6vRypb_dxkU6FVGmKEbr6xD7Ng_vDskz3N_xLZ6xE8yA for localmail.itexpert.ru/>, <Cookie BPMCSRF=CfDJ8KOx5pzs3vJMgjraUoy-gb7WdxenQAz4SFvSp1Wy_2_5qHe5qZNqD8XBre2yM2XpfVMDf9T2FOWvzA2o1yQ3h9dDGaSKV0pE-gsDx2VJkHa89oracbGLnM4HxlQZzLTMsw7MPS2ngU-3NMTNX4MBS82fnRvZ_C2ny9FKdvH6FpPWrz7BCC1ZugSVv_B4TxfBkg for localmail.itexpert.ru/>, <Cookie CsrfToken=CfDJ8KOx5pzs3vJMgjraUoy-gb7A2iRTDvLZg7oXMFFxnbsk8lmcLfx78JehJZycSWhjoUhroM8-M0P2NzJESS9S3Su2NvGqWzvpR1VOEnjcHpGagdFmECdd-Oo1eEcqJryEiV_bSUl7iKCe6aet1pAWwPQ for localmail.itexpert.ru/>]>

-------

------
Test: None
Time: 2022-10-14 17:30:51.656757
Request method: POST
Request URL: http://localmail.itexpert.ru:5058/rest/SapErpIntegrationService/v1/UpdateOSDirectory
Request data: None
Request json: {'currentPage': 1, 'pageCount': 1, 'delta': 'F', 'item': [{'ANLN1': '240000240179', 'TXT50': 'Аппарат телефонный Cisco/CP-7945G=13', 'INVNR': '', 'AKTIV': '29.03.2016', 'KOSTL': '1006103050', 'WERKS': '1002', 'STORT': '43', 'ANSW_END': '20000.00', 'RBW_END': '10000', 'MENGE': '2', 'POSNR': '1100648.80016-YO04-00013', 'GLO_RUS_OKOF16': '330.28.12', 'GLO_RUS_DEPGRN': '03', 'NDJAR': '003', 'DEAKT': '13.02.2023', 'KTEXT3': 'г.Санкт-Петербург ул.Почтамтская 3-5', 'ZZCNDPERNR': '00028076', 'CNDPERNR_NAME': 'Дернов ИН123', 'OS_STATUS': 'Активен', 'AWKEY': '09072021/2', 'GJAHR': '2021', 'ACT-ID': 'pre09072021/2', 'SERNR': '123йцу123йу1', 'row': 1, 'deleted': ''}]}
Request cookies: {'Content-Type': 'application/json', 'User-Agent': 'PostmanRuntime/7.29.0', 'Accept': '*/*', 'Cache-Control': 'Cache-Control', 'Host': 'localmail.itexpert.ru:5058', 'Accept-Encoding': 'gzip, deflate, br', 'Connection': 'keep-alive', 'Content-Length': '69', 'BPMCSRF': 'CfDJ8KOx5pzs3vJMgjraUoy-gb7WdxenQAz4SFvSp1Wy_2_5qHe5qZNqD8XBre2yM2XpfVMDf9T2FOWvzA2o1yQ3h9dDGaSKV0pE-gsDx2VJkHa89oracbGLnM4HxlQZzLTMsw7MPS2ngU-3NMTNX4MBS82fnRvZ_C2ny9FKdvH6FpPWrz7BCC1ZugSVv_B4TxfBkg'}
Request headers: <RequestsCookieJar[<Cookie .ASPXAUTH=CfDJ8KOx5pzs3vJMgjraUoy-gb79kY3_qRtRagJSdE1NbhKl4egWrcJqPcC6ylpTOy-eghvL-UDKKYLiP452vQhVn2adipZ3eqh-mYF7mgTBiVwk2jiRC8uW0ETEymEwmlyF34qkP5kPT0kJ7u1fX0c7ze7onmQRb4ebBalnmFhwTQ9pZtgzVy4LscZR9dLjg2oeBPnvO3asngdD0g_w-MaAKdKLM-7A027m7ggf55MU-WOhB53N03bAL-7-I5mUlK6XvqZYRmrRbh3KK4q5hmU-7Wz134OUV8TIdSFz4RrpilOh0J6-_bZP_HF3RVwaQppXediHxrm7cMIyolkcVxnvHNlA49ENhxgdRqHnrgI4PkE_f4RlqChpSC9PdKnxTLyBbTr49WcRqPj4VHCCAuxLoazGWZ3fRHJ1UULVjgxPqRoDzAclna9moONIy33-ZZoJCX9tsd7L25EgK-hy1bsgprbrtFP64vZsw1hGyqfVH1Dlne_bourrYYm8GWVoE_RxCAfnc5PvEjKmZasZ7DLwLhqsgOtkEmHfpZtKPuXV8WPiQVaGKzhNNYafmPOJFi-f_aph3558T1M9V3OjuTNaNmUPDY477SGvx16LUNaNqxykr1JQ68N4RnmPcj7bKslDcg8aXeRJdjrXLUuuDrDR4_zIdXkuEdo1uXO3SEuFuyxRgIa-jldhUV2wVo9Jg9pSwUksSaI1VAALJAO8xCoCmX-AekCrBPiG8hbyTg2Rr7nA1SZzbI0-ItgHbpObxPGxw4CLvPxXKOwGTo9-06N3Em6vRypb_dxkU6FVGmKEbr6xD7Ng_vDskz3N_xLZ6xE8yA for localmail.itexpert.ru/>, <Cookie BPMCSRF=CfDJ8KOx5pzs3vJMgjraUoy-gb7WdxenQAz4SFvSp1Wy_2_5qHe5qZNqD8XBre2yM2XpfVMDf9T2FOWvzA2o1yQ3h9dDGaSKV0pE-gsDx2VJkHa89oracbGLnM4HxlQZzLTMsw7MPS2ngU-3NMTNX4MBS82fnRvZ_C2ny9FKdvH6FpPWrz7BCC1ZugSVv_B4TxfBkg for localmail.itexpert.ru/>, <Cookie CsrfToken=CfDJ8KOx5pzs3vJMgjraUoy-gb7A2iRTDvLZg7oXMFFxnbsk8lmcLfx78JehJZycSWhjoUhroM8-M0P2NzJESS9S3Su2NvGqWzvpR1VOEnjcHpGagdFmECdd-Oo1eEcqJryEiV_bSUl7iKCe6aet1pAWwPQ for localmail.itexpert.ru/>]>

-------
Response code: 200
Response text: {"result":[{"TYPE":"E","MESSAGE":"Инвентарный номер не найден в КСУИТ","ROW":1}],"isSuccessful":true,"message":"OK","success":true,"error":null,"status":200}
Response head: {'Date': 'Fri, 14 Oct 2022 12:30:55 GMT', 'Content-Type': 'application/json; charset=utf-8', 'Server': 'Kestrel', 'Content-Length': '187', 'Cache-Control': 'no-cache', 'Pragma': 'no-cache', 'Expires': '-1', 'Set-Cookie': 'BPMSESSIONID=CfDJ8KOx5pzs3vJMgjraUoy%2Bgb6MoFyCVLh3RXrLy%2BsdMJZ9SWA55ASQwwHZ17qf9NW%2FNA28UX9ITArGP0xFq82LBG6sTIFirHnrSvpuH0dLKaHxSObWXyX4v9TCBJd1iyZa%2B7If2jknOdkSivb0wL7NuDor7HSWG4CluoV9mb4vxyeA; path=/; samesite=lax; httponly'}
Response cookies: <RequestsCookieJar[<Cookie BPMSESSIONID=CfDJ8KOx5pzs3vJMgjraUoy%2Bgb6MoFyCVLh3RXrLy%2BsdMJZ9SWA55ASQwwHZ17qf9NW%2FNA28UX9ITArGP0xFq82LBG6sTIFirHnrSvpuH0dLKaHxSObWXyX4v9TCBJd1iyZa%2B7If2jknOdkSivb0wL7NuDor7HSWG4CluoV9mb4vxyeA for localmail.itexpert.ru/>]>

-------

------
Test: None
Time: 2022-10-14 17:30:52.432082
Request method: POST
Request URL: http://localmail.itexpert.ru:5058/ServiceModel/AuthService.svc/Login
Request data: None
Request json: {'UserName': 'Supervisor', 'UserPassword': '!Supervisor123Test!'}
Request cookies: {'Content-Type': 'application/json', 'User-Agent': 'PostmanRuntime/7.29.0', 'Accept': '*/*', 'Cache-Control': 'Cache-Control', 'Host': 'localmail.itexpert.ru:5058', 'Accept-Encoding': 'gzip, deflate, br', 'Connection': 'keep-alive', 'Content-Length': '69'}
Request headers: {}

-------
Response code: 200
Response text: {"RedirectUrl":null,"PasswordChangeUrl":null,"Exception":null,"Code":0,"Message":""}
Response head: {'Date': 'Fri, 14 Oct 2022 12:30:55 GMT', 'Content-Type': 'application/json; charset=utf-8', 'Server': 'Kestrel', 'Content-Length': '84', 'Cache-Control': 'no-cache', 'Pragma': 'no-cache', 'Expires': 'Thu, 01 Jan 1970 00:00:00 GMT', 'Set-Cookie': 'BPMSESSIONID=; expires=Thu, 01 Jan 1970 00:00:00 GMT; path=/; samesite=lax, .ASPXAUTH=CfDJ8KOx5pzs3vJMgjraUoy-gb6riE9uFsTvw4mbbTGwSz1FfXZ5SXX_ubZP1g8IAbUNopfP4m_jsacxlhqGjo_GLUk36VrruWO6G1fkGyMoyqPSUiMh8kZDiON2nZ340Om6Q8KZZBaHtwWtx7XN7j9-cV2cjCxEoVabgQTDbGZuuI1e85HAteUY5qBKNMRJTS3pcj-akGTCQMc6deM_Yyc01VZpZD2n2qUV5Ljo0raDOanZOmVxmPWgrN5d7R6-3fAlbfN1LFnNq_yKTWilqDgqFPK0I3YWkV_-0hHtPBL56zoLXG8w9tc5P3B6HNyQaikXo8uembcB483W8k99exbJui8tf7107DlkI-lcRzjyhLvohON_5VkGv6ORtbK4aiYo87VK3fPJ4_PBgPJHrK1kVZ49VRrL5Fg1O_cV3ysEABz22OZfYCgPiAGKGuk0UMeS_GuTvzdLhCIxtAzF0Ga1l5LQ4mINsTgFVJWRAIejA0S-q6IQmdySUc71NpGHCWQkGlywKNPV9Ae3eHRBy4IH5Q-aEcUaOQrEr3vBdelUTYdug2pjrBALgYgBiD0s4Hsg9AqxsVkkpiW5-B8ZS7_41UogHnsQWz60igFyaMfK_gomh0PxVP3TsDAG36AkgR-jFiS5njDlLhSVJDlDT-DYz5eo4-3NDeAwKEqOjx2y1aNvbjXTLSdD6SeEH9VASIO9QLDXX45-k96FmNm9QyxuNY8wfnc7bUTV26Zflc1XCHuXudPKEDVJP_XXokqIMP-tE08IyIWZ-93u9mTMCVcAiDVts3SlPEWM-u4LPc1mT3j9Kk9JL7Z2vFnUNh0y8t3ahw; path=/; samesite=lax; httponly, CsrfToken=CfDJ8KOx5pzs3vJMgjraUoy-gb4q1jklLsCr3E6Z3LKPn51O3PlchYsj91blZiYlWzHF_mfmFaQHhEUi6TrVEQSvxo-L1DKLqS8PTa_2Sa1sjWjMJCuWAaz8MuAHee3kc75FEPkxzrtYBN3mEK7xPdKKHvY; path=/; samesite=lax; httponly, BPMCSRF=CfDJ8KOx5pzs3vJMgjraUoy-gb4lK-n5oLRdm5xHxwua0oCgQybhPRCTVOon2bMYCnVNLXjIg2oEwImIK-lDfSwy1CTzwrFO66rOvF9DoG5U7XfSxDnmb7SOZHYAZD_E7sasPLZ6xFU0JGbtz4XDeV38DvoF57kRVKuGnA1wrJB60zyWv-7DYazyajJctAWMvY2yMg; path=/; samesite=lax', 'X-Frame-Options': 'SAMEORIGIN'}
Response cookies: <RequestsCookieJar[<Cookie .ASPXAUTH=CfDJ8KOx5pzs3vJMgjraUoy-gb6riE9uFsTvw4mbbTGwSz1FfXZ5SXX_ubZP1g8IAbUNopfP4m_jsacxlhqGjo_GLUk36VrruWO6G1fkGyMoyqPSUiMh8kZDiON2nZ340Om6Q8KZZBaHtwWtx7XN7j9-cV2cjCxEoVabgQTDbGZuuI1e85HAteUY5qBKNMRJTS3pcj-akGTCQMc6deM_Yyc01VZpZD2n2qUV5Ljo0raDOanZOmVxmPWgrN5d7R6-3fAlbfN1LFnNq_yKTWilqDgqFPK0I3YWkV_-0hHtPBL56zoLXG8w9tc5P3B6HNyQaikXo8uembcB483W8k99exbJui8tf7107DlkI-lcRzjyhLvohON_5VkGv6ORtbK4aiYo87VK3fPJ4_PBgPJHrK1kVZ49VRrL5Fg1O_cV3ysEABz22OZfYCgPiAGKGuk0UMeS_GuTvzdLhCIxtAzF0Ga1l5LQ4mINsTgFVJWRAIejA0S-q6IQmdySUc71NpGHCWQkGlywKNPV9Ae3eHRBy4IH5Q-aEcUaOQrEr3vBdelUTYdug2pjrBALgYgBiD0s4Hsg9AqxsVkkpiW5-B8ZS7_41UogHnsQWz60igFyaMfK_gomh0PxVP3TsDAG36AkgR-jFiS5njDlLhSVJDlDT-DYz5eo4-3NDeAwKEqOjx2y1aNvbjXTLSdD6SeEH9VASIO9QLDXX45-k96FmNm9QyxuNY8wfnc7bUTV26Zflc1XCHuXudPKEDVJP_XXokqIMP-tE08IyIWZ-93u9mTMCVcAiDVts3SlPEWM-u4LPc1mT3j9Kk9JL7Z2vFnUNh0y8t3ahw for localmail.itexpert.ru/>, <Cookie BPMCSRF=CfDJ8KOx5pzs3vJMgjraUoy-gb4lK-n5oLRdm5xHxwua0oCgQybhPRCTVOon2bMYCnVNLXjIg2oEwImIK-lDfSwy1CTzwrFO66rOvF9DoG5U7XfSxDnmb7SOZHYAZD_E7sasPLZ6xFU0JGbtz4XDeV38DvoF57kRVKuGnA1wrJB60zyWv-7DYazyajJctAWMvY2yMg for localmail.itexpert.ru/>, <Cookie CsrfToken=CfDJ8KOx5pzs3vJMgjraUoy-gb4q1jklLsCr3E6Z3LKPn51O3PlchYsj91blZiYlWzHF_mfmFaQHhEUi6TrVEQSvxo-L1DKLqS8PTa_2Sa1sjWjMJCuWAaz8MuAHee3kc75FEPkxzrtYBN3mEK7xPdKKHvY for localmail.itexpert.ru/>]>

-------

------
Test: None
Time: 2022-10-14 17:30:52.694723
Request method: POST
Request URL: http://localmail.itexpert.ru:5058/rest/SapErpIntegrationService/v1/UpdateOSDirectory
Request data: None
Request json: {'currentPage': 1, 'pageCount': 1, 'delta': 'F', 'item': [{'ANLN1': '240000240179', 'TXT50': 'Аппарат телефонный Cisco/CP-7945G=13', 'INVNR': '12121313', 'AKTIV': '29.03.2016', 'KOSTL': '1006103088', 'WERKS': '1002', 'STORT': '43', 'ANSW_END': '20000.00', 'RBW_END': '10000', 'MENGE': '2', 'POSNR': '1100648.80016-YO04-00013', 'GLO_RUS_OKOF16': '330.28.12', 'GLO_RUS_DEPGRN': '03', 'NDJAR': '003', 'DEAKT': '13.02.2023', 'KTEXT3': 'г.Санкт-Петербург ул.Почтамтская 3-5', 'ZZCNDPERNR': '00028076', 'CNDPERNR_NAME': 'Дернов ИН123', 'OS_STATUS': 'Активен', 'AWKEY': '09072021/2', 'GJAHR': '2021', 'ACT-ID': 'pre09072021/2', 'SERNR': '123йцу123йу1', 'row': 1, 'deleted': ''}]}
Request cookies: {'Content-Type': 'application/json', 'User-Agent': 'PostmanRuntime/7.29.0', 'Accept': '*/*', 'Cache-Control': 'Cache-Control', 'Host': 'localmail.itexpert.ru:5058', 'Accept-Encoding': 'gzip, deflate, br', 'Connection': 'keep-alive', 'Content-Length': '69', 'BPMCSRF': 'CfDJ8KOx5pzs3vJMgjraUoy-gb4lK-n5oLRdm5xHxwua0oCgQybhPRCTVOon2bMYCnVNLXjIg2oEwImIK-lDfSwy1CTzwrFO66rOvF9DoG5U7XfSxDnmb7SOZHYAZD_E7sasPLZ6xFU0JGbtz4XDeV38DvoF57kRVKuGnA1wrJB60zyWv-7DYazyajJctAWMvY2yMg'}
Request headers: <RequestsCookieJar[<Cookie .ASPXAUTH=CfDJ8KOx5pzs3vJMgjraUoy-gb6riE9uFsTvw4mbbTGwSz1FfXZ5SXX_ubZP1g8IAbUNopfP4m_jsacxlhqGjo_GLUk36VrruWO6G1fkGyMoyqPSUiMh8kZDiON2nZ340Om6Q8KZZBaHtwWtx7XN7j9-cV2cjCxEoVabgQTDbGZuuI1e85HAteUY5qBKNMRJTS3pcj-akGTCQMc6deM_Yyc01VZpZD2n2qUV5Ljo0raDOanZOmVxmPWgrN5d7R6-3fAlbfN1LFnNq_yKTWilqDgqFPK0I3YWkV_-0hHtPBL56zoLXG8w9tc5P3B6HNyQaikXo8uembcB483W8k99exbJui8tf7107DlkI-lcRzjyhLvohON_5VkGv6ORtbK4aiYo87VK3fPJ4_PBgPJHrK1kVZ49VRrL5Fg1O_cV3ysEABz22OZfYCgPiAGKGuk0UMeS_GuTvzdLhCIxtAzF0Ga1l5LQ4mINsTgFVJWRAIejA0S-q6IQmdySUc71NpGHCWQkGlywKNPV9Ae3eHRBy4IH5Q-aEcUaOQrEr3vBdelUTYdug2pjrBALgYgBiD0s4Hsg9AqxsVkkpiW5-B8ZS7_41UogHnsQWz60igFyaMfK_gomh0PxVP3TsDAG36AkgR-jFiS5njDlLhSVJDlDT-DYz5eo4-3NDeAwKEqOjx2y1aNvbjXTLSdD6SeEH9VASIO9QLDXX45-k96FmNm9QyxuNY8wfnc7bUTV26Zflc1XCHuXudPKEDVJP_XXokqIMP-tE08IyIWZ-93u9mTMCVcAiDVts3SlPEWM-u4LPc1mT3j9Kk9JL7Z2vFnUNh0y8t3ahw for localmail.itexpert.ru/>, <Cookie BPMCSRF=CfDJ8KOx5pzs3vJMgjraUoy-gb4lK-n5oLRdm5xHxwua0oCgQybhPRCTVOon2bMYCnVNLXjIg2oEwImIK-lDfSwy1CTzwrFO66rOvF9DoG5U7XfSxDnmb7SOZHYAZD_E7sasPLZ6xFU0JGbtz4XDeV38DvoF57kRVKuGnA1wrJB60zyWv-7DYazyajJctAWMvY2yMg for localmail.itexpert.ru/>, <Cookie CsrfToken=CfDJ8KOx5pzs3vJMgjraUoy-gb4q1jklLsCr3E6Z3LKPn51O3PlchYsj91blZiYlWzHF_mfmFaQHhEUi6TrVEQSvxo-L1DKLqS8PTa_2Sa1sjWjMJCuWAaz8MuAHee3kc75FEPkxzrtYBN3mEK7xPdKKHvY for localmail.itexpert.ru/>]>

-------
Response code: 200
Response text: {"result":[{"TYPE":"E","MESSAGE":"МВЗ не найдено в КСУИТ","ROW":1}],"isSuccessful":true,"message":"OK","success":true,"error":null,"status":200}
Response head: {'Date': 'Fri, 14 Oct 2022 12:30:56 GMT', 'Content-Type': 'application/json; charset=utf-8', 'Server': 'Kestrel', 'Content-Length': '162', 'Cache-Control': 'no-cache', 'Pragma': 'no-cache', 'Expires': '-1', 'Set-Cookie': 'BPMSESSIONID=CfDJ8KOx5pzs3vJMgjraUoy%2Bgb4qhj153hMcpfWB18NI%2F0mmWFjrNRWk72UHYFEgMNiK4SSgyGysXHN1%2FosJnKMkqmgVtNpmkqOuiGMlmIWSc6aewIJJFYrmGcHFsPnut5Iqt2g4Xr7itRqmCiAzYBYG3zXsAFubKIHeg83KRbDdf3Mj; path=/; samesite=lax; httponly'}
Response cookies: <RequestsCookieJar[<Cookie BPMSESSIONID=CfDJ8KOx5pzs3vJMgjraUoy%2Bgb4qhj153hMcpfWB18NI%2F0mmWFjrNRWk72UHYFEgMNiK4SSgyGysXHN1%2FosJnKMkqmgVtNpmkqOuiGMlmIWSc6aewIJJFYrmGcHFsPnut5Iqt2g4Xr7itRqmCiAzYBYG3zXsAFubKIHeg83KRbDdf3Mj for localmail.itexpert.ru/>]>

-------

------
Test: None
Time: 2022-10-14 17:30:53.719684
Request method: POST
Request URL: http://localmail.itexpert.ru:5058/ServiceModel/AuthService.svc/Login
Request data: None
Request json: {'UserName': 'Supervisor', 'UserPassword': '!Supervisor123Test!'}
Request cookies: {'Content-Type': 'application/json', 'User-Agent': 'PostmanRuntime/7.29.0', 'Accept': '*/*', 'Cache-Control': 'Cache-Control', 'Host': 'localmail.itexpert.ru:5058', 'Accept-Encoding': 'gzip, deflate, br', 'Connection': 'keep-alive', 'Content-Length': '69'}
Request headers: {}

-------
Response code: 200
Response text: {"RedirectUrl":null,"PasswordChangeUrl":null,"Exception":null,"Code":0,"Message":""}
Response head: {'Date': 'Fri, 14 Oct 2022 12:30:56 GMT', 'Content-Type': 'application/json; charset=utf-8', 'Server': 'Kestrel', 'Content-Length': '84', 'Cache-Control': 'no-cache', 'Pragma': 'no-cache', 'Expires': 'Thu, 01 Jan 1970 00:00:00 GMT', 'Set-Cookie': 'BPMSESSIONID=; expires=Thu, 01 Jan 1970 00:00:00 GMT; path=/; samesite=lax, .ASPXAUTH=CfDJ8KOx5pzs3vJMgjraUoy-gb5eeB49hH4HjB7UNEA7TvMxgib0QiawbR_V3X-SPlsL9CmeWmQZFJFhINguhS8tfDxPzWi5jIEFpBQOLdT1DaOnvSanQU2_Fu44a6P20l9mLWzBpngse4l68Mi07XH9hCpEfJKxFQ3UVx8xlKSFpknlzb9eAJTpOR6ZR6XfSS9EEKf9QVLGLq9zTY59YgTXIJVkN6mPvC_Ir03jwyvuyZEtOGVSPvWQEJwVeoI6kvs4qUURG08qFztgbnAyVZPy95v7qrSTv-xDypfO8F6nFUxM-joPRBG_dHC49IG_d9rgU28tHrzvKoBmDAbvB9VoF7Ga7W7gkOiDOohTJIn1RqDfxdWRsLWbxmlG8k51z6urd-Itq0oqgKR0FLFlcjQy6csYU3MndfBypqjiiH2x-3qK8-2ql4lrn3AiLvdwWcak3xRi5yviwaw2t8i90LvrlO4pWCg28o4zY2PH2XqBc7ZJNKPgEeiavD0aaiM9ru-u9gcYctMzCiXxdCx3lnGAyDc3g9HXafkt9eX6KfvpnfGhPEwGNvmuL3-FYA8neJ4rktpE2rqu6-l7gfM2S4EPagr6VM9fijMOZHXFE572yOZw3Q63xfdLGJqKUgoKrYoMIhf_JjBzsUx7yrkwZmqkBwjZS-La_PWdFg5mw9XI4GgX8rQ40MLy-soB_IookV77WF0PZiHE7v8mdQGq9rFzQQsC9ctyH4fAVCpc5QMvoE2HPqX0HfY_vsmDezwEQa_1LZM7U62MiQPMMMAKXz651nMrUWXPgpbWUopBYoU_RU2a818zebCUmf0t_oA3AHix6g; path=/; samesite=lax; httponly, CsrfToken=CfDJ8KOx5pzs3vJMgjraUoy-gb5W-rIuE2dTOPcdGSlI-gorK8i8Ekx-sgulGRsh53Kxy_S1zxwkigtTFlzR8KtrlxEXfDgC84lvLgQVzhyNunr2yt1nlCdp7gDnwslS-oD4ihEsjB1RHYTblW-Rc_qg878; path=/; samesite=lax; httponly, BPMCSRF=CfDJ8KOx5pzs3vJMgjraUoy-gb4dTEo2lWnzzTq4MvsNy6gwEin4dUgJFL3qJ1hTkesJyFgzf3La46F9B7qc0empAPwH3wtevy1HLrejXnZmwrGtVJzb5rMNVrLmxDpmcxfElzWKpChNbYD4PXpriL6cqTfNTQcWiZPT92SghNI6AfatwTsPoUS5p0No_AcywDgmmw; path=/; samesite=lax', 'X-Frame-Options': 'SAMEORIGIN'}
Response cookies: <RequestsCookieJar[<Cookie .ASPXAUTH=CfDJ8KOx5pzs3vJMgjraUoy-gb5eeB49hH4HjB7UNEA7TvMxgib0QiawbR_V3X-SPlsL9CmeWmQZFJFhINguhS8tfDxPzWi5jIEFpBQOLdT1DaOnvSanQU2_Fu44a6P20l9mLWzBpngse4l68Mi07XH9hCpEfJKxFQ3UVx8xlKSFpknlzb9eAJTpOR6ZR6XfSS9EEKf9QVLGLq9zTY59YgTXIJVkN6mPvC_Ir03jwyvuyZEtOGVSPvWQEJwVeoI6kvs4qUURG08qFztgbnAyVZPy95v7qrSTv-xDypfO8F6nFUxM-joPRBG_dHC49IG_d9rgU28tHrzvKoBmDAbvB9VoF7Ga7W7gkOiDOohTJIn1RqDfxdWRsLWbxmlG8k51z6urd-Itq0oqgKR0FLFlcjQy6csYU3MndfBypqjiiH2x-3qK8-2ql4lrn3AiLvdwWcak3xRi5yviwaw2t8i90LvrlO4pWCg28o4zY2PH2XqBc7ZJNKPgEeiavD0aaiM9ru-u9gcYctMzCiXxdCx3lnGAyDc3g9HXafkt9eX6KfvpnfGhPEwGNvmuL3-FYA8neJ4rktpE2rqu6-l7gfM2S4EPagr6VM9fijMOZHXFE572yOZw3Q63xfdLGJqKUgoKrYoMIhf_JjBzsUx7yrkwZmqkBwjZS-La_PWdFg5mw9XI4GgX8rQ40MLy-soB_IookV77WF0PZiHE7v8mdQGq9rFzQQsC9ctyH4fAVCpc5QMvoE2HPqX0HfY_vsmDezwEQa_1LZM7U62MiQPMMMAKXz651nMrUWXPgpbWUopBYoU_RU2a818zebCUmf0t_oA3AHix6g for localmail.itexpert.ru/>, <Cookie BPMCSRF=CfDJ8KOx5pzs3vJMgjraUoy-gb4dTEo2lWnzzTq4MvsNy6gwEin4dUgJFL3qJ1hTkesJyFgzf3La46F9B7qc0empAPwH3wtevy1HLrejXnZmwrGtVJzb5rMNVrLmxDpmcxfElzWKpChNbYD4PXpriL6cqTfNTQcWiZPT92SghNI6AfatwTsPoUS5p0No_AcywDgmmw for localmail.itexpert.ru/>, <Cookie CsrfToken=CfDJ8KOx5pzs3vJMgjraUoy-gb5W-rIuE2dTOPcdGSlI-gorK8i8Ekx-sgulGRsh53Kxy_S1zxwkigtTFlzR8KtrlxEXfDgC84lvLgQVzhyNunr2yt1nlCdp7gDnwslS-oD4ihEsjB1RHYTblW-Rc_qg878 for localmail.itexpert.ru/>]>

-------

------
Test: None
Time: 2022-10-14 17:30:53.981680
Request method: POST
Request URL: http://localmail.itexpert.ru:5058/rest/SapErpIntegrationService/v1/UpdateOSDirectory
Request data: None
Request json: {'currentPage': 1, 'pageCount': 1, 'delta': 'F', 'item': [{'ANLN1': '240000240179', 'TXT50': 'Аппарат телефонный Cisco/CP-7945G=13', 'INVNR': '12121313', 'AKTIV': '29.03.2016', 'KOSTL': '1006103050', 'WERKS': '1002', 'STORT': '43', 'ANSW_END': '20000.00', 'RBW_END': '10000', 'MENGE': '2', 'POSNR': '1100648.80016-YO04-00011', 'GLO_RUS_OKOF16': '330.28.12', 'GLO_RUS_DEPGRN': '03', 'NDJAR': '003', 'DEAKT': '13.02.2023', 'KTEXT3': 'г.Санкт-Петербург ул.Почтамтская 3-5', 'ZZCNDPERNR': '00028076', 'CNDPERNR_NAME': 'Дернов ИН123', 'OS_STATUS': 'Активен', 'AWKEY': '09072021/2', 'GJAHR': '2021', 'ACT-ID': 'pre09072021/2', 'SERNR': '123йцу123йу1', 'row': 1, 'deleted': ''}]}
Request cookies: {'Content-Type': 'application/json', 'User-Agent': 'PostmanRuntime/7.29.0', 'Accept': '*/*', 'Cache-Control': 'Cache-Control', 'Host': 'localmail.itexpert.ru:5058', 'Accept-Encoding': 'gzip, deflate, br', 'Connection': 'keep-alive', 'Content-Length': '69', 'BPMCSRF': 'CfDJ8KOx5pzs3vJMgjraUoy-gb4dTEo2lWnzzTq4MvsNy6gwEin4dUgJFL3qJ1hTkesJyFgzf3La46F9B7qc0empAPwH3wtevy1HLrejXnZmwrGtVJzb5rMNVrLmxDpmcxfElzWKpChNbYD4PXpriL6cqTfNTQcWiZPT92SghNI6AfatwTsPoUS5p0No_AcywDgmmw'}
Request headers: <RequestsCookieJar[<Cookie .ASPXAUTH=CfDJ8KOx5pzs3vJMgjraUoy-gb5eeB49hH4HjB7UNEA7TvMxgib0QiawbR_V3X-SPlsL9CmeWmQZFJFhINguhS8tfDxPzWi5jIEFpBQOLdT1DaOnvSanQU2_Fu44a6P20l9mLWzBpngse4l68Mi07XH9hCpEfJKxFQ3UVx8xlKSFpknlzb9eAJTpOR6ZR6XfSS9EEKf9QVLGLq9zTY59YgTXIJVkN6mPvC_Ir03jwyvuyZEtOGVSPvWQEJwVeoI6kvs4qUURG08qFztgbnAyVZPy95v7qrSTv-xDypfO8F6nFUxM-joPRBG_dHC49IG_d9rgU28tHrzvKoBmDAbvB9VoF7Ga7W7gkOiDOohTJIn1RqDfxdWRsLWbxmlG8k51z6urd-Itq0oqgKR0FLFlcjQy6csYU3MndfBypqjiiH2x-3qK8-2ql4lrn3AiLvdwWcak3xRi5yviwaw2t8i90LvrlO4pWCg28o4zY2PH2XqBc7ZJNKPgEeiavD0aaiM9ru-u9gcYctMzCiXxdCx3lnGAyDc3g9HXafkt9eX6KfvpnfGhPEwGNvmuL3-FYA8neJ4rktpE2rqu6-l7gfM2S4EPagr6VM9fijMOZHXFE572yOZw3Q63xfdLGJqKUgoKrYoMIhf_JjBzsUx7yrkwZmqkBwjZS-La_PWdFg5mw9XI4GgX8rQ40MLy-soB_IookV77WF0PZiHE7v8mdQGq9rFzQQsC9ctyH4fAVCpc5QMvoE2HPqX0HfY_vsmDezwEQa_1LZM7U62MiQPMMMAKXz651nMrUWXPgpbWUopBYoU_RU2a818zebCUmf0t_oA3AHix6g for localmail.itexpert.ru/>, <Cookie BPMCSRF=CfDJ8KOx5pzs3vJMgjraUoy-gb4dTEo2lWnzzTq4MvsNy6gwEin4dUgJFL3qJ1hTkesJyFgzf3La46F9B7qc0empAPwH3wtevy1HLrejXnZmwrGtVJzb5rMNVrLmxDpmcxfElzWKpChNbYD4PXpriL6cqTfNTQcWiZPT92SghNI6AfatwTsPoUS5p0No_AcywDgmmw for localmail.itexpert.ru/>, <Cookie CsrfToken=CfDJ8KOx5pzs3vJMgjraUoy-gb5W-rIuE2dTOPcdGSlI-gorK8i8Ekx-sgulGRsh53Kxy_S1zxwkigtTFlzR8KtrlxEXfDgC84lvLgQVzhyNunr2yt1nlCdp7gDnwslS-oD4ihEsjB1RHYTblW-Rc_qg878 for localmail.itexpert.ru/>]>

-------
Response code: 200
Response text: {"result":[{"TYPE":"E","MESSAGE":"СПП-элемент не найден в КСУИТ","ROW":1}],"isSuccessful":true,"message":"OK","success":true,"error":null,"status":200}
Response head: {'Date': 'Fri, 14 Oct 2022 12:30:57 GMT', 'Content-Type': 'application/json; charset=utf-8', 'Server': 'Kestrel', 'Content-Length': '175', 'Cache-Control': 'no-cache', 'Pragma': 'no-cache', 'Expires': '-1', 'Set-Cookie': 'BPMSESSIONID=CfDJ8KOx5pzs3vJMgjraUoy%2Bgb6GRMPt4cas3aI8C6t9X5hoO7x7Na20LeVQfSLLXZbTtBEncyRucuf%2BSbg0MsRg0Axg0towtbjLcFBMSoPBLhQukgqbLyc5mVwJxtFPrl7RstFYeQUH7QWHQgKeh%2Bh0UBePvG3kdPifSFnerKUjFW3X; path=/; samesite=lax; httponly'}
Response cookies: <RequestsCookieJar[<Cookie BPMSESSIONID=CfDJ8KOx5pzs3vJMgjraUoy%2Bgb6GRMPt4cas3aI8C6t9X5hoO7x7Na20LeVQfSLLXZbTtBEncyRucuf%2BSbg0MsRg0Axg0towtbjLcFBMSoPBLhQukgqbLyc5mVwJxtFPrl7RstFYeQUH7QWHQgKeh%2Bh0UBePvG3kdPifSFnerKUjFW3X for localmail.itexpert.ru/>]>

-------

------
Test: None
Time: 2022-10-14 17:30:54.709638
Request method: POST
Request URL: http://localmail.itexpert.ru:5058/ServiceModel/AuthService.svc/Login
Request data: None
Request json: {'UserName': 'Supervisor', 'UserPassword': '!Supervisor123Test!'}
Request cookies: {'Content-Type': 'application/json', 'User-Agent': 'PostmanRuntime/7.29.0', 'Accept': '*/*', 'Cache-Control': 'Cache-Control', 'Host': 'localmail.itexpert.ru:5058', 'Accept-Encoding': 'gzip, deflate, br', 'Connection': 'keep-alive', 'Content-Length': '69'}
Request headers: {}

-------
Response code: 200
Response text: {"RedirectUrl":null,"PasswordChangeUrl":null,"Exception":null,"Code":0,"Message":""}
Response head: {'Date': 'Fri, 14 Oct 2022 12:30:57 GMT', 'Content-Type': 'application/json; charset=utf-8', 'Server': 'Kestrel', 'Content-Length': '84', 'Cache-Control': 'no-cache', 'Pragma': 'no-cache', 'Expires': 'Thu, 01 Jan 1970 00:00:00 GMT', 'Set-Cookie': 'BPMSESSIONID=; expires=Thu, 01 Jan 1970 00:00:00 GMT; path=/; samesite=lax, .ASPXAUTH=CfDJ8KOx5pzs3vJMgjraUoy-gb49mUS1wfTB-PTRreF2J6Zr_nuJASLRt58UHyT2xH97WisNrl_kfOCAp9rGhZOhelLK3HuEnOeUhhdy0jaWv6H96zrN2m3B0ShikeZ8bYACzVgC_O3ZqsKsjW0csFXE-QBzHbSZRJFXLTa6nZlluF2JAQ69YwY2uP4SO0MsdpX6pkcBEhy2ff9LYpBzS3V-iZehSfc58s-g_1pVDZA-kdRPszPaRBRQJfgg55o-C0zaJKALOoUDEFrZWARe8Ini2hRw2xWzxkNJooWzRIZ0nUtTQV2BIoIo3J9FEBQwAbBAzUAxJb3QBVOx-CoINsXCUrPuEM7JpxqJd_svwlXkd474shHggpL21z7vyDfZJPk3vuYtKw9TyKFQbtIbQJlYiFVMQOKb_PKKThZldOrq0S-2sRZ-5dPHGJe_Tlx9IIj3pu_BnzhL399mZRZyg3FsLIAeSqFumbJFAV9jKza4Aa04rPgadwJGksdAqv4UjDg7ux5siTTerooTrmSCMCyTnOcKiQQQQCDEXKd49WiHHkABhzR5rAifFwtojr_j8A9dnLrSK7j44QH7yqlPxjRDnrrpwey7uy1LZWDvC_UEDKb0h0Mr8nAEHRu4o0-z8VQJrL8oWt91kODRTCeUlUNzA1ddD-EGod_9fGAoWZNjwOShc3pn7gBMRHQG4grjzwhkbnTD89YRhhmfP9M8wstx3qz6svVCnnVKpXVElJi6mUmmd-15BlWPC0UFkA3DTI6Apm8BIj7SA367mugHhW2lJBReTCVaamcKMc56IYeSdv86YnSIZ1aI_D8UAkZKFPOIMQ; path=/; samesite=lax; httponly, CsrfToken=CfDJ8KOx5pzs3vJMgjraUoy-gb59iuQADZFrMjkVk6e-6TVPP5rOW0_AO3Cb2dcBfd66DB64oBOD69gP7IeDmYH1EQh8QSv_Ly8vyegNr2cTNecKoZkZ9VGNSInj_YXdfqqmeHDtpX-rlHy6HT6pHsELqQk; path=/; samesite=lax; httponly, BPMCSRF=CfDJ8KOx5pzs3vJMgjraUoy-gb4U8DB9kYcE7ohIkQqb0TFdNafajYVBWEiCvzvn2fACSLZDsgmyIT4MfoCcUgHR155vmfyoAZjmqroR_uPlrPdsJaF12PsI6x2g1o1xAqvZC9RKVOUKYFXnfuSLEBiRlM5Of6qcyR9-ywZVHOZIqPWIWBqKL7lUDgVmI-vkWgjfxg; path=/; samesite=lax', 'X-Frame-Options': 'SAMEORIGIN'}
Response cookies: <RequestsCookieJar[<Cookie .ASPXAUTH=CfDJ8KOx5pzs3vJMgjraUoy-gb49mUS1wfTB-PTRreF2J6Zr_nuJASLRt58UHyT2xH97WisNrl_kfOCAp9rGhZOhelLK3HuEnOeUhhdy0jaWv6H96zrN2m3B0ShikeZ8bYACzVgC_O3ZqsKsjW0csFXE-QBzHbSZRJFXLTa6nZlluF2JAQ69YwY2uP4SO0MsdpX6pkcBEhy2ff9LYpBzS3V-iZehSfc58s-g_1pVDZA-kdRPszPaRBRQJfgg55o-C0zaJKALOoUDEFrZWARe8Ini2hRw2xWzxkNJooWzRIZ0nUtTQV2BIoIo3J9FEBQwAbBAzUAxJb3QBVOx-CoINsXCUrPuEM7JpxqJd_svwlXkd474shHggpL21z7vyDfZJPk3vuYtKw9TyKFQbtIbQJlYiFVMQOKb_PKKThZldOrq0S-2sRZ-5dPHGJe_Tlx9IIj3pu_BnzhL399mZRZyg3FsLIAeSqFumbJFAV9jKza4Aa04rPgadwJGksdAqv4UjDg7ux5siTTerooTrmSCMCyTnOcKiQQQQCDEXKd49WiHHkABhzR5rAifFwtojr_j8A9dnLrSK7j44QH7yqlPxjRDnrrpwey7uy1LZWDvC_UEDKb0h0Mr8nAEHRu4o0-z8VQJrL8oWt91kODRTCeUlUNzA1ddD-EGod_9fGAoWZNjwOShc3pn7gBMRHQG4grjzwhkbnTD89YRhhmfP9M8wstx3qz6svVCnnVKpXVElJi6mUmmd-15BlWPC0UFkA3DTI6Apm8BIj7SA367mugHhW2lJBReTCVaamcKMc56IYeSdv86YnSIZ1aI_D8UAkZKFPOIMQ for localmail.itexpert.ru/>, <Cookie BPMCSRF=CfDJ8KOx5pzs3vJMgjraUoy-gb4U8DB9kYcE7ohIkQqb0TFdNafajYVBWEiCvzvn2fACSLZDsgmyIT4MfoCcUgHR155vmfyoAZjmqroR_uPlrPdsJaF12PsI6x2g1o1xAqvZC9RKVOUKYFXnfuSLEBiRlM5Of6qcyR9-ywZVHOZIqPWIWBqKL7lUDgVmI-vkWgjfxg for localmail.itexpert.ru/>, <Cookie CsrfToken=CfDJ8KOx5pzs3vJMgjraUoy-gb59iuQADZFrMjkVk6e-6TVPP5rOW0_AO3Cb2dcBfd66DB64oBOD69gP7IeDmYH1EQh8QSv_Ly8vyegNr2cTNecKoZkZ9VGNSInj_YXdfqqmeHDtpX-rlHy6HT6pHsELqQk for localmail.itexpert.ru/>]>

-------

------
Test: None
Time: 2022-10-14 17:30:54.968732
Request method: POST
Request URL: http://localmail.itexpert.ru:5058/rest/SapErpIntegrationService/v1/UpdateOSDirectory
Request data: None
Request json: {'currentPage': 1, 'pageCount': 1, 'delta': 'F', 'item': [{'ANLN1': '240000240179', 'TXT50': 'Аппарат телефонный Cisco/CP-7945G=13', 'INVNR': '12121313', 'AKTIV': '29.03.2016', 'KOSTL': '1006103050', 'WERKS': '1002', 'STORT': '43', 'ANSW_END': '20000.00', 'RBW_END': '10000', 'MENGE': '2', 'POSNR': '1100648.80016-YO04-00013', 'GLO_RUS_OKOF16': '330.28.12', 'GLO_RUS_DEPGRN': '03', 'NDJAR': '003', 'DEAKT': '13.02.2023', 'KTEXT3': 'г.Санкт-Петербург ул.Почтамтская 3-5', 'ZZCNDPERNR': '00028076', 'CNDPERNR_NAME': 'Дернов ИН123', 'OS_STATUS': 'Активе', 'AWKEY': '09072021/2', 'GJAHR': '2021', 'ACT-ID': 'pre09072021/2', 'SERNR': '123йцу123йу1', 'row': 1, 'deleted': ''}]}
Request cookies: {'Content-Type': 'application/json', 'User-Agent': 'PostmanRuntime/7.29.0', 'Accept': '*/*', 'Cache-Control': 'Cache-Control', 'Host': 'localmail.itexpert.ru:5058', 'Accept-Encoding': 'gzip, deflate, br', 'Connection': 'keep-alive', 'Content-Length': '69', 'BPMCSRF': 'CfDJ8KOx5pzs3vJMgjraUoy-gb4U8DB9kYcE7ohIkQqb0TFdNafajYVBWEiCvzvn2fACSLZDsgmyIT4MfoCcUgHR155vmfyoAZjmqroR_uPlrPdsJaF12PsI6x2g1o1xAqvZC9RKVOUKYFXnfuSLEBiRlM5Of6qcyR9-ywZVHOZIqPWIWBqKL7lUDgVmI-vkWgjfxg'}
Request headers: <RequestsCookieJar[<Cookie .ASPXAUTH=CfDJ8KOx5pzs3vJMgjraUoy-gb49mUS1wfTB-PTRreF2J6Zr_nuJASLRt58UHyT2xH97WisNrl_kfOCAp9rGhZOhelLK3HuEnOeUhhdy0jaWv6H96zrN2m3B0ShikeZ8bYACzVgC_O3ZqsKsjW0csFXE-QBzHbSZRJFXLTa6nZlluF2JAQ69YwY2uP4SO0MsdpX6pkcBEhy2ff9LYpBzS3V-iZehSfc58s-g_1pVDZA-kdRPszPaRBRQJfgg55o-C0zaJKALOoUDEFrZWARe8Ini2hRw2xWzxkNJooWzRIZ0nUtTQV2BIoIo3J9FEBQwAbBAzUAxJb3QBVOx-CoINsXCUrPuEM7JpxqJd_svwlXkd474shHggpL21z7vyDfZJPk3vuYtKw9TyKFQbtIbQJlYiFVMQOKb_PKKThZldOrq0S-2sRZ-5dPHGJe_Tlx9IIj3pu_BnzhL399mZRZyg3FsLIAeSqFumbJFAV9jKza4Aa04rPgadwJGksdAqv4UjDg7ux5siTTerooTrmSCMCyTnOcKiQQQQCDEXKd49WiHHkABhzR5rAifFwtojr_j8A9dnLrSK7j44QH7yqlPxjRDnrrpwey7uy1LZWDvC_UEDKb0h0Mr8nAEHRu4o0-z8VQJrL8oWt91kODRTCeUlUNzA1ddD-EGod_9fGAoWZNjwOShc3pn7gBMRHQG4grjzwhkbnTD89YRhhmfP9M8wstx3qz6svVCnnVKpXVElJi6mUmmd-15BlWPC0UFkA3DTI6Apm8BIj7SA367mugHhW2lJBReTCVaamcKMc56IYeSdv86YnSIZ1aI_D8UAkZKFPOIMQ for localmail.itexpert.ru/>, <Cookie BPMCSRF=CfDJ8KOx5pzs3vJMgjraUoy-gb4U8DB9kYcE7ohIkQqb0TFdNafajYVBWEiCvzvn2fACSLZDsgmyIT4MfoCcUgHR155vmfyoAZjmqroR_uPlrPdsJaF12PsI6x2g1o1xAqvZC9RKVOUKYFXnfuSLEBiRlM5Of6qcyR9-ywZVHOZIqPWIWBqKL7lUDgVmI-vkWgjfxg for localmail.itexpert.ru/>, <Cookie CsrfToken=CfDJ8KOx5pzs3vJMgjraUoy-gb59iuQADZFrMjkVk6e-6TVPP5rOW0_AO3Cb2dcBfd66DB64oBOD69gP7IeDmYH1EQh8QSv_Ly8vyegNr2cTNecKoZkZ9VGNSInj_YXdfqqmeHDtpX-rlHy6HT6pHsELqQk for localmail.itexpert.ru/>]>

-------
Response code: 200
Response text: {"result":[{"TYPE":"E","MESSAGE":"Статус не найден в КСУИТ","ROW":1}],"isSuccessful":true,"message":"OK","success":true,"error":null,"status":200}
Response head: {'Date': 'Fri, 14 Oct 2022 12:30:58 GMT', 'Content-Type': 'application/json; charset=utf-8', 'Server': 'Kestrel', 'Content-Length': '166', 'Cache-Control': 'no-cache', 'Pragma': 'no-cache', 'Expires': '-1', 'Set-Cookie': 'BPMSESSIONID=CfDJ8KOx5pzs3vJMgjraUoy%2Bgb6SjkiJEeI73Lm5gYx9yQgeNYlWyUfg4xiMUBQGiqQNe0OaJGh7IxWEX7cvjXKkCooBEIaZBhrLs%2F0qhxWDPPiaRvAjXjZURt23v6BpkWFqw68y8bxN6IbAshtX6knrk29%2BMxocJwWH6mB6l8SxfwMY; path=/; samesite=lax; httponly'}
Response cookies: <RequestsCookieJar[<Cookie BPMSESSIONID=CfDJ8KOx5pzs3vJMgjraUoy%2Bgb6SjkiJEeI73Lm5gYx9yQgeNYlWyUfg4xiMUBQGiqQNe0OaJGh7IxWEX7cvjXKkCooBEIaZBhrLs%2F0qhxWDPPiaRvAjXjZURt23v6BpkWFqw68y8bxN6IbAshtX6knrk29%2BMxocJwWH6mB6l8SxfwMY for localmail.itexpert.ru/>]>

-------

------
Test: None
Time: 2022-10-14 17:30:55.664257
Request method: POST
Request URL: http://localmail.itexpert.ru:5058/ServiceModel/AuthService.svc/Login
Request data: None
Request json: {'UserName': 'Supervisor', 'UserPassword': '!Supervisor123Test!'}
Request cookies: {'Content-Type': 'application/json', 'User-Agent': 'PostmanRuntime/7.29.0', 'Accept': '*/*', 'Cache-Control': 'Cache-Control', 'Host': 'localmail.itexpert.ru:5058', 'Accept-Encoding': 'gzip, deflate, br', 'Connection': 'keep-alive', 'Content-Length': '69'}
Request headers: {}

-------
Response code: 200
Response text: {"RedirectUrl":null,"PasswordChangeUrl":null,"Exception":null,"Code":0,"Message":""}
Response head: {'Date': 'Fri, 14 Oct 2022 12:30:58 GMT', 'Content-Type': 'application/json; charset=utf-8', 'Server': 'Kestrel', 'Content-Length': '84', 'Cache-Control': 'no-cache', 'Pragma': 'no-cache', 'Expires': 'Thu, 01 Jan 1970 00:00:00 GMT', 'Set-Cookie': 'BPMSESSIONID=; expires=Thu, 01 Jan 1970 00:00:00 GMT; path=/; samesite=lax, .ASPXAUTH=CfDJ8KOx5pzs3vJMgjraUoy-gb7-yRwvZvLxTXsgt1NoyQLr9b-ZeEkkEul8V_gk4626QXf9XvgAAMBNYS-tG2Nsy_qQOk5p2khL2le6PO37rgg4Aai7rvxSamtCNOlhKwv5HhmfFLWsfZ_NorBDK_rii9MlMBC6lLQH1w3bPuQhFVr71Z8IPP9yj0O8dIb34r_kVPCJIiqEGqfhzAqZepHkoEVDXHbuNZ8wb59Vqv9JBP4X73arED_QcByJV1YmvDBhOEnx4IccIUbw8I2F-rxUR58_MEnJoJfNOt021UAC7CQO8Aqj2NaHQ0T9uPp74LmT78ek7dl5iO0X-chuxL32VGnxbCA_CkA1VOzBzng1plViVLKns9BBwB0NZPH0CR3Yg1oTfx1UUqCoWdThqrukMjBTwwzFeK5HhTcbDn_uA61MqfrPYBAEEPsPCBcGgiZQP9ZvDJPAY1fiBTemiKOVb7MozHjz3o6ykUGZqROl00_cRGAYGFxKwAi9pSlCJS1fU3c_gqjradqdvmBBrAG5DCRbZc33cdTyOZvBND3glUefbR5oDcH2YdvH_v5dU9yMGEJ_jDi4TFXbxxjxYezMpJYL19bnKIwnAYyl2eUeHLVOvisHIYN-H15EVq-uZzCD-NpO_mNB5MbI4rUJ3MoY6UbIYcyhPHNU4q0G1T8zhq2n_JsmJ5jRgcMzfUSR5F-0FhCqEKEFUOWFxIlI-xbK9WNFdDyJMWWXnvtq-oxPX3AmixZDwFgHBWksZZSlWs4f6Xmzn0PyKc5XkEbHXo67MVPr9-_SD49Fm2FdxAg5l8HfdofYEYzwtSad1I1uRthqJw; path=/; samesite=lax; httponly, CsrfToken=CfDJ8KOx5pzs3vJMgjraUoy-gb7ax7_f_q3vhzvrJRAdeoFszwompwhb2Zn9gbnpS_MLXOiUeT_8ehyRnRnpstgoOXmlqmg9DHP2FvdImb0m1tEXEtTHWiUaClcz7JnhOv7sPVu_c4L-SBz5c7v_BWM2-EU; path=/; samesite=lax; httponly, BPMCSRF=CfDJ8KOx5pzs3vJMgjraUoy-gb5wRvDu5VyClT-il8sWoVIqyQoPdJd5BUUDCgL8AIrtHhs7XKoEk-uSr6rYCH5e4jv6y_FNga1og1SAqeZCCB2VxHEC-rgQdbrpeDu1OJUsKh_aiz01Githjh0Pq81LxZoiQVOXJCW_YSZrgZPYCvOMm6vdJEDTmeSR0elPSHTABw; path=/; samesite=lax', 'X-Frame-Options': 'SAMEORIGIN'}
Response cookies: <RequestsCookieJar[<Cookie .ASPXAUTH=CfDJ8KOx5pzs3vJMgjraUoy-gb7-yRwvZvLxTXsgt1NoyQLr9b-ZeEkkEul8V_gk4626QXf9XvgAAMBNYS-tG2Nsy_qQOk5p2khL2le6PO37rgg4Aai7rvxSamtCNOlhKwv5HhmfFLWsfZ_NorBDK_rii9MlMBC6lLQH1w3bPuQhFVr71Z8IPP9yj0O8dIb34r_kVPCJIiqEGqfhzAqZepHkoEVDXHbuNZ8wb59Vqv9JBP4X73arED_QcByJV1YmvDBhOEnx4IccIUbw8I2F-rxUR58_MEnJoJfNOt021UAC7CQO8Aqj2NaHQ0T9uPp74LmT78ek7dl5iO0X-chuxL32VGnxbCA_CkA1VOzBzng1plViVLKns9BBwB0NZPH0CR3Yg1oTfx1UUqCoWdThqrukMjBTwwzFeK5HhTcbDn_uA61MqfrPYBAEEPsPCBcGgiZQP9ZvDJPAY1fiBTemiKOVb7MozHjz3o6ykUGZqROl00_cRGAYGFxKwAi9pSlCJS1fU3c_gqjradqdvmBBrAG5DCRbZc33cdTyOZvBND3glUefbR5oDcH2YdvH_v5dU9yMGEJ_jDi4TFXbxxjxYezMpJYL19bnKIwnAYyl2eUeHLVOvisHIYN-H15EVq-uZzCD-NpO_mNB5MbI4rUJ3MoY6UbIYcyhPHNU4q0G1T8zhq2n_JsmJ5jRgcMzfUSR5F-0FhCqEKEFUOWFxIlI-xbK9WNFdDyJMWWXnvtq-oxPX3AmixZDwFgHBWksZZSlWs4f6Xmzn0PyKc5XkEbHXo67MVPr9-_SD49Fm2FdxAg5l8HfdofYEYzwtSad1I1uRthqJw for localmail.itexpert.ru/>, <Cookie BPMCSRF=CfDJ8KOx5pzs3vJMgjraUoy-gb5wRvDu5VyClT-il8sWoVIqyQoPdJd5BUUDCgL8AIrtHhs7XKoEk-uSr6rYCH5e4jv6y_FNga1og1SAqeZCCB2VxHEC-rgQdbrpeDu1OJUsKh_aiz01Githjh0Pq81LxZoiQVOXJCW_YSZrgZPYCvOMm6vdJEDTmeSR0elPSHTABw for localmail.itexpert.ru/>, <Cookie CsrfToken=CfDJ8KOx5pzs3vJMgjraUoy-gb7ax7_f_q3vhzvrJRAdeoFszwompwhb2Zn9gbnpS_MLXOiUeT_8ehyRnRnpstgoOXmlqmg9DHP2FvdImb0m1tEXEtTHWiUaClcz7JnhOv7sPVu_c4L-SBz5c7v_BWM2-EU for localmail.itexpert.ru/>]>

-------

------
Test: None
Time: 2022-10-14 17:30:55.927207
Request method: POST
Request URL: http://localmail.itexpert.ru:5058/rest/SapErpIntegrationService/v1/UpdateOSDirectory
Request data: None
Request json: {'currentPage': 2, 'pageCount': 1, 'delta': 'F', 'item': [{'ANLN1': '240000240179', 'TXT50': 'Аппарат телефонный Cisco/CP-7945G=13', 'INVNR': '12121313', 'AKTIV': '29.03.2016', 'KOSTL': '1006103050', 'WERKS': '1002', 'STORT': '43', 'ANSW_END': '20000.00', 'RBW_END': '10000', 'MENGE': '2', 'POSNR': '1100648.80016-YO04-00013', 'GLO_RUS_OKOF16': '330.28.12', 'GLO_RUS_DEPGRN': '03', 'NDJAR': '003', 'DEAKT': '13.02.2023', 'KTEXT3': 'г.Санкт-Петербург ул.Почтамтская 3-5', 'ZZCNDPERNR': '00028076', 'CNDPERNR_NAME': 'Дернов ИН123', 'OS_STATUS': 'Активен', 'AWKEY': '09072021/2', 'GJAHR': '2021', 'ACT-ID': 'pre09072021/2', 'SERNR': '123йцу123йу1', 'row': 1, 'deleted': ''}]}
Request cookies: {'Content-Type': 'application/json', 'User-Agent': 'PostmanRuntime/7.29.0', 'Accept': '*/*', 'Cache-Control': 'Cache-Control', 'Host': 'localmail.itexpert.ru:5058', 'Accept-Encoding': 'gzip, deflate, br', 'Connection': 'keep-alive', 'Content-Length': '69', 'BPMCSRF': 'CfDJ8KOx5pzs3vJMgjraUoy-gb5wRvDu5VyClT-il8sWoVIqyQoPdJd5BUUDCgL8AIrtHhs7XKoEk-uSr6rYCH5e4jv6y_FNga1og1SAqeZCCB2VxHEC-rgQdbrpeDu1OJUsKh_aiz01Githjh0Pq81LxZoiQVOXJCW_YSZrgZPYCvOMm6vdJEDTmeSR0elPSHTABw'}
Request headers: <RequestsCookieJar[<Cookie .ASPXAUTH=CfDJ8KOx5pzs3vJMgjraUoy-gb7-yRwvZvLxTXsgt1NoyQLr9b-ZeEkkEul8V_gk4626QXf9XvgAAMBNYS-tG2Nsy_qQOk5p2khL2le6PO37rgg4Aai7rvxSamtCNOlhKwv5HhmfFLWsfZ_NorBDK_rii9MlMBC6lLQH1w3bPuQhFVr71Z8IPP9yj0O8dIb34r_kVPCJIiqEGqfhzAqZepHkoEVDXHbuNZ8wb59Vqv9JBP4X73arED_QcByJV1YmvDBhOEnx4IccIUbw8I2F-rxUR58_MEnJoJfNOt021UAC7CQO8Aqj2NaHQ0T9uPp74LmT78ek7dl5iO0X-chuxL32VGnxbCA_CkA1VOzBzng1plViVLKns9BBwB0NZPH0CR3Yg1oTfx1UUqCoWdThqrukMjBTwwzFeK5HhTcbDn_uA61MqfrPYBAEEPsPCBcGgiZQP9ZvDJPAY1fiBTemiKOVb7MozHjz3o6ykUGZqROl00_cRGAYGFxKwAi9pSlCJS1fU3c_gqjradqdvmBBrAG5DCRbZc33cdTyOZvBND3glUefbR5oDcH2YdvH_v5dU9yMGEJ_jDi4TFXbxxjxYezMpJYL19bnKIwnAYyl2eUeHLVOvisHIYN-H15EVq-uZzCD-NpO_mNB5MbI4rUJ3MoY6UbIYcyhPHNU4q0G1T8zhq2n_JsmJ5jRgcMzfUSR5F-0FhCqEKEFUOWFxIlI-xbK9WNFdDyJMWWXnvtq-oxPX3AmixZDwFgHBWksZZSlWs4f6Xmzn0PyKc5XkEbHXo67MVPr9-_SD49Fm2FdxAg5l8HfdofYEYzwtSad1I1uRthqJw for localmail.itexpert.ru/>, <Cookie BPMCSRF=CfDJ8KOx5pzs3vJMgjraUoy-gb5wRvDu5VyClT-il8sWoVIqyQoPdJd5BUUDCgL8AIrtHhs7XKoEk-uSr6rYCH5e4jv6y_FNga1og1SAqeZCCB2VxHEC-rgQdbrpeDu1OJUsKh_aiz01Githjh0Pq81LxZoiQVOXJCW_YSZrgZPYCvOMm6vdJEDTmeSR0elPSHTABw for localmail.itexpert.ru/>, <Cookie CsrfToken=CfDJ8KOx5pzs3vJMgjraUoy-gb7ax7_f_q3vhzvrJRAdeoFszwompwhb2Zn9gbnpS_MLXOiUeT_8ehyRnRnpstgoOXmlqmg9DHP2FvdImb0m1tEXEtTHWiUaClcz7JnhOv7sPVu_c4L-SBz5c7v_BWM2-EU for localmail.itexpert.ru/>]>

-------
Response code: 200
Response text: {"result":null,"isSuccessful":false,"message":null,"success":false,"error":"Номер страницы превышает количество страниц","status":400}
Response head: {'Date': 'Fri, 14 Oct 2022 12:30:58 GMT', 'Content-Type': 'application/json; charset=utf-8', 'Server': 'Kestrel', 'Content-Length': '173', 'Cache-Control': 'no-cache', 'Pragma': 'no-cache', 'Expires': '-1', 'Set-Cookie': 'BPMSESSIONID=CfDJ8KOx5pzs3vJMgjraUoy%2Bgb4thjBgmZvdH8eNQ47%2Fx7pFXCO95X%2BN5PoQufb7NDvhqC64s5MYz4AHnWLF2SYmYSycDL90dxI5wraCnDxufu44DnD081QwSaolUa6oCTduKTVHjsV6YoXiTYcHz92T75EzrzB4Qre8IF9hn4ZMTjop; path=/; samesite=lax; httponly'}
Response cookies: <RequestsCookieJar[<Cookie BPMSESSIONID=CfDJ8KOx5pzs3vJMgjraUoy%2Bgb4thjBgmZvdH8eNQ47%2Fx7pFXCO95X%2BN5PoQufb7NDvhqC64s5MYz4AHnWLF2SYmYSycDL90dxI5wraCnDxufu44DnD081QwSaolUa6oCTduKTVHjsV6YoXiTYcHz92T75EzrzB4Qre8IF9hn4ZMTjop for localmail.itexpert.ru/>]>

-------

------
Test: None
Time: 2022-10-14 17:30:56.137847
Request method: POST
Request URL: http://localmail.itexpert.ru:5058/ServiceModel/AuthService.svc/Login
Request data: None
Request json: {'UserName': 'Supervisor', 'UserPassword': '!Supervisor123Test!'}
Request cookies: {'Content-Type': 'application/json', 'User-Agent': 'PostmanRuntime/7.29.0', 'Accept': '*/*', 'Cache-Control': 'Cache-Control', 'Host': 'localmail.itexpert.ru:5058', 'Accept-Encoding': 'gzip, deflate, br', 'Connection': 'keep-alive', 'Content-Length': '69'}
Request headers: {}

-------
Response code: 200
Response text: {"RedirectUrl":null,"PasswordChangeUrl":null,"Exception":null,"Code":0,"Message":""}
Response head: {'Date': 'Fri, 14 Oct 2022 12:30:59 GMT', 'Content-Type': 'application/json; charset=utf-8', 'Server': 'Kestrel', 'Content-Length': '84', 'Cache-Control': 'no-cache', 'Pragma': 'no-cache', 'Expires': 'Thu, 01 Jan 1970 00:00:00 GMT', 'Set-Cookie': 'BPMSESSIONID=; expires=Thu, 01 Jan 1970 00:00:00 GMT; path=/; samesite=lax, .ASPXAUTH=CfDJ8KOx5pzs3vJMgjraUoy-gb4L-50eeIQSRWReQ6SfxFA8lvY1-pAFctk9shpkulfGphb5qt7DLwpszD6pZFZOu_pAeC4rfO_UJdp5W_DYG7CyL_6JmWMsmVPaBLBQpKhhS2qZgaqE37I5BvJwjMi9SO6hW9FlYZ6U5JbzhssPnvCnd1XmN6c8SzzUkTMpXQxZoTwhNb1V8wsxccMWNk4Dd87QyuWyOK-ORn4feOG0fUWcViY0BtBYAavnRaIDhe2DT-DzBGVvzPNeWuM_iB6jeNjp1DmvZbnubOLqqayf6E5sLLGDwzRaYvzHLUWCtPfZeIuwqaL0OeekCKdM1WHCrSrHHXLDFzJXMPE7THWYaAfMekbiUXdnCtlK4K1F_hwRs-hQii0PgF6_LOBRnuYD053FUu6ZEsqbmN0H-eT2YuSYHSuTOZCtFvHJGL0THw79rrZsAO6NY9B01ixrrXUTlKKvmeXKAlktsK5-sVBEz3EBCDHyMGxC5uk4u5vRlwqjcGCdi6CrTg06XWHx9DbOVSb05u8BF7uqL1r0--qiX0gboJEMmwDebAT8nZ_UdfSGWMvN0QzCPmsYDONYCWi2ZNX6Hc7b8Bov8O9Gx-BurMTmkYwTIp0dNfklgUiF5ODaWr1KGf6_5uPmivW_NMu1VZ39Bpm4fkca2eVXr9L034VzoXqVjvVgJp-UmBjbE9FR9x4wS2XOYMZLEeawqdqeqv_DbdYpeUs1xjxYa0BtuM_snWkdH4AJDT0t1i3bol6DDKrOR1MCgh1PBoP3XTP2ESlvidCUg7a38MN81KbUSa5MdHMb0W7cKQANiuXfta3IFw; path=/; samesite=lax; httponly, CsrfToken=CfDJ8KOx5pzs3vJMgjraUoy-gb5Y1U37QoIS31lDrsR_U7QINlrujzFaykNr6oM4NVszA8eNAqpLIdfEuJ74qbnhZHNgb9PPPu1fkzSWZdqcpCNxK_MlWo6KSbsfxuch5Dcmj6HfrBw_FU-g1fMD1MI3nog; path=/; samesite=lax; httponly, BPMCSRF=CfDJ8KOx5pzs3vJMgjraUoy-gb5ra28ObZh7SEZ6XHvCYUBxF7sVLL1zyoiWBxgnyQw5DyxBd_14C8SmybzxkKE9WnPtel4kBx7A5omf1N5ewGbxOGQr5tg1setWjqvamo7KDMfDYuCX1rDsVyKZyW6OVpV4FonWXo-jOxtyMdWbvkiWB_s0cdlAO4ixUDXf4T0TLA; path=/; samesite=lax', 'X-Frame-Options': 'SAMEORIGIN'}
Response cookies: <RequestsCookieJar[<Cookie .ASPXAUTH=CfDJ8KOx5pzs3vJMgjraUoy-gb4L-50eeIQSRWReQ6SfxFA8lvY1-pAFctk9shpkulfGphb5qt7DLwpszD6pZFZOu_pAeC4rfO_UJdp5W_DYG7CyL_6JmWMsmVPaBLBQpKhhS2qZgaqE37I5BvJwjMi9SO6hW9FlYZ6U5JbzhssPnvCnd1XmN6c8SzzUkTMpXQxZoTwhNb1V8wsxccMWNk4Dd87QyuWyOK-ORn4feOG0fUWcViY0BtBYAavnRaIDhe2DT-DzBGVvzPNeWuM_iB6jeNjp1DmvZbnubOLqqayf6E5sLLGDwzRaYvzHLUWCtPfZeIuwqaL0OeekCKdM1WHCrSrHHXLDFzJXMPE7THWYaAfMekbiUXdnCtlK4K1F_hwRs-hQii0PgF6_LOBRnuYD053FUu6ZEsqbmN0H-eT2YuSYHSuTOZCtFvHJGL0THw79rrZsAO6NY9B01ixrrXUTlKKvmeXKAlktsK5-sVBEz3EBCDHyMGxC5uk4u5vRlwqjcGCdi6CrTg06XWHx9DbOVSb05u8BF7uqL1r0--qiX0gboJEMmwDebAT8nZ_UdfSGWMvN0QzCPmsYDONYCWi2ZNX6Hc7b8Bov8O9Gx-BurMTmkYwTIp0dNfklgUiF5ODaWr1KGf6_5uPmivW_NMu1VZ39Bpm4fkca2eVXr9L034VzoXqVjvVgJp-UmBjbE9FR9x4wS2XOYMZLEeawqdqeqv_DbdYpeUs1xjxYa0BtuM_snWkdH4AJDT0t1i3bol6DDKrOR1MCgh1PBoP3XTP2ESlvidCUg7a38MN81KbUSa5MdHMb0W7cKQANiuXfta3IFw for localmail.itexpert.ru/>, <Cookie BPMCSRF=CfDJ8KOx5pzs3vJMgjraUoy-gb5ra28ObZh7SEZ6XHvCYUBxF7sVLL1zyoiWBxgnyQw5DyxBd_14C8SmybzxkKE9WnPtel4kBx7A5omf1N5ewGbxOGQr5tg1setWjqvamo7KDMfDYuCX1rDsVyKZyW6OVpV4FonWXo-jOxtyMdWbvkiWB_s0cdlAO4ixUDXf4T0TLA for localmail.itexpert.ru/>, <Cookie CsrfToken=CfDJ8KOx5pzs3vJMgjraUoy-gb5Y1U37QoIS31lDrsR_U7QINlrujzFaykNr6oM4NVszA8eNAqpLIdfEuJ74qbnhZHNgb9PPPu1fkzSWZdqcpCNxK_MlWo6KSbsfxuch5Dcmj6HfrBw_FU-g1fMD1MI3nog for localmail.itexpert.ru/>]>

-------

------
Test: None
Time: 2022-10-14 17:30:56.399763
Request method: POST
Request URL: http://localmail.itexpert.ru:5058/rest/SapErpIntegrationService/v1/UpdateOSDirectory
Request data: None
Request json: {'currentPage': 1, 'pageCount': 1, 'delta': 'F', 'item': [{'ANLN1': '240000240179', 'TXT50': 'Аппарат телефонный Cisco/CP-7945G=13', 'INVNR': '12121313', 'AKTIV': '29.03.2016', 'KOSTL': '1006103050', 'WERKS': '1002', 'STORT': '43', 'ANSW_END': '20000.00', 'RBW_END': '10000', 'MENGE': '2', 'POSNR': '1100648.80016-YO04-00013', 'GLO_RUS_OKOF16': '330.28.12', 'GLO_RUS_DEPGRN': '03', 'NDJAR': '003', 'DEAKT': '13.02.2023', 'KTEXT3': 'г.Санкт-Петербург ул.Почтамтская 3-5', 'ZZCNDPERNR': '00028076', 'CNDPERNR_NAME': 'Дернов ИН123', 'OS_STATUS': 'Перемещен', 'AWKEY': '09072021/2', 'GJAHR': '2021', 'ACT-ID': 'pre09072021/2', 'SERNR': '666', 'row': 1, 'deleted': ''}]}
Request cookies: {'Content-Type': 'application/json', 'User-Agent': 'PostmanRuntime/7.29.0', 'Accept': '*/*', 'Cache-Control': 'Cache-Control', 'Host': 'localmail.itexpert.ru:5058', 'Accept-Encoding': 'gzip, deflate, br', 'Connection': 'keep-alive', 'Content-Length': '69', 'BPMCSRF': 'CfDJ8KOx5pzs3vJMgjraUoy-gb5ra28ObZh7SEZ6XHvCYUBxF7sVLL1zyoiWBxgnyQw5DyxBd_14C8SmybzxkKE9WnPtel4kBx7A5omf1N5ewGbxOGQr5tg1setWjqvamo7KDMfDYuCX1rDsVyKZyW6OVpV4FonWXo-jOxtyMdWbvkiWB_s0cdlAO4ixUDXf4T0TLA'}
Request headers: <RequestsCookieJar[<Cookie .ASPXAUTH=CfDJ8KOx5pzs3vJMgjraUoy-gb4L-50eeIQSRWReQ6SfxFA8lvY1-pAFctk9shpkulfGphb5qt7DLwpszD6pZFZOu_pAeC4rfO_UJdp5W_DYG7CyL_6JmWMsmVPaBLBQpKhhS2qZgaqE37I5BvJwjMi9SO6hW9FlYZ6U5JbzhssPnvCnd1XmN6c8SzzUkTMpXQxZoTwhNb1V8wsxccMWNk4Dd87QyuWyOK-ORn4feOG0fUWcViY0BtBYAavnRaIDhe2DT-DzBGVvzPNeWuM_iB6jeNjp1DmvZbnubOLqqayf6E5sLLGDwzRaYvzHLUWCtPfZeIuwqaL0OeekCKdM1WHCrSrHHXLDFzJXMPE7THWYaAfMekbiUXdnCtlK4K1F_hwRs-hQii0PgF6_LOBRnuYD053FUu6ZEsqbmN0H-eT2YuSYHSuTOZCtFvHJGL0THw79rrZsAO6NY9B01ixrrXUTlKKvmeXKAlktsK5-sVBEz3EBCDHyMGxC5uk4u5vRlwqjcGCdi6CrTg06XWHx9DbOVSb05u8BF7uqL1r0--qiX0gboJEMmwDebAT8nZ_UdfSGWMvN0QzCPmsYDONYCWi2ZNX6Hc7b8Bov8O9Gx-BurMTmkYwTIp0dNfklgUiF5ODaWr1KGf6_5uPmivW_NMu1VZ39Bpm4fkca2eVXr9L034VzoXqVjvVgJp-UmBjbE9FR9x4wS2XOYMZLEeawqdqeqv_DbdYpeUs1xjxYa0BtuM_snWkdH4AJDT0t1i3bol6DDKrOR1MCgh1PBoP3XTP2ESlvidCUg7a38MN81KbUSa5MdHMb0W7cKQANiuXfta3IFw for localmail.itexpert.ru/>, <Cookie BPMCSRF=CfDJ8KOx5pzs3vJMgjraUoy-gb5ra28ObZh7SEZ6XHvCYUBxF7sVLL1zyoiWBxgnyQw5DyxBd_14C8SmybzxkKE9WnPtel4kBx7A5omf1N5ewGbxOGQr5tg1setWjqvamo7KDMfDYuCX1rDsVyKZyW6OVpV4FonWXo-jOxtyMdWbvkiWB_s0cdlAO4ixUDXf4T0TLA for localmail.itexpert.ru/>, <Cookie CsrfToken=CfDJ8KOx5pzs3vJMgjraUoy-gb5Y1U37QoIS31lDrsR_U7QINlrujzFaykNr6oM4NVszA8eNAqpLIdfEuJ74qbnhZHNgb9PPPu1fkzSWZdqcpCNxK_MlWo6KSbsfxuch5Dcmj6HfrBw_FU-g1fMD1MI3nog for localmail.itexpert.ru/>]>

-------
Response code: 200
Response text: {"result":[{"TYPE":"E","MESSAGE":"ОС перемещено, исключено из обработки Инв№ 12121313, Номер карточки ОС 240000240179","ROW":1}],"isSuccessful":true,"message":"OK","success":true,"error":null,"status":200}
Response head: {'Date': 'Fri, 14 Oct 2022 12:30:59 GMT', 'Content-Type': 'application/json; charset=utf-8', 'Server': 'Kestrel', 'Content-Length': '257', 'Cache-Control': 'no-cache', 'Pragma': 'no-cache', 'Expires': '-1', 'Set-Cookie': 'BPMSESSIONID=CfDJ8KOx5pzs3vJMgjraUoy%2Bgb7SjQifoK%2B9gUubof9eDjBE0%2B0mtiSj2tZa6e0Xt7BzhUy3qgGVVDnrvE1sLkSc5kY0aWMmXTtOaTS56jwKCIYtZU7lABy5bZHan6yMUkGXRa0TFS9BoSCpAuwtZFxohRUDwJCb%2F9Vk8HfY8uZ57153; path=/; samesite=lax; httponly'}
Response cookies: <RequestsCookieJar[<Cookie BPMSESSIONID=CfDJ8KOx5pzs3vJMgjraUoy%2Bgb7SjQifoK%2B9gUubof9eDjBE0%2B0mtiSj2tZa6e0Xt7BzhUy3qgGVVDnrvE1sLkSc5kY0aWMmXTtOaTS56jwKCIYtZU7lABy5bZHan6yMUkGXRa0TFS9BoSCpAuwtZFxohRUDwJCb%2F9Vk8HfY8uZ57153 for localmail.itexpert.ru/>]>

-------
