
------
Test: None
Time: 2022-10-14 17:11:04.561038
Request method: POST
Request URL: http://localmail.itexpert.ru:5058/ServiceModel/AuthService.svc/Login
Request data: None
Request json: {'UserName': 'Supervisor', 'UserPassword': '!Supervisor123Test!'}
Request cookies: {'Content-Type': 'application/json', 'User-Agent': 'PostmanRuntime/7.29.0', 'Accept': '*/*', 'Cache-Control': 'Cache-Control', 'Host': 'localmail.itexpert.ru:5058', 'Accept-Encoding': 'gzip, deflate, br', 'Connection': 'keep-alive', 'Content-Length': '69'}
Request headers: {}

-------
Response code: 200
Response text: {"RedirectUrl":null,"PasswordChangeUrl":null,"Exception":null,"Code":0,"Message":""}
Response head: {'Date': 'Fri, 14 Oct 2022 12:11:07 GMT', 'Content-Type': 'application/json; charset=utf-8', 'Server': 'Kestrel', 'Content-Length': '84', 'Cache-Control': 'no-cache', 'Pragma': 'no-cache', 'Expires': 'Thu, 01 Jan 1970 00:00:00 GMT', 'Set-Cookie': 'BPMSESSIONID=; expires=Thu, 01 Jan 1970 00:00:00 GMT; path=/; samesite=lax, .ASPXAUTH=CfDJ8KOx5pzs3vJMgjraUoy-gb41RTnOA2NKKMQ9QaUNJiDxden8Sl00Ekl_KjpKdmcD0Q67T3tseSn_AmS2IyP7zGjftKbg5UEoZnBY4wPVOPKEya67rF4vTpWcWE0BHRgTdLHwW8dWPbEEJ1wCGYENKjF-SBCNM37qrx8n5WHczDGYYu0lDaqjpvIHokJl2xwvUXXSTYBTeusl-AKZxJPrFjoysBhbWPIv3_3J0N9INo8u6U140V47aqIiiEFaphgAbIRsX6Taak0XbYyAShwj9morMT-B2PQH_g1LIueAu5mUVhZCt7Tw4_fbSxgoCwazQp_5hUj4uv-Ch1Eu_44Sb74DoBVY6caZgS0IZroGgJaX1xPSu3PK_rAJLexV545UGDRG6Shs3-xSL4mPYIUOjGfs4Dj7IMJAMlOG-VBihXvqeV4KfBUBC2bCpwG9hCvX1aFDvH6sisQvnX0CWxTGoatTfFaZwYDhvxboo-dKkHAQ13Hq4Gn1PLbfVrWuR3vKsgJGp24_kziPo8_TEb0rGDbFUairPV7W2ynb5tXTzED4AtW789_57jAYL8cm5vP9quQhRSdExewAjJpk94vD8TF8UeEqaD92_9_z7Fh-bgiWGPZmjOpBdJ_kU05I7BQMpNBe1eoGBikP1GdMgw2vUQbnyXozQv5yevilR-yZPOKg8IuEdWm5P-O9azNx15CbqV9XggSdB6xtw06RwcW-RPgO6VbP4NCswsRdqrrzlpIzIr9iSPRa5ay9moKlROgbbB_vTeyw3grvAm8F3mdFDXExGlqKvC_j43ueyiJVEfKCUIycAdx4Ya8QryktMWnk9A; path=/; samesite=lax; httponly, CsrfToken=CfDJ8KOx5pzs3vJMgjraUoy-gb4nAJRWKZuwpyj9Z1FfT2X_si4MNSxOEHLUQjw9w7vWCGU3E4QhtJnpHovnK_7WJ124jzJ2vD2Pt_eRFGFqill5taX0BEMZ45WqyOMX2DL2Q9OV0mtMRpothwhnUESkCHA; path=/; samesite=lax; httponly, BPMCSRF=CfDJ8KOx5pzs3vJMgjraUoy-gb5p4hJbB738Ar205w4t4Bab3bqzjeXV8TOYmj5KMy_H6mz4kDhYWVvzRXDouN9BwnCe2ond7qBjerrx4xp-aIdz6U4w7qzuV-wjXGHBNUb0LxE_3opJuEhFQR2oH5caS1gbvpEQX99c2gFa7WJA3HRs2Ne_p1B3mHnnpqz8JPKkkA; path=/; samesite=lax', 'X-Frame-Options': 'SAMEORIGIN'}
Response cookies: <RequestsCookieJar[<Cookie .ASPXAUTH=CfDJ8KOx5pzs3vJMgjraUoy-gb41RTnOA2NKKMQ9QaUNJiDxden8Sl00Ekl_KjpKdmcD0Q67T3tseSn_AmS2IyP7zGjftKbg5UEoZnBY4wPVOPKEya67rF4vTpWcWE0BHRgTdLHwW8dWPbEEJ1wCGYENKjF-SBCNM37qrx8n5WHczDGYYu0lDaqjpvIHokJl2xwvUXXSTYBTeusl-AKZxJPrFjoysBhbWPIv3_3J0N9INo8u6U140V47aqIiiEFaphgAbIRsX6Taak0XbYyAShwj9morMT-B2PQH_g1LIueAu5mUVhZCt7Tw4_fbSxgoCwazQp_5hUj4uv-Ch1Eu_44Sb74DoBVY6caZgS0IZroGgJaX1xPSu3PK_rAJLexV545UGDRG6Shs3-xSL4mPYIUOjGfs4Dj7IMJAMlOG-VBihXvqeV4KfBUBC2bCpwG9hCvX1aFDvH6sisQvnX0CWxTGoatTfFaZwYDhvxboo-dKkHAQ13Hq4Gn1PLbfVrWuR3vKsgJGp24_kziPo8_TEb0rGDbFUairPV7W2ynb5tXTzED4AtW789_57jAYL8cm5vP9quQhRSdExewAjJpk94vD8TF8UeEqaD92_9_z7Fh-bgiWGPZmjOpBdJ_kU05I7BQMpNBe1eoGBikP1GdMgw2vUQbnyXozQv5yevilR-yZPOKg8IuEdWm5P-O9azNx15CbqV9XggSdB6xtw06RwcW-RPgO6VbP4NCswsRdqrrzlpIzIr9iSPRa5ay9moKlROgbbB_vTeyw3grvAm8F3mdFDXExGlqKvC_j43ueyiJVEfKCUIycAdx4Ya8QryktMWnk9A for localmail.itexpert.ru/>, <Cookie BPMCSRF=CfDJ8KOx5pzs3vJMgjraUoy-gb5p4hJbB738Ar205w4t4Bab3bqzjeXV8TOYmj5KMy_H6mz4kDhYWVvzRXDouN9BwnCe2ond7qBjerrx4xp-aIdz6U4w7qzuV-wjXGHBNUb0LxE_3opJuEhFQR2oH5caS1gbvpEQX99c2gFa7WJA3HRs2Ne_p1B3mHnnpqz8JPKkkA for localmail.itexpert.ru/>, <Cookie CsrfToken=CfDJ8KOx5pzs3vJMgjraUoy-gb4nAJRWKZuwpyj9Z1FfT2X_si4MNSxOEHLUQjw9w7vWCGU3E4QhtJnpHovnK_7WJ124jzJ2vD2Pt_eRFGFqill5taX0BEMZ45WqyOMX2DL2Q9OV0mtMRpothwhnUESkCHA for localmail.itexpert.ru/>]>

-------

------
Test: None
Time: 2022-10-14 17:11:04.828080
Request method: POST
Request URL: http://localmail.itexpert.ru:5058/rest/SapErpIntegrationService/v1/UpdateOSDirectory
Request data: None
Request json: {'currentPage': 1, 'pageCount': 1, 'delta': 'F', 'item': [{'ANLN1': '240000240179', 'TXT50': 'Аппарат телефонный Cisco/CP-7945G=13', 'INVNR': None, 'AKTIV': '29.03.2016', 'KOSTL': '1006103050', 'WERKS': '1002', 'STORT': '43', 'ANSW_END': '20000.00', 'RBW_END': '10000', 'MENGE': '2', 'POSNR': '1100648.80016-YO04-00013', 'GLO_RUS_OKOF16': '330.28.12', 'GLO_RUS_DEPGRN': '03', 'NDJAR': '003', 'DEAKT': '13.02.2023', 'KTEXT3': 'г.Санкт-Петербург ул.Почтамтская 3-5', 'ZZCNDPERNR': '00028076', 'CNDPERNR_NAME': 'Дернов ИН123', 'OS_STATUS': 'Активен', 'AWKEY': '09072021/2', 'GJAHR': '2021', 'ACT-ID': 'pre09072021/2', 'SERNR': '123йцу123йу1', 'row': 1, 'deleted': ''}]}
Request cookies: {'Content-Type': 'application/json', 'User-Agent': 'PostmanRuntime/7.29.0', 'Accept': '*/*', 'Cache-Control': 'Cache-Control', 'Host': 'localmail.itexpert.ru:5058', 'Accept-Encoding': 'gzip, deflate, br', 'Connection': 'keep-alive', 'Content-Length': '69', 'BPMCSRF': 'CfDJ8KOx5pzs3vJMgjraUoy-gb5p4hJbB738Ar205w4t4Bab3bqzjeXV8TOYmj5KMy_H6mz4kDhYWVvzRXDouN9BwnCe2ond7qBjerrx4xp-aIdz6U4w7qzuV-wjXGHBNUb0LxE_3opJuEhFQR2oH5caS1gbvpEQX99c2gFa7WJA3HRs2Ne_p1B3mHnnpqz8JPKkkA'}
Request headers: <RequestsCookieJar[<Cookie .ASPXAUTH=CfDJ8KOx5pzs3vJMgjraUoy-gb41RTnOA2NKKMQ9QaUNJiDxden8Sl00Ekl_KjpKdmcD0Q67T3tseSn_AmS2IyP7zGjftKbg5UEoZnBY4wPVOPKEya67rF4vTpWcWE0BHRgTdLHwW8dWPbEEJ1wCGYENKjF-SBCNM37qrx8n5WHczDGYYu0lDaqjpvIHokJl2xwvUXXSTYBTeusl-AKZxJPrFjoysBhbWPIv3_3J0N9INo8u6U140V47aqIiiEFaphgAbIRsX6Taak0XbYyAShwj9morMT-B2PQH_g1LIueAu5mUVhZCt7Tw4_fbSxgoCwazQp_5hUj4uv-Ch1Eu_44Sb74DoBVY6caZgS0IZroGgJaX1xPSu3PK_rAJLexV545UGDRG6Shs3-xSL4mPYIUOjGfs4Dj7IMJAMlOG-VBihXvqeV4KfBUBC2bCpwG9hCvX1aFDvH6sisQvnX0CWxTGoatTfFaZwYDhvxboo-dKkHAQ13Hq4Gn1PLbfVrWuR3vKsgJGp24_kziPo8_TEb0rGDbFUairPV7W2ynb5tXTzED4AtW789_57jAYL8cm5vP9quQhRSdExewAjJpk94vD8TF8UeEqaD92_9_z7Fh-bgiWGPZmjOpBdJ_kU05I7BQMpNBe1eoGBikP1GdMgw2vUQbnyXozQv5yevilR-yZPOKg8IuEdWm5P-O9azNx15CbqV9XggSdB6xtw06RwcW-RPgO6VbP4NCswsRdqrrzlpIzIr9iSPRa5ay9moKlROgbbB_vTeyw3grvAm8F3mdFDXExGlqKvC_j43ueyiJVEfKCUIycAdx4Ya8QryktMWnk9A for localmail.itexpert.ru/>, <Cookie BPMCSRF=CfDJ8KOx5pzs3vJMgjraUoy-gb5p4hJbB738Ar205w4t4Bab3bqzjeXV8TOYmj5KMy_H6mz4kDhYWVvzRXDouN9BwnCe2ond7qBjerrx4xp-aIdz6U4w7qzuV-wjXGHBNUb0LxE_3opJuEhFQR2oH5caS1gbvpEQX99c2gFa7WJA3HRs2Ne_p1B3mHnnpqz8JPKkkA for localmail.itexpert.ru/>, <Cookie CsrfToken=CfDJ8KOx5pzs3vJMgjraUoy-gb4nAJRWKZuwpyj9Z1FfT2X_si4MNSxOEHLUQjw9w7vWCGU3E4QhtJnpHovnK_7WJ124jzJ2vD2Pt_eRFGFqill5taX0BEMZ45WqyOMX2DL2Q9OV0mtMRpothwhnUESkCHA for localmail.itexpert.ru/>]>

-------
Response code: 200
Response text: {"result":[{"TYPE":"E","MESSAGE":"Не заполнен обязательный атрибут \"Инвентарный номер\"","ROW":1}],"isSuccessful":true,"message":"OK","success":true,"error":null,"status":200}
Response head: {'Date': 'Fri, 14 Oct 2022 12:11:08 GMT', 'Content-Type': 'application/json; charset=utf-8', 'Server': 'Kestrel', 'Content-Length': '221', 'Cache-Control': 'no-cache', 'Pragma': 'no-cache', 'Expires': '-1', 'Set-Cookie': 'BPMSESSIONID=CfDJ8KOx5pzs3vJMgjraUoy%2Bgb4anAA%2Bve1rxeyPqt3Z7qAA2QdPNCWMclDJvaY3dnso9j9EsyikbVmS1t6Sh3hWBZGxMR8328OSrbQPLTZcdCOY9dD86z43vhr8SX4SErwg3VgNUA0vZzipnzQqnVRtMgtSpa%2Bzm9vMbEgXGqdYCZU7; path=/; samesite=lax; httponly'}
Response cookies: <RequestsCookieJar[<Cookie BPMSESSIONID=CfDJ8KOx5pzs3vJMgjraUoy%2Bgb4anAA%2Bve1rxeyPqt3Z7qAA2QdPNCWMclDJvaY3dnso9j9EsyikbVmS1t6Sh3hWBZGxMR8328OSrbQPLTZcdCOY9dD86z43vhr8SX4SErwg3VgNUA0vZzipnzQqnVRtMgtSpa%2Bzm9vMbEgXGqdYCZU7 for localmail.itexpert.ru/>]>

-------

------
Test: None
Time: 2022-10-14 17:11:05.659842
Request method: POST
Request URL: http://localmail.itexpert.ru:5058/ServiceModel/AuthService.svc/Login
Request data: None
Request json: {'UserName': 'Supervisor', 'UserPassword': '!Supervisor123Test!'}
Request cookies: {'Content-Type': 'application/json', 'User-Agent': 'PostmanRuntime/7.29.0', 'Accept': '*/*', 'Cache-Control': 'Cache-Control', 'Host': 'localmail.itexpert.ru:5058', 'Accept-Encoding': 'gzip, deflate, br', 'Connection': 'keep-alive', 'Content-Length': '69'}
Request headers: {}

-------
Response code: 200
Response text: {"RedirectUrl":null,"PasswordChangeUrl":null,"Exception":null,"Code":0,"Message":""}
Response head: {'Date': 'Fri, 14 Oct 2022 12:11:08 GMT', 'Content-Type': 'application/json; charset=utf-8', 'Server': 'Kestrel', 'Content-Length': '84', 'Cache-Control': 'no-cache', 'Pragma': 'no-cache', 'Expires': 'Thu, 01 Jan 1970 00:00:00 GMT', 'Set-Cookie': 'BPMSESSIONID=; expires=Thu, 01 Jan 1970 00:00:00 GMT; path=/; samesite=lax, .ASPXAUTH=CfDJ8KOx5pzs3vJMgjraUoy-gb6kMSeIAbYG3p4tEupu9CDyBg-Y_KjYJN1keIBFnbUrnvg6-9s6pycZU5XPWi0JetjpXGrLp9YkfJH03_BpRaZOdlFSsTfN5cfv96KUyJ-2Rq_EEZsKArYoBPdHz4NRqq1U5Fq-gldLAFYQtHBffp6On1WZzooL9ij7VkN2yUekrZpY6UBKEMX5S_bfLp_Zbp6eQXDnIp6Uos5REWcmUXr_qf3PQRhvxudzsrNyRfd3wvAK6-yetmvqzuezXoSD0hMO3bSQiEDjiAGQUceqq57OIedfXMYtV1sk6WVkC62umYc7Ikxcth7iYsTA0qVrr0kv5D_hhuIoPiLAdfY3I5ykC4nNEqYWrrIX0WwmYGvRg0lYY-TEU_nIb2veNTYSMfG9f9Yt10UeseL8BXLm3IS0xCQ_5IbGHoKqOFLNwZ2KsT0tHAbDDXPdcoamyYQoll2e5e0NeWeV1oamyPzNa01CYcsUl_6w2n-i8D-Y20bjAmWz7_gHoYjWzK-9wRYGHfw5p-vUAcuZYVBtCYT_KMXewrhqHPNwc8BbwOePiGfiitkPD2Z_xZaet8277nnp95IVe1FniZFzMMnjKwZYMwEeku7x_OcPLMa8FgDBYLSsFWhmMODzW2Oy1ZptSk2pfXz-ZK7JNedawu6xy2jjGvbCT-etY4YyVNxsvI_zHj3U_ZJgCmBK5PgRVEGPUO9FDWi-TzDuVhEOcgx-dmaRIGemAZ-usPvQdIcV-NqTl-oJcFfwGCkmsYfD3NonSr_4KF1saIwNPL1TKf1g1PVA1EoGCJ9jOaRv_IbHOwPU5_1wLw; path=/; samesite=lax; httponly, CsrfToken=CfDJ8KOx5pzs3vJMgjraUoy-gb6oxaaEmNA_BmJdk_fbfJCiZFTEdmzfybhT9934Qq2jGqMNBAjSTAZhMMlbhJmy2gALzbuV1sKr40-7Gkdyn_EpZo_7idzsfKmq4xv5o_s60Bz90aDfbVggzpBt0UxIN-o; path=/; samesite=lax; httponly, BPMCSRF=CfDJ8KOx5pzs3vJMgjraUoy-gb7ZN8zOs4nN8If2NFE-aGUlJ-YUS8ru04h76bvKUbc3tAOVELyi4XuenRRVTytYlP0b7HHIe7tq0Cxz6LMFvrVyh_cadUOPhm6YZjgZKBKUEdFNG0KFbobcKst9YHhqywzjeCVOvWJwh_nLZdusPrLI8Zp9rqYcfli-ygKXU6-Z5g; path=/; samesite=lax', 'X-Frame-Options': 'SAMEORIGIN'}
Response cookies: <RequestsCookieJar[<Cookie .ASPXAUTH=CfDJ8KOx5pzs3vJMgjraUoy-gb6kMSeIAbYG3p4tEupu9CDyBg-Y_KjYJN1keIBFnbUrnvg6-9s6pycZU5XPWi0JetjpXGrLp9YkfJH03_BpRaZOdlFSsTfN5cfv96KUyJ-2Rq_EEZsKArYoBPdHz4NRqq1U5Fq-gldLAFYQtHBffp6On1WZzooL9ij7VkN2yUekrZpY6UBKEMX5S_bfLp_Zbp6eQXDnIp6Uos5REWcmUXr_qf3PQRhvxudzsrNyRfd3wvAK6-yetmvqzuezXoSD0hMO3bSQiEDjiAGQUceqq57OIedfXMYtV1sk6WVkC62umYc7Ikxcth7iYsTA0qVrr0kv5D_hhuIoPiLAdfY3I5ykC4nNEqYWrrIX0WwmYGvRg0lYY-TEU_nIb2veNTYSMfG9f9Yt10UeseL8BXLm3IS0xCQ_5IbGHoKqOFLNwZ2KsT0tHAbDDXPdcoamyYQoll2e5e0NeWeV1oamyPzNa01CYcsUl_6w2n-i8D-Y20bjAmWz7_gHoYjWzK-9wRYGHfw5p-vUAcuZYVBtCYT_KMXewrhqHPNwc8BbwOePiGfiitkPD2Z_xZaet8277nnp95IVe1FniZFzMMnjKwZYMwEeku7x_OcPLMa8FgDBYLSsFWhmMODzW2Oy1ZptSk2pfXz-ZK7JNedawu6xy2jjGvbCT-etY4YyVNxsvI_zHj3U_ZJgCmBK5PgRVEGPUO9FDWi-TzDuVhEOcgx-dmaRIGemAZ-usPvQdIcV-NqTl-oJcFfwGCkmsYfD3NonSr_4KF1saIwNPL1TKf1g1PVA1EoGCJ9jOaRv_IbHOwPU5_1wLw for localmail.itexpert.ru/>, <Cookie BPMCSRF=CfDJ8KOx5pzs3vJMgjraUoy-gb7ZN8zOs4nN8If2NFE-aGUlJ-YUS8ru04h76bvKUbc3tAOVELyi4XuenRRVTytYlP0b7HHIe7tq0Cxz6LMFvrVyh_cadUOPhm6YZjgZKBKUEdFNG0KFbobcKst9YHhqywzjeCVOvWJwh_nLZdusPrLI8Zp9rqYcfli-ygKXU6-Z5g for localmail.itexpert.ru/>, <Cookie CsrfToken=CfDJ8KOx5pzs3vJMgjraUoy-gb6oxaaEmNA_BmJdk_fbfJCiZFTEdmzfybhT9934Qq2jGqMNBAjSTAZhMMlbhJmy2gALzbuV1sKr40-7Gkdyn_EpZo_7idzsfKmq4xv5o_s60Bz90aDfbVggzpBt0UxIN-o for localmail.itexpert.ru/>]>

-------

------
Test: None
Time: 2022-10-14 17:11:05.925454
Request method: POST
Request URL: http://localmail.itexpert.ru:5058/rest/SapErpIntegrationService/v1/UpdateOSDirectory
Request data: None
Request json: {'currentPage': 1, 'pageCount': 1, 'delta': 'F', 'item': [{'ANLN1': '240000240179', 'TXT50': 'Аппарат телефонный Cisco/CP-7945G=13', 'INVNR': '', 'AKTIV': '29.03.2016', 'KOSTL': '1006103050', 'WERKS': '1002', 'STORT': '43', 'ANSW_END': '20000.00', 'RBW_END': '10000', 'MENGE': '2', 'POSNR': '1100648.80016-YO04-00013', 'GLO_RUS_OKOF16': '330.28.12', 'GLO_RUS_DEPGRN': '03', 'NDJAR': '003', 'DEAKT': '13.02.2023', 'KTEXT3': 'г.Санкт-Петербург ул.Почтамтская 3-5', 'ZZCNDPERNR': '00028076', 'CNDPERNR_NAME': 'Дернов ИН123', 'OS_STATUS': 'Активен', 'AWKEY': '09072021/2', 'GJAHR': '2021', 'ACT-ID': 'pre09072021/2', 'SERNR': '123йцу123йу1', 'row': 1, 'deleted': ''}]}
Request cookies: {'Content-Type': 'application/json', 'User-Agent': 'PostmanRuntime/7.29.0', 'Accept': '*/*', 'Cache-Control': 'Cache-Control', 'Host': 'localmail.itexpert.ru:5058', 'Accept-Encoding': 'gzip, deflate, br', 'Connection': 'keep-alive', 'Content-Length': '69', 'BPMCSRF': 'CfDJ8KOx5pzs3vJMgjraUoy-gb7ZN8zOs4nN8If2NFE-aGUlJ-YUS8ru04h76bvKUbc3tAOVELyi4XuenRRVTytYlP0b7HHIe7tq0Cxz6LMFvrVyh_cadUOPhm6YZjgZKBKUEdFNG0KFbobcKst9YHhqywzjeCVOvWJwh_nLZdusPrLI8Zp9rqYcfli-ygKXU6-Z5g'}
Request headers: <RequestsCookieJar[<Cookie .ASPXAUTH=CfDJ8KOx5pzs3vJMgjraUoy-gb6kMSeIAbYG3p4tEupu9CDyBg-Y_KjYJN1keIBFnbUrnvg6-9s6pycZU5XPWi0JetjpXGrLp9YkfJH03_BpRaZOdlFSsTfN5cfv96KUyJ-2Rq_EEZsKArYoBPdHz4NRqq1U5Fq-gldLAFYQtHBffp6On1WZzooL9ij7VkN2yUekrZpY6UBKEMX5S_bfLp_Zbp6eQXDnIp6Uos5REWcmUXr_qf3PQRhvxudzsrNyRfd3wvAK6-yetmvqzuezXoSD0hMO3bSQiEDjiAGQUceqq57OIedfXMYtV1sk6WVkC62umYc7Ikxcth7iYsTA0qVrr0kv5D_hhuIoPiLAdfY3I5ykC4nNEqYWrrIX0WwmYGvRg0lYY-TEU_nIb2veNTYSMfG9f9Yt10UeseL8BXLm3IS0xCQ_5IbGHoKqOFLNwZ2KsT0tHAbDDXPdcoamyYQoll2e5e0NeWeV1oamyPzNa01CYcsUl_6w2n-i8D-Y20bjAmWz7_gHoYjWzK-9wRYGHfw5p-vUAcuZYVBtCYT_KMXewrhqHPNwc8BbwOePiGfiitkPD2Z_xZaet8277nnp95IVe1FniZFzMMnjKwZYMwEeku7x_OcPLMa8FgDBYLSsFWhmMODzW2Oy1ZptSk2pfXz-ZK7JNedawu6xy2jjGvbCT-etY4YyVNxsvI_zHj3U_ZJgCmBK5PgRVEGPUO9FDWi-TzDuVhEOcgx-dmaRIGemAZ-usPvQdIcV-NqTl-oJcFfwGCkmsYfD3NonSr_4KF1saIwNPL1TKf1g1PVA1EoGCJ9jOaRv_IbHOwPU5_1wLw for localmail.itexpert.ru/>, <Cookie BPMCSRF=CfDJ8KOx5pzs3vJMgjraUoy-gb7ZN8zOs4nN8If2NFE-aGUlJ-YUS8ru04h76bvKUbc3tAOVELyi4XuenRRVTytYlP0b7HHIe7tq0Cxz6LMFvrVyh_cadUOPhm6YZjgZKBKUEdFNG0KFbobcKst9YHhqywzjeCVOvWJwh_nLZdusPrLI8Zp9rqYcfli-ygKXU6-Z5g for localmail.itexpert.ru/>, <Cookie CsrfToken=CfDJ8KOx5pzs3vJMgjraUoy-gb6oxaaEmNA_BmJdk_fbfJCiZFTEdmzfybhT9934Qq2jGqMNBAjSTAZhMMlbhJmy2gALzbuV1sKr40-7Gkdyn_EpZo_7idzsfKmq4xv5o_s60Bz90aDfbVggzpBt0UxIN-o for localmail.itexpert.ru/>]>

-------
Response code: 200
Response text: {"result":[{"TYPE":"E","MESSAGE":"Инвентарный номер не найден в КСУИТ","ROW":1}],"isSuccessful":true,"message":"OK","success":true,"error":null,"status":200}
Response head: {'Date': 'Fri, 14 Oct 2022 12:11:09 GMT', 'Content-Type': 'application/json; charset=utf-8', 'Server': 'Kestrel', 'Content-Length': '187', 'Cache-Control': 'no-cache', 'Pragma': 'no-cache', 'Expires': '-1', 'Set-Cookie': 'BPMSESSIONID=CfDJ8KOx5pzs3vJMgjraUoy%2Bgb4asCVFScAgZ8%2BAg6uvCyyAf2GF2Nua6KVWN3xSrB1GtO2AmcjIEzXuuv7kulxgtLt%2FY0IHU0jilOf9AM3V4BZuUsM8G21ZeSux8iH87Hoyj5yX748WL7KkpUu%2FgP3ONDROEsAgakc2zlb5AqP5YyVN; path=/; samesite=lax; httponly'}
Response cookies: <RequestsCookieJar[<Cookie BPMSESSIONID=CfDJ8KOx5pzs3vJMgjraUoy%2Bgb4asCVFScAgZ8%2BAg6uvCyyAf2GF2Nua6KVWN3xSrB1GtO2AmcjIEzXuuv7kulxgtLt%2FY0IHU0jilOf9AM3V4BZuUsM8G21ZeSux8iH87Hoyj5yX748WL7KkpUu%2FgP3ONDROEsAgakc2zlb5AqP5YyVN for localmail.itexpert.ru/>]>

-------

------
Test: None
Time: 2022-10-14 17:11:06.643850
Request method: POST
Request URL: http://localmail.itexpert.ru:5058/ServiceModel/AuthService.svc/Login
Request data: None
Request json: {'UserName': 'Supervisor', 'UserPassword': '!Supervisor123Test!'}
Request cookies: {'Content-Type': 'application/json', 'User-Agent': 'PostmanRuntime/7.29.0', 'Accept': '*/*', 'Cache-Control': 'Cache-Control', 'Host': 'localmail.itexpert.ru:5058', 'Accept-Encoding': 'gzip, deflate, br', 'Connection': 'keep-alive', 'Content-Length': '69'}
Request headers: {}

-------
Response code: 200
Response text: {"RedirectUrl":null,"PasswordChangeUrl":null,"Exception":null,"Code":0,"Message":""}
Response head: {'Date': 'Fri, 14 Oct 2022 12:11:09 GMT', 'Content-Type': 'application/json; charset=utf-8', 'Server': 'Kestrel', 'Content-Length': '84', 'Cache-Control': 'no-cache', 'Pragma': 'no-cache', 'Expires': 'Thu, 01 Jan 1970 00:00:00 GMT', 'Set-Cookie': 'BPMSESSIONID=; expires=Thu, 01 Jan 1970 00:00:00 GMT; path=/; samesite=lax, .ASPXAUTH=CfDJ8KOx5pzs3vJMgjraUoy-gb5hQNC9gFG2YAgqLBaTe9zdL2Cox-ljitDgYYuBc-d8clhY1lLGffeDi_XxYTioworftSR6fNPphUvzrGky06npQplwRmlctr23CV0_QClGeJkAoxZsrTvh6ccxOvmLMKPbRHkF3JEZDfqi6zdUNTZlWDsWir9o1TISG8A7GyJe5Bzl4LfuIYaf8rWSYG8aZuKrjIlhMzwzzYPeRrDMUGYh2L2mpysfqTLzZRGZJeOdT-JuB8s3AP72AChfa4RK-YQ3SIxUcc9Ydt4p8dN5aiYP_1FiK3AA1Lf1ElNuBz8Xp2FfCF-4vq3_MLDAFEFQshydsnSMKsU5WtERvVMqA8vxCRCur-A_s4_VU1Y2dXvoHtRUYz0KD2U5BL1xGwBOMhZee67bMwWsFxZ2xoPAGsoG-nK06C25elKsXryDspQyQvKBg97m9qEvH9n823oIwZS5yI6_32Q1TbDc8HRtW11aB72t9DoBqs-hKG92CXkWeR-RzXt_Ylxl5t2PFg3nR_lmbpJ38ZSoPuwqbs6NfhTYaAzyllS_gS0cAq4qS7EnJSkIB4iuMpa6qncyzY2mPBcizJRlvcWz6hW_12_4RCtKdpze4G2SvQC-WXLGRgevI6tBaDAECQsek_qpy5sZbi9BaGHcEt5o606J1KbaVnrknkzp6nl8i6t1iCwhMgqp8B3EjxGxHmfg4-bdGXpUF8zCQilhKNgY8Hn1uZqgRoIxqaMb6pD4SX9CfVL7QZW_mCR3dug-S200m7gGgRL_9L9hvWYf9Bunp7xi3CNv5iqSbrdRu5h3At7Q6618Ac8zIQ; path=/; samesite=lax; httponly, CsrfToken=CfDJ8KOx5pzs3vJMgjraUoy-gb6UcZtm9zR2sviEwjS4q-0AlARbH3BjivVWXpMDeOGviWCQPQ0mzbwH4A_m5iBKifKzmjALqZjDNpA82BG7ulAL8-Sit80bc55YDobh65Id70dhr7s977MNR6sUV-LpN9U; path=/; samesite=lax; httponly, BPMCSRF=CfDJ8KOx5pzs3vJMgjraUoy-gb51rNTb0pgqT05rnBxW6ouUZDaKnUuDhxaZkPkAvFRpXL8ucYNBD61xdXBSkl-8LszTdu6E40XzuWXNLqmyAdWqCqvbKrxN5GSGocaPvwXe2tKz29uGLtDBRTmi7iKMvrmi8cji2Sv_okJwk_oaa-YTenw5dYNr_J4TGuxPQdzaBA; path=/; samesite=lax', 'X-Frame-Options': 'SAMEORIGIN'}
Response cookies: <RequestsCookieJar[<Cookie .ASPXAUTH=CfDJ8KOx5pzs3vJMgjraUoy-gb5hQNC9gFG2YAgqLBaTe9zdL2Cox-ljitDgYYuBc-d8clhY1lLGffeDi_XxYTioworftSR6fNPphUvzrGky06npQplwRmlctr23CV0_QClGeJkAoxZsrTvh6ccxOvmLMKPbRHkF3JEZDfqi6zdUNTZlWDsWir9o1TISG8A7GyJe5Bzl4LfuIYaf8rWSYG8aZuKrjIlhMzwzzYPeRrDMUGYh2L2mpysfqTLzZRGZJeOdT-JuB8s3AP72AChfa4RK-YQ3SIxUcc9Ydt4p8dN5aiYP_1FiK3AA1Lf1ElNuBz8Xp2FfCF-4vq3_MLDAFEFQshydsnSMKsU5WtERvVMqA8vxCRCur-A_s4_VU1Y2dXvoHtRUYz0KD2U5BL1xGwBOMhZee67bMwWsFxZ2xoPAGsoG-nK06C25elKsXryDspQyQvKBg97m9qEvH9n823oIwZS5yI6_32Q1TbDc8HRtW11aB72t9DoBqs-hKG92CXkWeR-RzXt_Ylxl5t2PFg3nR_lmbpJ38ZSoPuwqbs6NfhTYaAzyllS_gS0cAq4qS7EnJSkIB4iuMpa6qncyzY2mPBcizJRlvcWz6hW_12_4RCtKdpze4G2SvQC-WXLGRgevI6tBaDAECQsek_qpy5sZbi9BaGHcEt5o606J1KbaVnrknkzp6nl8i6t1iCwhMgqp8B3EjxGxHmfg4-bdGXpUF8zCQilhKNgY8Hn1uZqgRoIxqaMb6pD4SX9CfVL7QZW_mCR3dug-S200m7gGgRL_9L9hvWYf9Bunp7xi3CNv5iqSbrdRu5h3At7Q6618Ac8zIQ for localmail.itexpert.ru/>, <Cookie BPMCSRF=CfDJ8KOx5pzs3vJMgjraUoy-gb51rNTb0pgqT05rnBxW6ouUZDaKnUuDhxaZkPkAvFRpXL8ucYNBD61xdXBSkl-8LszTdu6E40XzuWXNLqmyAdWqCqvbKrxN5GSGocaPvwXe2tKz29uGLtDBRTmi7iKMvrmi8cji2Sv_okJwk_oaa-YTenw5dYNr_J4TGuxPQdzaBA for localmail.itexpert.ru/>, <Cookie CsrfToken=CfDJ8KOx5pzs3vJMgjraUoy-gb6UcZtm9zR2sviEwjS4q-0AlARbH3BjivVWXpMDeOGviWCQPQ0mzbwH4A_m5iBKifKzmjALqZjDNpA82BG7ulAL8-Sit80bc55YDobh65Id70dhr7s977MNR6sUV-LpN9U for localmail.itexpert.ru/>]>

-------

------
Test: None
Time: 2022-10-14 17:11:06.931082
Request method: POST
Request URL: http://localmail.itexpert.ru:5058/rest/SapErpIntegrationService/v1/UpdateOSDirectory
Request data: None
Request json: {'currentPage': 1, 'pageCount': 1, 'delta': 'F', 'item': [{'ANLN1': '240000240179', 'TXT50': 'Аппарат телефонный Cisco/CP-7945G=13', 'INVNR': '12121313', 'AKTIV': '29.03.2016', 'KOSTL': '1006103088', 'WERKS': '1002', 'STORT': '43', 'ANSW_END': '20000.00', 'RBW_END': '10000', 'MENGE': '2', 'POSNR': '1100648.80016-YO04-00013', 'GLO_RUS_OKOF16': '330.28.12', 'GLO_RUS_DEPGRN': '03', 'NDJAR': '003', 'DEAKT': '13.02.2023', 'KTEXT3': 'г.Санкт-Петербург ул.Почтамтская 3-5', 'ZZCNDPERNR': '00028076', 'CNDPERNR_NAME': 'Дернов ИН123', 'OS_STATUS': 'Активен', 'AWKEY': '09072021/2', 'GJAHR': '2021', 'ACT-ID': 'pre09072021/2', 'SERNR': '123йцу123йу1', 'row': 1, 'deleted': ''}]}
Request cookies: {'Content-Type': 'application/json', 'User-Agent': 'PostmanRuntime/7.29.0', 'Accept': '*/*', 'Cache-Control': 'Cache-Control', 'Host': 'localmail.itexpert.ru:5058', 'Accept-Encoding': 'gzip, deflate, br', 'Connection': 'keep-alive', 'Content-Length': '69', 'BPMCSRF': 'CfDJ8KOx5pzs3vJMgjraUoy-gb51rNTb0pgqT05rnBxW6ouUZDaKnUuDhxaZkPkAvFRpXL8ucYNBD61xdXBSkl-8LszTdu6E40XzuWXNLqmyAdWqCqvbKrxN5GSGocaPvwXe2tKz29uGLtDBRTmi7iKMvrmi8cji2Sv_okJwk_oaa-YTenw5dYNr_J4TGuxPQdzaBA'}
Request headers: <RequestsCookieJar[<Cookie .ASPXAUTH=CfDJ8KOx5pzs3vJMgjraUoy-gb5hQNC9gFG2YAgqLBaTe9zdL2Cox-ljitDgYYuBc-d8clhY1lLGffeDi_XxYTioworftSR6fNPphUvzrGky06npQplwRmlctr23CV0_QClGeJkAoxZsrTvh6ccxOvmLMKPbRHkF3JEZDfqi6zdUNTZlWDsWir9o1TISG8A7GyJe5Bzl4LfuIYaf8rWSYG8aZuKrjIlhMzwzzYPeRrDMUGYh2L2mpysfqTLzZRGZJeOdT-JuB8s3AP72AChfa4RK-YQ3SIxUcc9Ydt4p8dN5aiYP_1FiK3AA1Lf1ElNuBz8Xp2FfCF-4vq3_MLDAFEFQshydsnSMKsU5WtERvVMqA8vxCRCur-A_s4_VU1Y2dXvoHtRUYz0KD2U5BL1xGwBOMhZee67bMwWsFxZ2xoPAGsoG-nK06C25elKsXryDspQyQvKBg97m9qEvH9n823oIwZS5yI6_32Q1TbDc8HRtW11aB72t9DoBqs-hKG92CXkWeR-RzXt_Ylxl5t2PFg3nR_lmbpJ38ZSoPuwqbs6NfhTYaAzyllS_gS0cAq4qS7EnJSkIB4iuMpa6qncyzY2mPBcizJRlvcWz6hW_12_4RCtKdpze4G2SvQC-WXLGRgevI6tBaDAECQsek_qpy5sZbi9BaGHcEt5o606J1KbaVnrknkzp6nl8i6t1iCwhMgqp8B3EjxGxHmfg4-bdGXpUF8zCQilhKNgY8Hn1uZqgRoIxqaMb6pD4SX9CfVL7QZW_mCR3dug-S200m7gGgRL_9L9hvWYf9Bunp7xi3CNv5iqSbrdRu5h3At7Q6618Ac8zIQ for localmail.itexpert.ru/>, <Cookie BPMCSRF=CfDJ8KOx5pzs3vJMgjraUoy-gb51rNTb0pgqT05rnBxW6ouUZDaKnUuDhxaZkPkAvFRpXL8ucYNBD61xdXBSkl-8LszTdu6E40XzuWXNLqmyAdWqCqvbKrxN5GSGocaPvwXe2tKz29uGLtDBRTmi7iKMvrmi8cji2Sv_okJwk_oaa-YTenw5dYNr_J4TGuxPQdzaBA for localmail.itexpert.ru/>, <Cookie CsrfToken=CfDJ8KOx5pzs3vJMgjraUoy-gb6UcZtm9zR2sviEwjS4q-0AlARbH3BjivVWXpMDeOGviWCQPQ0mzbwH4A_m5iBKifKzmjALqZjDNpA82BG7ulAL8-Sit80bc55YDobh65Id70dhr7s977MNR6sUV-LpN9U for localmail.itexpert.ru/>]>

-------
Response code: 200
Response text: {"result":[{"TYPE":"E","MESSAGE":"МВЗ не найдено в КСУИТ","ROW":1}],"isSuccessful":true,"message":"OK","success":true,"error":null,"status":200}
Response head: {'Date': 'Fri, 14 Oct 2022 12:11:10 GMT', 'Content-Type': 'application/json; charset=utf-8', 'Server': 'Kestrel', 'Content-Length': '162', 'Cache-Control': 'no-cache', 'Pragma': 'no-cache', 'Expires': '-1', 'Set-Cookie': 'BPMSESSIONID=CfDJ8KOx5pzs3vJMgjraUoy%2Bgb4WJtdaLBqOSDRRnaMSq0G6ubgvJwFjlz1U7rpuSxNpPbzxmYcUQb76jl2ufGV78bNTr3%2B3oARhoHe2LTGuJlTcOL8MxV%2BxNSGjdRCmOXFdCuTAFkm9pRGnVtb%2B8cLqnj1algMHRV%2FccTAsug%2Bywsv6; path=/; samesite=lax; httponly'}
Response cookies: <RequestsCookieJar[<Cookie BPMSESSIONID=CfDJ8KOx5pzs3vJMgjraUoy%2Bgb4WJtdaLBqOSDRRnaMSq0G6ubgvJwFjlz1U7rpuSxNpPbzxmYcUQb76jl2ufGV78bNTr3%2B3oARhoHe2LTGuJlTcOL8MxV%2BxNSGjdRCmOXFdCuTAFkm9pRGnVtb%2B8cLqnj1algMHRV%2FccTAsug%2Bywsv6 for localmail.itexpert.ru/>]>

-------

------
Test: None
Time: 2022-10-14 17:11:07.815539
Request method: POST
Request URL: http://localmail.itexpert.ru:5058/ServiceModel/AuthService.svc/Login
Request data: None
Request json: {'UserName': 'Supervisor', 'UserPassword': '!Supervisor123Test!'}
Request cookies: {'Content-Type': 'application/json', 'User-Agent': 'PostmanRuntime/7.29.0', 'Accept': '*/*', 'Cache-Control': 'Cache-Control', 'Host': 'localmail.itexpert.ru:5058', 'Accept-Encoding': 'gzip, deflate, br', 'Connection': 'keep-alive', 'Content-Length': '69'}
Request headers: {}

-------
Response code: 200
Response text: {"RedirectUrl":null,"PasswordChangeUrl":null,"Exception":null,"Code":0,"Message":""}
Response head: {'Date': 'Fri, 14 Oct 2022 12:11:10 GMT', 'Content-Type': 'application/json; charset=utf-8', 'Server': 'Kestrel', 'Content-Length': '84', 'Cache-Control': 'no-cache', 'Pragma': 'no-cache', 'Expires': 'Thu, 01 Jan 1970 00:00:00 GMT', 'Set-Cookie': 'BPMSESSIONID=; expires=Thu, 01 Jan 1970 00:00:00 GMT; path=/; samesite=lax, .ASPXAUTH=CfDJ8KOx5pzs3vJMgjraUoy-gb53D-rLP2uHKLMbpp3Bj-FG2R-1t2nlQoNKMVfVJH2974rxOFriNV69ePRJdhW0tDiFgfLYUrDtcxqk0dRPFgaCP9vAMO8q-C4TYXJHMPQzqwlW8vVUdhgrvf46qTG9zmP2AWgJM342cQ6rXz3Fj43T2dFM34OrM2LH847RaeQF0DJVXsVgjAxL2k5TUXBRiC5HJMuMsZUR-99sHJBQSBpvZKcKtZpMQOR_Pn2dx0IsU3TbcJkc9uLDqsutiHJcYGlHch9wSXi4UySA_xfjrPZ5l-0hMXa_TWN6wuM-JrVNW_bHIf6y1NCNPfYA_wfaUL7d1AxM18Uyy8Gaa7_NYdzTABfp2mmpKAthDJ7BysfDd9XgWWIfV1YirtHlh_2MRlpclad-CWtwcVpk6IRphCDYHHQigOYqD6OaxwGATZQE9kMIR0tFXGMtmgDY84jw0xOw_4bVgDHzp9bdWxBbGP-EPqPrHCIGmGUEujVYjZ7zJP3yK7zZxLQh47odJB3uAzdV4D6_GI745W_bjLQn9km8rV0jbFQb0M1i3c_fsYgZkzpoILksv9TOGtErgIXzfmEjvZc6nRGw1hCN4wCdxDbc6z8_Qht4BLP9wDWWja3UfBawNDyj0P7Xs7plo88a2qTIC9n0YfeklIb-siAH-r4DbQNI2RFIcr2AylcRq5Iv3s0pCOF20g05_qzqQQshsNfnbHMeJYJpD3_ZKQ2xRulUOb_5c13KazQjWoZpGDKICN0e681kyT_v8VGvy61d5YenU0Wcxmw6tccG8f6I1FUWMviAspdC4eUwAv7VR42Rhg; path=/; samesite=lax; httponly, CsrfToken=CfDJ8KOx5pzs3vJMgjraUoy-gb6hdZ_GA_fq3moHEH9Tixwlalic5uiGyC6B6NwOpW1jAsek3BqjwUjWU18v9QlK92FMsbu0DmkUpg6GH8Zo2221UegCkzTzSOuxacsDa831n3tMqXpF9hs2zopWF5PFjIs; path=/; samesite=lax; httponly, BPMCSRF=CfDJ8KOx5pzs3vJMgjraUoy-gb5ZFHJ8sBekvIjQAX0nBLxqranq8nFFhtEmuNcz2UwPf0rzh3a3zvbNGpn1HyNOq5Jevab0t6Yum6yGacO5_TFfhCIWFtlZuihZ14Srsx0lnQeqSFm0YF0FVud9Ji1sMrBQxWp3eQCASDgFrzGRuUegeI72IW-NCXoUydNpOXan3A; path=/; samesite=lax', 'X-Frame-Options': 'SAMEORIGIN'}
Response cookies: <RequestsCookieJar[<Cookie .ASPXAUTH=CfDJ8KOx5pzs3vJMgjraUoy-gb53D-rLP2uHKLMbpp3Bj-FG2R-1t2nlQoNKMVfVJH2974rxOFriNV69ePRJdhW0tDiFgfLYUrDtcxqk0dRPFgaCP9vAMO8q-C4TYXJHMPQzqwlW8vVUdhgrvf46qTG9zmP2AWgJM342cQ6rXz3Fj43T2dFM34OrM2LH847RaeQF0DJVXsVgjAxL2k5TUXBRiC5HJMuMsZUR-99sHJBQSBpvZKcKtZpMQOR_Pn2dx0IsU3TbcJkc9uLDqsutiHJcYGlHch9wSXi4UySA_xfjrPZ5l-0hMXa_TWN6wuM-JrVNW_bHIf6y1NCNPfYA_wfaUL7d1AxM18Uyy8Gaa7_NYdzTABfp2mmpKAthDJ7BysfDd9XgWWIfV1YirtHlh_2MRlpclad-CWtwcVpk6IRphCDYHHQigOYqD6OaxwGATZQE9kMIR0tFXGMtmgDY84jw0xOw_4bVgDHzp9bdWxBbGP-EPqPrHCIGmGUEujVYjZ7zJP3yK7zZxLQh47odJB3uAzdV4D6_GI745W_bjLQn9km8rV0jbFQb0M1i3c_fsYgZkzpoILksv9TOGtErgIXzfmEjvZc6nRGw1hCN4wCdxDbc6z8_Qht4BLP9wDWWja3UfBawNDyj0P7Xs7plo88a2qTIC9n0YfeklIb-siAH-r4DbQNI2RFIcr2AylcRq5Iv3s0pCOF20g05_qzqQQshsNfnbHMeJYJpD3_ZKQ2xRulUOb_5c13KazQjWoZpGDKICN0e681kyT_v8VGvy61d5YenU0Wcxmw6tccG8f6I1FUWMviAspdC4eUwAv7VR42Rhg for localmail.itexpert.ru/>, <Cookie BPMCSRF=CfDJ8KOx5pzs3vJMgjraUoy-gb5ZFHJ8sBekvIjQAX0nBLxqranq8nFFhtEmuNcz2UwPf0rzh3a3zvbNGpn1HyNOq5Jevab0t6Yum6yGacO5_TFfhCIWFtlZuihZ14Srsx0lnQeqSFm0YF0FVud9Ji1sMrBQxWp3eQCASDgFrzGRuUegeI72IW-NCXoUydNpOXan3A for localmail.itexpert.ru/>, <Cookie CsrfToken=CfDJ8KOx5pzs3vJMgjraUoy-gb6hdZ_GA_fq3moHEH9Tixwlalic5uiGyC6B6NwOpW1jAsek3BqjwUjWU18v9QlK92FMsbu0DmkUpg6GH8Zo2221UegCkzTzSOuxacsDa831n3tMqXpF9hs2zopWF5PFjIs for localmail.itexpert.ru/>]>

-------

------
Test: None
Time: 2022-10-14 17:11:08.087861
Request method: POST
Request URL: http://localmail.itexpert.ru:5058/rest/SapErpIntegrationService/v1/UpdateOSDirectory
Request data: None
Request json: {'currentPage': 1, 'pageCount': 1, 'delta': 'F', 'item': [{'ANLN1': '240000240179', 'TXT50': 'Аппарат телефонный Cisco/CP-7945G=13', 'INVNR': '12121313', 'AKTIV': '29.03.2016', 'KOSTL': '1006103050', 'WERKS': '1002', 'STORT': '43', 'ANSW_END': '20000.00', 'RBW_END': '10000', 'MENGE': '2', 'POSNR': '1100648.80016-YO04-00011', 'GLO_RUS_OKOF16': '330.28.12', 'GLO_RUS_DEPGRN': '03', 'NDJAR': '003', 'DEAKT': '13.02.2023', 'KTEXT3': 'г.Санкт-Петербург ул.Почтамтская 3-5', 'ZZCNDPERNR': '00028076', 'CNDPERNR_NAME': 'Дернов ИН123', 'OS_STATUS': 'Активен', 'AWKEY': '09072021/2', 'GJAHR': '2021', 'ACT-ID': 'pre09072021/2', 'SERNR': '123йцу123йу1', 'row': 1, 'deleted': ''}]}
Request cookies: {'Content-Type': 'application/json', 'User-Agent': 'PostmanRuntime/7.29.0', 'Accept': '*/*', 'Cache-Control': 'Cache-Control', 'Host': 'localmail.itexpert.ru:5058', 'Accept-Encoding': 'gzip, deflate, br', 'Connection': 'keep-alive', 'Content-Length': '69', 'BPMCSRF': 'CfDJ8KOx5pzs3vJMgjraUoy-gb5ZFHJ8sBekvIjQAX0nBLxqranq8nFFhtEmuNcz2UwPf0rzh3a3zvbNGpn1HyNOq5Jevab0t6Yum6yGacO5_TFfhCIWFtlZuihZ14Srsx0lnQeqSFm0YF0FVud9Ji1sMrBQxWp3eQCASDgFrzGRuUegeI72IW-NCXoUydNpOXan3A'}
Request headers: <RequestsCookieJar[<Cookie .ASPXAUTH=CfDJ8KOx5pzs3vJMgjraUoy-gb53D-rLP2uHKLMbpp3Bj-FG2R-1t2nlQoNKMVfVJH2974rxOFriNV69ePRJdhW0tDiFgfLYUrDtcxqk0dRPFgaCP9vAMO8q-C4TYXJHMPQzqwlW8vVUdhgrvf46qTG9zmP2AWgJM342cQ6rXz3Fj43T2dFM34OrM2LH847RaeQF0DJVXsVgjAxL2k5TUXBRiC5HJMuMsZUR-99sHJBQSBpvZKcKtZpMQOR_Pn2dx0IsU3TbcJkc9uLDqsutiHJcYGlHch9wSXi4UySA_xfjrPZ5l-0hMXa_TWN6wuM-JrVNW_bHIf6y1NCNPfYA_wfaUL7d1AxM18Uyy8Gaa7_NYdzTABfp2mmpKAthDJ7BysfDd9XgWWIfV1YirtHlh_2MRlpclad-CWtwcVpk6IRphCDYHHQigOYqD6OaxwGATZQE9kMIR0tFXGMtmgDY84jw0xOw_4bVgDHzp9bdWxBbGP-EPqPrHCIGmGUEujVYjZ7zJP3yK7zZxLQh47odJB3uAzdV4D6_GI745W_bjLQn9km8rV0jbFQb0M1i3c_fsYgZkzpoILksv9TOGtErgIXzfmEjvZc6nRGw1hCN4wCdxDbc6z8_Qht4BLP9wDWWja3UfBawNDyj0P7Xs7plo88a2qTIC9n0YfeklIb-siAH-r4DbQNI2RFIcr2AylcRq5Iv3s0pCOF20g05_qzqQQshsNfnbHMeJYJpD3_ZKQ2xRulUOb_5c13KazQjWoZpGDKICN0e681kyT_v8VGvy61d5YenU0Wcxmw6tccG8f6I1FUWMviAspdC4eUwAv7VR42Rhg for localmail.itexpert.ru/>, <Cookie BPMCSRF=CfDJ8KOx5pzs3vJMgjraUoy-gb5ZFHJ8sBekvIjQAX0nBLxqranq8nFFhtEmuNcz2UwPf0rzh3a3zvbNGpn1HyNOq5Jevab0t6Yum6yGacO5_TFfhCIWFtlZuihZ14Srsx0lnQeqSFm0YF0FVud9Ji1sMrBQxWp3eQCASDgFrzGRuUegeI72IW-NCXoUydNpOXan3A for localmail.itexpert.ru/>, <Cookie CsrfToken=CfDJ8KOx5pzs3vJMgjraUoy-gb6hdZ_GA_fq3moHEH9Tixwlalic5uiGyC6B6NwOpW1jAsek3BqjwUjWU18v9QlK92FMsbu0DmkUpg6GH8Zo2221UegCkzTzSOuxacsDa831n3tMqXpF9hs2zopWF5PFjIs for localmail.itexpert.ru/>]>

-------
Response code: 200
Response text: {"result":[{"TYPE":"E","MESSAGE":"СПП-элемент не найден в КСУИТ","ROW":1}],"isSuccessful":true,"message":"OK","success":true,"error":null,"status":200}
Response head: {'Date': 'Fri, 14 Oct 2022 12:11:11 GMT', 'Content-Type': 'application/json; charset=utf-8', 'Server': 'Kestrel', 'Content-Length': '175', 'Cache-Control': 'no-cache', 'Pragma': 'no-cache', 'Expires': '-1', 'Set-Cookie': 'BPMSESSIONID=CfDJ8KOx5pzs3vJMgjraUoy%2Bgb55w4uMJ9EYNqkKSX9tCStr83%2BNzRlWT3MnCoDxjxp5KjBl9JOlbKiGLT7ijis60%2BgOQ1yIPwNCOeJjKk2jPhOHlI4yMkugUSFNVwrBTvQxnHd75p0tQnNEDTHvUM51nabOl6JZYgRqHfolOdMTh4R9; path=/; samesite=lax; httponly'}
Response cookies: <RequestsCookieJar[<Cookie BPMSESSIONID=CfDJ8KOx5pzs3vJMgjraUoy%2Bgb55w4uMJ9EYNqkKSX9tCStr83%2BNzRlWT3MnCoDxjxp5KjBl9JOlbKiGLT7ijis60%2BgOQ1yIPwNCOeJjKk2jPhOHlI4yMkugUSFNVwrBTvQxnHd75p0tQnNEDTHvUM51nabOl6JZYgRqHfolOdMTh4R9 for localmail.itexpert.ru/>]>

-------

------
Test: None
Time: 2022-10-14 17:11:09.046101
Request method: POST
Request URL: http://localmail.itexpert.ru:5058/ServiceModel/AuthService.svc/Login
Request data: None
Request json: {'UserName': 'Supervisor', 'UserPassword': '!Supervisor123Test!'}
Request cookies: {'Content-Type': 'application/json', 'User-Agent': 'PostmanRuntime/7.29.0', 'Accept': '*/*', 'Cache-Control': 'Cache-Control', 'Host': 'localmail.itexpert.ru:5058', 'Accept-Encoding': 'gzip, deflate, br', 'Connection': 'keep-alive', 'Content-Length': '69'}
Request headers: {}

-------
Response code: 200
Response text: {"RedirectUrl":null,"PasswordChangeUrl":null,"Exception":null,"Code":0,"Message":""}
Response head: {'Date': 'Fri, 14 Oct 2022 12:11:12 GMT', 'Content-Type': 'application/json; charset=utf-8', 'Server': 'Kestrel', 'Content-Length': '84', 'Cache-Control': 'no-cache', 'Pragma': 'no-cache', 'Expires': 'Thu, 01 Jan 1970 00:00:00 GMT', 'Set-Cookie': 'BPMSESSIONID=; expires=Thu, 01 Jan 1970 00:00:00 GMT; path=/; samesite=lax, .ASPXAUTH=CfDJ8KOx5pzs3vJMgjraUoy-gb5f7s6sMV05Hn8B01RlnERG8bauMUgjfaUw99pKPB074k7nC267w3QSn9PtI7DGtBAczsRA0tZbZJ_75bD-oY6DheRvIPWR1o4ftyAwZqSW0eHQu2acDrGo2OjZ-RIpnY6djJqm-MHemEwJRYBpc9fBFBTnf4gogiadFLRzb6D4_UhKOGM6A38pXS8UDJcqpV9_wKc-B7P-5LtAhCHUaQZdOB6ULdlCeJoptKn1bVG3EPL4YMbj6mkLSfFpUFp1NYZHZSY_hhXbugIW0fFG_MueGwfdtcywrV5DTtQVTouT1AePkcXkiXu8SXswkV3DyZiFTUNKUNWIiaWl0r_t5rp3DSpWpPCQ0TwfwOT-2OuVI-JK1Oo_xyPwB_L2qOxFIwvIgYr1Px_Rx-ZdDh81mjEJXo8BeMbA3QEDPPOyJA6Jbh0O6-u8quvyCcUI8L-8H9NLJuYZffIf5mdeTWZRd5uy2GlBMOvOFNfGbtcjUlHnKPt4g4x3EAO9DZT60cJfXMLW7Ui78F9QCOWhq2TU9rwJkjpyLLMU3dWIijnyPyyEv35U9syvtP0njQmG4m3INWTGVeH6m_OiqZBDqsIVM9LyC6M7YCGQdUjzKa4FYPHdA9c5oSt7Hpd1b4I1M434B3btIljUUXKJlvwc-wj2VBZky9lerRQnQ_hZNHUYY0oYxvyiKgQiLF_0-79poq5OtAHw_MVC3Tlx6HvaCioyZimuGZjW1GRLBRjHvHmcAk7ZlExfn7M1nFijcW6MEIfiMOu7LQnb59SUICbBpvlXKtlW6FEQQhFRrBBrSxTbFETrrw; path=/; samesite=lax; httponly, CsrfToken=CfDJ8KOx5pzs3vJMgjraUoy-gb48CAD8Mo_d9BpXKW481_aCIlKJ1NQ5979Bn00VgNFNKsV0-0_ApIjoH0A9cgL3ShRBRCAaoqS3Isr7jO0zEEXjQGwLgZNcuOGFDDyAgmvL5wSfBPg6TvZpGZvpEyScv3w; path=/; samesite=lax; httponly, BPMCSRF=CfDJ8KOx5pzs3vJMgjraUoy-gb6pAsHRkoRoORLSCd_hPyie3gqmsflYEIwkBuqlZdUgWY39SG2hMQF4b3t4BKsrv1abvlgK5koCCVDN1Z-VF7GgJLpujlD030B6vlcxDGpB6SA5-9N96vCOtz-EJskTKlb2ANj_oFU7ECQtEn0r7U7bQkxwCXaW8cRyuRjizXFlgQ; path=/; samesite=lax', 'X-Frame-Options': 'SAMEORIGIN'}
Response cookies: <RequestsCookieJar[<Cookie .ASPXAUTH=CfDJ8KOx5pzs3vJMgjraUoy-gb5f7s6sMV05Hn8B01RlnERG8bauMUgjfaUw99pKPB074k7nC267w3QSn9PtI7DGtBAczsRA0tZbZJ_75bD-oY6DheRvIPWR1o4ftyAwZqSW0eHQu2acDrGo2OjZ-RIpnY6djJqm-MHemEwJRYBpc9fBFBTnf4gogiadFLRzb6D4_UhKOGM6A38pXS8UDJcqpV9_wKc-B7P-5LtAhCHUaQZdOB6ULdlCeJoptKn1bVG3EPL4YMbj6mkLSfFpUFp1NYZHZSY_hhXbugIW0fFG_MueGwfdtcywrV5DTtQVTouT1AePkcXkiXu8SXswkV3DyZiFTUNKUNWIiaWl0r_t5rp3DSpWpPCQ0TwfwOT-2OuVI-JK1Oo_xyPwB_L2qOxFIwvIgYr1Px_Rx-ZdDh81mjEJXo8BeMbA3QEDPPOyJA6Jbh0O6-u8quvyCcUI8L-8H9NLJuYZffIf5mdeTWZRd5uy2GlBMOvOFNfGbtcjUlHnKPt4g4x3EAO9DZT60cJfXMLW7Ui78F9QCOWhq2TU9rwJkjpyLLMU3dWIijnyPyyEv35U9syvtP0njQmG4m3INWTGVeH6m_OiqZBDqsIVM9LyC6M7YCGQdUjzKa4FYPHdA9c5oSt7Hpd1b4I1M434B3btIljUUXKJlvwc-wj2VBZky9lerRQnQ_hZNHUYY0oYxvyiKgQiLF_0-79poq5OtAHw_MVC3Tlx6HvaCioyZimuGZjW1GRLBRjHvHmcAk7ZlExfn7M1nFijcW6MEIfiMOu7LQnb59SUICbBpvlXKtlW6FEQQhFRrBBrSxTbFETrrw for localmail.itexpert.ru/>, <Cookie BPMCSRF=CfDJ8KOx5pzs3vJMgjraUoy-gb6pAsHRkoRoORLSCd_hPyie3gqmsflYEIwkBuqlZdUgWY39SG2hMQF4b3t4BKsrv1abvlgK5koCCVDN1Z-VF7GgJLpujlD030B6vlcxDGpB6SA5-9N96vCOtz-EJskTKlb2ANj_oFU7ECQtEn0r7U7bQkxwCXaW8cRyuRjizXFlgQ for localmail.itexpert.ru/>, <Cookie CsrfToken=CfDJ8KOx5pzs3vJMgjraUoy-gb48CAD8Mo_d9BpXKW481_aCIlKJ1NQ5979Bn00VgNFNKsV0-0_ApIjoH0A9cgL3ShRBRCAaoqS3Isr7jO0zEEXjQGwLgZNcuOGFDDyAgmvL5wSfBPg6TvZpGZvpEyScv3w for localmail.itexpert.ru/>]>

-------

------
Test: None
Time: 2022-10-14 17:11:09.322895
Request method: POST
Request URL: http://localmail.itexpert.ru:5058/rest/SapErpIntegrationService/v1/UpdateOSDirectory
Request data: None
Request json: {'currentPage': 1, 'pageCount': 1, 'delta': 'F', 'item': [{'ANLN1': '240000240179', 'TXT50': 'Аппарат телефонный Cisco/CP-7945G=13', 'INVNR': '12121313', 'AKTIV': '29.03.2016', 'KOSTL': '1006103050', 'WERKS': '1002', 'STORT': '43', 'ANSW_END': '20000.00', 'RBW_END': '10000', 'MENGE': '2', 'POSNR': '1100648.80016-YO04-00013', 'GLO_RUS_OKOF16': '330.28.12', 'GLO_RUS_DEPGRN': '03', 'NDJAR': '003', 'DEAKT': '13.02.2023', 'KTEXT3': 'г.Санкт-Петербург ул.Почтамтская 3-5', 'ZZCNDPERNR': '00028076', 'CNDPERNR_NAME': 'Дернов ИН123', 'OS_STATUS': 'Активе', 'AWKEY': '09072021/2', 'GJAHR': '2021', 'ACT-ID': 'pre09072021/2', 'SERNR': '123йцу123йу1', 'row': 1, 'deleted': ''}]}
Request cookies: {'Content-Type': 'application/json', 'User-Agent': 'PostmanRuntime/7.29.0', 'Accept': '*/*', 'Cache-Control': 'Cache-Control', 'Host': 'localmail.itexpert.ru:5058', 'Accept-Encoding': 'gzip, deflate, br', 'Connection': 'keep-alive', 'Content-Length': '69', 'BPMCSRF': 'CfDJ8KOx5pzs3vJMgjraUoy-gb6pAsHRkoRoORLSCd_hPyie3gqmsflYEIwkBuqlZdUgWY39SG2hMQF4b3t4BKsrv1abvlgK5koCCVDN1Z-VF7GgJLpujlD030B6vlcxDGpB6SA5-9N96vCOtz-EJskTKlb2ANj_oFU7ECQtEn0r7U7bQkxwCXaW8cRyuRjizXFlgQ'}
Request headers: <RequestsCookieJar[<Cookie .ASPXAUTH=CfDJ8KOx5pzs3vJMgjraUoy-gb5f7s6sMV05Hn8B01RlnERG8bauMUgjfaUw99pKPB074k7nC267w3QSn9PtI7DGtBAczsRA0tZbZJ_75bD-oY6DheRvIPWR1o4ftyAwZqSW0eHQu2acDrGo2OjZ-RIpnY6djJqm-MHemEwJRYBpc9fBFBTnf4gogiadFLRzb6D4_UhKOGM6A38pXS8UDJcqpV9_wKc-B7P-5LtAhCHUaQZdOB6ULdlCeJoptKn1bVG3EPL4YMbj6mkLSfFpUFp1NYZHZSY_hhXbugIW0fFG_MueGwfdtcywrV5DTtQVTouT1AePkcXkiXu8SXswkV3DyZiFTUNKUNWIiaWl0r_t5rp3DSpWpPCQ0TwfwOT-2OuVI-JK1Oo_xyPwB_L2qOxFIwvIgYr1Px_Rx-ZdDh81mjEJXo8BeMbA3QEDPPOyJA6Jbh0O6-u8quvyCcUI8L-8H9NLJuYZffIf5mdeTWZRd5uy2GlBMOvOFNfGbtcjUlHnKPt4g4x3EAO9DZT60cJfXMLW7Ui78F9QCOWhq2TU9rwJkjpyLLMU3dWIijnyPyyEv35U9syvtP0njQmG4m3INWTGVeH6m_OiqZBDqsIVM9LyC6M7YCGQdUjzKa4FYPHdA9c5oSt7Hpd1b4I1M434B3btIljUUXKJlvwc-wj2VBZky9lerRQnQ_hZNHUYY0oYxvyiKgQiLF_0-79poq5OtAHw_MVC3Tlx6HvaCioyZimuGZjW1GRLBRjHvHmcAk7ZlExfn7M1nFijcW6MEIfiMOu7LQnb59SUICbBpvlXKtlW6FEQQhFRrBBrSxTbFETrrw for localmail.itexpert.ru/>, <Cookie BPMCSRF=CfDJ8KOx5pzs3vJMgjraUoy-gb6pAsHRkoRoORLSCd_hPyie3gqmsflYEIwkBuqlZdUgWY39SG2hMQF4b3t4BKsrv1abvlgK5koCCVDN1Z-VF7GgJLpujlD030B6vlcxDGpB6SA5-9N96vCOtz-EJskTKlb2ANj_oFU7ECQtEn0r7U7bQkxwCXaW8cRyuRjizXFlgQ for localmail.itexpert.ru/>, <Cookie CsrfToken=CfDJ8KOx5pzs3vJMgjraUoy-gb48CAD8Mo_d9BpXKW481_aCIlKJ1NQ5979Bn00VgNFNKsV0-0_ApIjoH0A9cgL3ShRBRCAaoqS3Isr7jO0zEEXjQGwLgZNcuOGFDDyAgmvL5wSfBPg6TvZpGZvpEyScv3w for localmail.itexpert.ru/>]>

-------
Response code: 200
Response text: {"result":[{"TYPE":"E","MESSAGE":"Статус не найден в КСУИТ","ROW":1}],"isSuccessful":true,"message":"OK","success":true,"error":null,"status":200}
Response head: {'Date': 'Fri, 14 Oct 2022 12:11:12 GMT', 'Content-Type': 'application/json; charset=utf-8', 'Server': 'Kestrel', 'Content-Length': '166', 'Cache-Control': 'no-cache', 'Pragma': 'no-cache', 'Expires': '-1', 'Set-Cookie': 'BPMSESSIONID=CfDJ8KOx5pzs3vJMgjraUoy%2Bgb5QZ8JPV5sevnev%2FW%2BirnMDfbie3zo1DBLkFMdARjp3MqQlydxModbQb1Ny7vOtep3PkkHS3PMfLxw%2F%2FCSjb%2BMvGh2VCjFAZchnKMe%2FjYhrpCuziWDZ2I0a5jmEOxPf62ZcBUmbm2RVotYxpBPRyV81; path=/; samesite=lax; httponly'}
Response cookies: <RequestsCookieJar[<Cookie BPMSESSIONID=CfDJ8KOx5pzs3vJMgjraUoy%2Bgb5QZ8JPV5sevnev%2FW%2BirnMDfbie3zo1DBLkFMdARjp3MqQlydxModbQb1Ny7vOtep3PkkHS3PMfLxw%2F%2FCSjb%2BMvGh2VCjFAZchnKMe%2FjYhrpCuziWDZ2I0a5jmEOxPf62ZcBUmbm2RVotYxpBPRyV81 for localmail.itexpert.ru/>]>

-------

------
Test: None
Time: 2022-10-14 17:11:10.146882
Request method: POST
Request URL: http://localmail.itexpert.ru:5058/ServiceModel/AuthService.svc/Login
Request data: None
Request json: {'UserName': 'Supervisor', 'UserPassword': '!Supervisor123Test!'}
Request cookies: {'Content-Type': 'application/json', 'User-Agent': 'PostmanRuntime/7.29.0', 'Accept': '*/*', 'Cache-Control': 'Cache-Control', 'Host': 'localmail.itexpert.ru:5058', 'Accept-Encoding': 'gzip, deflate, br', 'Connection': 'keep-alive', 'Content-Length': '69'}
Request headers: {}

-------
Response code: 200
Response text: {"RedirectUrl":null,"PasswordChangeUrl":null,"Exception":null,"Code":0,"Message":""}
Response head: {'Date': 'Fri, 14 Oct 2022 12:11:13 GMT', 'Content-Type': 'application/json; charset=utf-8', 'Server': 'Kestrel', 'Content-Length': '84', 'Cache-Control': 'no-cache', 'Pragma': 'no-cache', 'Expires': 'Thu, 01 Jan 1970 00:00:00 GMT', 'Set-Cookie': 'BPMSESSIONID=; expires=Thu, 01 Jan 1970 00:00:00 GMT; path=/; samesite=lax, .ASPXAUTH=CfDJ8KOx5pzs3vJMgjraUoy-gb57ITueFjqibG0EKwyvbYOCg23DlyIyH_FyKLGeC-sMZ169bNkKhJTuMuMo0MLpzAIeosw_OPQGv04-jpIUpPXn_7lmXVIJak0e7PTX-lSxElSBvLCbgiaHS7SJaywJHgqfeOl-Ius3wENeaSelKo-WtAvVGKP9KPrMtzUIRbk9W4edCOGul2yHGKQMtXZlX3s-B8DxxZ7Gz_RNbS04uKGBcjyzX0iRoO6eDdas40qTGT4H0wwZjM7UL6Bc9HBdXVRcb_oJdPuha0rkkk9uat-IekiaZgL1CVzOz-oGwgXl8bF3bLioIkNJ54_C7TGVXMOAuM5tTcDviLEAnccvfJg3NUtFpcuyiqJHXlLxIOutyoaF6NookYfMDt4xgfaV7-Rmktwqmh_WSBikR_D_RB1C4wdBW9sO9RW8WXTjHZ_KuT9zoR9fv6hxIucGnSOkKcjzp2Sf-sK2cxZX2GD1a3Ns5fm2u3KQO99aOg2J02O0FOUk-98uozHPc584DgBZUtsZp1lQt7k4XGbXKg1MucAgr763ybNCw5SmPhhY3rEp4kBKZGh2GS_S8inWPzfYoJ2rgWeT0kmN6LGB4xzQDFlepxsxdN7aOAw21fxx6Nma0-cEllryo_jEvGDz7Rvz0y1Tnll2g97x6No2gR6050Yhl0ttl11jgRIJqiHz8oaaWf5wKxJd0U2F0w5dEmtZNp0zkxt3NW9PLw7uxk_9HQXFzobIC9fD7Llmx8SMM73rlfWj4gczC8QoG9kkC-pfUtRSrgQVXiJq1bkh8lUofJgl58rGQGqtVmtmbabxhiVvIw; path=/; samesite=lax; httponly, CsrfToken=CfDJ8KOx5pzs3vJMgjraUoy-gb4L0HItJT0K_trTqI0Jr_FtLacYTbXzFk7Xb14GpxbE8MLuEn58QBmGQxGOj8mwNhyFM7M9uu8SFZQHCM5-v-e4PvbIVYz3kX0_QsEbNEIDOm7FbNSFKrAPkHIowcd609Q; path=/; samesite=lax; httponly, BPMCSRF=CfDJ8KOx5pzs3vJMgjraUoy-gb4q8VfDMH2HIHh1CRMJrkh8RZvNp372QBQE4b_b0Mm3TDaqTpLBXpb3LvRQL_H6xIW3yGSXsznoVh1KXF9Qd_q3nu4jyqqafWXgvlBRfT0HYviM8SEvQc6y6ugyhrowV5652cEbaspgTM4c5yWnUi_r2pZurlv47ZW9NwRV_oXTtg; path=/; samesite=lax', 'X-Frame-Options': 'SAMEORIGIN'}
Response cookies: <RequestsCookieJar[<Cookie .ASPXAUTH=CfDJ8KOx5pzs3vJMgjraUoy-gb57ITueFjqibG0EKwyvbYOCg23DlyIyH_FyKLGeC-sMZ169bNkKhJTuMuMo0MLpzAIeosw_OPQGv04-jpIUpPXn_7lmXVIJak0e7PTX-lSxElSBvLCbgiaHS7SJaywJHgqfeOl-Ius3wENeaSelKo-WtAvVGKP9KPrMtzUIRbk9W4edCOGul2yHGKQMtXZlX3s-B8DxxZ7Gz_RNbS04uKGBcjyzX0iRoO6eDdas40qTGT4H0wwZjM7UL6Bc9HBdXVRcb_oJdPuha0rkkk9uat-IekiaZgL1CVzOz-oGwgXl8bF3bLioIkNJ54_C7TGVXMOAuM5tTcDviLEAnccvfJg3NUtFpcuyiqJHXlLxIOutyoaF6NookYfMDt4xgfaV7-Rmktwqmh_WSBikR_D_RB1C4wdBW9sO9RW8WXTjHZ_KuT9zoR9fv6hxIucGnSOkKcjzp2Sf-sK2cxZX2GD1a3Ns5fm2u3KQO99aOg2J02O0FOUk-98uozHPc584DgBZUtsZp1lQt7k4XGbXKg1MucAgr763ybNCw5SmPhhY3rEp4kBKZGh2GS_S8inWPzfYoJ2rgWeT0kmN6LGB4xzQDFlepxsxdN7aOAw21fxx6Nma0-cEllryo_jEvGDz7Rvz0y1Tnll2g97x6No2gR6050Yhl0ttl11jgRIJqiHz8oaaWf5wKxJd0U2F0w5dEmtZNp0zkxt3NW9PLw7uxk_9HQXFzobIC9fD7Llmx8SMM73rlfWj4gczC8QoG9kkC-pfUtRSrgQVXiJq1bkh8lUofJgl58rGQGqtVmtmbabxhiVvIw for localmail.itexpert.ru/>, <Cookie BPMCSRF=CfDJ8KOx5pzs3vJMgjraUoy-gb4q8VfDMH2HIHh1CRMJrkh8RZvNp372QBQE4b_b0Mm3TDaqTpLBXpb3LvRQL_H6xIW3yGSXsznoVh1KXF9Qd_q3nu4jyqqafWXgvlBRfT0HYviM8SEvQc6y6ugyhrowV5652cEbaspgTM4c5yWnUi_r2pZurlv47ZW9NwRV_oXTtg for localmail.itexpert.ru/>, <Cookie CsrfToken=CfDJ8KOx5pzs3vJMgjraUoy-gb4L0HItJT0K_trTqI0Jr_FtLacYTbXzFk7Xb14GpxbE8MLuEn58QBmGQxGOj8mwNhyFM7M9uu8SFZQHCM5-v-e4PvbIVYz3kX0_QsEbNEIDOm7FbNSFKrAPkHIowcd609Q for localmail.itexpert.ru/>]>

-------

------
Test: None
Time: 2022-10-14 17:11:10.431679
Request method: POST
Request URL: http://localmail.itexpert.ru:5058/rest/SapErpIntegrationService/v1/UpdateOSDirectory
Request data: None
Request json: {'currentPage': 2, 'pageCount': 1, 'delta': 'F', 'item': [{'ANLN1': '240000240179', 'TXT50': 'Аппарат телефонный Cisco/CP-7945G=13', 'INVNR': '12121313', 'AKTIV': '29.03.2016', 'KOSTL': '1006103050', 'WERKS': '1002', 'STORT': '43', 'ANSW_END': '20000.00', 'RBW_END': '10000', 'MENGE': '2', 'POSNR': '1100648.80016-YO04-00013', 'GLO_RUS_OKOF16': '330.28.12', 'GLO_RUS_DEPGRN': '03', 'NDJAR': '003', 'DEAKT': '13.02.2023', 'KTEXT3': 'г.Санкт-Петербург ул.Почтамтская 3-5', 'ZZCNDPERNR': '00028076', 'CNDPERNR_NAME': 'Дернов ИН123', 'OS_STATUS': 'Активен', 'AWKEY': '09072021/2', 'GJAHR': '2021', 'ACT-ID': 'pre09072021/2', 'SERNR': '123йцу123йу1', 'row': 1, 'deleted': ''}]}
Request cookies: {'Content-Type': 'application/json', 'User-Agent': 'PostmanRuntime/7.29.0', 'Accept': '*/*', 'Cache-Control': 'Cache-Control', 'Host': 'localmail.itexpert.ru:5058', 'Accept-Encoding': 'gzip, deflate, br', 'Connection': 'keep-alive', 'Content-Length': '69', 'BPMCSRF': 'CfDJ8KOx5pzs3vJMgjraUoy-gb4q8VfDMH2HIHh1CRMJrkh8RZvNp372QBQE4b_b0Mm3TDaqTpLBXpb3LvRQL_H6xIW3yGSXsznoVh1KXF9Qd_q3nu4jyqqafWXgvlBRfT0HYviM8SEvQc6y6ugyhrowV5652cEbaspgTM4c5yWnUi_r2pZurlv47ZW9NwRV_oXTtg'}
Request headers: <RequestsCookieJar[<Cookie .ASPXAUTH=CfDJ8KOx5pzs3vJMgjraUoy-gb57ITueFjqibG0EKwyvbYOCg23DlyIyH_FyKLGeC-sMZ169bNkKhJTuMuMo0MLpzAIeosw_OPQGv04-jpIUpPXn_7lmXVIJak0e7PTX-lSxElSBvLCbgiaHS7SJaywJHgqfeOl-Ius3wENeaSelKo-WtAvVGKP9KPrMtzUIRbk9W4edCOGul2yHGKQMtXZlX3s-B8DxxZ7Gz_RNbS04uKGBcjyzX0iRoO6eDdas40qTGT4H0wwZjM7UL6Bc9HBdXVRcb_oJdPuha0rkkk9uat-IekiaZgL1CVzOz-oGwgXl8bF3bLioIkNJ54_C7TGVXMOAuM5tTcDviLEAnccvfJg3NUtFpcuyiqJHXlLxIOutyoaF6NookYfMDt4xgfaV7-Rmktwqmh_WSBikR_D_RB1C4wdBW9sO9RW8WXTjHZ_KuT9zoR9fv6hxIucGnSOkKcjzp2Sf-sK2cxZX2GD1a3Ns5fm2u3KQO99aOg2J02O0FOUk-98uozHPc584DgBZUtsZp1lQt7k4XGbXKg1MucAgr763ybNCw5SmPhhY3rEp4kBKZGh2GS_S8inWPzfYoJ2rgWeT0kmN6LGB4xzQDFlepxsxdN7aOAw21fxx6Nma0-cEllryo_jEvGDz7Rvz0y1Tnll2g97x6No2gR6050Yhl0ttl11jgRIJqiHz8oaaWf5wKxJd0U2F0w5dEmtZNp0zkxt3NW9PLw7uxk_9HQXFzobIC9fD7Llmx8SMM73rlfWj4gczC8QoG9kkC-pfUtRSrgQVXiJq1bkh8lUofJgl58rGQGqtVmtmbabxhiVvIw for localmail.itexpert.ru/>, <Cookie BPMCSRF=CfDJ8KOx5pzs3vJMgjraUoy-gb4q8VfDMH2HIHh1CRMJrkh8RZvNp372QBQE4b_b0Mm3TDaqTpLBXpb3LvRQL_H6xIW3yGSXsznoVh1KXF9Qd_q3nu4jyqqafWXgvlBRfT0HYviM8SEvQc6y6ugyhrowV5652cEbaspgTM4c5yWnUi_r2pZurlv47ZW9NwRV_oXTtg for localmail.itexpert.ru/>, <Cookie CsrfToken=CfDJ8KOx5pzs3vJMgjraUoy-gb4L0HItJT0K_trTqI0Jr_FtLacYTbXzFk7Xb14GpxbE8MLuEn58QBmGQxGOj8mwNhyFM7M9uu8SFZQHCM5-v-e4PvbIVYz3kX0_QsEbNEIDOm7FbNSFKrAPkHIowcd609Q for localmail.itexpert.ru/>]>

-------
Response code: 200
Response text: {"result":null,"isSuccessful":false,"message":null,"success":false,"error":"Номер страницы превышает количество страниц","status":400}
Response head: {'Date': 'Fri, 14 Oct 2022 12:11:13 GMT', 'Content-Type': 'application/json; charset=utf-8', 'Server': 'Kestrel', 'Content-Length': '173', 'Cache-Control': 'no-cache', 'Pragma': 'no-cache', 'Expires': '-1', 'Set-Cookie': 'BPMSESSIONID=CfDJ8KOx5pzs3vJMgjraUoy%2Bgb6x8NzGud7TYrk0bZKatCBxHnKVXLRnuTywQq88GQ5T%2B%2ByWGG4y1LBACxuWtWNU%2FR75HBdMag%2FiCaFnpvKfexty%2F4bQ53v6WcWMtsEcDRxCo7k2TA%2BKLDalXGezdaDPsau2yAr%2BJ5o7uXq8hsgE2uc2; path=/; samesite=lax; httponly'}
Response cookies: <RequestsCookieJar[<Cookie BPMSESSIONID=CfDJ8KOx5pzs3vJMgjraUoy%2Bgb6x8NzGud7TYrk0bZKatCBxHnKVXLRnuTywQq88GQ5T%2B%2ByWGG4y1LBACxuWtWNU%2FR75HBdMag%2FiCaFnpvKfexty%2F4bQ53v6WcWMtsEcDRxCo7k2TA%2BKLDalXGezdaDPsau2yAr%2BJ5o7uXq8hsgE2uc2 for localmail.itexpert.ru/>]>

-------

------
Test: None
Time: 2022-10-14 17:11:10.812309
Request method: POST
Request URL: http://localmail.itexpert.ru:5058/ServiceModel/AuthService.svc/Login
Request data: None
Request json: {'UserName': 'Supervisor', 'UserPassword': '!Supervisor123Test!'}
Request cookies: {'Content-Type': 'application/json', 'User-Agent': 'PostmanRuntime/7.29.0', 'Accept': '*/*', 'Cache-Control': 'Cache-Control', 'Host': 'localmail.itexpert.ru:5058', 'Accept-Encoding': 'gzip, deflate, br', 'Connection': 'keep-alive', 'Content-Length': '69'}
Request headers: {}

-------
Response code: 200
Response text: {"RedirectUrl":null,"PasswordChangeUrl":null,"Exception":null,"Code":0,"Message":""}
Response head: {'Date': 'Fri, 14 Oct 2022 12:11:13 GMT', 'Content-Type': 'application/json; charset=utf-8', 'Server': 'Kestrel', 'Content-Length': '84', 'Cache-Control': 'no-cache', 'Pragma': 'no-cache', 'Expires': 'Thu, 01 Jan 1970 00:00:00 GMT', 'Set-Cookie': 'BPMSESSIONID=; expires=Thu, 01 Jan 1970 00:00:00 GMT; path=/; samesite=lax, .ASPXAUTH=CfDJ8KOx5pzs3vJMgjraUoy-gb514za04d0eKBstyScez37Rhq9OBJ7pBrn-uSRb-IgDH86Oky-sUI08-ofKWXZfmyKOhiFasq_aLTs8PJdDGNnnHUHDqliXjTWUF9na51G1Ztn7SwaJ4cczVHN7mZQ7y7zg_FJJX8rB5cC-tMlkFP_2D6mPcpVWQoo00udW5wZFBMJPfMzpD219TZ0Ows-lPiNmvfpDG_XmOc9acwsiNr9hthrwt8P0RyMkUN3EYlU_kHXx_X4dBATJI0iDY7TgSB-lVSuvrVjyM0osT2BciuEAXHyodKOBcYMskciNlg7Bdrjm4kqLOl0WLtEU6o-08-RaCdL850IQamFcU7M-BiHr4gEGy1SlqYc7ABAIHuNavutTUdJChRxyC85I0rHY8hBDnPuZ2CrePrfrr6TH704XYEHLMm7FMaT3ke9CbNKfgpwoo9mjy-xjqxmvjbzq6GC4DcCNPn5s-iwi37_k3CV1sS1T0hCwHYn1p_fDY2Rfl0IU-XmZMuAidkRTjrsgSUcF3HSpDQkoSB1ouc8A6KcB6oxxYYYNCg-ktCyOiQQmw_aITe3_1GhbkosSiADqQwsQDmyXE5DJOGcp9O4rv-iWtMrQ-9WBnEssLAvmYGc5r8JE0zhgUF5yct_udqC7m-R6DznkEJU5NJ03fB3D7pcO7cu34721TWnizT31DeKv0AKPPEA8QU7CAqyYS6V9MLPXCcmFB1AanV8khMwxCt_7XNukHaNw_6HOoVcuu3cZBG8GTpSfBpAqCRAD41n7RuA2Af9xYqxmU6Lhhwhsdn1ZnjPvZgKBk1hGA20SkTst-w; path=/; samesite=lax; httponly, CsrfToken=CfDJ8KOx5pzs3vJMgjraUoy-gb5gOLrn9VpYUwOxXfS7KeqMh9Sn7UmyXPuWrB3ut9muZ2YOc6FilURAtzxTGrk1181YkEvC5UCI977OgIHhaGq9_IfDWean89H_yIWAF8P8uKUtXSLSPoMB9D5HhEhiAm4; path=/; samesite=lax; httponly, BPMCSRF=CfDJ8KOx5pzs3vJMgjraUoy-gb65gHOAFfYHW7nCgb1tMiak2ai3NKzZoOPAYuMG7qeK7o0pTbzTs_3a251KuzkpLAr8ZMxJpk85WuAknx81SxBP8P99jjcQdDFa4A_Egip8MuuHWFFOm-78RqNczhzOCfNcLgOtlAxJReWM-sMISN8sfDDd6ep3bLGhr9Q30NXq4Q; path=/; samesite=lax', 'X-Frame-Options': 'SAMEORIGIN'}
Response cookies: <RequestsCookieJar[<Cookie .ASPXAUTH=CfDJ8KOx5pzs3vJMgjraUoy-gb514za04d0eKBstyScez37Rhq9OBJ7pBrn-uSRb-IgDH86Oky-sUI08-ofKWXZfmyKOhiFasq_aLTs8PJdDGNnnHUHDqliXjTWUF9na51G1Ztn7SwaJ4cczVHN7mZQ7y7zg_FJJX8rB5cC-tMlkFP_2D6mPcpVWQoo00udW5wZFBMJPfMzpD219TZ0Ows-lPiNmvfpDG_XmOc9acwsiNr9hthrwt8P0RyMkUN3EYlU_kHXx_X4dBATJI0iDY7TgSB-lVSuvrVjyM0osT2BciuEAXHyodKOBcYMskciNlg7Bdrjm4kqLOl0WLtEU6o-08-RaCdL850IQamFcU7M-BiHr4gEGy1SlqYc7ABAIHuNavutTUdJChRxyC85I0rHY8hBDnPuZ2CrePrfrr6TH704XYEHLMm7FMaT3ke9CbNKfgpwoo9mjy-xjqxmvjbzq6GC4DcCNPn5s-iwi37_k3CV1sS1T0hCwHYn1p_fDY2Rfl0IU-XmZMuAidkRTjrsgSUcF3HSpDQkoSB1ouc8A6KcB6oxxYYYNCg-ktCyOiQQmw_aITe3_1GhbkosSiADqQwsQDmyXE5DJOGcp9O4rv-iWtMrQ-9WBnEssLAvmYGc5r8JE0zhgUF5yct_udqC7m-R6DznkEJU5NJ03fB3D7pcO7cu34721TWnizT31DeKv0AKPPEA8QU7CAqyYS6V9MLPXCcmFB1AanV8khMwxCt_7XNukHaNw_6HOoVcuu3cZBG8GTpSfBpAqCRAD41n7RuA2Af9xYqxmU6Lhhwhsdn1ZnjPvZgKBk1hGA20SkTst-w for localmail.itexpert.ru/>, <Cookie BPMCSRF=CfDJ8KOx5pzs3vJMgjraUoy-gb65gHOAFfYHW7nCgb1tMiak2ai3NKzZoOPAYuMG7qeK7o0pTbzTs_3a251KuzkpLAr8ZMxJpk85WuAknx81SxBP8P99jjcQdDFa4A_Egip8MuuHWFFOm-78RqNczhzOCfNcLgOtlAxJReWM-sMISN8sfDDd6ep3bLGhr9Q30NXq4Q for localmail.itexpert.ru/>, <Cookie CsrfToken=CfDJ8KOx5pzs3vJMgjraUoy-gb5gOLrn9VpYUwOxXfS7KeqMh9Sn7UmyXPuWrB3ut9muZ2YOc6FilURAtzxTGrk1181YkEvC5UCI977OgIHhaGq9_IfDWean89H_yIWAF8P8uKUtXSLSPoMB9D5HhEhiAm4 for localmail.itexpert.ru/>]>

-------

------
Test: None
Time: 2022-10-14 17:11:11.093879
Request method: POST
Request URL: http://localmail.itexpert.ru:5058/rest/SapErpIntegrationService/v1/UpdateOSDirectory
Request data: None
Request json: {'currentPage': 1, 'pageCount': 1, 'delta': 'F', 'item': [{'ANLN1': '240000240179', 'TXT50': 'Аппарат телефонный Cisco/CP-7945G=13', 'INVNR': '12121313', 'AKTIV': '29.03.2016', 'KOSTL': '1006103050', 'WERKS': '1002', 'STORT': '43', 'ANSW_END': '20000.00', 'RBW_END': '10000', 'MENGE': '2', 'POSNR': '1100648.80016-YO04-00013', 'GLO_RUS_OKOF16': '330.28.12', 'GLO_RUS_DEPGRN': '03', 'NDJAR': '003', 'DEAKT': '13.02.2023', 'KTEXT3': 'г.Санкт-Петербург ул.Почтамтская 3-5', 'ZZCNDPERNR': '00028076', 'CNDPERNR_NAME': 'Дернов ИН123', 'OS_STATUS': 'Перемещен', 'AWKEY': '09072021/2', 'GJAHR': '2021', 'ACT-ID': 'pre09072021/2', 'SERNR': '666', 'row': 1, 'deleted': ''}]}
Request cookies: {'Content-Type': 'application/json', 'User-Agent': 'PostmanRuntime/7.29.0', 'Accept': '*/*', 'Cache-Control': 'Cache-Control', 'Host': 'localmail.itexpert.ru:5058', 'Accept-Encoding': 'gzip, deflate, br', 'Connection': 'keep-alive', 'Content-Length': '69', 'BPMCSRF': 'CfDJ8KOx5pzs3vJMgjraUoy-gb65gHOAFfYHW7nCgb1tMiak2ai3NKzZoOPAYuMG7qeK7o0pTbzTs_3a251KuzkpLAr8ZMxJpk85WuAknx81SxBP8P99jjcQdDFa4A_Egip8MuuHWFFOm-78RqNczhzOCfNcLgOtlAxJReWM-sMISN8sfDDd6ep3bLGhr9Q30NXq4Q'}
Request headers: <RequestsCookieJar[<Cookie .ASPXAUTH=CfDJ8KOx5pzs3vJMgjraUoy-gb514za04d0eKBstyScez37Rhq9OBJ7pBrn-uSRb-IgDH86Oky-sUI08-ofKWXZfmyKOhiFasq_aLTs8PJdDGNnnHUHDqliXjTWUF9na51G1Ztn7SwaJ4cczVHN7mZQ7y7zg_FJJX8rB5cC-tMlkFP_2D6mPcpVWQoo00udW5wZFBMJPfMzpD219TZ0Ows-lPiNmvfpDG_XmOc9acwsiNr9hthrwt8P0RyMkUN3EYlU_kHXx_X4dBATJI0iDY7TgSB-lVSuvrVjyM0osT2BciuEAXHyodKOBcYMskciNlg7Bdrjm4kqLOl0WLtEU6o-08-RaCdL850IQamFcU7M-BiHr4gEGy1SlqYc7ABAIHuNavutTUdJChRxyC85I0rHY8hBDnPuZ2CrePrfrr6TH704XYEHLMm7FMaT3ke9CbNKfgpwoo9mjy-xjqxmvjbzq6GC4DcCNPn5s-iwi37_k3CV1sS1T0hCwHYn1p_fDY2Rfl0IU-XmZMuAidkRTjrsgSUcF3HSpDQkoSB1ouc8A6KcB6oxxYYYNCg-ktCyOiQQmw_aITe3_1GhbkosSiADqQwsQDmyXE5DJOGcp9O4rv-iWtMrQ-9WBnEssLAvmYGc5r8JE0zhgUF5yct_udqC7m-R6DznkEJU5NJ03fB3D7pcO7cu34721TWnizT31DeKv0AKPPEA8QU7CAqyYS6V9MLPXCcmFB1AanV8khMwxCt_7XNukHaNw_6HOoVcuu3cZBG8GTpSfBpAqCRAD41n7RuA2Af9xYqxmU6Lhhwhsdn1ZnjPvZgKBk1hGA20SkTst-w for localmail.itexpert.ru/>, <Cookie BPMCSRF=CfDJ8KOx5pzs3vJMgjraUoy-gb65gHOAFfYHW7nCgb1tMiak2ai3NKzZoOPAYuMG7qeK7o0pTbzTs_3a251KuzkpLAr8ZMxJpk85WuAknx81SxBP8P99jjcQdDFa4A_Egip8MuuHWFFOm-78RqNczhzOCfNcLgOtlAxJReWM-sMISN8sfDDd6ep3bLGhr9Q30NXq4Q for localmail.itexpert.ru/>, <Cookie CsrfToken=CfDJ8KOx5pzs3vJMgjraUoy-gb5gOLrn9VpYUwOxXfS7KeqMh9Sn7UmyXPuWrB3ut9muZ2YOc6FilURAtzxTGrk1181YkEvC5UCI977OgIHhaGq9_IfDWean89H_yIWAF8P8uKUtXSLSPoMB9D5HhEhiAm4 for localmail.itexpert.ru/>]>

-------
Response code: 200
Response text: {"result":[{"TYPE":"E","MESSAGE":"ОС перемещено, исключено из обработки Инв№ 12121313, Номер карточки ОС 240000240179","ROW":1}],"isSuccessful":true,"message":"OK","success":true,"error":null,"status":200}
Response head: {'Date': 'Fri, 14 Oct 2022 12:11:14 GMT', 'Content-Type': 'application/json; charset=utf-8', 'Server': 'Kestrel', 'Content-Length': '257', 'Cache-Control': 'no-cache', 'Pragma': 'no-cache', 'Expires': '-1', 'Set-Cookie': 'BPMSESSIONID=CfDJ8KOx5pzs3vJMgjraUoy%2Bgb7CrhlSJQ4%2BdMp%2BhQVZbhG0aZvxQJLlEWh31XpB6iiC%2B0dSY%2FMt%2FuLRZl2QjRJt9vRlRjHYtBzwnGLWOXH1BveiC%2BPjeHm2B9Se4hP79Ldpt1wCEF0iF41XSp9N60E2h7RLKK99cIHndX39hAeAObfH; path=/; samesite=lax; httponly'}
Response cookies: <RequestsCookieJar[<Cookie BPMSESSIONID=CfDJ8KOx5pzs3vJMgjraUoy%2Bgb7CrhlSJQ4%2BdMp%2BhQVZbhG0aZvxQJLlEWh31XpB6iiC%2B0dSY%2FMt%2FuLRZl2QjRJt9vRlRjHYtBzwnGLWOXH1BveiC%2BPjeHm2B9Se4hP79Ldpt1wCEF0iF41XSp9N60E2h7RLKK99cIHndX39hAeAObfH for localmail.itexpert.ru/>]>

-------
