
------
Test: None
Time: 2022-10-19 12:10:02.025537
Request method: POST
Request URL: http://localmail.itexpert.ru:5058/ServiceModel/AuthService.svc/Login
Request data: None
Request json: {'UserName': 'Supervisor', 'UserPassword': '!Supervisor123Test!'}
Request cookies: {'Content-Type': 'application/json', 'User-Agent': 'PostmanRuntime/7.29.0', 'Accept': '*/*', 'Cache-Control': 'Cache-Control', 'Host': 'localmail.itexpert.ru:5058', 'Accept-Encoding': 'gzip, deflate, br', 'Connection': 'keep-alive', 'Content-Length': '69'}
Request headers: {}

-------
Response code: 200
Response text: {"RedirectUrl":null,"PasswordChangeUrl":null,"Exception":null,"Code":0,"Message":""}
Response head: {'Date': 'Wed, 19 Oct 2022 07:10:04 GMT', 'Content-Type': 'application/json; charset=utf-8', 'Server': 'Kestrel', 'Content-Length': '84', 'Cache-Control': 'no-cache', 'Pragma': 'no-cache', 'Expires': 'Thu, 01 Jan 1970 00:00:00 GMT', 'Set-Cookie': 'BPMSESSIONID=; expires=Thu, 01 Jan 1970 00:00:00 GMT; path=/; samesite=lax, .ASPXAUTH=CfDJ8KOx5pzs3vJMgjraUoy-gb4rgMPkUgkpkY7YwRhlxdc1xDDC5eF_n2k7uC7m4vflgjzyGLPQT5xf1koUM4vO6Br6w9jYd3mj1NpifFypV0oIlIyrp5MZEVWEmKhuP6pwipQAnRM_bK2Y1tGTpAl6dOYW-cq4_-yFtbSaoGnCGer1JBzaE4xse0QZPtC8alaDL4pMgFhJNJB5_vyGwChTbD5AURRQguarXvqJERB6N7L70-vYr_BHXPDv3cXTITgk7xNlBMY2DDZ7dknbUNcIyqLEgbf1tge_8HfFF9GHDrrpJD2syeeFzqLGyw5wsW4pkff-_6QO3az8Kn0vcgdtzRzfLNqf0WamfctTpTtYfumKqxeOmR8Et41ofsREA6ZKtSwOPRuuI0bps51fnC2gkzECB-M1BJOakxGC7o2_6ovh5GvbWBpt70RYfSWT88ZBuoWRjZrVPoKUm7hhjBC9Rri6wsBMSZh7Q0pNO29F6me1_na2nY6eQQOVbH1o7NTQn0Pb_HjtsE7A6ghSqSW266jKzIe-mDlgfgJVT4JeFHR1oJl5tKgq9GLG6Dv4pTA9J5gWHU104Jz4GDxRJ3EBqIvSSt9yqB_BYqD-O2CIctJrM79d8LBpydqApGrJm0JvhZowV4uS0FTYxZUO-5AsWdFQf4_NzWRdCWNACfMWbC5sWo6umgZtnohp8BMEz6JntiDMMwvNopjs0w73M8SvoCbDqKFzs5wELNN3SDe5O8Oh0s0ZtaSkTiNgELDuOTtwwTDvox97w-Niuw8l8bmT1SmtyOkUbX6NvAtpHTCcHtzJER29qXW8orERE2i-0gNg1w; path=/; samesite=lax; httponly, CsrfToken=CfDJ8KOx5pzs3vJMgjraUoy-gb5GEyrTN36qJ6LIAVKPrMUQmHDoa-tRlEs0TEkNObyXc6i3G0_0nRBYCY-14CtBnq-OA7Q-OWOJWvb5j4DeRfw7m2Y2O2Ssqd9iCEsbFdRrh_mYGFgtBaDZCQ0PsAc73po; path=/; samesite=lax; httponly, BPMCSRF=CfDJ8KOx5pzs3vJMgjraUoy-gb4e0eAK0NNwT2qKIxazcmeFe89weZAVNpjqvrNrr7hKxM3O_tQKvVZwciMNWSbT8uFs01h3LWmIzihU7TnkZrzKIAZ0C28se57HqZeMLkQ7SDEQoVN_lk28CEMcceIlO0QQRBEquzmlMW1wDSk_tAycuFZsuq1fZJLo8ENWppZBJQ; path=/; samesite=lax', 'X-Frame-Options': 'SAMEORIGIN'}
Response cookies: <RequestsCookieJar[<Cookie .ASPXAUTH=CfDJ8KOx5pzs3vJMgjraUoy-gb4rgMPkUgkpkY7YwRhlxdc1xDDC5eF_n2k7uC7m4vflgjzyGLPQT5xf1koUM4vO6Br6w9jYd3mj1NpifFypV0oIlIyrp5MZEVWEmKhuP6pwipQAnRM_bK2Y1tGTpAl6dOYW-cq4_-yFtbSaoGnCGer1JBzaE4xse0QZPtC8alaDL4pMgFhJNJB5_vyGwChTbD5AURRQguarXvqJERB6N7L70-vYr_BHXPDv3cXTITgk7xNlBMY2DDZ7dknbUNcIyqLEgbf1tge_8HfFF9GHDrrpJD2syeeFzqLGyw5wsW4pkff-_6QO3az8Kn0vcgdtzRzfLNqf0WamfctTpTtYfumKqxeOmR8Et41ofsREA6ZKtSwOPRuuI0bps51fnC2gkzECB-M1BJOakxGC7o2_6ovh5GvbWBpt70RYfSWT88ZBuoWRjZrVPoKUm7hhjBC9Rri6wsBMSZh7Q0pNO29F6me1_na2nY6eQQOVbH1o7NTQn0Pb_HjtsE7A6ghSqSW266jKzIe-mDlgfgJVT4JeFHR1oJl5tKgq9GLG6Dv4pTA9J5gWHU104Jz4GDxRJ3EBqIvSSt9yqB_BYqD-O2CIctJrM79d8LBpydqApGrJm0JvhZowV4uS0FTYxZUO-5AsWdFQf4_NzWRdCWNACfMWbC5sWo6umgZtnohp8BMEz6JntiDMMwvNopjs0w73M8SvoCbDqKFzs5wELNN3SDe5O8Oh0s0ZtaSkTiNgELDuOTtwwTDvox97w-Niuw8l8bmT1SmtyOkUbX6NvAtpHTCcHtzJER29qXW8orERE2i-0gNg1w for localmail.itexpert.ru/>, <Cookie BPMCSRF=CfDJ8KOx5pzs3vJMgjraUoy-gb4e0eAK0NNwT2qKIxazcmeFe89weZAVNpjqvrNrr7hKxM3O_tQKvVZwciMNWSbT8uFs01h3LWmIzihU7TnkZrzKIAZ0C28se57HqZeMLkQ7SDEQoVN_lk28CEMcceIlO0QQRBEquzmlMW1wDSk_tAycuFZsuq1fZJLo8ENWppZBJQ for localmail.itexpert.ru/>, <Cookie CsrfToken=CfDJ8KOx5pzs3vJMgjraUoy-gb5GEyrTN36qJ6LIAVKPrMUQmHDoa-tRlEs0TEkNObyXc6i3G0_0nRBYCY-14CtBnq-OA7Q-OWOJWvb5j4DeRfw7m2Y2O2Ssqd9iCEsbFdRrh_mYGFgtBaDZCQ0PsAc73po for localmail.itexpert.ru/>]>

-------

------
Test: None
Time: 2022-10-19 12:10:02.382147
Request method: POST
Request URL: http://localmail.itexpert.ru:5058/rest/SapErpIntegrationService/v1/UpdateOSDirectory
Request data: None
Request json: {'currentPage': 1, 'pageCount': 1, 'delta': 'F', 'item': [{'ANLN1': '240000240179', 'TXT50': 'Аппарат телефонный Cisco/CP-7945G=13', 'INVNR': '12121313', 'AKTIV': '29.03.2016', 'KOSTL': '1006103050', 'WERKS': '1002', 'STORT': '43', 'ANSW_END': '20000.00', 'RBW_END': '10000', 'MENGE': '2', 'POSNR': '1100648.80016-YO04-00013', 'GLO_RUS_OKOF16': '330.28.12', 'GLO_RUS_DEPGRN': '03', 'NDJAR': '003', 'DEAKT': '13.02.2023', 'KTEXT3': 'г.Санкт-Петербург ул.Почтамтская 3-5', 'ZZCNDPERNR': '00028076', 'CNDPERNR_NAME': 'Дернов ИН123', 'OS_STATUS': 'Активен', 'AWKEY': '09072021/2', 'GJAHR': '2021', 'ACT-ID': 'pre09072021/2', 'SERNR': '666', 'row': 1, 'deleted': ''}]}
Request cookies: {'Content-Type': 'application/json', 'User-Agent': 'PostmanRuntime/7.29.0', 'Accept': '*/*', 'Cache-Control': 'Cache-Control', 'Host': 'localmail.itexpert.ru:5058', 'Accept-Encoding': 'gzip, deflate, br', 'Connection': 'keep-alive', 'Content-Length': '69', 'BPMCSRF': 'CfDJ8KOx5pzs3vJMgjraUoy-gb4e0eAK0NNwT2qKIxazcmeFe89weZAVNpjqvrNrr7hKxM3O_tQKvVZwciMNWSbT8uFs01h3LWmIzihU7TnkZrzKIAZ0C28se57HqZeMLkQ7SDEQoVN_lk28CEMcceIlO0QQRBEquzmlMW1wDSk_tAycuFZsuq1fZJLo8ENWppZBJQ'}
Request headers: <RequestsCookieJar[<Cookie .ASPXAUTH=CfDJ8KOx5pzs3vJMgjraUoy-gb4rgMPkUgkpkY7YwRhlxdc1xDDC5eF_n2k7uC7m4vflgjzyGLPQT5xf1koUM4vO6Br6w9jYd3mj1NpifFypV0oIlIyrp5MZEVWEmKhuP6pwipQAnRM_bK2Y1tGTpAl6dOYW-cq4_-yFtbSaoGnCGer1JBzaE4xse0QZPtC8alaDL4pMgFhJNJB5_vyGwChTbD5AURRQguarXvqJERB6N7L70-vYr_BHXPDv3cXTITgk7xNlBMY2DDZ7dknbUNcIyqLEgbf1tge_8HfFF9GHDrrpJD2syeeFzqLGyw5wsW4pkff-_6QO3az8Kn0vcgdtzRzfLNqf0WamfctTpTtYfumKqxeOmR8Et41ofsREA6ZKtSwOPRuuI0bps51fnC2gkzECB-M1BJOakxGC7o2_6ovh5GvbWBpt70RYfSWT88ZBuoWRjZrVPoKUm7hhjBC9Rri6wsBMSZh7Q0pNO29F6me1_na2nY6eQQOVbH1o7NTQn0Pb_HjtsE7A6ghSqSW266jKzIe-mDlgfgJVT4JeFHR1oJl5tKgq9GLG6Dv4pTA9J5gWHU104Jz4GDxRJ3EBqIvSSt9yqB_BYqD-O2CIctJrM79d8LBpydqApGrJm0JvhZowV4uS0FTYxZUO-5AsWdFQf4_NzWRdCWNACfMWbC5sWo6umgZtnohp8BMEz6JntiDMMwvNopjs0w73M8SvoCbDqKFzs5wELNN3SDe5O8Oh0s0ZtaSkTiNgELDuOTtwwTDvox97w-Niuw8l8bmT1SmtyOkUbX6NvAtpHTCcHtzJER29qXW8orERE2i-0gNg1w for localmail.itexpert.ru/>, <Cookie BPMCSRF=CfDJ8KOx5pzs3vJMgjraUoy-gb4e0eAK0NNwT2qKIxazcmeFe89weZAVNpjqvrNrr7hKxM3O_tQKvVZwciMNWSbT8uFs01h3LWmIzihU7TnkZrzKIAZ0C28se57HqZeMLkQ7SDEQoVN_lk28CEMcceIlO0QQRBEquzmlMW1wDSk_tAycuFZsuq1fZJLo8ENWppZBJQ for localmail.itexpert.ru/>, <Cookie CsrfToken=CfDJ8KOx5pzs3vJMgjraUoy-gb5GEyrTN36qJ6LIAVKPrMUQmHDoa-tRlEs0TEkNObyXc6i3G0_0nRBYCY-14CtBnq-OA7Q-OWOJWvb5j4DeRfw7m2Y2O2Ssqd9iCEsbFdRrh_mYGFgtBaDZCQ0PsAc73po for localmail.itexpert.ru/>]>

-------
Response code: 200
Response text: {"result":[{"TYPE":"S","MESSAGE":"Запись изменена","ROW":1}],"isSuccessful":true,"message":"OK","success":true,"error":null,"status":200}
Response head: {'Date': 'Wed, 19 Oct 2022 07:10:07 GMT', 'Content-Type': 'application/json; charset=utf-8', 'Server': 'Kestrel', 'Content-Length': '151', 'Cache-Control': 'no-cache', 'Pragma': 'no-cache', 'Expires': '-1', 'Set-Cookie': 'BPMSESSIONID=CfDJ8KOx5pzs3vJMgjraUoy%2Bgb6oC0aiw%2BjmJMe9XpOZK100FATQRY4Dnppzg7J2v94oW88iOUNeBQ2Gp3%2BbXOhYZhLXkhmb2x8oFCSEbA2YhLXe3D4Dsi%2FkmN7zrUqNyjN0lpsXcvVVAhhcAzQn0e3PQX67v9yZBCFSgqDdkSaRXSA7; path=/; samesite=lax; httponly'}
Response cookies: <RequestsCookieJar[<Cookie BPMSESSIONID=CfDJ8KOx5pzs3vJMgjraUoy%2Bgb6oC0aiw%2BjmJMe9XpOZK100FATQRY4Dnppzg7J2v94oW88iOUNeBQ2Gp3%2BbXOhYZhLXkhmb2x8oFCSEbA2YhLXe3D4Dsi%2FkmN7zrUqNyjN0lpsXcvVVAhhcAzQn0e3PQX67v9yZBCFSgqDdkSaRXSA7 for localmail.itexpert.ru/>]>

-------

------
Test: None
Time: 2022-10-19 12:10:05.726920
Request method: POST
Request URL: http://localmail.itexpert.ru:5058/ServiceModel/AuthService.svc/Login
Request data: None
Request json: {'UserName': 'Supervisor', 'UserPassword': '!Supervisor123Test!'}
Request cookies: {'Content-Type': 'application/json', 'User-Agent': 'PostmanRuntime/7.29.0', 'Accept': '*/*', 'Cache-Control': 'Cache-Control', 'Host': 'localmail.itexpert.ru:5058', 'Accept-Encoding': 'gzip, deflate, br', 'Connection': 'keep-alive', 'Content-Length': '69'}
Request headers: {}

-------
Response code: 200
Response text: {"RedirectUrl":null,"PasswordChangeUrl":null,"Exception":null,"Code":0,"Message":""}
Response head: {'Date': 'Wed, 19 Oct 2022 07:10:07 GMT', 'Content-Type': 'application/json; charset=utf-8', 'Server': 'Kestrel', 'Content-Length': '84', 'Cache-Control': 'no-cache', 'Pragma': 'no-cache', 'Expires': 'Thu, 01 Jan 1970 00:00:00 GMT', 'Set-Cookie': 'BPMSESSIONID=; expires=Thu, 01 Jan 1970 00:00:00 GMT; path=/; samesite=lax, .ASPXAUTH=CfDJ8KOx5pzs3vJMgjraUoy-gb7Ux6y3OYoD8v24IG208JcrDqmDhiEWRmO_9knyi1o8Bi2det5SWJfV1vWYofXJYGEmj1LW4RvX78GqvOkvHfQKgRjC_k_If3FKdKEo8IVtPyryV0_wfM3CQ-QB3NrcPU66I-YDx6yJiPAjDnUUX6u5mQ-Va4c97_LjSqSueevj82tuH_gchG8bpltaIUBJgKx2R_Pgp9RuAMvH1PGWVM9gWIM9QdUbjnbaJpBvWtXvkG-gumg3p78w1PV0fSr-3dBFvLHqZMkffXziseFaZjnOpvMOxRKWeMJaGSse78hX622sAl6nJvRk9f6v9T8IqgNRjVKORNGmAnS6DKd73zXmwb0QPATZ-qdvqdyxvb84p0JuHImE_lzvbrWPKhwc6xdDnkDfK8lg5UQu9FQoX-0CMBNMkZqtTtd68yxv8_HKIScdzgLB6HE5e6Dlqo4YYDpHHAXW1Wqi1K08SGRK056DaJnWvvUlT1hqZ21bRoU3bmUAzBfxlKwqRxUT3ASaryHelEuB5gvPAoY6-eX2iynakNJkoAwtQcHjjeh1-gTvvGJI9HRTv2KEBg3ileNSD09UMGMjAoLmglHs0lDZ7RfT94ryfVMARnSlUAVAHXn5Fod4cALQ5-9DaNrcTEBPZwHNnVkGpcLS4dyWRc2Y3Ho49KGo_aWagxTm1kw6uzUErX2G5otllDVX4Nc2a5dtUYU0zcovQzhNGukBpVOb_IJcUSz2QJHhjm9Nmd1rK-vQlu0-o5mmSYJ4MNfE6M2gXsdPSsaJ6sgfckA2SGti6RChWBvmbOBL_ySitfDcKwSulg; path=/; samesite=lax; httponly, CsrfToken=CfDJ8KOx5pzs3vJMgjraUoy-gb5ZYHaQPBK4-hKqGsbBTVvKFnqDfIMWJVhiWGFJNyk5BG5CeBfGkyNGh_uXOobp1OXJ8oNMqVv0RxmpXKMa-56_bRIBAvkGNBMyUwXXccqAtgkYeFV5OBvJqhhIUuWvWUc; path=/; samesite=lax; httponly, BPMCSRF=CfDJ8KOx5pzs3vJMgjraUoy-gb6r1swVWiBQB66CYDtLqJJyULmb6BG0yEkpAvHNn_6q0-l-bBrcMOAcj3antTI1HDnEadfhY-hDghbQ4BTrcEIeCsew16Hx9saCikRKAFDaFekkGFAhtlWYMj54QkDAYyi75Ss_D2bGX1T4SOKUUzakAq8iS_K27U6gFq1aJ739pA; path=/; samesite=lax', 'X-Frame-Options': 'SAMEORIGIN'}
Response cookies: <RequestsCookieJar[<Cookie .ASPXAUTH=CfDJ8KOx5pzs3vJMgjraUoy-gb7Ux6y3OYoD8v24IG208JcrDqmDhiEWRmO_9knyi1o8Bi2det5SWJfV1vWYofXJYGEmj1LW4RvX78GqvOkvHfQKgRjC_k_If3FKdKEo8IVtPyryV0_wfM3CQ-QB3NrcPU66I-YDx6yJiPAjDnUUX6u5mQ-Va4c97_LjSqSueevj82tuH_gchG8bpltaIUBJgKx2R_Pgp9RuAMvH1PGWVM9gWIM9QdUbjnbaJpBvWtXvkG-gumg3p78w1PV0fSr-3dBFvLHqZMkffXziseFaZjnOpvMOxRKWeMJaGSse78hX622sAl6nJvRk9f6v9T8IqgNRjVKORNGmAnS6DKd73zXmwb0QPATZ-qdvqdyxvb84p0JuHImE_lzvbrWPKhwc6xdDnkDfK8lg5UQu9FQoX-0CMBNMkZqtTtd68yxv8_HKIScdzgLB6HE5e6Dlqo4YYDpHHAXW1Wqi1K08SGRK056DaJnWvvUlT1hqZ21bRoU3bmUAzBfxlKwqRxUT3ASaryHelEuB5gvPAoY6-eX2iynakNJkoAwtQcHjjeh1-gTvvGJI9HRTv2KEBg3ileNSD09UMGMjAoLmglHs0lDZ7RfT94ryfVMARnSlUAVAHXn5Fod4cALQ5-9DaNrcTEBPZwHNnVkGpcLS4dyWRc2Y3Ho49KGo_aWagxTm1kw6uzUErX2G5otllDVX4Nc2a5dtUYU0zcovQzhNGukBpVOb_IJcUSz2QJHhjm9Nmd1rK-vQlu0-o5mmSYJ4MNfE6M2gXsdPSsaJ6sgfckA2SGti6RChWBvmbOBL_ySitfDcKwSulg for localmail.itexpert.ru/>, <Cookie BPMCSRF=CfDJ8KOx5pzs3vJMgjraUoy-gb6r1swVWiBQB66CYDtLqJJyULmb6BG0yEkpAvHNn_6q0-l-bBrcMOAcj3antTI1HDnEadfhY-hDghbQ4BTrcEIeCsew16Hx9saCikRKAFDaFekkGFAhtlWYMj54QkDAYyi75Ss_D2bGX1T4SOKUUzakAq8iS_K27U6gFq1aJ739pA for localmail.itexpert.ru/>, <Cookie CsrfToken=CfDJ8KOx5pzs3vJMgjraUoy-gb5ZYHaQPBK4-hKqGsbBTVvKFnqDfIMWJVhiWGFJNyk5BG5CeBfGkyNGh_uXOobp1OXJ8oNMqVv0RxmpXKMa-56_bRIBAvkGNBMyUwXXccqAtgkYeFV5OBvJqhhIUuWvWUc for localmail.itexpert.ru/>]>

-------

------
Test: None
Time: 2022-10-19 12:10:05.989822
Request method: POST
Request URL: http://localmail.itexpert.ru:5058/rest/SapErpIntegrationService/v1/UpdateOSDirectory
Request data: None
Request json: {'currentPage': 1, 'pageCount': 1, 'delta': 'F', 'item': [{'ANLN1': '240000240179', 'TXT50': 'Аппарат телефонный Cisco/CP-7945G=13', 'INVNR': None, 'AKTIV': '29.03.2016', 'KOSTL': '1006103050', 'WERKS': '1002', 'STORT': '43', 'ANSW_END': '20000.00', 'RBW_END': '10000', 'MENGE': '2', 'POSNR': '1100648.80016-YO04-00013', 'GLO_RUS_OKOF16': '330.28.12', 'GLO_RUS_DEPGRN': '03', 'NDJAR': '003', 'DEAKT': '13.02.2023', 'KTEXT3': 'г.Санкт-Петербург ул.Почтамтская 3-5', 'ZZCNDPERNR': '00028076', 'CNDPERNR_NAME': 'Дернов ИН123', 'OS_STATUS': 'Активен', 'AWKEY': '09072021/2', 'GJAHR': '2021', 'ACT-ID': 'pre09072021/2', 'SERNR': '123йцу123йу1', 'row': 1, 'deleted': ''}]}
Request cookies: {'Content-Type': 'application/json', 'User-Agent': 'PostmanRuntime/7.29.0', 'Accept': '*/*', 'Cache-Control': 'Cache-Control', 'Host': 'localmail.itexpert.ru:5058', 'Accept-Encoding': 'gzip, deflate, br', 'Connection': 'keep-alive', 'Content-Length': '69', 'BPMCSRF': 'CfDJ8KOx5pzs3vJMgjraUoy-gb6r1swVWiBQB66CYDtLqJJyULmb6BG0yEkpAvHNn_6q0-l-bBrcMOAcj3antTI1HDnEadfhY-hDghbQ4BTrcEIeCsew16Hx9saCikRKAFDaFekkGFAhtlWYMj54QkDAYyi75Ss_D2bGX1T4SOKUUzakAq8iS_K27U6gFq1aJ739pA'}
Request headers: <RequestsCookieJar[<Cookie .ASPXAUTH=CfDJ8KOx5pzs3vJMgjraUoy-gb7Ux6y3OYoD8v24IG208JcrDqmDhiEWRmO_9knyi1o8Bi2det5SWJfV1vWYofXJYGEmj1LW4RvX78GqvOkvHfQKgRjC_k_If3FKdKEo8IVtPyryV0_wfM3CQ-QB3NrcPU66I-YDx6yJiPAjDnUUX6u5mQ-Va4c97_LjSqSueevj82tuH_gchG8bpltaIUBJgKx2R_Pgp9RuAMvH1PGWVM9gWIM9QdUbjnbaJpBvWtXvkG-gumg3p78w1PV0fSr-3dBFvLHqZMkffXziseFaZjnOpvMOxRKWeMJaGSse78hX622sAl6nJvRk9f6v9T8IqgNRjVKORNGmAnS6DKd73zXmwb0QPATZ-qdvqdyxvb84p0JuHImE_lzvbrWPKhwc6xdDnkDfK8lg5UQu9FQoX-0CMBNMkZqtTtd68yxv8_HKIScdzgLB6HE5e6Dlqo4YYDpHHAXW1Wqi1K08SGRK056DaJnWvvUlT1hqZ21bRoU3bmUAzBfxlKwqRxUT3ASaryHelEuB5gvPAoY6-eX2iynakNJkoAwtQcHjjeh1-gTvvGJI9HRTv2KEBg3ileNSD09UMGMjAoLmglHs0lDZ7RfT94ryfVMARnSlUAVAHXn5Fod4cALQ5-9DaNrcTEBPZwHNnVkGpcLS4dyWRc2Y3Ho49KGo_aWagxTm1kw6uzUErX2G5otllDVX4Nc2a5dtUYU0zcovQzhNGukBpVOb_IJcUSz2QJHhjm9Nmd1rK-vQlu0-o5mmSYJ4MNfE6M2gXsdPSsaJ6sgfckA2SGti6RChWBvmbOBL_ySitfDcKwSulg for localmail.itexpert.ru/>, <Cookie BPMCSRF=CfDJ8KOx5pzs3vJMgjraUoy-gb6r1swVWiBQB66CYDtLqJJyULmb6BG0yEkpAvHNn_6q0-l-bBrcMOAcj3antTI1HDnEadfhY-hDghbQ4BTrcEIeCsew16Hx9saCikRKAFDaFekkGFAhtlWYMj54QkDAYyi75Ss_D2bGX1T4SOKUUzakAq8iS_K27U6gFq1aJ739pA for localmail.itexpert.ru/>, <Cookie CsrfToken=CfDJ8KOx5pzs3vJMgjraUoy-gb5ZYHaQPBK4-hKqGsbBTVvKFnqDfIMWJVhiWGFJNyk5BG5CeBfGkyNGh_uXOobp1OXJ8oNMqVv0RxmpXKMa-56_bRIBAvkGNBMyUwXXccqAtgkYeFV5OBvJqhhIUuWvWUc for localmail.itexpert.ru/>]>

-------
Response code: 200
Response text: {"result":[{"TYPE":"E","MESSAGE":"Не заполнен обязательный атрибут \"Инвентарный номер\"","ROW":1}],"isSuccessful":true,"message":"OK","success":true,"error":null,"status":200}
Response head: {'Date': 'Wed, 19 Oct 2022 07:10:08 GMT', 'Content-Type': 'application/json; charset=utf-8', 'Server': 'Kestrel', 'Content-Length': '221', 'Cache-Control': 'no-cache', 'Pragma': 'no-cache', 'Expires': '-1', 'Set-Cookie': 'BPMSESSIONID=CfDJ8KOx5pzs3vJMgjraUoy%2Bgb79wz2Rkd019G8vsbquyPss5srFVPzmIwOh9tb3lOYwe104XvRbB%2FcQXyl2rTy%2Fhgqr6IsJx%2Bw%2BgQvboGNEvWCzuLbKGgYBcr0vzlFFaw536Z%2F%2BjZPX8t4NyJ4bBZmnLqc67aT%2F9dkcyffiVa2L9hol; path=/; samesite=lax; httponly'}
Response cookies: <RequestsCookieJar[<Cookie BPMSESSIONID=CfDJ8KOx5pzs3vJMgjraUoy%2Bgb79wz2Rkd019G8vsbquyPss5srFVPzmIwOh9tb3lOYwe104XvRbB%2FcQXyl2rTy%2Fhgqr6IsJx%2Bw%2BgQvboGNEvWCzuLbKGgYBcr0vzlFFaw536Z%2F%2BjZPX8t4NyJ4bBZmnLqc67aT%2F9dkcyffiVa2L9hol for localmail.itexpert.ru/>]>

-------

------
Test: None
Time: 2022-10-19 12:10:06.806627
Request method: POST
Request URL: http://localmail.itexpert.ru:5058/ServiceModel/AuthService.svc/Login
Request data: None
Request json: {'UserName': 'Supervisor', 'UserPassword': '!Supervisor123Test!'}
Request cookies: {'Content-Type': 'application/json', 'User-Agent': 'PostmanRuntime/7.29.0', 'Accept': '*/*', 'Cache-Control': 'Cache-Control', 'Host': 'localmail.itexpert.ru:5058', 'Accept-Encoding': 'gzip, deflate, br', 'Connection': 'keep-alive', 'Content-Length': '69'}
Request headers: {}

-------
Response code: 200
Response text: {"RedirectUrl":null,"PasswordChangeUrl":null,"Exception":null,"Code":0,"Message":""}
Response head: {'Date': 'Wed, 19 Oct 2022 07:10:08 GMT', 'Content-Type': 'application/json; charset=utf-8', 'Server': 'Kestrel', 'Content-Length': '84', 'Cache-Control': 'no-cache', 'Pragma': 'no-cache', 'Expires': 'Thu, 01 Jan 1970 00:00:00 GMT', 'Set-Cookie': 'BPMSESSIONID=; expires=Thu, 01 Jan 1970 00:00:00 GMT; path=/; samesite=lax, .ASPXAUTH=CfDJ8KOx5pzs3vJMgjraUoy-gb44-f3CfKqeIQz-q0U2mmDBPYhKTr12kM_GEqWgRjPrWqi2QP_cZ8jtEgzXOJ6LYNGwFQwr--NmUoatyRZE48qFUC5ykEOFckTXxiYYq3nFmiLVMwb0BNWJKd-d68eSB-GD4hQ6WvVnd_KMzlKnx7P6EZHPEfqZCNzsiWBKp1QQxbZriH0B1t35w64qB06JRud_Xi6JhTo0QZFZ7kHGeuzmMwICKaZJECml9N2n0168fsJsNzQWHV_G8-DhUZtPMDWp5nsSnPDo201JzN0AItSmeqX0-zLHGRhKI-rHKVMr3FIa5DVppXaQs90gjkO1aZexAjpsNB6daXgY_s04JV3ITwGV6FoFn58EgvMjsnrJcgxvIk34_5b50VK5ZmAySMXdl4vPbPFZwikTXa491YdKibe5LoUD2hHWaD1RiGx9eV5Fb-UwN7cFPiVNvPIG79FN9MW7gFza6yqZOcVVS_VMnLyGI8Vxj34bYx1Mv-g7bscIOXyBtnkJiNc3WPikul5a1fAdIA4jQssy1piWRIZgvAObVVhCLGw0IYOlFSj9P2pvAJjtz3sXvXRL30Ah1tbC5iwglOFRcsdRPJfKdHjkDGAwSYsopksD_NudrWTYnmJ2V1mhlpiNlFjI-7phi3LdrjSnyJ4NgjNhZcTT4rZJlO0e8Pcfu7Gjo4K7GkfR8xAmsCw3zrROI-sE9sFuptKjpg1G-CLb8wz-kYEJ-4PK_PcfRRRb_V4j4NlEi_7eeRGuAVXcqRimiK-Ma0YHtRPDHdiGyPlFLr-3WGJDQ6r4tBud4z0aLylBBkdtDdLD2Q; path=/; samesite=lax; httponly, CsrfToken=CfDJ8KOx5pzs3vJMgjraUoy-gb6wMe0wIIq3UGCZ8qOzTsD_t3Aifnfca_A1CWXaO0v8FnRNGYNuNBtLF8SaQnN32xihK856umvn_IsfzFXB5S3Sc_8K1a9ixh6yHsurVTgvjA6P7tBdxXWyvyA5bNt_vDI; path=/; samesite=lax; httponly, BPMCSRF=CfDJ8KOx5pzs3vJMgjraUoy-gb6ogDleVMNFWrtsteJboUu90g8BUBVCUD0k-L__qksRwbI6aaoKJ8iu72FJF6Uih8LbYmS1Mc31jmt8zk1PhRXXWodqYbZGRYYu-HhtSq273Xo-VvaljtiDVEXbFDZr1GGVdMGmtsLsCAKfv6-6AmlBNMVUJQX1Yd56mC-K8gquWg; path=/; samesite=lax', 'X-Frame-Options': 'SAMEORIGIN'}
Response cookies: <RequestsCookieJar[<Cookie .ASPXAUTH=CfDJ8KOx5pzs3vJMgjraUoy-gb44-f3CfKqeIQz-q0U2mmDBPYhKTr12kM_GEqWgRjPrWqi2QP_cZ8jtEgzXOJ6LYNGwFQwr--NmUoatyRZE48qFUC5ykEOFckTXxiYYq3nFmiLVMwb0BNWJKd-d68eSB-GD4hQ6WvVnd_KMzlKnx7P6EZHPEfqZCNzsiWBKp1QQxbZriH0B1t35w64qB06JRud_Xi6JhTo0QZFZ7kHGeuzmMwICKaZJECml9N2n0168fsJsNzQWHV_G8-DhUZtPMDWp5nsSnPDo201JzN0AItSmeqX0-zLHGRhKI-rHKVMr3FIa5DVppXaQs90gjkO1aZexAjpsNB6daXgY_s04JV3ITwGV6FoFn58EgvMjsnrJcgxvIk34_5b50VK5ZmAySMXdl4vPbPFZwikTXa491YdKibe5LoUD2hHWaD1RiGx9eV5Fb-UwN7cFPiVNvPIG79FN9MW7gFza6yqZOcVVS_VMnLyGI8Vxj34bYx1Mv-g7bscIOXyBtnkJiNc3WPikul5a1fAdIA4jQssy1piWRIZgvAObVVhCLGw0IYOlFSj9P2pvAJjtz3sXvXRL30Ah1tbC5iwglOFRcsdRPJfKdHjkDGAwSYsopksD_NudrWTYnmJ2V1mhlpiNlFjI-7phi3LdrjSnyJ4NgjNhZcTT4rZJlO0e8Pcfu7Gjo4K7GkfR8xAmsCw3zrROI-sE9sFuptKjpg1G-CLb8wz-kYEJ-4PK_PcfRRRb_V4j4NlEi_7eeRGuAVXcqRimiK-Ma0YHtRPDHdiGyPlFLr-3WGJDQ6r4tBud4z0aLylBBkdtDdLD2Q for localmail.itexpert.ru/>, <Cookie BPMCSRF=CfDJ8KOx5pzs3vJMgjraUoy-gb6ogDleVMNFWrtsteJboUu90g8BUBVCUD0k-L__qksRwbI6aaoKJ8iu72FJF6Uih8LbYmS1Mc31jmt8zk1PhRXXWodqYbZGRYYu-HhtSq273Xo-VvaljtiDVEXbFDZr1GGVdMGmtsLsCAKfv6-6AmlBNMVUJQX1Yd56mC-K8gquWg for localmail.itexpert.ru/>, <Cookie CsrfToken=CfDJ8KOx5pzs3vJMgjraUoy-gb6wMe0wIIq3UGCZ8qOzTsD_t3Aifnfca_A1CWXaO0v8FnRNGYNuNBtLF8SaQnN32xihK856umvn_IsfzFXB5S3Sc_8K1a9ixh6yHsurVTgvjA6P7tBdxXWyvyA5bNt_vDI for localmail.itexpert.ru/>]>

-------

------
Test: None
Time: 2022-10-19 12:10:07.069771
Request method: POST
Request URL: http://localmail.itexpert.ru:5058/rest/SapErpIntegrationService/v1/UpdateOSDirectory
Request data: None
Request json: {'currentPage': 1, 'pageCount': 1, 'delta': 'F', 'item': [{'ANLN1': '240000240179', 'TXT50': 'Аппарат телефонный Cisco/CP-7945G=13', 'INVNR': '', 'AKTIV': '29.03.2016', 'KOSTL': '1006103050', 'WERKS': '1002', 'STORT': '43', 'ANSW_END': '20000.00', 'RBW_END': '10000', 'MENGE': '2', 'POSNR': '1100648.80016-YO04-00013', 'GLO_RUS_OKOF16': '330.28.12', 'GLO_RUS_DEPGRN': '03', 'NDJAR': '003', 'DEAKT': '13.02.2023', 'KTEXT3': 'г.Санкт-Петербург ул.Почтамтская 3-5', 'ZZCNDPERNR': '00028076', 'CNDPERNR_NAME': 'Дернов ИН123', 'OS_STATUS': 'Активен', 'AWKEY': '09072021/2', 'GJAHR': '2021', 'ACT-ID': 'pre09072021/2', 'SERNR': '123йцу123йу1', 'row': 1, 'deleted': ''}]}
Request cookies: {'Content-Type': 'application/json', 'User-Agent': 'PostmanRuntime/7.29.0', 'Accept': '*/*', 'Cache-Control': 'Cache-Control', 'Host': 'localmail.itexpert.ru:5058', 'Accept-Encoding': 'gzip, deflate, br', 'Connection': 'keep-alive', 'Content-Length': '69', 'BPMCSRF': 'CfDJ8KOx5pzs3vJMgjraUoy-gb6ogDleVMNFWrtsteJboUu90g8BUBVCUD0k-L__qksRwbI6aaoKJ8iu72FJF6Uih8LbYmS1Mc31jmt8zk1PhRXXWodqYbZGRYYu-HhtSq273Xo-VvaljtiDVEXbFDZr1GGVdMGmtsLsCAKfv6-6AmlBNMVUJQX1Yd56mC-K8gquWg'}
Request headers: <RequestsCookieJar[<Cookie .ASPXAUTH=CfDJ8KOx5pzs3vJMgjraUoy-gb44-f3CfKqeIQz-q0U2mmDBPYhKTr12kM_GEqWgRjPrWqi2QP_cZ8jtEgzXOJ6LYNGwFQwr--NmUoatyRZE48qFUC5ykEOFckTXxiYYq3nFmiLVMwb0BNWJKd-d68eSB-GD4hQ6WvVnd_KMzlKnx7P6EZHPEfqZCNzsiWBKp1QQxbZriH0B1t35w64qB06JRud_Xi6JhTo0QZFZ7kHGeuzmMwICKaZJECml9N2n0168fsJsNzQWHV_G8-DhUZtPMDWp5nsSnPDo201JzN0AItSmeqX0-zLHGRhKI-rHKVMr3FIa5DVppXaQs90gjkO1aZexAjpsNB6daXgY_s04JV3ITwGV6FoFn58EgvMjsnrJcgxvIk34_5b50VK5ZmAySMXdl4vPbPFZwikTXa491YdKibe5LoUD2hHWaD1RiGx9eV5Fb-UwN7cFPiVNvPIG79FN9MW7gFza6yqZOcVVS_VMnLyGI8Vxj34bYx1Mv-g7bscIOXyBtnkJiNc3WPikul5a1fAdIA4jQssy1piWRIZgvAObVVhCLGw0IYOlFSj9P2pvAJjtz3sXvXRL30Ah1tbC5iwglOFRcsdRPJfKdHjkDGAwSYsopksD_NudrWTYnmJ2V1mhlpiNlFjI-7phi3LdrjSnyJ4NgjNhZcTT4rZJlO0e8Pcfu7Gjo4K7GkfR8xAmsCw3zrROI-sE9sFuptKjpg1G-CLb8wz-kYEJ-4PK_PcfRRRb_V4j4NlEi_7eeRGuAVXcqRimiK-Ma0YHtRPDHdiGyPlFLr-3WGJDQ6r4tBud4z0aLylBBkdtDdLD2Q for localmail.itexpert.ru/>, <Cookie BPMCSRF=CfDJ8KOx5pzs3vJMgjraUoy-gb6ogDleVMNFWrtsteJboUu90g8BUBVCUD0k-L__qksRwbI6aaoKJ8iu72FJF6Uih8LbYmS1Mc31jmt8zk1PhRXXWodqYbZGRYYu-HhtSq273Xo-VvaljtiDVEXbFDZr1GGVdMGmtsLsCAKfv6-6AmlBNMVUJQX1Yd56mC-K8gquWg for localmail.itexpert.ru/>, <Cookie CsrfToken=CfDJ8KOx5pzs3vJMgjraUoy-gb6wMe0wIIq3UGCZ8qOzTsD_t3Aifnfca_A1CWXaO0v8FnRNGYNuNBtLF8SaQnN32xihK856umvn_IsfzFXB5S3Sc_8K1a9ixh6yHsurVTgvjA6P7tBdxXWyvyA5bNt_vDI for localmail.itexpert.ru/>]>

-------
Response code: 200
Response text: {"result":[{"TYPE":"E","MESSAGE":"Инвентарный номер не найден в КСУИТ","ROW":1}],"isSuccessful":true,"message":"OK","success":true,"error":null,"status":200}
Response head: {'Date': 'Wed, 19 Oct 2022 07:10:09 GMT', 'Content-Type': 'application/json; charset=utf-8', 'Server': 'Kestrel', 'Content-Length': '187', 'Cache-Control': 'no-cache', 'Pragma': 'no-cache', 'Expires': '-1', 'Set-Cookie': 'BPMSESSIONID=CfDJ8KOx5pzs3vJMgjraUoy%2Bgb6bLpmYBacEXlbFI05vlON0H9%2FPfazFvY7tlho3dc0VgtWv%2FHcjG%2B1ORfaP7t8z%2BD59TNysr5fPG9tswWLIJIOYUSfJz68qMKzNgp7lfj6RT2SSHnUpjZ8tzvquSjYTp1oxs8y%2FXoQx9AlwMNAzL4xo; path=/; samesite=lax; httponly'}
Response cookies: <RequestsCookieJar[<Cookie BPMSESSIONID=CfDJ8KOx5pzs3vJMgjraUoy%2Bgb6bLpmYBacEXlbFI05vlON0H9%2FPfazFvY7tlho3dc0VgtWv%2FHcjG%2B1ORfaP7t8z%2BD59TNysr5fPG9tswWLIJIOYUSfJz68qMKzNgp7lfj6RT2SSHnUpjZ8tzvquSjYTp1oxs8y%2FXoQx9AlwMNAzL4xo for localmail.itexpert.ru/>]>

-------

------
Test: None
Time: 2022-10-19 12:10:07.767998
Request method: POST
Request URL: http://localmail.itexpert.ru:5058/ServiceModel/AuthService.svc/Login
Request data: None
Request json: {'UserName': 'Supervisor', 'UserPassword': '!Supervisor123Test!'}
Request cookies: {'Content-Type': 'application/json', 'User-Agent': 'PostmanRuntime/7.29.0', 'Accept': '*/*', 'Cache-Control': 'Cache-Control', 'Host': 'localmail.itexpert.ru:5058', 'Accept-Encoding': 'gzip, deflate, br', 'Connection': 'keep-alive', 'Content-Length': '69'}
Request headers: {}

-------
Response code: 200
Response text: {"RedirectUrl":null,"PasswordChangeUrl":null,"Exception":null,"Code":0,"Message":""}
Response head: {'Date': 'Wed, 19 Oct 2022 07:10:09 GMT', 'Content-Type': 'application/json; charset=utf-8', 'Server': 'Kestrel', 'Content-Length': '84', 'Cache-Control': 'no-cache', 'Pragma': 'no-cache', 'Expires': 'Thu, 01 Jan 1970 00:00:00 GMT', 'Set-Cookie': 'BPMSESSIONID=; expires=Thu, 01 Jan 1970 00:00:00 GMT; path=/; samesite=lax, .ASPXAUTH=CfDJ8KOx5pzs3vJMgjraUoy-gb7ECG-QxT3V019R7pP9l0EqUcKl15iSo02Pynm6V9qGOkKF9bc2oBvpSxQsrGzfWcDLmNRNQ0omN0Y2ioLGamAq5a7dAvCA-uvwjdTv7IxHuz1juV1Ac2Ls-PdFKE1yMvU_y3VfUJtx3IQkrWfpeg3nBBknBvZGOzQPMgSoX9TpVJ1COsWDFAC2rFclQmbwzihv9c-FCPSeF_o384hU1W1TQ_wiJzhy2AxjkqVtZmCTdn7lmpPAomZ15W5nTlWllht8Q8sAupWc5a_e3YWZcpC5CKAjdiyUAqrYax0xy9QcqxaOe_0D1x30uS6mz8jYZmpNAQbiZHc5CwZ7F4azHKAFyJZR8VaLUBOFbCmlOQMg9lutOtENzHzqxt9ucsAcp1_Fe4mzVGvRgO9ryaxvMi0j2xaxDPB6tADy61CRBaU8ig_NlB9za36IJdeBDTHtAgYFtOXLVQcBYmcG0tNZvj_gj5cANoPm9UmQXGYQgIlK9pwLa_oWsPIDkG_sscoOfGgmnYS-ZiwGYPIFcdnOapvO2g1X13teXA4GWXOR669zd8V6dznnKjLJ9QSF5toLhIyQyZJlE68tSolfSsu5AK99_AnR0JIDOIvOr6pYL0qpYYBc5rW11TwP1JN-OJtOs_soEUKeaCURTY3XHy7fx1U9IrVQI4wLDy_9FzVOQQS1CFpe9w-NMRavd0dG136T-MH7xi4EF_N9aWZ9Uh7Lwe5kHz_bYECJMZsesk75_IymoYquPufEj-NjWKCYWLbO540kol4wvX_vDZvno_jZCdd8avPLEqffybdNESc5o9ZSzA; path=/; samesite=lax; httponly, CsrfToken=CfDJ8KOx5pzs3vJMgjraUoy-gb6BHX4xbrp_huuh3T4T52fVavCeP-XU1hHoRNmmvHUS7XeBMXXNtCUnNskRWJJ1ddofWyt9eMNIAHT91vggqwrtkoR1V4mHoNfCua1vUcPVAZoctSp5I2osBMrEGlnMAxk; path=/; samesite=lax; httponly, BPMCSRF=CfDJ8KOx5pzs3vJMgjraUoy-gb4POhVg81p0t4JJT106OpdeThatjuca1z-bh5Qyt7oPQ_kFzEftG7Or89Id4VJk1IVpSxOkrJqwMBwK8BtnSO0vLdKTscHjnBIbDT3svi0AYGHTd0yn1qfnARncgSgBdrregH2HjrOpGxlLHHjfg9ncyRI_Hv52pisKlAUASUwS8w; path=/; samesite=lax', 'X-Frame-Options': 'SAMEORIGIN'}
Response cookies: <RequestsCookieJar[<Cookie .ASPXAUTH=CfDJ8KOx5pzs3vJMgjraUoy-gb7ECG-QxT3V019R7pP9l0EqUcKl15iSo02Pynm6V9qGOkKF9bc2oBvpSxQsrGzfWcDLmNRNQ0omN0Y2ioLGamAq5a7dAvCA-uvwjdTv7IxHuz1juV1Ac2Ls-PdFKE1yMvU_y3VfUJtx3IQkrWfpeg3nBBknBvZGOzQPMgSoX9TpVJ1COsWDFAC2rFclQmbwzihv9c-FCPSeF_o384hU1W1TQ_wiJzhy2AxjkqVtZmCTdn7lmpPAomZ15W5nTlWllht8Q8sAupWc5a_e3YWZcpC5CKAjdiyUAqrYax0xy9QcqxaOe_0D1x30uS6mz8jYZmpNAQbiZHc5CwZ7F4azHKAFyJZR8VaLUBOFbCmlOQMg9lutOtENzHzqxt9ucsAcp1_Fe4mzVGvRgO9ryaxvMi0j2xaxDPB6tADy61CRBaU8ig_NlB9za36IJdeBDTHtAgYFtOXLVQcBYmcG0tNZvj_gj5cANoPm9UmQXGYQgIlK9pwLa_oWsPIDkG_sscoOfGgmnYS-ZiwGYPIFcdnOapvO2g1X13teXA4GWXOR669zd8V6dznnKjLJ9QSF5toLhIyQyZJlE68tSolfSsu5AK99_AnR0JIDOIvOr6pYL0qpYYBc5rW11TwP1JN-OJtOs_soEUKeaCURTY3XHy7fx1U9IrVQI4wLDy_9FzVOQQS1CFpe9w-NMRavd0dG136T-MH7xi4EF_N9aWZ9Uh7Lwe5kHz_bYECJMZsesk75_IymoYquPufEj-NjWKCYWLbO540kol4wvX_vDZvno_jZCdd8avPLEqffybdNESc5o9ZSzA for localmail.itexpert.ru/>, <Cookie BPMCSRF=CfDJ8KOx5pzs3vJMgjraUoy-gb4POhVg81p0t4JJT106OpdeThatjuca1z-bh5Qyt7oPQ_kFzEftG7Or89Id4VJk1IVpSxOkrJqwMBwK8BtnSO0vLdKTscHjnBIbDT3svi0AYGHTd0yn1qfnARncgSgBdrregH2HjrOpGxlLHHjfg9ncyRI_Hv52pisKlAUASUwS8w for localmail.itexpert.ru/>, <Cookie CsrfToken=CfDJ8KOx5pzs3vJMgjraUoy-gb6BHX4xbrp_huuh3T4T52fVavCeP-XU1hHoRNmmvHUS7XeBMXXNtCUnNskRWJJ1ddofWyt9eMNIAHT91vggqwrtkoR1V4mHoNfCua1vUcPVAZoctSp5I2osBMrEGlnMAxk for localmail.itexpert.ru/>]>

-------

------
Test: None
Time: 2022-10-19 12:10:08.039876
Request method: POST
Request URL: http://localmail.itexpert.ru:5058/rest/SapErpIntegrationService/v1/UpdateOSDirectory
Request data: None
Request json: {'currentPage': 1, 'pageCount': 1, 'delta': 'F', 'item': [{'ANLN1': '240000240179', 'TXT50': 'Аппарат телефонный Cisco/CP-7945G=13', 'INVNR': '12121313', 'AKTIV': '29.03.2016', 'KOSTL': '1006103088', 'WERKS': '1002', 'STORT': '43', 'ANSW_END': '20000.00', 'RBW_END': '10000', 'MENGE': '2', 'POSNR': '1100648.80016-YO04-00013', 'GLO_RUS_OKOF16': '330.28.12', 'GLO_RUS_DEPGRN': '03', 'NDJAR': '003', 'DEAKT': '13.02.2023', 'KTEXT3': 'г.Санкт-Петербург ул.Почтамтская 3-5', 'ZZCNDPERNR': '00028076', 'CNDPERNR_NAME': 'Дернов ИН123', 'OS_STATUS': 'Активен', 'AWKEY': '09072021/2', 'GJAHR': '2021', 'ACT-ID': 'pre09072021/2', 'SERNR': '123йцу123йу1', 'row': 1, 'deleted': ''}]}
Request cookies: {'Content-Type': 'application/json', 'User-Agent': 'PostmanRuntime/7.29.0', 'Accept': '*/*', 'Cache-Control': 'Cache-Control', 'Host': 'localmail.itexpert.ru:5058', 'Accept-Encoding': 'gzip, deflate, br', 'Connection': 'keep-alive', 'Content-Length': '69', 'BPMCSRF': 'CfDJ8KOx5pzs3vJMgjraUoy-gb4POhVg81p0t4JJT106OpdeThatjuca1z-bh5Qyt7oPQ_kFzEftG7Or89Id4VJk1IVpSxOkrJqwMBwK8BtnSO0vLdKTscHjnBIbDT3svi0AYGHTd0yn1qfnARncgSgBdrregH2HjrOpGxlLHHjfg9ncyRI_Hv52pisKlAUASUwS8w'}
Request headers: <RequestsCookieJar[<Cookie .ASPXAUTH=CfDJ8KOx5pzs3vJMgjraUoy-gb7ECG-QxT3V019R7pP9l0EqUcKl15iSo02Pynm6V9qGOkKF9bc2oBvpSxQsrGzfWcDLmNRNQ0omN0Y2ioLGamAq5a7dAvCA-uvwjdTv7IxHuz1juV1Ac2Ls-PdFKE1yMvU_y3VfUJtx3IQkrWfpeg3nBBknBvZGOzQPMgSoX9TpVJ1COsWDFAC2rFclQmbwzihv9c-FCPSeF_o384hU1W1TQ_wiJzhy2AxjkqVtZmCTdn7lmpPAomZ15W5nTlWllht8Q8sAupWc5a_e3YWZcpC5CKAjdiyUAqrYax0xy9QcqxaOe_0D1x30uS6mz8jYZmpNAQbiZHc5CwZ7F4azHKAFyJZR8VaLUBOFbCmlOQMg9lutOtENzHzqxt9ucsAcp1_Fe4mzVGvRgO9ryaxvMi0j2xaxDPB6tADy61CRBaU8ig_NlB9za36IJdeBDTHtAgYFtOXLVQcBYmcG0tNZvj_gj5cANoPm9UmQXGYQgIlK9pwLa_oWsPIDkG_sscoOfGgmnYS-ZiwGYPIFcdnOapvO2g1X13teXA4GWXOR669zd8V6dznnKjLJ9QSF5toLhIyQyZJlE68tSolfSsu5AK99_AnR0JIDOIvOr6pYL0qpYYBc5rW11TwP1JN-OJtOs_soEUKeaCURTY3XHy7fx1U9IrVQI4wLDy_9FzVOQQS1CFpe9w-NMRavd0dG136T-MH7xi4EF_N9aWZ9Uh7Lwe5kHz_bYECJMZsesk75_IymoYquPufEj-NjWKCYWLbO540kol4wvX_vDZvno_jZCdd8avPLEqffybdNESc5o9ZSzA for localmail.itexpert.ru/>, <Cookie BPMCSRF=CfDJ8KOx5pzs3vJMgjraUoy-gb4POhVg81p0t4JJT106OpdeThatjuca1z-bh5Qyt7oPQ_kFzEftG7Or89Id4VJk1IVpSxOkrJqwMBwK8BtnSO0vLdKTscHjnBIbDT3svi0AYGHTd0yn1qfnARncgSgBdrregH2HjrOpGxlLHHjfg9ncyRI_Hv52pisKlAUASUwS8w for localmail.itexpert.ru/>, <Cookie CsrfToken=CfDJ8KOx5pzs3vJMgjraUoy-gb6BHX4xbrp_huuh3T4T52fVavCeP-XU1hHoRNmmvHUS7XeBMXXNtCUnNskRWJJ1ddofWyt9eMNIAHT91vggqwrtkoR1V4mHoNfCua1vUcPVAZoctSp5I2osBMrEGlnMAxk for localmail.itexpert.ru/>]>

-------
Response code: 200
Response text: {"result":[{"TYPE":"E","MESSAGE":"МВЗ не найдено в КСУИТ","ROW":1}],"isSuccessful":true,"message":"OK","success":true,"error":null,"status":200}
Response head: {'Date': 'Wed, 19 Oct 2022 07:10:10 GMT', 'Content-Type': 'application/json; charset=utf-8', 'Server': 'Kestrel', 'Content-Length': '162', 'Cache-Control': 'no-cache', 'Pragma': 'no-cache', 'Expires': '-1', 'Set-Cookie': 'BPMSESSIONID=CfDJ8KOx5pzs3vJMgjraUoy%2Bgb6ukxiClWjdy%2BxGerrkXA3cFKxxkLdaiTPSOMPLyV66CO7emKXhuTZIKBjnUU7NutVZoPIiGyOAUL9SyOxK10Ze6XU7txjH6ARbsoZ94rE%2B0GNQW0pN7fTRvh9BLKQII9589YoCpB9vdRvxhgTBNbBZ; path=/; samesite=lax; httponly'}
Response cookies: <RequestsCookieJar[<Cookie BPMSESSIONID=CfDJ8KOx5pzs3vJMgjraUoy%2Bgb6ukxiClWjdy%2BxGerrkXA3cFKxxkLdaiTPSOMPLyV66CO7emKXhuTZIKBjnUU7NutVZoPIiGyOAUL9SyOxK10Ze6XU7txjH6ARbsoZ94rE%2B0GNQW0pN7fTRvh9BLKQII9589YoCpB9vdRvxhgTBNbBZ for localmail.itexpert.ru/>]>

-------

------
Test: None
Time: 2022-10-19 12:10:08.757428
Request method: POST
Request URL: http://localmail.itexpert.ru:5058/ServiceModel/AuthService.svc/Login
Request data: None
Request json: {'UserName': 'Supervisor', 'UserPassword': '!Supervisor123Test!'}
Request cookies: {'Content-Type': 'application/json', 'User-Agent': 'PostmanRuntime/7.29.0', 'Accept': '*/*', 'Cache-Control': 'Cache-Control', 'Host': 'localmail.itexpert.ru:5058', 'Accept-Encoding': 'gzip, deflate, br', 'Connection': 'keep-alive', 'Content-Length': '69'}
Request headers: {}

-------
Response code: 200
Response text: {"RedirectUrl":null,"PasswordChangeUrl":null,"Exception":null,"Code":0,"Message":""}
Response head: {'Date': 'Wed, 19 Oct 2022 07:10:10 GMT', 'Content-Type': 'application/json; charset=utf-8', 'Server': 'Kestrel', 'Content-Length': '84', 'Cache-Control': 'no-cache', 'Pragma': 'no-cache', 'Expires': 'Thu, 01 Jan 1970 00:00:00 GMT', 'Set-Cookie': 'BPMSESSIONID=; expires=Thu, 01 Jan 1970 00:00:00 GMT; path=/; samesite=lax, .ASPXAUTH=CfDJ8KOx5pzs3vJMgjraUoy-gb7fIrwCXjrEPHMfgF4_KdyWhuPMwFvyx-Q_LQTDJKEQQ2NaOjfqY24gnB1vEHVjfs6lT1pIwk6QwisfERo8P0d_anHi1OO0oas5zp66xDcbxlOFsHdKQ7iXJBKY_KOqAkJNl3snuqNsdiDy-Eo2wYC1fZG-hvS2SOw8QGBrKybPM6SH6dJ_wjT_SS5veKpB-HQeeXbi0N32-3UJs5-IpbS-8aolT0hNA5cPt4_dwI7FH9_hwITUNNwlIUyfy-63rgHKdPPzOCwkhi0flR-euDHplVO94zhWYOVA098FXn025etQYA-AyhzNBNe5_w4jyZJUuBdTvfN9kBXy_q2y_pUdjBh-dUddFVwwI-tZmXO2wG1YtAvHlBEBjSSBagkx_OaZaVVaRnlIsfAxzKPCb7apIOe3WljvQfZOpScjq2GimA_4e-2W5yRR9eLXW3cUSoTQ_pFGa67oG9GReP2rrf73p-smXy8YPTzPXNqIBKXrnnPnYFMOiAOR75kMTW_HfE-DIFJvTVy42ZphKoWevDYKZkWndRe7cOOxDO6f8oc5eUM7M8QwmQK-2pcWo9i1yET020v5T-DHo-0WI-3zCv4gEAQkiDtuB1xsqn_mw9m_wQ-7FkDz7SCI2TkcgpOtpyiMZdpC4VEmkyZUCufOo6uUbt6xc_VON7u6Y8mIuPsQusbfYnmgO9J-iZM9hdwLuG8GYm18MtUHWlNIz4vykAyfRkc2vkaaQhsEd3re7M0lbpAAqHMvMBrBZX9fgLR8iiKTsiQxYk6niubIjSkQXdgfyr8Vn63KviGkz8fGz0X1-A; path=/; samesite=lax; httponly, CsrfToken=CfDJ8KOx5pzs3vJMgjraUoy-gb4L_nxlfZCfJBGuZA4sEk6uycskcwjS3Edtkxd0XoAaSf1VHdLxKAJQnnqOxdyC3gDI6ndsJiWhBLIu-UIZ-oQXHzOpDftVZ6szEpSJ-7sf1jSjmAPpeY14yY2iDpFoOcY; path=/; samesite=lax; httponly, BPMCSRF=CfDJ8KOx5pzs3vJMgjraUoy-gb72oKdRFoEEv8sujtCPZ3ZprxWPbiqaQCkk6cO8ED6O19q_QhDeZJVd4o9RDLK3yUU5qURsvIH1sVkEgKpfRVv2H41Okuihe78FDczTgETsF0fW0oWUObSK5gbdo9m9PZb2YKSqH3aR-EJacgOGDVdOcPnNXqgh5A6myUemrzHfww; path=/; samesite=lax', 'X-Frame-Options': 'SAMEORIGIN'}
Response cookies: <RequestsCookieJar[<Cookie .ASPXAUTH=CfDJ8KOx5pzs3vJMgjraUoy-gb7fIrwCXjrEPHMfgF4_KdyWhuPMwFvyx-Q_LQTDJKEQQ2NaOjfqY24gnB1vEHVjfs6lT1pIwk6QwisfERo8P0d_anHi1OO0oas5zp66xDcbxlOFsHdKQ7iXJBKY_KOqAkJNl3snuqNsdiDy-Eo2wYC1fZG-hvS2SOw8QGBrKybPM6SH6dJ_wjT_SS5veKpB-HQeeXbi0N32-3UJs5-IpbS-8aolT0hNA5cPt4_dwI7FH9_hwITUNNwlIUyfy-63rgHKdPPzOCwkhi0flR-euDHplVO94zhWYOVA098FXn025etQYA-AyhzNBNe5_w4jyZJUuBdTvfN9kBXy_q2y_pUdjBh-dUddFVwwI-tZmXO2wG1YtAvHlBEBjSSBagkx_OaZaVVaRnlIsfAxzKPCb7apIOe3WljvQfZOpScjq2GimA_4e-2W5yRR9eLXW3cUSoTQ_pFGa67oG9GReP2rrf73p-smXy8YPTzPXNqIBKXrnnPnYFMOiAOR75kMTW_HfE-DIFJvTVy42ZphKoWevDYKZkWndRe7cOOxDO6f8oc5eUM7M8QwmQK-2pcWo9i1yET020v5T-DHo-0WI-3zCv4gEAQkiDtuB1xsqn_mw9m_wQ-7FkDz7SCI2TkcgpOtpyiMZdpC4VEmkyZUCufOo6uUbt6xc_VON7u6Y8mIuPsQusbfYnmgO9J-iZM9hdwLuG8GYm18MtUHWlNIz4vykAyfRkc2vkaaQhsEd3re7M0lbpAAqHMvMBrBZX9fgLR8iiKTsiQxYk6niubIjSkQXdgfyr8Vn63KviGkz8fGz0X1-A for localmail.itexpert.ru/>, <Cookie BPMCSRF=CfDJ8KOx5pzs3vJMgjraUoy-gb72oKdRFoEEv8sujtCPZ3ZprxWPbiqaQCkk6cO8ED6O19q_QhDeZJVd4o9RDLK3yUU5qURsvIH1sVkEgKpfRVv2H41Okuihe78FDczTgETsF0fW0oWUObSK5gbdo9m9PZb2YKSqH3aR-EJacgOGDVdOcPnNXqgh5A6myUemrzHfww for localmail.itexpert.ru/>, <Cookie CsrfToken=CfDJ8KOx5pzs3vJMgjraUoy-gb4L_nxlfZCfJBGuZA4sEk6uycskcwjS3Edtkxd0XoAaSf1VHdLxKAJQnnqOxdyC3gDI6ndsJiWhBLIu-UIZ-oQXHzOpDftVZ6szEpSJ-7sf1jSjmAPpeY14yY2iDpFoOcY for localmail.itexpert.ru/>]>

-------

------
Test: None
Time: 2022-10-19 12:10:09.031204
Request method: POST
Request URL: http://localmail.itexpert.ru:5058/rest/SapErpIntegrationService/v1/UpdateOSDirectory
Request data: None
Request json: {'currentPage': 1, 'pageCount': 1, 'delta': 'F', 'item': [{'ANLN1': '240000240179', 'TXT50': 'Аппарат телефонный Cisco/CP-7945G=13', 'INVNR': '12121313', 'AKTIV': '29.03.2016', 'KOSTL': '1006103050', 'WERKS': '1002', 'STORT': '43', 'ANSW_END': '20000.00', 'RBW_END': '10000', 'MENGE': '2', 'POSNR': '1100648.80016-YO04-00011', 'GLO_RUS_OKOF16': '330.28.12', 'GLO_RUS_DEPGRN': '03', 'NDJAR': '003', 'DEAKT': '13.02.2023', 'KTEXT3': 'г.Санкт-Петербург ул.Почтамтская 3-5', 'ZZCNDPERNR': '00028076', 'CNDPERNR_NAME': 'Дернов ИН123', 'OS_STATUS': 'Активен', 'AWKEY': '09072021/2', 'GJAHR': '2021', 'ACT-ID': 'pre09072021/2', 'SERNR': '123йцу123йу1', 'row': 1, 'deleted': ''}]}
Request cookies: {'Content-Type': 'application/json', 'User-Agent': 'PostmanRuntime/7.29.0', 'Accept': '*/*', 'Cache-Control': 'Cache-Control', 'Host': 'localmail.itexpert.ru:5058', 'Accept-Encoding': 'gzip, deflate, br', 'Connection': 'keep-alive', 'Content-Length': '69', 'BPMCSRF': 'CfDJ8KOx5pzs3vJMgjraUoy-gb72oKdRFoEEv8sujtCPZ3ZprxWPbiqaQCkk6cO8ED6O19q_QhDeZJVd4o9RDLK3yUU5qURsvIH1sVkEgKpfRVv2H41Okuihe78FDczTgETsF0fW0oWUObSK5gbdo9m9PZb2YKSqH3aR-EJacgOGDVdOcPnNXqgh5A6myUemrzHfww'}
Request headers: <RequestsCookieJar[<Cookie .ASPXAUTH=CfDJ8KOx5pzs3vJMgjraUoy-gb7fIrwCXjrEPHMfgF4_KdyWhuPMwFvyx-Q_LQTDJKEQQ2NaOjfqY24gnB1vEHVjfs6lT1pIwk6QwisfERo8P0d_anHi1OO0oas5zp66xDcbxlOFsHdKQ7iXJBKY_KOqAkJNl3snuqNsdiDy-Eo2wYC1fZG-hvS2SOw8QGBrKybPM6SH6dJ_wjT_SS5veKpB-HQeeXbi0N32-3UJs5-IpbS-8aolT0hNA5cPt4_dwI7FH9_hwITUNNwlIUyfy-63rgHKdPPzOCwkhi0flR-euDHplVO94zhWYOVA098FXn025etQYA-AyhzNBNe5_w4jyZJUuBdTvfN9kBXy_q2y_pUdjBh-dUddFVwwI-tZmXO2wG1YtAvHlBEBjSSBagkx_OaZaVVaRnlIsfAxzKPCb7apIOe3WljvQfZOpScjq2GimA_4e-2W5yRR9eLXW3cUSoTQ_pFGa67oG9GReP2rrf73p-smXy8YPTzPXNqIBKXrnnPnYFMOiAOR75kMTW_HfE-DIFJvTVy42ZphKoWevDYKZkWndRe7cOOxDO6f8oc5eUM7M8QwmQK-2pcWo9i1yET020v5T-DHo-0WI-3zCv4gEAQkiDtuB1xsqn_mw9m_wQ-7FkDz7SCI2TkcgpOtpyiMZdpC4VEmkyZUCufOo6uUbt6xc_VON7u6Y8mIuPsQusbfYnmgO9J-iZM9hdwLuG8GYm18MtUHWlNIz4vykAyfRkc2vkaaQhsEd3re7M0lbpAAqHMvMBrBZX9fgLR8iiKTsiQxYk6niubIjSkQXdgfyr8Vn63KviGkz8fGz0X1-A for localmail.itexpert.ru/>, <Cookie BPMCSRF=CfDJ8KOx5pzs3vJMgjraUoy-gb72oKdRFoEEv8sujtCPZ3ZprxWPbiqaQCkk6cO8ED6O19q_QhDeZJVd4o9RDLK3yUU5qURsvIH1sVkEgKpfRVv2H41Okuihe78FDczTgETsF0fW0oWUObSK5gbdo9m9PZb2YKSqH3aR-EJacgOGDVdOcPnNXqgh5A6myUemrzHfww for localmail.itexpert.ru/>, <Cookie CsrfToken=CfDJ8KOx5pzs3vJMgjraUoy-gb4L_nxlfZCfJBGuZA4sEk6uycskcwjS3Edtkxd0XoAaSf1VHdLxKAJQnnqOxdyC3gDI6ndsJiWhBLIu-UIZ-oQXHzOpDftVZ6szEpSJ-7sf1jSjmAPpeY14yY2iDpFoOcY for localmail.itexpert.ru/>]>

-------
Response code: 200
Response text: {"result":[{"TYPE":"E","MESSAGE":"СПП-элемент не найден в КСУИТ","ROW":1}],"isSuccessful":true,"message":"OK","success":true,"error":null,"status":200}
Response head: {'Date': 'Wed, 19 Oct 2022 07:10:11 GMT', 'Content-Type': 'application/json; charset=utf-8', 'Server': 'Kestrel', 'Content-Length': '175', 'Cache-Control': 'no-cache', 'Pragma': 'no-cache', 'Expires': '-1', 'Set-Cookie': 'BPMSESSIONID=CfDJ8KOx5pzs3vJMgjraUoy%2Bgb4djnXtvooNprZ3ogkI7b1AltFM4uj462wO9nlmkZ8Qw4Uf2vRqxlwFEOID5O0Li3LlPn%2FK0w%2BhfnfcjOF86YjIiEB1npHFpbJ1UXVJIm26jtkVjPf2sQlSbX07cKaj3Nkx%2FHz6fP7cwJr5gTXe%2Fm8a; path=/; samesite=lax; httponly'}
Response cookies: <RequestsCookieJar[<Cookie BPMSESSIONID=CfDJ8KOx5pzs3vJMgjraUoy%2Bgb4djnXtvooNprZ3ogkI7b1AltFM4uj462wO9nlmkZ8Qw4Uf2vRqxlwFEOID5O0Li3LlPn%2FK0w%2BhfnfcjOF86YjIiEB1npHFpbJ1UXVJIm26jtkVjPf2sQlSbX07cKaj3Nkx%2FHz6fP7cwJr5gTXe%2Fm8a for localmail.itexpert.ru/>]>

-------

------
Test: None
Time: 2022-10-19 12:10:09.690783
Request method: POST
Request URL: http://localmail.itexpert.ru:5058/ServiceModel/AuthService.svc/Login
Request data: None
Request json: {'UserName': 'Supervisor', 'UserPassword': '!Supervisor123Test!'}
Request cookies: {'Content-Type': 'application/json', 'User-Agent': 'PostmanRuntime/7.29.0', 'Accept': '*/*', 'Cache-Control': 'Cache-Control', 'Host': 'localmail.itexpert.ru:5058', 'Accept-Encoding': 'gzip, deflate, br', 'Connection': 'keep-alive', 'Content-Length': '69'}
Request headers: {}

-------
Response code: 200
Response text: {"RedirectUrl":null,"PasswordChangeUrl":null,"Exception":null,"Code":0,"Message":""}
Response head: {'Date': 'Wed, 19 Oct 2022 07:10:11 GMT', 'Content-Type': 'application/json; charset=utf-8', 'Server': 'Kestrel', 'Content-Length': '84', 'Cache-Control': 'no-cache', 'Pragma': 'no-cache', 'Expires': 'Thu, 01 Jan 1970 00:00:00 GMT', 'Set-Cookie': 'BPMSESSIONID=; expires=Thu, 01 Jan 1970 00:00:00 GMT; path=/; samesite=lax, .ASPXAUTH=CfDJ8KOx5pzs3vJMgjraUoy-gb55NfhawdwjGp6TjwEB8BAlCOrQcLu60ANArr_yOkj8fbC3835_ydie8w0nZUtoGqQuEIgtdSvlBHAw8E-y-9LA-cEz4EmPyJ2khXBjFKYFRSnAPI_laOBXy-OEUNTpFbsGGSuV5OfoYoq6AUbN54TUyTUJOsAL8e-q8zm45Fcp9TNtiGy7aLaiGYfqQnNCJ8cM08apIZlIxtdhKJl62MflJB5xPS6gC9KMaXEdSMjeg3aXZkcUi701NEAhcxbpbxOBC3dJZiYfmFsUdBzD86TzczWE66iXDA8mQMjX66ilcrRzVloXH6EgsuI6u9MEzdRg5zBqkjix-CsIPPiz_QfeAtBsiI3Hk4qXRPrK72Y6xNRYo8YiKkU6WMgYVq3RcdyII64FRdQkOi79ZjrhiGU20iXGukIiEvVGZ6dEJgXINZG2uW68yIOV0A7K1d9f5vd1Uxhq9HqxF3oJegXJ59rOu-o775ePWpa8kA4omSXjebB_Dkf3H90oqRHNbkXyly1dTAHOgIOlkum1ScZnxhZkTKj5OjMl0A-dI0ZNiJ-7AOTEtamAvyQf9X5RWIxtFTWyHHNqjQtuN8Hkog8AviWu_UAWQGiuqn4Jzwt3Agm1ShMP1ErZl9epnAmp08FWXjYEG2_2VF7mDxmIPYfP43abvxhUT5vyUTAA5UO8MsqfUQCBb_o8c1jDfArueyrNbIUCg8pjONuTfNzWhFPjvN8AIh7S5LDp9BfJQwCxdKijyD7ImewMcyJQfHnPSHXhkVBza-_sTDdIFlqEsvnJeN04rkqiOXES0TiMtOchEfhOWw; path=/; samesite=lax; httponly, CsrfToken=CfDJ8KOx5pzs3vJMgjraUoy-gb6vD0uQ9lY943BkUJDDcsOP3NWPlrK4dMlCM5pAydP4Z0ac1cCLNqLfoY02FN5yEZWVs0xbt04fxNIaz6fvMIi6A7fWbueDKpiy2yQgkkUlDHPbtOt3UUPhFQhTdLl_Oo0; path=/; samesite=lax; httponly, BPMCSRF=CfDJ8KOx5pzs3vJMgjraUoy-gb7X7NgfsCOXN4Hstv6ugqGRMhU95-75MxyGG0UZp4txuXY3AiUlXlnk5U8Zt32pEucUQdB6447-coOzcGqq_PDdvMc5o9qfTR08VEZOtMUxOlJebXDTVXCD3Fa1gIn6weX7MkLS-PWST57MX7xFzAlShhzJxVHIDSMLo4tDHai72g; path=/; samesite=lax', 'X-Frame-Options': 'SAMEORIGIN'}
Response cookies: <RequestsCookieJar[<Cookie .ASPXAUTH=CfDJ8KOx5pzs3vJMgjraUoy-gb55NfhawdwjGp6TjwEB8BAlCOrQcLu60ANArr_yOkj8fbC3835_ydie8w0nZUtoGqQuEIgtdSvlBHAw8E-y-9LA-cEz4EmPyJ2khXBjFKYFRSnAPI_laOBXy-OEUNTpFbsGGSuV5OfoYoq6AUbN54TUyTUJOsAL8e-q8zm45Fcp9TNtiGy7aLaiGYfqQnNCJ8cM08apIZlIxtdhKJl62MflJB5xPS6gC9KMaXEdSMjeg3aXZkcUi701NEAhcxbpbxOBC3dJZiYfmFsUdBzD86TzczWE66iXDA8mQMjX66ilcrRzVloXH6EgsuI6u9MEzdRg5zBqkjix-CsIPPiz_QfeAtBsiI3Hk4qXRPrK72Y6xNRYo8YiKkU6WMgYVq3RcdyII64FRdQkOi79ZjrhiGU20iXGukIiEvVGZ6dEJgXINZG2uW68yIOV0A7K1d9f5vd1Uxhq9HqxF3oJegXJ59rOu-o775ePWpa8kA4omSXjebB_Dkf3H90oqRHNbkXyly1dTAHOgIOlkum1ScZnxhZkTKj5OjMl0A-dI0ZNiJ-7AOTEtamAvyQf9X5RWIxtFTWyHHNqjQtuN8Hkog8AviWu_UAWQGiuqn4Jzwt3Agm1ShMP1ErZl9epnAmp08FWXjYEG2_2VF7mDxmIPYfP43abvxhUT5vyUTAA5UO8MsqfUQCBb_o8c1jDfArueyrNbIUCg8pjONuTfNzWhFPjvN8AIh7S5LDp9BfJQwCxdKijyD7ImewMcyJQfHnPSHXhkVBza-_sTDdIFlqEsvnJeN04rkqiOXES0TiMtOchEfhOWw for localmail.itexpert.ru/>, <Cookie BPMCSRF=CfDJ8KOx5pzs3vJMgjraUoy-gb7X7NgfsCOXN4Hstv6ugqGRMhU95-75MxyGG0UZp4txuXY3AiUlXlnk5U8Zt32pEucUQdB6447-coOzcGqq_PDdvMc5o9qfTR08VEZOtMUxOlJebXDTVXCD3Fa1gIn6weX7MkLS-PWST57MX7xFzAlShhzJxVHIDSMLo4tDHai72g for localmail.itexpert.ru/>, <Cookie CsrfToken=CfDJ8KOx5pzs3vJMgjraUoy-gb6vD0uQ9lY943BkUJDDcsOP3NWPlrK4dMlCM5pAydP4Z0ac1cCLNqLfoY02FN5yEZWVs0xbt04fxNIaz6fvMIi6A7fWbueDKpiy2yQgkkUlDHPbtOt3UUPhFQhTdLl_Oo0 for localmail.itexpert.ru/>]>

-------

------
Test: None
Time: 2022-10-19 12:10:09.959577
Request method: POST
Request URL: http://localmail.itexpert.ru:5058/rest/SapErpIntegrationService/v1/UpdateOSDirectory
Request data: None
Request json: {'currentPage': 1, 'pageCount': 1, 'delta': 'F', 'item': [{'ANLN1': '240000240179', 'TXT50': 'Аппарат телефонный Cisco/CP-7945G=13', 'INVNR': '12121313', 'AKTIV': '29.03.2016', 'KOSTL': '1006103050', 'WERKS': '1002', 'STORT': '43', 'ANSW_END': '20000.00', 'RBW_END': '10000', 'MENGE': '2', 'POSNR': '1100648.80016-YO04-00013', 'GLO_RUS_OKOF16': '330.28.12', 'GLO_RUS_DEPGRN': '03', 'NDJAR': '003', 'DEAKT': '13.02.2023', 'KTEXT3': 'г.Санкт-Петербург ул.Почтамтская 3-5', 'ZZCNDPERNR': '00028076', 'CNDPERNR_NAME': 'Дернов ИН123', 'OS_STATUS': 'Активе', 'AWKEY': '09072021/2', 'GJAHR': '2021', 'ACT-ID': 'pre09072021/2', 'SERNR': '123йцу123йу1', 'row': 1, 'deleted': ''}]}
Request cookies: {'Content-Type': 'application/json', 'User-Agent': 'PostmanRuntime/7.29.0', 'Accept': '*/*', 'Cache-Control': 'Cache-Control', 'Host': 'localmail.itexpert.ru:5058', 'Accept-Encoding': 'gzip, deflate, br', 'Connection': 'keep-alive', 'Content-Length': '69', 'BPMCSRF': 'CfDJ8KOx5pzs3vJMgjraUoy-gb7X7NgfsCOXN4Hstv6ugqGRMhU95-75MxyGG0UZp4txuXY3AiUlXlnk5U8Zt32pEucUQdB6447-coOzcGqq_PDdvMc5o9qfTR08VEZOtMUxOlJebXDTVXCD3Fa1gIn6weX7MkLS-PWST57MX7xFzAlShhzJxVHIDSMLo4tDHai72g'}
Request headers: <RequestsCookieJar[<Cookie .ASPXAUTH=CfDJ8KOx5pzs3vJMgjraUoy-gb55NfhawdwjGp6TjwEB8BAlCOrQcLu60ANArr_yOkj8fbC3835_ydie8w0nZUtoGqQuEIgtdSvlBHAw8E-y-9LA-cEz4EmPyJ2khXBjFKYFRSnAPI_laOBXy-OEUNTpFbsGGSuV5OfoYoq6AUbN54TUyTUJOsAL8e-q8zm45Fcp9TNtiGy7aLaiGYfqQnNCJ8cM08apIZlIxtdhKJl62MflJB5xPS6gC9KMaXEdSMjeg3aXZkcUi701NEAhcxbpbxOBC3dJZiYfmFsUdBzD86TzczWE66iXDA8mQMjX66ilcrRzVloXH6EgsuI6u9MEzdRg5zBqkjix-CsIPPiz_QfeAtBsiI3Hk4qXRPrK72Y6xNRYo8YiKkU6WMgYVq3RcdyII64FRdQkOi79ZjrhiGU20iXGukIiEvVGZ6dEJgXINZG2uW68yIOV0A7K1d9f5vd1Uxhq9HqxF3oJegXJ59rOu-o775ePWpa8kA4omSXjebB_Dkf3H90oqRHNbkXyly1dTAHOgIOlkum1ScZnxhZkTKj5OjMl0A-dI0ZNiJ-7AOTEtamAvyQf9X5RWIxtFTWyHHNqjQtuN8Hkog8AviWu_UAWQGiuqn4Jzwt3Agm1ShMP1ErZl9epnAmp08FWXjYEG2_2VF7mDxmIPYfP43abvxhUT5vyUTAA5UO8MsqfUQCBb_o8c1jDfArueyrNbIUCg8pjONuTfNzWhFPjvN8AIh7S5LDp9BfJQwCxdKijyD7ImewMcyJQfHnPSHXhkVBza-_sTDdIFlqEsvnJeN04rkqiOXES0TiMtOchEfhOWw for localmail.itexpert.ru/>, <Cookie BPMCSRF=CfDJ8KOx5pzs3vJMgjraUoy-gb7X7NgfsCOXN4Hstv6ugqGRMhU95-75MxyGG0UZp4txuXY3AiUlXlnk5U8Zt32pEucUQdB6447-coOzcGqq_PDdvMc5o9qfTR08VEZOtMUxOlJebXDTVXCD3Fa1gIn6weX7MkLS-PWST57MX7xFzAlShhzJxVHIDSMLo4tDHai72g for localmail.itexpert.ru/>, <Cookie CsrfToken=CfDJ8KOx5pzs3vJMgjraUoy-gb6vD0uQ9lY943BkUJDDcsOP3NWPlrK4dMlCM5pAydP4Z0ac1cCLNqLfoY02FN5yEZWVs0xbt04fxNIaz6fvMIi6A7fWbueDKpiy2yQgkkUlDHPbtOt3UUPhFQhTdLl_Oo0 for localmail.itexpert.ru/>]>

-------
Response code: 200
Response text: {"result":[{"TYPE":"E","MESSAGE":"Статус не найден в КСУИТ","ROW":1}],"isSuccessful":true,"message":"OK","success":true,"error":null,"status":200}
Response head: {'Date': 'Wed, 19 Oct 2022 07:10:12 GMT', 'Content-Type': 'application/json; charset=utf-8', 'Server': 'Kestrel', 'Content-Length': '166', 'Cache-Control': 'no-cache', 'Pragma': 'no-cache', 'Expires': '-1', 'Set-Cookie': 'BPMSESSIONID=CfDJ8KOx5pzs3vJMgjraUoy%2Bgb5VSTnc4NKBFhxGSBHlZdM5t%2FV4V%2FQkV4CG%2BbhCDiTB8xeT6edb7vc4c8VTJvWsYKXOyUZf%2BiJ5fdB5gkNi8J7z2w667upIRb94gSNdL%2FjuFngxOR7GdXqnak4QlifvUfypKG1%2BA15kAZvUHB96t%2FzI; path=/; samesite=lax; httponly'}
Response cookies: <RequestsCookieJar[<Cookie BPMSESSIONID=CfDJ8KOx5pzs3vJMgjraUoy%2Bgb5VSTnc4NKBFhxGSBHlZdM5t%2FV4V%2FQkV4CG%2BbhCDiTB8xeT6edb7vc4c8VTJvWsYKXOyUZf%2BiJ5fdB5gkNi8J7z2w667upIRb94gSNdL%2FjuFngxOR7GdXqnak4QlifvUfypKG1%2BA15kAZvUHB96t%2FzI for localmail.itexpert.ru/>]>

-------

------
Test: None
Time: 2022-10-19 12:10:10.795580
Request method: POST
Request URL: http://localmail.itexpert.ru:5058/ServiceModel/AuthService.svc/Login
Request data: None
Request json: {'UserName': 'Supervisor', 'UserPassword': '!Supervisor123Test!'}
Request cookies: {'Content-Type': 'application/json', 'User-Agent': 'PostmanRuntime/7.29.0', 'Accept': '*/*', 'Cache-Control': 'Cache-Control', 'Host': 'localmail.itexpert.ru:5058', 'Accept-Encoding': 'gzip, deflate, br', 'Connection': 'keep-alive', 'Content-Length': '69'}
Request headers: {}

-------
Response code: 200
Response text: {"RedirectUrl":null,"PasswordChangeUrl":null,"Exception":null,"Code":0,"Message":""}
Response head: {'Date': 'Wed, 19 Oct 2022 07:10:12 GMT', 'Content-Type': 'application/json; charset=utf-8', 'Server': 'Kestrel', 'Content-Length': '84', 'Cache-Control': 'no-cache', 'Pragma': 'no-cache', 'Expires': 'Thu, 01 Jan 1970 00:00:00 GMT', 'Set-Cookie': 'BPMSESSIONID=; expires=Thu, 01 Jan 1970 00:00:00 GMT; path=/; samesite=lax, .ASPXAUTH=CfDJ8KOx5pzs3vJMgjraUoy-gb5ADmkbpJqANckrPwnwSrKzePxEcC4n8gXrcVDjvdXBIY5d7E1OqpMPQlTYJI4kXNnQbzstPbgZdYJg7z9CcHLBLtjnjS-rXEyqzUf2D2jbQPAEXrtIjymus0pfALm9KNAgNIcrIhbO3AsgHl5j8K-24yKPMIbSLylyhYgH7Kh4KTqgfQR44yV6C2sRT-kv0omz6ktxiqame-Zdvf6VPFY_PpDTNU5miS7qiCwnFXVgpzD60BC5YpbQUw-2tJvG7hs5eFFkCM0a_-HfyTkEd9VMwo4SQq1C_cMGSOZZoiak30Zt7CU1inaf4yPLHJPFVYdf-Wkenwldjin6_ENP2NqreWxYXrnKswQx5a6G46Rg0yUVDBojIW0FYuo6r17ubNSP8Hc8IZLZl2rnbORKfcwV62LWZNMi95NDOUcz5nTHEJJbtcltTMmSCn4uK7P4p_vn2SlRjdbyzHuRgv_omL8-KM5dxCAW-hnL7ya5zMzrxvIm8XrjSMdDxhbLTId4RJgbQaxxFsT6gLs7E9zDmPj5qzW4Fs5TEfNOzOM6bpURi8UBwEzn4sF6bBPNlwFj9zudjssOHtZdyxvvjhIgA3Ubc19xIjS3WpW3ZjfvZGXOAwBXZV5ddlf50A4WGZ89NDIy84MTV1I_rmtCVgpVV4SaA5Ch3iZQYkAoPGO1cyQAgAkWZbs4_SZ_H-TklFYche7SI5QbcoRYIKQ-E-6iHr2LhJjtgITuxRLMCbWlioISRYIWPVLnJpxsEX452uOQzVr6yxB2spZEzr2iomI3Uq0zuiv4e6E4xRkYefWEnCW0Hg; path=/; samesite=lax; httponly, CsrfToken=CfDJ8KOx5pzs3vJMgjraUoy-gb5BRO3E1of9BLdgYMDkM0-8h-jHPC-EkMbX6crKMl3MXPtBuNlv-7oTJlP1B-b-OpfQPCcqnAK6zkBHvyWqu7xO5F2-dGyCjnPEJPkjgUnJP39XkVBQ-x8qqD87vUeWMGA; path=/; samesite=lax; httponly, BPMCSRF=CfDJ8KOx5pzs3vJMgjraUoy-gb7NDoXAyJX-pFhtVo-5ZhhC62XhVs_TXznGnzu2ZA2GzRTml7rtiW_7aJGLX_hm-uQtjug2BJp-8TAS19r8kIvQgerVOhoIFZgO7djwR7TmYIgF61xi9H0Hq9-B09uQHyJ5oEe5LMFCmfUtnOHxMGH0PdzZk3cw6V6rSDkVT-7DXQ; path=/; samesite=lax', 'X-Frame-Options': 'SAMEORIGIN'}
Response cookies: <RequestsCookieJar[<Cookie .ASPXAUTH=CfDJ8KOx5pzs3vJMgjraUoy-gb5ADmkbpJqANckrPwnwSrKzePxEcC4n8gXrcVDjvdXBIY5d7E1OqpMPQlTYJI4kXNnQbzstPbgZdYJg7z9CcHLBLtjnjS-rXEyqzUf2D2jbQPAEXrtIjymus0pfALm9KNAgNIcrIhbO3AsgHl5j8K-24yKPMIbSLylyhYgH7Kh4KTqgfQR44yV6C2sRT-kv0omz6ktxiqame-Zdvf6VPFY_PpDTNU5miS7qiCwnFXVgpzD60BC5YpbQUw-2tJvG7hs5eFFkCM0a_-HfyTkEd9VMwo4SQq1C_cMGSOZZoiak30Zt7CU1inaf4yPLHJPFVYdf-Wkenwldjin6_ENP2NqreWxYXrnKswQx5a6G46Rg0yUVDBojIW0FYuo6r17ubNSP8Hc8IZLZl2rnbORKfcwV62LWZNMi95NDOUcz5nTHEJJbtcltTMmSCn4uK7P4p_vn2SlRjdbyzHuRgv_omL8-KM5dxCAW-hnL7ya5zMzrxvIm8XrjSMdDxhbLTId4RJgbQaxxFsT6gLs7E9zDmPj5qzW4Fs5TEfNOzOM6bpURi8UBwEzn4sF6bBPNlwFj9zudjssOHtZdyxvvjhIgA3Ubc19xIjS3WpW3ZjfvZGXOAwBXZV5ddlf50A4WGZ89NDIy84MTV1I_rmtCVgpVV4SaA5Ch3iZQYkAoPGO1cyQAgAkWZbs4_SZ_H-TklFYche7SI5QbcoRYIKQ-E-6iHr2LhJjtgITuxRLMCbWlioISRYIWPVLnJpxsEX452uOQzVr6yxB2spZEzr2iomI3Uq0zuiv4e6E4xRkYefWEnCW0Hg for localmail.itexpert.ru/>, <Cookie BPMCSRF=CfDJ8KOx5pzs3vJMgjraUoy-gb7NDoXAyJX-pFhtVo-5ZhhC62XhVs_TXznGnzu2ZA2GzRTml7rtiW_7aJGLX_hm-uQtjug2BJp-8TAS19r8kIvQgerVOhoIFZgO7djwR7TmYIgF61xi9H0Hq9-B09uQHyJ5oEe5LMFCmfUtnOHxMGH0PdzZk3cw6V6rSDkVT-7DXQ for localmail.itexpert.ru/>, <Cookie CsrfToken=CfDJ8KOx5pzs3vJMgjraUoy-gb5BRO3E1of9BLdgYMDkM0-8h-jHPC-EkMbX6crKMl3MXPtBuNlv-7oTJlP1B-b-OpfQPCcqnAK6zkBHvyWqu7xO5F2-dGyCjnPEJPkjgUnJP39XkVBQ-x8qqD87vUeWMGA for localmail.itexpert.ru/>]>

-------

------
Test: None
Time: 2022-10-19 12:10:11.062403
Request method: POST
Request URL: http://localmail.itexpert.ru:5058/rest/SapErpIntegrationService/v1/UpdateOSDirectory
Request data: None
Request json: {'currentPage': 2, 'pageCount': 1, 'delta': 'F', 'item': [{'ANLN1': '240000240179', 'TXT50': 'Аппарат телефонный Cisco/CP-7945G=13', 'INVNR': '12121313', 'AKTIV': '29.03.2016', 'KOSTL': '1006103050', 'WERKS': '1002', 'STORT': '43', 'ANSW_END': '20000.00', 'RBW_END': '10000', 'MENGE': '2', 'POSNR': '1100648.80016-YO04-00013', 'GLO_RUS_OKOF16': '330.28.12', 'GLO_RUS_DEPGRN': '03', 'NDJAR': '003', 'DEAKT': '13.02.2023', 'KTEXT3': 'г.Санкт-Петербург ул.Почтамтская 3-5', 'ZZCNDPERNR': '00028076', 'CNDPERNR_NAME': 'Дернов ИН123', 'OS_STATUS': 'Активен', 'AWKEY': '09072021/2', 'GJAHR': '2021', 'ACT-ID': 'pre09072021/2', 'SERNR': '123йцу123йу1', 'row': 1, 'deleted': ''}]}
Request cookies: {'Content-Type': 'application/json', 'User-Agent': 'PostmanRuntime/7.29.0', 'Accept': '*/*', 'Cache-Control': 'Cache-Control', 'Host': 'localmail.itexpert.ru:5058', 'Accept-Encoding': 'gzip, deflate, br', 'Connection': 'keep-alive', 'Content-Length': '69', 'BPMCSRF': 'CfDJ8KOx5pzs3vJMgjraUoy-gb7NDoXAyJX-pFhtVo-5ZhhC62XhVs_TXznGnzu2ZA2GzRTml7rtiW_7aJGLX_hm-uQtjug2BJp-8TAS19r8kIvQgerVOhoIFZgO7djwR7TmYIgF61xi9H0Hq9-B09uQHyJ5oEe5LMFCmfUtnOHxMGH0PdzZk3cw6V6rSDkVT-7DXQ'}
Request headers: <RequestsCookieJar[<Cookie .ASPXAUTH=CfDJ8KOx5pzs3vJMgjraUoy-gb5ADmkbpJqANckrPwnwSrKzePxEcC4n8gXrcVDjvdXBIY5d7E1OqpMPQlTYJI4kXNnQbzstPbgZdYJg7z9CcHLBLtjnjS-rXEyqzUf2D2jbQPAEXrtIjymus0pfALm9KNAgNIcrIhbO3AsgHl5j8K-24yKPMIbSLylyhYgH7Kh4KTqgfQR44yV6C2sRT-kv0omz6ktxiqame-Zdvf6VPFY_PpDTNU5miS7qiCwnFXVgpzD60BC5YpbQUw-2tJvG7hs5eFFkCM0a_-HfyTkEd9VMwo4SQq1C_cMGSOZZoiak30Zt7CU1inaf4yPLHJPFVYdf-Wkenwldjin6_ENP2NqreWxYXrnKswQx5a6G46Rg0yUVDBojIW0FYuo6r17ubNSP8Hc8IZLZl2rnbORKfcwV62LWZNMi95NDOUcz5nTHEJJbtcltTMmSCn4uK7P4p_vn2SlRjdbyzHuRgv_omL8-KM5dxCAW-hnL7ya5zMzrxvIm8XrjSMdDxhbLTId4RJgbQaxxFsT6gLs7E9zDmPj5qzW4Fs5TEfNOzOM6bpURi8UBwEzn4sF6bBPNlwFj9zudjssOHtZdyxvvjhIgA3Ubc19xIjS3WpW3ZjfvZGXOAwBXZV5ddlf50A4WGZ89NDIy84MTV1I_rmtCVgpVV4SaA5Ch3iZQYkAoPGO1cyQAgAkWZbs4_SZ_H-TklFYche7SI5QbcoRYIKQ-E-6iHr2LhJjtgITuxRLMCbWlioISRYIWPVLnJpxsEX452uOQzVr6yxB2spZEzr2iomI3Uq0zuiv4e6E4xRkYefWEnCW0Hg for localmail.itexpert.ru/>, <Cookie BPMCSRF=CfDJ8KOx5pzs3vJMgjraUoy-gb7NDoXAyJX-pFhtVo-5ZhhC62XhVs_TXznGnzu2ZA2GzRTml7rtiW_7aJGLX_hm-uQtjug2BJp-8TAS19r8kIvQgerVOhoIFZgO7djwR7TmYIgF61xi9H0Hq9-B09uQHyJ5oEe5LMFCmfUtnOHxMGH0PdzZk3cw6V6rSDkVT-7DXQ for localmail.itexpert.ru/>, <Cookie CsrfToken=CfDJ8KOx5pzs3vJMgjraUoy-gb5BRO3E1of9BLdgYMDkM0-8h-jHPC-EkMbX6crKMl3MXPtBuNlv-7oTJlP1B-b-OpfQPCcqnAK6zkBHvyWqu7xO5F2-dGyCjnPEJPkjgUnJP39XkVBQ-x8qqD87vUeWMGA for localmail.itexpert.ru/>]>

-------
Response code: 200
Response text: {"result":null,"isSuccessful":false,"message":null,"success":false,"error":"Номер страницы превышает количество страниц","status":400}
Response head: {'Date': 'Wed, 19 Oct 2022 07:10:13 GMT', 'Content-Type': 'application/json; charset=utf-8', 'Server': 'Kestrel', 'Content-Length': '173', 'Cache-Control': 'no-cache', 'Pragma': 'no-cache', 'Expires': '-1', 'Set-Cookie': 'BPMSESSIONID=CfDJ8KOx5pzs3vJMgjraUoy%2Bgb6vJMcD9ugu8SU9pqawaJ6vJ%2FRv2k8D%2FXlxPLcNptplD7vbvmhSScg8SEPt0VMSqJU01RIT0VOL8VjvLlYAgWU5SkVPImKcauWC8c%2F32fPm5LdiZmtjAGjcWmje8gobvJxLYEbjJids50lFNnYYTXbW; path=/; samesite=lax; httponly'}
Response cookies: <RequestsCookieJar[<Cookie BPMSESSIONID=CfDJ8KOx5pzs3vJMgjraUoy%2Bgb6vJMcD9ugu8SU9pqawaJ6vJ%2FRv2k8D%2FXlxPLcNptplD7vbvmhSScg8SEPt0VMSqJU01RIT0VOL8VjvLlYAgWU5SkVPImKcauWC8c%2F32fPm5LdiZmtjAGjcWmje8gobvJxLYEbjJids50lFNnYYTXbW for localmail.itexpert.ru/>]>

-------

------
Test: None
Time: 2022-10-19 12:10:11.276517
Request method: POST
Request URL: http://localmail.itexpert.ru:5058/ServiceModel/AuthService.svc/Login
Request data: None
Request json: {'UserName': 'Supervisor', 'UserPassword': '!Supervisor123Test!'}
Request cookies: {'Content-Type': 'application/json', 'User-Agent': 'PostmanRuntime/7.29.0', 'Accept': '*/*', 'Cache-Control': 'Cache-Control', 'Host': 'localmail.itexpert.ru:5058', 'Accept-Encoding': 'gzip, deflate, br', 'Connection': 'keep-alive', 'Content-Length': '69'}
Request headers: {}

-------
Response code: 200
Response text: {"RedirectUrl":null,"PasswordChangeUrl":null,"Exception":null,"Code":0,"Message":""}
Response head: {'Date': 'Wed, 19 Oct 2022 07:10:13 GMT', 'Content-Type': 'application/json; charset=utf-8', 'Server': 'Kestrel', 'Content-Length': '84', 'Cache-Control': 'no-cache', 'Pragma': 'no-cache', 'Expires': 'Thu, 01 Jan 1970 00:00:00 GMT', 'Set-Cookie': 'BPMSESSIONID=; expires=Thu, 01 Jan 1970 00:00:00 GMT; path=/; samesite=lax, .ASPXAUTH=CfDJ8KOx5pzs3vJMgjraUoy-gb7u4AX8hzcWaX5cw1VGlXhdJ4rXCpJJ_Jat5luHlACsarwyAVpjYIezEpMJAGbCm838KQ0k2tHA_WzOpAKGQtL0BzgqjwNddj1AqTFP5bKvH_dwj3_FgRzJCJ5j6MjprYZ-AG8l1CggDxiPB1oKd7xItetT4fUv7rS0chSVMjPx8EDhnY_lumK24ZfwcspBF71cCXKWe9NIVbCcW7Y4gVqBHHQifKFaDoqRRw7v4mFSuWfei2dsOlyzzzSnDav7uFG6TYI1FRR9naLNnEnqpBNEY-8_bcRCTkzzfE43yIE598v2QwmbI6qeqtT7iJfU3PAfPuZyTM0Zu62LQgLjtNBzqXKI_XuPff_0AKAvZbeAFmlxadXMfMI9Qeln2hhRnifHQvVSyTbNbKLTrDVF5nj-sfgR-Wv5vVtrOg35jRL0_TbOn0Oe-Va-spZGVkVUaMMAYEahMfciWZGUE-VbW5GFBCKgPuA1QCYM7i7tbZGOJjO959IW05Xbpglqvh9uxpEmjqEelHFQquVHJM_WWIP4owWZ3r9ITf88HWWJNbtn2L6j0oP6NccSR4BzRHUICZOBxxr6hecvsv-2hARSIvVuyDK2C1cgxvZRv0_748Z-8OrruRPp54OZLo58RdrOuODqBYlFcbthhSg7QLG4J4hcD_sMrDgg0neg7p9TdfZ5DHizENbX7hlVvSH1KdE7qDZUbLczJ1vugFWnMIBIPYsfMvaIlXbvbrw2l3qKYKBwC8MMuL_thrG6AKVJ6l5cZkNpfyuG3mQs18jzUl1KgnE41nagZR6Ixgx-XZEIeNNmVQ; path=/; samesite=lax; httponly, CsrfToken=CfDJ8KOx5pzs3vJMgjraUoy-gb6DHN2uSm3YL0bzNY8-nZWf23o_t4ONZmnvjoW5ftVxbOCxCmbD3YrnvbffGsbmxttKStNL3m9p8RhdvfF5avK5Np0_XXNdZoAHEji_A910pYQB2s2k6cAHmsMPQ4Vhp1I; path=/; samesite=lax; httponly, BPMCSRF=CfDJ8KOx5pzs3vJMgjraUoy-gb5pV8M02ZIeTt1a33FByj0tH6h8p3JVnM5FRt7afh7T40PheV1LThCe9sKWdv1Cz-N_u-8SuEBbspC6jGSVkkX31W-yq0S2jDwkXVVEah6yUFTO7qbsjiIek0Y4lLLAZF57BWIN40DKlxYrxdBB_srqwoeMv8fhu_5SQrvaoxM27w; path=/; samesite=lax', 'X-Frame-Options': 'SAMEORIGIN'}
Response cookies: <RequestsCookieJar[<Cookie .ASPXAUTH=CfDJ8KOx5pzs3vJMgjraUoy-gb7u4AX8hzcWaX5cw1VGlXhdJ4rXCpJJ_Jat5luHlACsarwyAVpjYIezEpMJAGbCm838KQ0k2tHA_WzOpAKGQtL0BzgqjwNddj1AqTFP5bKvH_dwj3_FgRzJCJ5j6MjprYZ-AG8l1CggDxiPB1oKd7xItetT4fUv7rS0chSVMjPx8EDhnY_lumK24ZfwcspBF71cCXKWe9NIVbCcW7Y4gVqBHHQifKFaDoqRRw7v4mFSuWfei2dsOlyzzzSnDav7uFG6TYI1FRR9naLNnEnqpBNEY-8_bcRCTkzzfE43yIE598v2QwmbI6qeqtT7iJfU3PAfPuZyTM0Zu62LQgLjtNBzqXKI_XuPff_0AKAvZbeAFmlxadXMfMI9Qeln2hhRnifHQvVSyTbNbKLTrDVF5nj-sfgR-Wv5vVtrOg35jRL0_TbOn0Oe-Va-spZGVkVUaMMAYEahMfciWZGUE-VbW5GFBCKgPuA1QCYM7i7tbZGOJjO959IW05Xbpglqvh9uxpEmjqEelHFQquVHJM_WWIP4owWZ3r9ITf88HWWJNbtn2L6j0oP6NccSR4BzRHUICZOBxxr6hecvsv-2hARSIvVuyDK2C1cgxvZRv0_748Z-8OrruRPp54OZLo58RdrOuODqBYlFcbthhSg7QLG4J4hcD_sMrDgg0neg7p9TdfZ5DHizENbX7hlVvSH1KdE7qDZUbLczJ1vugFWnMIBIPYsfMvaIlXbvbrw2l3qKYKBwC8MMuL_thrG6AKVJ6l5cZkNpfyuG3mQs18jzUl1KgnE41nagZR6Ixgx-XZEIeNNmVQ for localmail.itexpert.ru/>, <Cookie BPMCSRF=CfDJ8KOx5pzs3vJMgjraUoy-gb5pV8M02ZIeTt1a33FByj0tH6h8p3JVnM5FRt7afh7T40PheV1LThCe9sKWdv1Cz-N_u-8SuEBbspC6jGSVkkX31W-yq0S2jDwkXVVEah6yUFTO7qbsjiIek0Y4lLLAZF57BWIN40DKlxYrxdBB_srqwoeMv8fhu_5SQrvaoxM27w for localmail.itexpert.ru/>, <Cookie CsrfToken=CfDJ8KOx5pzs3vJMgjraUoy-gb6DHN2uSm3YL0bzNY8-nZWf23o_t4ONZmnvjoW5ftVxbOCxCmbD3YrnvbffGsbmxttKStNL3m9p8RhdvfF5avK5Np0_XXNdZoAHEji_A910pYQB2s2k6cAHmsMPQ4Vhp1I for localmail.itexpert.ru/>]>

-------

------
Test: None
Time: 2022-10-19 12:10:11.537031
Request method: POST
Request URL: http://localmail.itexpert.ru:5058/rest/SapErpIntegrationService/v1/UpdateOSDirectory
Request data: None
Request json: {'currentPage': 1, 'pageCount': 1, 'delta': 'F', 'item': [{'ANLN1': '240000240179', 'TXT50': 'Аппарат телефонный Cisco/CP-7945G=13', 'INVNR': '12121313', 'AKTIV': '29.03.2016', 'KOSTL': '1006103050', 'WERKS': '1002', 'STORT': '43', 'ANSW_END': '20000.00', 'RBW_END': '10000', 'MENGE': '2', 'POSNR': '1100648.80016-YO04-00013', 'GLO_RUS_OKOF16': '330.28.12', 'GLO_RUS_DEPGRN': '03', 'NDJAR': '003', 'DEAKT': '13.02.2023', 'KTEXT3': 'г.Санкт-Петербург ул.Почтамтская 3-5', 'ZZCNDPERNR': '00028076', 'CNDPERNR_NAME': 'Дернов ИН123', 'OS_STATUS': 'Перемещен', 'AWKEY': '09072021/2', 'GJAHR': '2021', 'ACT-ID': 'pre09072021/2', 'SERNR': '666', 'row': 1, 'deleted': ''}]}
Request cookies: {'Content-Type': 'application/json', 'User-Agent': 'PostmanRuntime/7.29.0', 'Accept': '*/*', 'Cache-Control': 'Cache-Control', 'Host': 'localmail.itexpert.ru:5058', 'Accept-Encoding': 'gzip, deflate, br', 'Connection': 'keep-alive', 'Content-Length': '69', 'BPMCSRF': 'CfDJ8KOx5pzs3vJMgjraUoy-gb5pV8M02ZIeTt1a33FByj0tH6h8p3JVnM5FRt7afh7T40PheV1LThCe9sKWdv1Cz-N_u-8SuEBbspC6jGSVkkX31W-yq0S2jDwkXVVEah6yUFTO7qbsjiIek0Y4lLLAZF57BWIN40DKlxYrxdBB_srqwoeMv8fhu_5SQrvaoxM27w'}
Request headers: <RequestsCookieJar[<Cookie .ASPXAUTH=CfDJ8KOx5pzs3vJMgjraUoy-gb7u4AX8hzcWaX5cw1VGlXhdJ4rXCpJJ_Jat5luHlACsarwyAVpjYIezEpMJAGbCm838KQ0k2tHA_WzOpAKGQtL0BzgqjwNddj1AqTFP5bKvH_dwj3_FgRzJCJ5j6MjprYZ-AG8l1CggDxiPB1oKd7xItetT4fUv7rS0chSVMjPx8EDhnY_lumK24ZfwcspBF71cCXKWe9NIVbCcW7Y4gVqBHHQifKFaDoqRRw7v4mFSuWfei2dsOlyzzzSnDav7uFG6TYI1FRR9naLNnEnqpBNEY-8_bcRCTkzzfE43yIE598v2QwmbI6qeqtT7iJfU3PAfPuZyTM0Zu62LQgLjtNBzqXKI_XuPff_0AKAvZbeAFmlxadXMfMI9Qeln2hhRnifHQvVSyTbNbKLTrDVF5nj-sfgR-Wv5vVtrOg35jRL0_TbOn0Oe-Va-spZGVkVUaMMAYEahMfciWZGUE-VbW5GFBCKgPuA1QCYM7i7tbZGOJjO959IW05Xbpglqvh9uxpEmjqEelHFQquVHJM_WWIP4owWZ3r9ITf88HWWJNbtn2L6j0oP6NccSR4BzRHUICZOBxxr6hecvsv-2hARSIvVuyDK2C1cgxvZRv0_748Z-8OrruRPp54OZLo58RdrOuODqBYlFcbthhSg7QLG4J4hcD_sMrDgg0neg7p9TdfZ5DHizENbX7hlVvSH1KdE7qDZUbLczJ1vugFWnMIBIPYsfMvaIlXbvbrw2l3qKYKBwC8MMuL_thrG6AKVJ6l5cZkNpfyuG3mQs18jzUl1KgnE41nagZR6Ixgx-XZEIeNNmVQ for localmail.itexpert.ru/>, <Cookie BPMCSRF=CfDJ8KOx5pzs3vJMgjraUoy-gb5pV8M02ZIeTt1a33FByj0tH6h8p3JVnM5FRt7afh7T40PheV1LThCe9sKWdv1Cz-N_u-8SuEBbspC6jGSVkkX31W-yq0S2jDwkXVVEah6yUFTO7qbsjiIek0Y4lLLAZF57BWIN40DKlxYrxdBB_srqwoeMv8fhu_5SQrvaoxM27w for localmail.itexpert.ru/>, <Cookie CsrfToken=CfDJ8KOx5pzs3vJMgjraUoy-gb6DHN2uSm3YL0bzNY8-nZWf23o_t4ONZmnvjoW5ftVxbOCxCmbD3YrnvbffGsbmxttKStNL3m9p8RhdvfF5avK5Np0_XXNdZoAHEji_A910pYQB2s2k6cAHmsMPQ4Vhp1I for localmail.itexpert.ru/>]>

-------
Response code: 200
Response text: {"result":[{"TYPE":"E","MESSAGE":"ОС перемещено, исключено из обработки Инв№ 12121313, Номер карточки ОС 240000240179","ROW":1}],"isSuccessful":true,"message":"OK","success":true,"error":null,"status":200}
Response head: {'Date': 'Wed, 19 Oct 2022 07:10:14 GMT', 'Content-Type': 'application/json; charset=utf-8', 'Server': 'Kestrel', 'Content-Length': '257', 'Cache-Control': 'no-cache', 'Pragma': 'no-cache', 'Expires': '-1', 'Set-Cookie': 'BPMSESSIONID=CfDJ8KOx5pzs3vJMgjraUoy%2Bgb6%2FmPUfIE9%2FOzlypkYiwkGoSqM3PSJ2dfXwB62NZgceq8C42qKl0s9JkCEo%2FmiK6InnHlSYs8H08HWMLJKN8fdY9SchUWQrCYm4GriCavycNRqzjCcxjQ6TTbsX8uv0xLHYKrCkbD6RGDM0Vhtg3Gbg; path=/; samesite=lax; httponly'}
Response cookies: <RequestsCookieJar[<Cookie BPMSESSIONID=CfDJ8KOx5pzs3vJMgjraUoy%2Bgb6%2FmPUfIE9%2FOzlypkYiwkGoSqM3PSJ2dfXwB62NZgceq8C42qKl0s9JkCEo%2FmiK6InnHlSYs8H08HWMLJKN8fdY9SchUWQrCYm4GriCavycNRqzjCcxjQ6TTbsX8uv0xLHYKrCkbD6RGDM0Vhtg3Gbg for localmail.itexpert.ru/>]>

-------
