
------
Test: None
Time: 2022-10-14 17:10:53.567532
Request method: POST
Request URL: http://localmail.itexpert.ru:5058/ServiceModel/AuthService.svc/Login
Request data: None
Request json: {'UserName': 'Supervisor', 'UserPassword': '!Supervisor123Test!'}
Request cookies: {'Content-Type': 'application/json', 'User-Agent': 'PostmanRuntime/7.29.0', 'Accept': '*/*', 'Cache-Control': 'Cache-Control', 'Host': 'localmail.itexpert.ru:5058', 'Accept-Encoding': 'gzip, deflate, br', 'Connection': 'keep-alive', 'Content-Length': '69'}
Request headers: {}

-------
Response code: 200
Response text: {"RedirectUrl":null,"PasswordChangeUrl":null,"Exception":null,"Code":0,"Message":""}
Response head: {'Date': 'Fri, 14 Oct 2022 12:10:56 GMT', 'Content-Type': 'application/json; charset=utf-8', 'Server': 'Kestrel', 'Content-Length': '84', 'Cache-Control': 'no-cache', 'Pragma': 'no-cache', 'Expires': 'Thu, 01 Jan 1970 00:00:00 GMT', 'Set-Cookie': 'BPMSESSIONID=; expires=Thu, 01 Jan 1970 00:00:00 GMT; path=/; samesite=lax, .ASPXAUTH=CfDJ8KOx5pzs3vJMgjraUoy-gb7prcmeioqDR42EO8EmAa51ay2sYQsBXpVQgAzrUo0nPRFWGZqJfi1D4Ye7_n8bO3LvjwxfY0-IXp8edzXifaQN78QPl9u-h3huR6bKdhG6JOZ4FNCF8kymKAeSAJVF-51_1qItmIpdD5CeXhGFYIkplCWtw-B7B5hCmaxyIwTxrdE5rDVU9j2aEoePGp9cfFTb5rz3bvV2RRqC-CndbjFmff5uhEivo1qWlYa8pZFjuE7BGAhvDYukZ8XGsw8J-ve4pzQLbRR_l-rxc_ZnHTgXgTE1cG7ZvACqpTB6TcI8ly-oYBD5hnzbQF5y_gmqQVA-7hb6pbP5Z8j_TKJZyNB6H3NnkREWG8q8ZJtCcA4YPpJuJao-KeARxB2KXoLwVqQyJkqCW4oHheEvsu5BCxCCb5Om2KO8kOVL4wWcZeXOiCSVJj20DOOFxXsfW6MLvqJufXhJzl1sAQNvn2MOBC0dy4t9jcpP5Fb0bq8lseTmuy9AExLYjH85VZpUl3s0F2qKEifzVWiG6K6xwFG2JmeTdZFbJo9oDHoEcOPdREtXOkvgXdnez2iDoXWiX2L5BGQ6H81fntAJMBb2T6J82_vusPR95kj39v7YyQcR5KhCtkRhlTfeXCnvTU9UBKkxpYNcpsv1nmTzuNIoRHd2-jGNgZpl2MqVVgw3-rLr5x98FeZGKALral0-fPfXSDsoXqQzTA3L3mYN1pavHgm4hwkS9tCjwyxRCbpy4CIlYn87U5GBA1_IeCGD_do66ZWAQu8UVYb0Ii1G62vylYbpRNIUKXo00jpsEqEAsu8RJOBXXw; path=/; samesite=lax; httponly, CsrfToken=CfDJ8KOx5pzs3vJMgjraUoy-gb45C17R3HoOGHVUAZKwcOJeLwjQXIIHpHY8CuQ9gj1mJR65CNaSxEM25qGbTBJih2yo3vSYgmNLMQ6SXBeSeHC-XS7FC_gzkTgyfZXvfk2B7In_qj7KUsVKZw5c9Fh5uf0; path=/; samesite=lax; httponly, BPMCSRF=CfDJ8KOx5pzs3vJMgjraUoy-gb4viz9yPUr0vHZJvdtCsJxab2wMxVuoF4E7NYrW0W0Ji3SiaLFCSCn0b8rGzXHnmRm8X9xycQUMi5Q-arU67J_HZNzfxker6aRGgDzlEblspdAD5TOs3LDwdfU5V1Pd-RrsFa_gd-RXCj6s8iTKY6ppcYm4BqL07SURzsd5lGdJqw; path=/; samesite=lax', 'X-Frame-Options': 'SAMEORIGIN'}
Response cookies: <RequestsCookieJar[<Cookie .ASPXAUTH=CfDJ8KOx5pzs3vJMgjraUoy-gb7prcmeioqDR42EO8EmAa51ay2sYQsBXpVQgAzrUo0nPRFWGZqJfi1D4Ye7_n8bO3LvjwxfY0-IXp8edzXifaQN78QPl9u-h3huR6bKdhG6JOZ4FNCF8kymKAeSAJVF-51_1qItmIpdD5CeXhGFYIkplCWtw-B7B5hCmaxyIwTxrdE5rDVU9j2aEoePGp9cfFTb5rz3bvV2RRqC-CndbjFmff5uhEivo1qWlYa8pZFjuE7BGAhvDYukZ8XGsw8J-ve4pzQLbRR_l-rxc_ZnHTgXgTE1cG7ZvACqpTB6TcI8ly-oYBD5hnzbQF5y_gmqQVA-7hb6pbP5Z8j_TKJZyNB6H3NnkREWG8q8ZJtCcA4YPpJuJao-KeARxB2KXoLwVqQyJkqCW4oHheEvsu5BCxCCb5Om2KO8kOVL4wWcZeXOiCSVJj20DOOFxXsfW6MLvqJufXhJzl1sAQNvn2MOBC0dy4t9jcpP5Fb0bq8lseTmuy9AExLYjH85VZpUl3s0F2qKEifzVWiG6K6xwFG2JmeTdZFbJo9oDHoEcOPdREtXOkvgXdnez2iDoXWiX2L5BGQ6H81fntAJMBb2T6J82_vusPR95kj39v7YyQcR5KhCtkRhlTfeXCnvTU9UBKkxpYNcpsv1nmTzuNIoRHd2-jGNgZpl2MqVVgw3-rLr5x98FeZGKALral0-fPfXSDsoXqQzTA3L3mYN1pavHgm4hwkS9tCjwyxRCbpy4CIlYn87U5GBA1_IeCGD_do66ZWAQu8UVYb0Ii1G62vylYbpRNIUKXo00jpsEqEAsu8RJOBXXw for localmail.itexpert.ru/>, <Cookie BPMCSRF=CfDJ8KOx5pzs3vJMgjraUoy-gb4viz9yPUr0vHZJvdtCsJxab2wMxVuoF4E7NYrW0W0Ji3SiaLFCSCn0b8rGzXHnmRm8X9xycQUMi5Q-arU67J_HZNzfxker6aRGgDzlEblspdAD5TOs3LDwdfU5V1Pd-RrsFa_gd-RXCj6s8iTKY6ppcYm4BqL07SURzsd5lGdJqw for localmail.itexpert.ru/>, <Cookie CsrfToken=CfDJ8KOx5pzs3vJMgjraUoy-gb45C17R3HoOGHVUAZKwcOJeLwjQXIIHpHY8CuQ9gj1mJR65CNaSxEM25qGbTBJih2yo3vSYgmNLMQ6SXBeSeHC-XS7FC_gzkTgyfZXvfk2B7In_qj7KUsVKZw5c9Fh5uf0 for localmail.itexpert.ru/>]>

-------

------
Test: None
Time: 2022-10-14 17:10:54.018502
Request method: POST
Request URL: http://localmail.itexpert.ru:5058/rest/SapErpIntegrationService/v1/UpdateOSDirectory
Request data: None
Request json: {'currentPage': 1, 'pageCount': 1, 'delta': 'F', 'item': [{'ANLN1': '240000240179', 'TXT50': 'Аппарат телефонный Cisco/CP-7945G=13', 'INVNR': '12121313', 'AKTIV': '29.03.2016', 'KOSTL': '1006103050', 'WERKS': '1002', 'STORT': '43', 'ANSW_END': '20000.00', 'RBW_END': '10000', 'MENGE': '2', 'POSNR': '1100648.80016-YO04-00013', 'GLO_RUS_OKOF16': '330.28.12', 'GLO_RUS_DEPGRN': '03', 'NDJAR': '003', 'DEAKT': '13.02.2023', 'KTEXT3': 'г.Санкт-Петербург ул.Почтамтская 3-5', 'ZZCNDPERNR': '00028076', 'CNDPERNR_NAME': 'Дернов ИН123', 'OS_STATUS': 'Активен', 'AWKEY': '09072021/2', 'GJAHR': '2021', 'ACT-ID': 'pre09072021/2', 'SERNR': '666', 'row': 1, 'deleted': ''}]}
Request cookies: {'Content-Type': 'application/json', 'User-Agent': 'PostmanRuntime/7.29.0', 'Accept': '*/*', 'Cache-Control': 'Cache-Control', 'Host': 'localmail.itexpert.ru:5058', 'Accept-Encoding': 'gzip, deflate, br', 'Connection': 'keep-alive', 'Content-Length': '69', 'BPMCSRF': 'CfDJ8KOx5pzs3vJMgjraUoy-gb4viz9yPUr0vHZJvdtCsJxab2wMxVuoF4E7NYrW0W0Ji3SiaLFCSCn0b8rGzXHnmRm8X9xycQUMi5Q-arU67J_HZNzfxker6aRGgDzlEblspdAD5TOs3LDwdfU5V1Pd-RrsFa_gd-RXCj6s8iTKY6ppcYm4BqL07SURzsd5lGdJqw'}
Request headers: <RequestsCookieJar[<Cookie .ASPXAUTH=CfDJ8KOx5pzs3vJMgjraUoy-gb7prcmeioqDR42EO8EmAa51ay2sYQsBXpVQgAzrUo0nPRFWGZqJfi1D4Ye7_n8bO3LvjwxfY0-IXp8edzXifaQN78QPl9u-h3huR6bKdhG6JOZ4FNCF8kymKAeSAJVF-51_1qItmIpdD5CeXhGFYIkplCWtw-B7B5hCmaxyIwTxrdE5rDVU9j2aEoePGp9cfFTb5rz3bvV2RRqC-CndbjFmff5uhEivo1qWlYa8pZFjuE7BGAhvDYukZ8XGsw8J-ve4pzQLbRR_l-rxc_ZnHTgXgTE1cG7ZvACqpTB6TcI8ly-oYBD5hnzbQF5y_gmqQVA-7hb6pbP5Z8j_TKJZyNB6H3NnkREWG8q8ZJtCcA4YPpJuJao-KeARxB2KXoLwVqQyJkqCW4oHheEvsu5BCxCCb5Om2KO8kOVL4wWcZeXOiCSVJj20DOOFxXsfW6MLvqJufXhJzl1sAQNvn2MOBC0dy4t9jcpP5Fb0bq8lseTmuy9AExLYjH85VZpUl3s0F2qKEifzVWiG6K6xwFG2JmeTdZFbJo9oDHoEcOPdREtXOkvgXdnez2iDoXWiX2L5BGQ6H81fntAJMBb2T6J82_vusPR95kj39v7YyQcR5KhCtkRhlTfeXCnvTU9UBKkxpYNcpsv1nmTzuNIoRHd2-jGNgZpl2MqVVgw3-rLr5x98FeZGKALral0-fPfXSDsoXqQzTA3L3mYN1pavHgm4hwkS9tCjwyxRCbpy4CIlYn87U5GBA1_IeCGD_do66ZWAQu8UVYb0Ii1G62vylYbpRNIUKXo00jpsEqEAsu8RJOBXXw for localmail.itexpert.ru/>, <Cookie BPMCSRF=CfDJ8KOx5pzs3vJMgjraUoy-gb4viz9yPUr0vHZJvdtCsJxab2wMxVuoF4E7NYrW0W0Ji3SiaLFCSCn0b8rGzXHnmRm8X9xycQUMi5Q-arU67J_HZNzfxker6aRGgDzlEblspdAD5TOs3LDwdfU5V1Pd-RrsFa_gd-RXCj6s8iTKY6ppcYm4BqL07SURzsd5lGdJqw for localmail.itexpert.ru/>, <Cookie CsrfToken=CfDJ8KOx5pzs3vJMgjraUoy-gb45C17R3HoOGHVUAZKwcOJeLwjQXIIHpHY8CuQ9gj1mJR65CNaSxEM25qGbTBJih2yo3vSYgmNLMQ6SXBeSeHC-XS7FC_gzkTgyfZXvfk2B7In_qj7KUsVKZw5c9Fh5uf0 for localmail.itexpert.ru/>]>

-------
Response code: 200
Response text: {"result":[{"TYPE":"S","MESSAGE":"Запись изменена","ROW":1}],"isSuccessful":true,"message":"OK","success":true,"error":null,"status":200}
Response head: {'Date': 'Fri, 14 Oct 2022 12:11:07 GMT', 'Content-Type': 'application/json; charset=utf-8', 'Server': 'Kestrel', 'Content-Length': '151', 'Cache-Control': 'no-cache', 'Pragma': 'no-cache', 'Expires': '-1', 'Set-Cookie': 'BPMSESSIONID=CfDJ8KOx5pzs3vJMgjraUoy%2Bgb71bhftSzfEdMfkDN0gcnVgrzmSdqA76Vr03uPCvAE%2BZumvOT039D%2BMPPXKi%2Bk3%2FACwL%2BonlU7rFpGwRn8JJO4nAnt7CLH5vODTB1mVwkVj6GcPjkktuhjlnAskhm6KMW0h3h57gukT91MCDQNsSO0A; path=/; samesite=lax; httponly'}
Response cookies: <RequestsCookieJar[<Cookie BPMSESSIONID=CfDJ8KOx5pzs3vJMgjraUoy%2Bgb71bhftSzfEdMfkDN0gcnVgrzmSdqA76Vr03uPCvAE%2BZumvOT039D%2BMPPXKi%2Bk3%2FACwL%2BonlU7rFpGwRn8JJO4nAnt7CLH5vODTB1mVwkVj6GcPjkktuhjlnAskhm6KMW0h3h57gukT91MCDQNsSO0A for localmail.itexpert.ru/>]>

-------
