
------
Test: None
Time: 2022-10-19 12:12:03.441636
Request method: POST
Request URL: http://localmail.itexpert.ru:5058/ServiceModel/AuthService.svc/Login
Request data: None
Request json: {'UserName': 'Supervisor', 'UserPassword': '!Supervisor123Test!'}
Request cookies: {'Content-Type': 'application/json', 'User-Agent': 'PostmanRuntime/7.29.0', 'Accept': '*/*', 'Cache-Control': 'Cache-Control', 'Host': 'localmail.itexpert.ru:5058', 'Accept-Encoding': 'gzip, deflate, br', 'Connection': 'keep-alive', 'Content-Length': '69'}
Request headers: {}

-------
Response code: 200
Response text: {"RedirectUrl":null,"PasswordChangeUrl":null,"Exception":null,"Code":0,"Message":""}
Response head: {'Date': 'Wed, 19 Oct 2022 07:12:05 GMT', 'Content-Type': 'application/json; charset=utf-8', 'Server': 'Kestrel', 'Content-Length': '84', 'Cache-Control': 'no-cache', 'Pragma': 'no-cache', 'Expires': 'Thu, 01 Jan 1970 00:00:00 GMT', 'Set-Cookie': 'BPMSESSIONID=; expires=Thu, 01 Jan 1970 00:00:00 GMT; path=/; samesite=lax, .ASPXAUTH=CfDJ8KOx5pzs3vJMgjraUoy-gb6SPtnIj4CTQ3kMoCXZwMGLbgUknVNup6LRRKqKaspQFBwo1hxxCDCqK6-TO36T1-pDgtJXXz-7tWfhm2kd30zKlibVv385tKM96XG9yqaMWFaZImA0dWOQgBCDiXle9BxhSxwY3ChYJm185knCk1CPFqVTllpWeNcmlNaQ0FBtldSA5bmjfyJXPi3OUbc9ndf-2U_friztozaNBXEhAAquO8h5S1BYqA_jqMA9BdSqlKhWBar1aSsqeCeLT2f8u33D1Aw0qzKtEyef5lNU-uPtE_gC1e5JoKCAjg1bpSPUngZ2En0ebSFaeHjFDCIHLl91Q54alF7E-SDriIN6iRKS4HMvRUPbc7eukU2Hixmbu0kjqiAZsf4rGO9_h9OI509jo-4H9S3hu4ZTUbkOl7yuq6JBqa8kyNjrD759V4SUvPzzg8NH6sXOCilrEJcEJGB_q_tzmbS3a7jr2oWP1yr9SIhnEX-B9B0n1Fw4tkxttSFKihJVvpA68c7_VJSAT1QK6VkWQ3wLJT2J68uUr7jMiWA_1TxPwB9BCOlm5HXceX2-dLHihZaNMh2EIOkZD1hjm1X2V0iqLrIGvnxvC7H06fUUXl0l_O6tGNBLr2KW-N2i4Jjw59BY5RMmA0GN1dfABPlDniaj6opuBgpixW4FuaRlrhuQpKCrlmvl-QaLgtNh7e5b8Ks758-NR5vV2bmZErxYqIHX0dxAFFIsxgqj76_tpMGJy-F34Z9RoOCQV-pwn5aLajNqdudEfMCpz8Ct5Y13vbrg2iVeLwjC2v822WZDBWwcbglyrmlmaIyKIQ; path=/; samesite=lax; httponly, CsrfToken=CfDJ8KOx5pzs3vJMgjraUoy-gb5b-nyxkHWhwbXAx7WsxU96XJpIXxQ1EXaa2ZBNcyHCzQufeJlwWiMUQuRhQPEYwu0dGrnWrb9U9IoG6-0doVyvXSR3KikZgPzSIeSJVsOF__H8GRoHy7jV-1X88qXjiC0; path=/; samesite=lax; httponly, BPMCSRF=CfDJ8KOx5pzs3vJMgjraUoy-gb7aOrLMAyQGohnTABn_zMHb70DPEp9G9RuwojyGn9-xtwTjYPUc8CMV7wT_Mdl9DNYLRahB4HAq6u4ptBPKB3g4e3X2De0fmIU7KwMsZuvFe5X4INSb4yQtMH2DXDKjfW2J4K6ThKuBwUTnqzS2dOSxfW_0_aR10ZN0Kqeigqe-qw; path=/; samesite=lax', 'X-Frame-Options': 'SAMEORIGIN'}
Response cookies: <RequestsCookieJar[<Cookie .ASPXAUTH=CfDJ8KOx5pzs3vJMgjraUoy-gb6SPtnIj4CTQ3kMoCXZwMGLbgUknVNup6LRRKqKaspQFBwo1hxxCDCqK6-TO36T1-pDgtJXXz-7tWfhm2kd30zKlibVv385tKM96XG9yqaMWFaZImA0dWOQgBCDiXle9BxhSxwY3ChYJm185knCk1CPFqVTllpWeNcmlNaQ0FBtldSA5bmjfyJXPi3OUbc9ndf-2U_friztozaNBXEhAAquO8h5S1BYqA_jqMA9BdSqlKhWBar1aSsqeCeLT2f8u33D1Aw0qzKtEyef5lNU-uPtE_gC1e5JoKCAjg1bpSPUngZ2En0ebSFaeHjFDCIHLl91Q54alF7E-SDriIN6iRKS4HMvRUPbc7eukU2Hixmbu0kjqiAZsf4rGO9_h9OI509jo-4H9S3hu4ZTUbkOl7yuq6JBqa8kyNjrD759V4SUvPzzg8NH6sXOCilrEJcEJGB_q_tzmbS3a7jr2oWP1yr9SIhnEX-B9B0n1Fw4tkxttSFKihJVvpA68c7_VJSAT1QK6VkWQ3wLJT2J68uUr7jMiWA_1TxPwB9BCOlm5HXceX2-dLHihZaNMh2EIOkZD1hjm1X2V0iqLrIGvnxvC7H06fUUXl0l_O6tGNBLr2KW-N2i4Jjw59BY5RMmA0GN1dfABPlDniaj6opuBgpixW4FuaRlrhuQpKCrlmvl-QaLgtNh7e5b8Ks758-NR5vV2bmZErxYqIHX0dxAFFIsxgqj76_tpMGJy-F34Z9RoOCQV-pwn5aLajNqdudEfMCpz8Ct5Y13vbrg2iVeLwjC2v822WZDBWwcbglyrmlmaIyKIQ for localmail.itexpert.ru/>, <Cookie BPMCSRF=CfDJ8KOx5pzs3vJMgjraUoy-gb7aOrLMAyQGohnTABn_zMHb70DPEp9G9RuwojyGn9-xtwTjYPUc8CMV7wT_Mdl9DNYLRahB4HAq6u4ptBPKB3g4e3X2De0fmIU7KwMsZuvFe5X4INSb4yQtMH2DXDKjfW2J4K6ThKuBwUTnqzS2dOSxfW_0_aR10ZN0Kqeigqe-qw for localmail.itexpert.ru/>, <Cookie CsrfToken=CfDJ8KOx5pzs3vJMgjraUoy-gb5b-nyxkHWhwbXAx7WsxU96XJpIXxQ1EXaa2ZBNcyHCzQufeJlwWiMUQuRhQPEYwu0dGrnWrb9U9IoG6-0doVyvXSR3KikZgPzSIeSJVsOF__H8GRoHy7jV-1X88qXjiC0 for localmail.itexpert.ru/>]>

-------

------
Test: None
Time: 2022-10-19 12:12:03.715713
Request method: POST
Request URL: http://localmail.itexpert.ru:5058/rest/SapErpIntegrationService/v1/UpdateOSDirectory
Request data: None
Request json: {'currentPage': 1, 'pageCount': 1, 'delta': 'F', 'item': [{'ANLN1': '240000240179', 'TXT50': 'Аппарат телефонный Cisco/CP-7945G=13', 'INVNR': '12121313', 'AKTIV': '29.03.2016', 'KOSTL': '1006103050', 'WERKS': '1002', 'STORT': '43', 'ANSW_END': '20000.00', 'RBW_END': '10000', 'MENGE': '2', 'POSNR': '1100648.80016-YO04-00013', 'GLO_RUS_OKOF16': '330.28.12', 'GLO_RUS_DEPGRN': '03', 'NDJAR': '003', 'DEAKT': '13.02.2023', 'KTEXT3': 'г.Санкт-Петербург ул.Почтамтская 3-5', 'ZZCNDPERNR': '00028076', 'CNDPERNR_NAME': 'Дернов ИН123', 'OS_STATUS': 'Активен', 'AWKEY': '09072021/2', 'GJAHR': '2021', 'ACT-ID': 'pre09072021/2', 'SERNR': '666', 'row': 1, 'deleted': ''}]}
Request cookies: {'Content-Type': 'application/json', 'User-Agent': 'PostmanRuntime/7.29.0', 'Accept': '*/*', 'Cache-Control': 'Cache-Control', 'Host': 'localmail.itexpert.ru:5058', 'Accept-Encoding': 'gzip, deflate, br', 'Connection': 'keep-alive', 'Content-Length': '69', 'BPMCSRF': 'CfDJ8KOx5pzs3vJMgjraUoy-gb7aOrLMAyQGohnTABn_zMHb70DPEp9G9RuwojyGn9-xtwTjYPUc8CMV7wT_Mdl9DNYLRahB4HAq6u4ptBPKB3g4e3X2De0fmIU7KwMsZuvFe5X4INSb4yQtMH2DXDKjfW2J4K6ThKuBwUTnqzS2dOSxfW_0_aR10ZN0Kqeigqe-qw'}
Request headers: <RequestsCookieJar[<Cookie .ASPXAUTH=CfDJ8KOx5pzs3vJMgjraUoy-gb6SPtnIj4CTQ3kMoCXZwMGLbgUknVNup6LRRKqKaspQFBwo1hxxCDCqK6-TO36T1-pDgtJXXz-7tWfhm2kd30zKlibVv385tKM96XG9yqaMWFaZImA0dWOQgBCDiXle9BxhSxwY3ChYJm185knCk1CPFqVTllpWeNcmlNaQ0FBtldSA5bmjfyJXPi3OUbc9ndf-2U_friztozaNBXEhAAquO8h5S1BYqA_jqMA9BdSqlKhWBar1aSsqeCeLT2f8u33D1Aw0qzKtEyef5lNU-uPtE_gC1e5JoKCAjg1bpSPUngZ2En0ebSFaeHjFDCIHLl91Q54alF7E-SDriIN6iRKS4HMvRUPbc7eukU2Hixmbu0kjqiAZsf4rGO9_h9OI509jo-4H9S3hu4ZTUbkOl7yuq6JBqa8kyNjrD759V4SUvPzzg8NH6sXOCilrEJcEJGB_q_tzmbS3a7jr2oWP1yr9SIhnEX-B9B0n1Fw4tkxttSFKihJVvpA68c7_VJSAT1QK6VkWQ3wLJT2J68uUr7jMiWA_1TxPwB9BCOlm5HXceX2-dLHihZaNMh2EIOkZD1hjm1X2V0iqLrIGvnxvC7H06fUUXl0l_O6tGNBLr2KW-N2i4Jjw59BY5RMmA0GN1dfABPlDniaj6opuBgpixW4FuaRlrhuQpKCrlmvl-QaLgtNh7e5b8Ks758-NR5vV2bmZErxYqIHX0dxAFFIsxgqj76_tpMGJy-F34Z9RoOCQV-pwn5aLajNqdudEfMCpz8Ct5Y13vbrg2iVeLwjC2v822WZDBWwcbglyrmlmaIyKIQ for localmail.itexpert.ru/>, <Cookie BPMCSRF=CfDJ8KOx5pzs3vJMgjraUoy-gb7aOrLMAyQGohnTABn_zMHb70DPEp9G9RuwojyGn9-xtwTjYPUc8CMV7wT_Mdl9DNYLRahB4HAq6u4ptBPKB3g4e3X2De0fmIU7KwMsZuvFe5X4INSb4yQtMH2DXDKjfW2J4K6ThKuBwUTnqzS2dOSxfW_0_aR10ZN0Kqeigqe-qw for localmail.itexpert.ru/>, <Cookie CsrfToken=CfDJ8KOx5pzs3vJMgjraUoy-gb5b-nyxkHWhwbXAx7WsxU96XJpIXxQ1EXaa2ZBNcyHCzQufeJlwWiMUQuRhQPEYwu0dGrnWrb9U9IoG6-0doVyvXSR3KikZgPzSIeSJVsOF__H8GRoHy7jV-1X88qXjiC0 for localmail.itexpert.ru/>]>

-------
Response code: 200
Response text: {"result":[{"TYPE":"S","MESSAGE":"Запись изменена","ROW":1}],"isSuccessful":true,"message":"OK","success":true,"error":null,"status":200}
Response head: {'Date': 'Wed, 19 Oct 2022 07:12:07 GMT', 'Content-Type': 'application/json; charset=utf-8', 'Server': 'Kestrel', 'Content-Length': '151', 'Cache-Control': 'no-cache', 'Pragma': 'no-cache', 'Expires': '-1', 'Set-Cookie': 'BPMSESSIONID=CfDJ8KOx5pzs3vJMgjraUoy%2Bgb4KHU2znvubiWUVSqMJejF9oE2yIGc1HfnPQnbMxFqSoaOiXnMbiZ7F70lNHcl3LF1K4s%2Bn2avJxURWGh2HXjhaVG6yLldffjpV2vyq3AYjvgf%2Fobu5%2B9KSMI%2BeMN6sscS2CBhJh7K5Ahav4TgsESNu; path=/; samesite=lax; httponly'}
Response cookies: <RequestsCookieJar[<Cookie BPMSESSIONID=CfDJ8KOx5pzs3vJMgjraUoy%2Bgb4KHU2znvubiWUVSqMJejF9oE2yIGc1HfnPQnbMxFqSoaOiXnMbiZ7F70lNHcl3LF1K4s%2Bn2avJxURWGh2HXjhaVG6yLldffjpV2vyq3AYjvgf%2Fobu5%2B9KSMI%2BeMN6sscS2CBhJh7K5Ahav4TgsESNu for localmail.itexpert.ru/>]>

-------

------
Test: None
Time: 2022-10-19 12:12:05.154552
Request method: POST
Request URL: http://localmail.itexpert.ru:5058/ServiceModel/AuthService.svc/Login
Request data: None
Request json: {'UserName': 'Supervisor', 'UserPassword': '!Supervisor123Test!'}
Request cookies: {'Content-Type': 'application/json', 'User-Agent': 'PostmanRuntime/7.29.0', 'Accept': '*/*', 'Cache-Control': 'Cache-Control', 'Host': 'localmail.itexpert.ru:5058', 'Accept-Encoding': 'gzip, deflate, br', 'Connection': 'keep-alive', 'Content-Length': '69'}
Request headers: {}

-------
Response code: 200
Response text: {"RedirectUrl":null,"PasswordChangeUrl":null,"Exception":null,"Code":0,"Message":""}
Response head: {'Date': 'Wed, 19 Oct 2022 07:12:07 GMT', 'Content-Type': 'application/json; charset=utf-8', 'Server': 'Kestrel', 'Content-Length': '84', 'Cache-Control': 'no-cache', 'Pragma': 'no-cache', 'Expires': 'Thu, 01 Jan 1970 00:00:00 GMT', 'Set-Cookie': 'BPMSESSIONID=; expires=Thu, 01 Jan 1970 00:00:00 GMT; path=/; samesite=lax, .ASPXAUTH=CfDJ8KOx5pzs3vJMgjraUoy-gb61ieinWlY6doIAthmHHOZe9kWjG2-uaw1yBNpj30SGyLrAtTPEPag4YYHv-z-ikS-20LmS2GtA3oXUrRkwWIBYC2ZnNguWseT7zPONe5h0ElA_C4A4WgnVxQIQs22Umhb-IVWvednAeDiMHfl9dOr_aFeoyI-ZZFY-TRHe5pX2HMa4381CCfn2STrA8p2UNV1BnJXipdjSQzi07_AXy9m1li9SQJAWxdnRpDe-eMXGTmyxx4q2CpJ4RBw2vTLU9AcUgDEjFvXWOpZaaMReySRnIr1rRSNhV02xitVVlqBV5YONdcSw3IvsFCjTXRSfJZXgIe2PeelCH46kd2o2AXPYWxO4rUWFCL58nv2OJYGJ2crJmP5sto9QoH11gqbqMtRrRs7p4SzyWuPvx1uCoAdOp9Oz8Sx8HcKDpUaaI84U6tdUpAGlWWZ3IsHxTqkfaJ82ey28VTXyhPuSzXRRhkFzsuHSMWlGNI-EG_zUq3aKXZAYGKlxNpcEqyy60Sv074iU-inDZx_sswIXN9UsAlkzo9ZFRTWnhWZbuie3Mh5nC01v1WGnQ3SVVxrnKxdP81vQyEs8UJrynkLwYR_UmtB7Ou8vdaOIeDXaRItSKVQujw289bSH58mZk7hoSf_KLgftRqYICUWyHrPJwTZi8_pCwMP3_oGQFTsb43hXdcpzdn2eFCDEcS8RHPEn-qNI4RlP6FlYZSrVNLFGph0nS34gVyLcQ0ojTkjVbUoAwQxLDOUEjWtyhpUSRvzWhlZIc5h8L5U90aWTtv7e1gaah0Ejv622f2r9zeHBs4149SuV8w; path=/; samesite=lax; httponly, CsrfToken=CfDJ8KOx5pzs3vJMgjraUoy-gb5D6r-Mci1prtAgXRNfenLQezMcCw9oqBNCp9_YwpehRCbwQg33SsDvh-e8iQGrWkaXcH6H0SDjKGK7PUCyzagCgeSN-WhdVG_uPv6NYKfALdZb3bAYypVF-PCytpvH6lU; path=/; samesite=lax; httponly, BPMCSRF=CfDJ8KOx5pzs3vJMgjraUoy-gb5JYuumeX-3FMSeY1eaAGcfYpTOOJTYYUbYygvMkp1cNf1NyNKkybEm2fN3a6YsL7NfDAav7U-X-LHPZQjuQvGVqjr6ulqTWDxkO1utiexK8QqccZwbGFwTGWQ86YaMZCPEZB-EjCJ0kM72GCrsHbPYYETKXvQ1ds2RzoBYWkzCZQ; path=/; samesite=lax', 'X-Frame-Options': 'SAMEORIGIN'}
Response cookies: <RequestsCookieJar[<Cookie .ASPXAUTH=CfDJ8KOx5pzs3vJMgjraUoy-gb61ieinWlY6doIAthmHHOZe9kWjG2-uaw1yBNpj30SGyLrAtTPEPag4YYHv-z-ikS-20LmS2GtA3oXUrRkwWIBYC2ZnNguWseT7zPONe5h0ElA_C4A4WgnVxQIQs22Umhb-IVWvednAeDiMHfl9dOr_aFeoyI-ZZFY-TRHe5pX2HMa4381CCfn2STrA8p2UNV1BnJXipdjSQzi07_AXy9m1li9SQJAWxdnRpDe-eMXGTmyxx4q2CpJ4RBw2vTLU9AcUgDEjFvXWOpZaaMReySRnIr1rRSNhV02xitVVlqBV5YONdcSw3IvsFCjTXRSfJZXgIe2PeelCH46kd2o2AXPYWxO4rUWFCL58nv2OJYGJ2crJmP5sto9QoH11gqbqMtRrRs7p4SzyWuPvx1uCoAdOp9Oz8Sx8HcKDpUaaI84U6tdUpAGlWWZ3IsHxTqkfaJ82ey28VTXyhPuSzXRRhkFzsuHSMWlGNI-EG_zUq3aKXZAYGKlxNpcEqyy60Sv074iU-inDZx_sswIXN9UsAlkzo9ZFRTWnhWZbuie3Mh5nC01v1WGnQ3SVVxrnKxdP81vQyEs8UJrynkLwYR_UmtB7Ou8vdaOIeDXaRItSKVQujw289bSH58mZk7hoSf_KLgftRqYICUWyHrPJwTZi8_pCwMP3_oGQFTsb43hXdcpzdn2eFCDEcS8RHPEn-qNI4RlP6FlYZSrVNLFGph0nS34gVyLcQ0ojTkjVbUoAwQxLDOUEjWtyhpUSRvzWhlZIc5h8L5U90aWTtv7e1gaah0Ejv622f2r9zeHBs4149SuV8w for localmail.itexpert.ru/>, <Cookie BPMCSRF=CfDJ8KOx5pzs3vJMgjraUoy-gb5JYuumeX-3FMSeY1eaAGcfYpTOOJTYYUbYygvMkp1cNf1NyNKkybEm2fN3a6YsL7NfDAav7U-X-LHPZQjuQvGVqjr6ulqTWDxkO1utiexK8QqccZwbGFwTGWQ86YaMZCPEZB-EjCJ0kM72GCrsHbPYYETKXvQ1ds2RzoBYWkzCZQ for localmail.itexpert.ru/>, <Cookie CsrfToken=CfDJ8KOx5pzs3vJMgjraUoy-gb5D6r-Mci1prtAgXRNfenLQezMcCw9oqBNCp9_YwpehRCbwQg33SsDvh-e8iQGrWkaXcH6H0SDjKGK7PUCyzagCgeSN-WhdVG_uPv6NYKfALdZb3bAYypVF-PCytpvH6lU for localmail.itexpert.ru/>]>

-------

------
Test: None
Time: 2022-10-19 12:12:05.419191
Request method: POST
Request URL: http://localmail.itexpert.ru:5058/rest/SapErpIntegrationService/v1/UpdateOSDirectory
Request data: None
Request json: {'currentPage': 1, 'pageCount': 1, 'delta': 'F', 'item': [{'ANLN1': '240000240179', 'TXT50': 'Аппарат телефонный Cisco/CP-7945G=13', 'INVNR': None, 'AKTIV': '29.03.2016', 'KOSTL': '1006103050', 'WERKS': '1002', 'STORT': '43', 'ANSW_END': '20000.00', 'RBW_END': '10000', 'MENGE': '2', 'POSNR': '1100648.80016-YO04-00013', 'GLO_RUS_OKOF16': '330.28.12', 'GLO_RUS_DEPGRN': '03', 'NDJAR': '003', 'DEAKT': '13.02.2023', 'KTEXT3': 'г.Санкт-Петербург ул.Почтамтская 3-5', 'ZZCNDPERNR': '00028076', 'CNDPERNR_NAME': 'Дернов ИН123', 'OS_STATUS': 'Активен', 'AWKEY': '09072021/2', 'GJAHR': '2021', 'ACT-ID': 'pre09072021/2', 'SERNR': '123йцу123йу1', 'row': 1, 'deleted': ''}]}
Request cookies: {'Content-Type': 'application/json', 'User-Agent': 'PostmanRuntime/7.29.0', 'Accept': '*/*', 'Cache-Control': 'Cache-Control', 'Host': 'localmail.itexpert.ru:5058', 'Accept-Encoding': 'gzip, deflate, br', 'Connection': 'keep-alive', 'Content-Length': '69', 'BPMCSRF': 'CfDJ8KOx5pzs3vJMgjraUoy-gb5JYuumeX-3FMSeY1eaAGcfYpTOOJTYYUbYygvMkp1cNf1NyNKkybEm2fN3a6YsL7NfDAav7U-X-LHPZQjuQvGVqjr6ulqTWDxkO1utiexK8QqccZwbGFwTGWQ86YaMZCPEZB-EjCJ0kM72GCrsHbPYYETKXvQ1ds2RzoBYWkzCZQ'}
Request headers: <RequestsCookieJar[<Cookie .ASPXAUTH=CfDJ8KOx5pzs3vJMgjraUoy-gb61ieinWlY6doIAthmHHOZe9kWjG2-uaw1yBNpj30SGyLrAtTPEPag4YYHv-z-ikS-20LmS2GtA3oXUrRkwWIBYC2ZnNguWseT7zPONe5h0ElA_C4A4WgnVxQIQs22Umhb-IVWvednAeDiMHfl9dOr_aFeoyI-ZZFY-TRHe5pX2HMa4381CCfn2STrA8p2UNV1BnJXipdjSQzi07_AXy9m1li9SQJAWxdnRpDe-eMXGTmyxx4q2CpJ4RBw2vTLU9AcUgDEjFvXWOpZaaMReySRnIr1rRSNhV02xitVVlqBV5YONdcSw3IvsFCjTXRSfJZXgIe2PeelCH46kd2o2AXPYWxO4rUWFCL58nv2OJYGJ2crJmP5sto9QoH11gqbqMtRrRs7p4SzyWuPvx1uCoAdOp9Oz8Sx8HcKDpUaaI84U6tdUpAGlWWZ3IsHxTqkfaJ82ey28VTXyhPuSzXRRhkFzsuHSMWlGNI-EG_zUq3aKXZAYGKlxNpcEqyy60Sv074iU-inDZx_sswIXN9UsAlkzo9ZFRTWnhWZbuie3Mh5nC01v1WGnQ3SVVxrnKxdP81vQyEs8UJrynkLwYR_UmtB7Ou8vdaOIeDXaRItSKVQujw289bSH58mZk7hoSf_KLgftRqYICUWyHrPJwTZi8_pCwMP3_oGQFTsb43hXdcpzdn2eFCDEcS8RHPEn-qNI4RlP6FlYZSrVNLFGph0nS34gVyLcQ0ojTkjVbUoAwQxLDOUEjWtyhpUSRvzWhlZIc5h8L5U90aWTtv7e1gaah0Ejv622f2r9zeHBs4149SuV8w for localmail.itexpert.ru/>, <Cookie BPMCSRF=CfDJ8KOx5pzs3vJMgjraUoy-gb5JYuumeX-3FMSeY1eaAGcfYpTOOJTYYUbYygvMkp1cNf1NyNKkybEm2fN3a6YsL7NfDAav7U-X-LHPZQjuQvGVqjr6ulqTWDxkO1utiexK8QqccZwbGFwTGWQ86YaMZCPEZB-EjCJ0kM72GCrsHbPYYETKXvQ1ds2RzoBYWkzCZQ for localmail.itexpert.ru/>, <Cookie CsrfToken=CfDJ8KOx5pzs3vJMgjraUoy-gb5D6r-Mci1prtAgXRNfenLQezMcCw9oqBNCp9_YwpehRCbwQg33SsDvh-e8iQGrWkaXcH6H0SDjKGK7PUCyzagCgeSN-WhdVG_uPv6NYKfALdZb3bAYypVF-PCytpvH6lU for localmail.itexpert.ru/>]>

-------
Response code: 200
Response text: {"result":[{"TYPE":"E","MESSAGE":"Не заполнен обязательный атрибут \"Инвентарный номер\"","ROW":1}],"isSuccessful":true,"message":"OK","success":true,"error":null,"status":200}
Response head: {'Date': 'Wed, 19 Oct 2022 07:12:08 GMT', 'Content-Type': 'application/json; charset=utf-8', 'Server': 'Kestrel', 'Content-Length': '221', 'Cache-Control': 'no-cache', 'Pragma': 'no-cache', 'Expires': '-1', 'Set-Cookie': 'BPMSESSIONID=CfDJ8KOx5pzs3vJMgjraUoy%2Bgb4yV%2B0%2FheNXW9HVMdrakKFBUksKG11daW%2FQJzp8kUiOsRjjhe%2B0mMvkoUS%2BXi3g4FHglcgtkSgMEgkFt%2BZuLTRgtbtvxVdFstPclaKu3Tu6LblTr9q7OYrIi9KPuNDP%2BhuJqPgzQ%2Bp4LVRfvcd4lpoD; path=/; samesite=lax; httponly'}
Response cookies: <RequestsCookieJar[<Cookie BPMSESSIONID=CfDJ8KOx5pzs3vJMgjraUoy%2Bgb4yV%2B0%2FheNXW9HVMdrakKFBUksKG11daW%2FQJzp8kUiOsRjjhe%2B0mMvkoUS%2BXi3g4FHglcgtkSgMEgkFt%2BZuLTRgtbtvxVdFstPclaKu3Tu6LblTr9q7OYrIi9KPuNDP%2BhuJqPgzQ%2Bp4LVRfvcd4lpoD for localmail.itexpert.ru/>]>

-------

------
Test: None
Time: 2022-10-19 12:12:06.171518
Request method: POST
Request URL: http://localmail.itexpert.ru:5058/ServiceModel/AuthService.svc/Login
Request data: None
Request json: {'UserName': 'Supervisor', 'UserPassword': '!Supervisor123Test!'}
Request cookies: {'Content-Type': 'application/json', 'User-Agent': 'PostmanRuntime/7.29.0', 'Accept': '*/*', 'Cache-Control': 'Cache-Control', 'Host': 'localmail.itexpert.ru:5058', 'Accept-Encoding': 'gzip, deflate, br', 'Connection': 'keep-alive', 'Content-Length': '69'}
Request headers: {}

-------
Response code: 200
Response text: {"RedirectUrl":null,"PasswordChangeUrl":null,"Exception":null,"Code":0,"Message":""}
Response head: {'Date': 'Wed, 19 Oct 2022 07:12:08 GMT', 'Content-Type': 'application/json; charset=utf-8', 'Server': 'Kestrel', 'Content-Length': '84', 'Cache-Control': 'no-cache', 'Pragma': 'no-cache', 'Expires': 'Thu, 01 Jan 1970 00:00:00 GMT', 'Set-Cookie': 'BPMSESSIONID=; expires=Thu, 01 Jan 1970 00:00:00 GMT; path=/; samesite=lax, .ASPXAUTH=CfDJ8KOx5pzs3vJMgjraUoy-gb5xXM4uxlGBrw1toFh804MLJfeS-B7V-GjCJxOgOiMV-xv904Z1SOS2xv8Tl5fTIdswnihQC-A9HV4WzQZ2NzsxXXyDWXdDISaBSq4OZ7poOnnKDrKirp6bC-oRLY_kgQe5we3-h6aFA9KhVeSmhEC60Y5MIXEHAGXBOyJ0Wq20KrT0gerppn1gisEsroQgpSZA36wGg0LAeA9DvCBgGFTxpzqVdfVWfkIoZzw9mMd94FnvuW_LLiuGcdh7Qoyc_skqB5wnpBVJCpR9EhJ5qxlWutTwpCuKnnEB8HLIEm5RhxTeKXS7vCkUYLJ6Pet2OW-MaYOTce1FjpHyneaZpQwfrLDrc8ntr7S81iPDje4pGD0MxfM6E1OYrwnvUxZJ1ZTMJGdmbPs9Jkii3yZHWQfxIzA6-x7o_lwmmEcLwwHPL5U8K5Eyv7aIfhgv2x5cmdJEh-xtKqXgdbp2HCyXgpA-z0gkvlumDK_xbAfakLHpblw_8iNXiU5HZIqpgb3EX7vkxHTWW-SQd03t7mlsljtSkjRF3BEkH6QeakcHK0zr9QNI3PQx-fYvqGrR2aKdpe6RoO2QP_GSiTfKDJspQfZekZxKrWtLpjpi_DqX36cT6np4vz__EinsLvnq-biwgQF-hlZqZvIHdT6Gn-zPl-aZPrLxpAcQ2Xdks-JLx9FbEQf5XtKHOfC46BDkau_vmW009elaoOfj8KzmeUxtw5ykdR8mpkRb8h2kqgV-TAaBy54y3WowLn0o2P78PPQEHu0rOtcmaqXiHjaRoRy17LiORPlJQO-Z6W4-9j7prYs8Hg; path=/; samesite=lax; httponly, CsrfToken=CfDJ8KOx5pzs3vJMgjraUoy-gb6M3JNg3xFTO9dOsEr0Mp88ZZxlGyNdGBkTqAXDke6rkz3CgxwSjUgzEiwlylZep4WkUHSNyGdMVXKujSRyxzJemBUrDZpYhtvn4-EL7yAfTxoY2eCvSH2xn95Ozqz7Os8; path=/; samesite=lax; httponly, BPMCSRF=CfDJ8KOx5pzs3vJMgjraUoy-gb47Tp6X1e_C47javv_l-aBX3fYswJ7YHBSfoOyDFqOYceOvfeMdj_gfZOMj45Pnnp82LOuJ8gummN3cBO7YO6xW1Tu0oUGE_pZq4eWI6-iCQjJdNP-KT8q2qWA-v8VU3OlHhSI8JzONB9PjhkNu2ebTYD1eKFKb9Stxxdq9BcsQcw; path=/; samesite=lax', 'X-Frame-Options': 'SAMEORIGIN'}
Response cookies: <RequestsCookieJar[<Cookie .ASPXAUTH=CfDJ8KOx5pzs3vJMgjraUoy-gb5xXM4uxlGBrw1toFh804MLJfeS-B7V-GjCJxOgOiMV-xv904Z1SOS2xv8Tl5fTIdswnihQC-A9HV4WzQZ2NzsxXXyDWXdDISaBSq4OZ7poOnnKDrKirp6bC-oRLY_kgQe5we3-h6aFA9KhVeSmhEC60Y5MIXEHAGXBOyJ0Wq20KrT0gerppn1gisEsroQgpSZA36wGg0LAeA9DvCBgGFTxpzqVdfVWfkIoZzw9mMd94FnvuW_LLiuGcdh7Qoyc_skqB5wnpBVJCpR9EhJ5qxlWutTwpCuKnnEB8HLIEm5RhxTeKXS7vCkUYLJ6Pet2OW-MaYOTce1FjpHyneaZpQwfrLDrc8ntr7S81iPDje4pGD0MxfM6E1OYrwnvUxZJ1ZTMJGdmbPs9Jkii3yZHWQfxIzA6-x7o_lwmmEcLwwHPL5U8K5Eyv7aIfhgv2x5cmdJEh-xtKqXgdbp2HCyXgpA-z0gkvlumDK_xbAfakLHpblw_8iNXiU5HZIqpgb3EX7vkxHTWW-SQd03t7mlsljtSkjRF3BEkH6QeakcHK0zr9QNI3PQx-fYvqGrR2aKdpe6RoO2QP_GSiTfKDJspQfZekZxKrWtLpjpi_DqX36cT6np4vz__EinsLvnq-biwgQF-hlZqZvIHdT6Gn-zPl-aZPrLxpAcQ2Xdks-JLx9FbEQf5XtKHOfC46BDkau_vmW009elaoOfj8KzmeUxtw5ykdR8mpkRb8h2kqgV-TAaBy54y3WowLn0o2P78PPQEHu0rOtcmaqXiHjaRoRy17LiORPlJQO-Z6W4-9j7prYs8Hg for localmail.itexpert.ru/>, <Cookie BPMCSRF=CfDJ8KOx5pzs3vJMgjraUoy-gb47Tp6X1e_C47javv_l-aBX3fYswJ7YHBSfoOyDFqOYceOvfeMdj_gfZOMj45Pnnp82LOuJ8gummN3cBO7YO6xW1Tu0oUGE_pZq4eWI6-iCQjJdNP-KT8q2qWA-v8VU3OlHhSI8JzONB9PjhkNu2ebTYD1eKFKb9Stxxdq9BcsQcw for localmail.itexpert.ru/>, <Cookie CsrfToken=CfDJ8KOx5pzs3vJMgjraUoy-gb6M3JNg3xFTO9dOsEr0Mp88ZZxlGyNdGBkTqAXDke6rkz3CgxwSjUgzEiwlylZep4WkUHSNyGdMVXKujSRyxzJemBUrDZpYhtvn4-EL7yAfTxoY2eCvSH2xn95Ozqz7Os8 for localmail.itexpert.ru/>]>

-------

------
Test: None
Time: 2022-10-19 12:12:06.440992
Request method: POST
Request URL: http://localmail.itexpert.ru:5058/rest/SapErpIntegrationService/v1/UpdateOSDirectory
Request data: None
Request json: {'currentPage': 1, 'pageCount': 1, 'delta': 'F', 'item': [{'ANLN1': '240000240179', 'TXT50': 'Аппарат телефонный Cisco/CP-7945G=13', 'INVNR': '', 'AKTIV': '29.03.2016', 'KOSTL': '1006103050', 'WERKS': '1002', 'STORT': '43', 'ANSW_END': '20000.00', 'RBW_END': '10000', 'MENGE': '2', 'POSNR': '1100648.80016-YO04-00013', 'GLO_RUS_OKOF16': '330.28.12', 'GLO_RUS_DEPGRN': '03', 'NDJAR': '003', 'DEAKT': '13.02.2023', 'KTEXT3': 'г.Санкт-Петербург ул.Почтамтская 3-5', 'ZZCNDPERNR': '00028076', 'CNDPERNR_NAME': 'Дернов ИН123', 'OS_STATUS': 'Активен', 'AWKEY': '09072021/2', 'GJAHR': '2021', 'ACT-ID': 'pre09072021/2', 'SERNR': '123йцу123йу1', 'row': 1, 'deleted': ''}]}
Request cookies: {'Content-Type': 'application/json', 'User-Agent': 'PostmanRuntime/7.29.0', 'Accept': '*/*', 'Cache-Control': 'Cache-Control', 'Host': 'localmail.itexpert.ru:5058', 'Accept-Encoding': 'gzip, deflate, br', 'Connection': 'keep-alive', 'Content-Length': '69', 'BPMCSRF': 'CfDJ8KOx5pzs3vJMgjraUoy-gb47Tp6X1e_C47javv_l-aBX3fYswJ7YHBSfoOyDFqOYceOvfeMdj_gfZOMj45Pnnp82LOuJ8gummN3cBO7YO6xW1Tu0oUGE_pZq4eWI6-iCQjJdNP-KT8q2qWA-v8VU3OlHhSI8JzONB9PjhkNu2ebTYD1eKFKb9Stxxdq9BcsQcw'}
Request headers: <RequestsCookieJar[<Cookie .ASPXAUTH=CfDJ8KOx5pzs3vJMgjraUoy-gb5xXM4uxlGBrw1toFh804MLJfeS-B7V-GjCJxOgOiMV-xv904Z1SOS2xv8Tl5fTIdswnihQC-A9HV4WzQZ2NzsxXXyDWXdDISaBSq4OZ7poOnnKDrKirp6bC-oRLY_kgQe5we3-h6aFA9KhVeSmhEC60Y5MIXEHAGXBOyJ0Wq20KrT0gerppn1gisEsroQgpSZA36wGg0LAeA9DvCBgGFTxpzqVdfVWfkIoZzw9mMd94FnvuW_LLiuGcdh7Qoyc_skqB5wnpBVJCpR9EhJ5qxlWutTwpCuKnnEB8HLIEm5RhxTeKXS7vCkUYLJ6Pet2OW-MaYOTce1FjpHyneaZpQwfrLDrc8ntr7S81iPDje4pGD0MxfM6E1OYrwnvUxZJ1ZTMJGdmbPs9Jkii3yZHWQfxIzA6-x7o_lwmmEcLwwHPL5U8K5Eyv7aIfhgv2x5cmdJEh-xtKqXgdbp2HCyXgpA-z0gkvlumDK_xbAfakLHpblw_8iNXiU5HZIqpgb3EX7vkxHTWW-SQd03t7mlsljtSkjRF3BEkH6QeakcHK0zr9QNI3PQx-fYvqGrR2aKdpe6RoO2QP_GSiTfKDJspQfZekZxKrWtLpjpi_DqX36cT6np4vz__EinsLvnq-biwgQF-hlZqZvIHdT6Gn-zPl-aZPrLxpAcQ2Xdks-JLx9FbEQf5XtKHOfC46BDkau_vmW009elaoOfj8KzmeUxtw5ykdR8mpkRb8h2kqgV-TAaBy54y3WowLn0o2P78PPQEHu0rOtcmaqXiHjaRoRy17LiORPlJQO-Z6W4-9j7prYs8Hg for localmail.itexpert.ru/>, <Cookie BPMCSRF=CfDJ8KOx5pzs3vJMgjraUoy-gb47Tp6X1e_C47javv_l-aBX3fYswJ7YHBSfoOyDFqOYceOvfeMdj_gfZOMj45Pnnp82LOuJ8gummN3cBO7YO6xW1Tu0oUGE_pZq4eWI6-iCQjJdNP-KT8q2qWA-v8VU3OlHhSI8JzONB9PjhkNu2ebTYD1eKFKb9Stxxdq9BcsQcw for localmail.itexpert.ru/>, <Cookie CsrfToken=CfDJ8KOx5pzs3vJMgjraUoy-gb6M3JNg3xFTO9dOsEr0Mp88ZZxlGyNdGBkTqAXDke6rkz3CgxwSjUgzEiwlylZep4WkUHSNyGdMVXKujSRyxzJemBUrDZpYhtvn4-EL7yAfTxoY2eCvSH2xn95Ozqz7Os8 for localmail.itexpert.ru/>]>

-------
Response code: 200
Response text: {"result":[{"TYPE":"E","MESSAGE":"Инвентарный номер не найден в КСУИТ","ROW":1}],"isSuccessful":true,"message":"OK","success":true,"error":null,"status":200}
Response head: {'Date': 'Wed, 19 Oct 2022 07:12:09 GMT', 'Content-Type': 'application/json; charset=utf-8', 'Server': 'Kestrel', 'Content-Length': '187', 'Cache-Control': 'no-cache', 'Pragma': 'no-cache', 'Expires': '-1', 'Set-Cookie': 'BPMSESSIONID=CfDJ8KOx5pzs3vJMgjraUoy%2Bgb61X6YtWLszvAWhkEW3qeGoA5lrQ3FHElvCfwbs2zVgNv7FzWPkmsJUdXrgwGEvGY%2FgBCfUpyD9TDXV%2B%2BmvipliAfy2FFya2LwImb2pkWPBjTJlQR%2FZl7iY8ksp8MrAw8ckDHWdYl3rfotn0vU%2FPzYw; path=/; samesite=lax; httponly'}
Response cookies: <RequestsCookieJar[<Cookie BPMSESSIONID=CfDJ8KOx5pzs3vJMgjraUoy%2Bgb61X6YtWLszvAWhkEW3qeGoA5lrQ3FHElvCfwbs2zVgNv7FzWPkmsJUdXrgwGEvGY%2FgBCfUpyD9TDXV%2B%2BmvipliAfy2FFya2LwImb2pkWPBjTJlQR%2FZl7iY8ksp8MrAw8ckDHWdYl3rfotn0vU%2FPzYw for localmail.itexpert.ru/>]>

-------

------
Test: None
Time: 2022-10-19 12:12:07.142058
Request method: POST
Request URL: http://localmail.itexpert.ru:5058/ServiceModel/AuthService.svc/Login
Request data: None
Request json: {'UserName': 'Supervisor', 'UserPassword': '!Supervisor123Test!'}
Request cookies: {'Content-Type': 'application/json', 'User-Agent': 'PostmanRuntime/7.29.0', 'Accept': '*/*', 'Cache-Control': 'Cache-Control', 'Host': 'localmail.itexpert.ru:5058', 'Accept-Encoding': 'gzip, deflate, br', 'Connection': 'keep-alive', 'Content-Length': '69'}
Request headers: {}

-------
Response code: 200
Response text: {"RedirectUrl":null,"PasswordChangeUrl":null,"Exception":null,"Code":0,"Message":""}
Response head: {'Date': 'Wed, 19 Oct 2022 07:12:09 GMT', 'Content-Type': 'application/json; charset=utf-8', 'Server': 'Kestrel', 'Content-Length': '84', 'Cache-Control': 'no-cache', 'Pragma': 'no-cache', 'Expires': 'Thu, 01 Jan 1970 00:00:00 GMT', 'Set-Cookie': 'BPMSESSIONID=; expires=Thu, 01 Jan 1970 00:00:00 GMT; path=/; samesite=lax, .ASPXAUTH=CfDJ8KOx5pzs3vJMgjraUoy-gb7g7IAfnK4s3vdITgkal29sNut0wIhYUpRrpUUcGJP1Z0iRzvOqwV7_OxMdFkyNE_kItjm6FYCkJPVItOOAP_QkOkrk9F5kC7onc9HB25DuLlPtRBf6kzwfgE6Yb6m2HkAAv6B5Hd95l_MRLmgt6q5spKjW3jRlhQBL45veGbQDDPixHjA71K1Qz9ceCQ5757OAPPKHJh6Of_sDHHWZPsRuI4L0sPq6bDyjUDnRXkp5Ac9QxcstvnolofSs0KjeDNkrvp761WRGBXbZFNtCRNxl0jV-urjY71pg5PEWjzqgrzVbp5Yy7_M7pOq65hnTU8TElmW639f8MClWiqnN1wlmWOSROzuXIxerObJxUefF6zsxxvOS-MJreuLluIMvrsFrrUErYPb0HrfPtVkfV-DcOFaFmaKpOiNKN3--u9xHmrqRb2Z9_ha6lcWm2EDPGUCMnz5JfyD38rT3vdsJlqIEc5QAiWeq542eg26RmkR1VutCRHSaopRJjP7cTGalwyzFes8gglvNtAomMaNG9EDkB08vlnuu9f1l64jmMHVEUbop7lLY-fS9iJiKj_pp5SjWXYvxz5dFFMroyxDRBOvhtkA63OKYrz3xpkaoldVXJWA5IKTO19tolwOBoJ-Zk8wDBfWSBW9pwhiaUQV5wnnHMLddrk7Oq8EGT7f_ueFYhI-cdIS-5u06PGLoT-NxK0c6aNETEfypeicplSYu1SFrKfIHb6W994jfOxtuBAT0Ir_a3rks_lGILad4MJ0fcDIQ9dgzqyaRvK0MDd_S359Xbm-vnaT0n1hhLfW4fjrXqA; path=/; samesite=lax; httponly, CsrfToken=CfDJ8KOx5pzs3vJMgjraUoy-gb68q7tuscQWQVzFcJJObU5Tu_CJVyxug4HpeFOIMFZljzdtHdU685PXa8v4nsvlU7BHKf0IPKpNt-dtrTp_h-akmiCBd1iq73b7k1u95OZJUmg815yMRsdNfLwwKpge3ks; path=/; samesite=lax; httponly, BPMCSRF=CfDJ8KOx5pzs3vJMgjraUoy-gb5r6rwzZy0TbKYcRh9ZcjuEypphAVLhImoEypZ8y1YwMeAqNSUTkB-H01ii78fArCOE37ByBp_7lVDN9H_pfgpYOg07yTu2dTOxc9kRpTZshgFg8tVxCY7mZUjQ-WKlbw-HuxNMnjdMJo5XVF1d2NWvDyCmLQHd3QWKC2YpM3Nkdg; path=/; samesite=lax', 'X-Frame-Options': 'SAMEORIGIN'}
Response cookies: <RequestsCookieJar[<Cookie .ASPXAUTH=CfDJ8KOx5pzs3vJMgjraUoy-gb7g7IAfnK4s3vdITgkal29sNut0wIhYUpRrpUUcGJP1Z0iRzvOqwV7_OxMdFkyNE_kItjm6FYCkJPVItOOAP_QkOkrk9F5kC7onc9HB25DuLlPtRBf6kzwfgE6Yb6m2HkAAv6B5Hd95l_MRLmgt6q5spKjW3jRlhQBL45veGbQDDPixHjA71K1Qz9ceCQ5757OAPPKHJh6Of_sDHHWZPsRuI4L0sPq6bDyjUDnRXkp5Ac9QxcstvnolofSs0KjeDNkrvp761WRGBXbZFNtCRNxl0jV-urjY71pg5PEWjzqgrzVbp5Yy7_M7pOq65hnTU8TElmW639f8MClWiqnN1wlmWOSROzuXIxerObJxUefF6zsxxvOS-MJreuLluIMvrsFrrUErYPb0HrfPtVkfV-DcOFaFmaKpOiNKN3--u9xHmrqRb2Z9_ha6lcWm2EDPGUCMnz5JfyD38rT3vdsJlqIEc5QAiWeq542eg26RmkR1VutCRHSaopRJjP7cTGalwyzFes8gglvNtAomMaNG9EDkB08vlnuu9f1l64jmMHVEUbop7lLY-fS9iJiKj_pp5SjWXYvxz5dFFMroyxDRBOvhtkA63OKYrz3xpkaoldVXJWA5IKTO19tolwOBoJ-Zk8wDBfWSBW9pwhiaUQV5wnnHMLddrk7Oq8EGT7f_ueFYhI-cdIS-5u06PGLoT-NxK0c6aNETEfypeicplSYu1SFrKfIHb6W994jfOxtuBAT0Ir_a3rks_lGILad4MJ0fcDIQ9dgzqyaRvK0MDd_S359Xbm-vnaT0n1hhLfW4fjrXqA for localmail.itexpert.ru/>, <Cookie BPMCSRF=CfDJ8KOx5pzs3vJMgjraUoy-gb5r6rwzZy0TbKYcRh9ZcjuEypphAVLhImoEypZ8y1YwMeAqNSUTkB-H01ii78fArCOE37ByBp_7lVDN9H_pfgpYOg07yTu2dTOxc9kRpTZshgFg8tVxCY7mZUjQ-WKlbw-HuxNMnjdMJo5XVF1d2NWvDyCmLQHd3QWKC2YpM3Nkdg for localmail.itexpert.ru/>, <Cookie CsrfToken=CfDJ8KOx5pzs3vJMgjraUoy-gb68q7tuscQWQVzFcJJObU5Tu_CJVyxug4HpeFOIMFZljzdtHdU685PXa8v4nsvlU7BHKf0IPKpNt-dtrTp_h-akmiCBd1iq73b7k1u95OZJUmg815yMRsdNfLwwKpge3ks for localmail.itexpert.ru/>]>

-------

------
Test: None
Time: 2022-10-19 12:12:07.409263
Request method: POST
Request URL: http://localmail.itexpert.ru:5058/rest/SapErpIntegrationService/v1/UpdateOSDirectory
Request data: None
Request json: {'currentPage': 1, 'pageCount': 1, 'delta': 'F', 'item': [{'ANLN1': '240000240179', 'TXT50': 'Аппарат телефонный Cisco/CP-7945G=13', 'INVNR': '12121313', 'AKTIV': '29.03.2016', 'KOSTL': '1006103088', 'WERKS': '1002', 'STORT': '43', 'ANSW_END': '20000.00', 'RBW_END': '10000', 'MENGE': '2', 'POSNR': '1100648.80016-YO04-00013', 'GLO_RUS_OKOF16': '330.28.12', 'GLO_RUS_DEPGRN': '03', 'NDJAR': '003', 'DEAKT': '13.02.2023', 'KTEXT3': 'г.Санкт-Петербург ул.Почтамтская 3-5', 'ZZCNDPERNR': '00028076', 'CNDPERNR_NAME': 'Дернов ИН123', 'OS_STATUS': 'Активен', 'AWKEY': '09072021/2', 'GJAHR': '2021', 'ACT-ID': 'pre09072021/2', 'SERNR': '123йцу123йу1', 'row': 1, 'deleted': ''}]}
Request cookies: {'Content-Type': 'application/json', 'User-Agent': 'PostmanRuntime/7.29.0', 'Accept': '*/*', 'Cache-Control': 'Cache-Control', 'Host': 'localmail.itexpert.ru:5058', 'Accept-Encoding': 'gzip, deflate, br', 'Connection': 'keep-alive', 'Content-Length': '69', 'BPMCSRF': 'CfDJ8KOx5pzs3vJMgjraUoy-gb5r6rwzZy0TbKYcRh9ZcjuEypphAVLhImoEypZ8y1YwMeAqNSUTkB-H01ii78fArCOE37ByBp_7lVDN9H_pfgpYOg07yTu2dTOxc9kRpTZshgFg8tVxCY7mZUjQ-WKlbw-HuxNMnjdMJo5XVF1d2NWvDyCmLQHd3QWKC2YpM3Nkdg'}
Request headers: <RequestsCookieJar[<Cookie .ASPXAUTH=CfDJ8KOx5pzs3vJMgjraUoy-gb7g7IAfnK4s3vdITgkal29sNut0wIhYUpRrpUUcGJP1Z0iRzvOqwV7_OxMdFkyNE_kItjm6FYCkJPVItOOAP_QkOkrk9F5kC7onc9HB25DuLlPtRBf6kzwfgE6Yb6m2HkAAv6B5Hd95l_MRLmgt6q5spKjW3jRlhQBL45veGbQDDPixHjA71K1Qz9ceCQ5757OAPPKHJh6Of_sDHHWZPsRuI4L0sPq6bDyjUDnRXkp5Ac9QxcstvnolofSs0KjeDNkrvp761WRGBXbZFNtCRNxl0jV-urjY71pg5PEWjzqgrzVbp5Yy7_M7pOq65hnTU8TElmW639f8MClWiqnN1wlmWOSROzuXIxerObJxUefF6zsxxvOS-MJreuLluIMvrsFrrUErYPb0HrfPtVkfV-DcOFaFmaKpOiNKN3--u9xHmrqRb2Z9_ha6lcWm2EDPGUCMnz5JfyD38rT3vdsJlqIEc5QAiWeq542eg26RmkR1VutCRHSaopRJjP7cTGalwyzFes8gglvNtAomMaNG9EDkB08vlnuu9f1l64jmMHVEUbop7lLY-fS9iJiKj_pp5SjWXYvxz5dFFMroyxDRBOvhtkA63OKYrz3xpkaoldVXJWA5IKTO19tolwOBoJ-Zk8wDBfWSBW9pwhiaUQV5wnnHMLddrk7Oq8EGT7f_ueFYhI-cdIS-5u06PGLoT-NxK0c6aNETEfypeicplSYu1SFrKfIHb6W994jfOxtuBAT0Ir_a3rks_lGILad4MJ0fcDIQ9dgzqyaRvK0MDd_S359Xbm-vnaT0n1hhLfW4fjrXqA for localmail.itexpert.ru/>, <Cookie BPMCSRF=CfDJ8KOx5pzs3vJMgjraUoy-gb5r6rwzZy0TbKYcRh9ZcjuEypphAVLhImoEypZ8y1YwMeAqNSUTkB-H01ii78fArCOE37ByBp_7lVDN9H_pfgpYOg07yTu2dTOxc9kRpTZshgFg8tVxCY7mZUjQ-WKlbw-HuxNMnjdMJo5XVF1d2NWvDyCmLQHd3QWKC2YpM3Nkdg for localmail.itexpert.ru/>, <Cookie CsrfToken=CfDJ8KOx5pzs3vJMgjraUoy-gb68q7tuscQWQVzFcJJObU5Tu_CJVyxug4HpeFOIMFZljzdtHdU685PXa8v4nsvlU7BHKf0IPKpNt-dtrTp_h-akmiCBd1iq73b7k1u95OZJUmg815yMRsdNfLwwKpge3ks for localmail.itexpert.ru/>]>

-------
Response code: 200
Response text: {"result":[{"TYPE":"E","MESSAGE":"МВЗ не найдено в КСУИТ","ROW":1}],"isSuccessful":true,"message":"OK","success":true,"error":null,"status":200}
Response head: {'Date': 'Wed, 19 Oct 2022 07:12:10 GMT', 'Content-Type': 'application/json; charset=utf-8', 'Server': 'Kestrel', 'Content-Length': '162', 'Cache-Control': 'no-cache', 'Pragma': 'no-cache', 'Expires': '-1', 'Set-Cookie': 'BPMSESSIONID=CfDJ8KOx5pzs3vJMgjraUoy%2Bgb7clPXmTt8BSySrriKII1q5d%2FniPIboUnrGkeIihHhSv1ZrGggoJXgUDe6SeLbPffuBOG5cItzHh78mSZRnwTt%2BfOhr%2B1XuSuQ3sBlg9KqDRsE3Mta%2BHU4IXonv1FUcyl9MRdnW8jQ%2FUylHOQ%2FkIE47; path=/; samesite=lax; httponly'}
Response cookies: <RequestsCookieJar[<Cookie BPMSESSIONID=CfDJ8KOx5pzs3vJMgjraUoy%2Bgb7clPXmTt8BSySrriKII1q5d%2FniPIboUnrGkeIihHhSv1ZrGggoJXgUDe6SeLbPffuBOG5cItzHh78mSZRnwTt%2BfOhr%2B1XuSuQ3sBlg9KqDRsE3Mta%2BHU4IXonv1FUcyl9MRdnW8jQ%2FUylHOQ%2FkIE47 for localmail.itexpert.ru/>]>

-------

------
Test: None
Time: 2022-10-19 12:12:08.089281
Request method: POST
Request URL: http://localmail.itexpert.ru:5058/ServiceModel/AuthService.svc/Login
Request data: None
Request json: {'UserName': 'Supervisor', 'UserPassword': '!Supervisor123Test!'}
Request cookies: {'Content-Type': 'application/json', 'User-Agent': 'PostmanRuntime/7.29.0', 'Accept': '*/*', 'Cache-Control': 'Cache-Control', 'Host': 'localmail.itexpert.ru:5058', 'Accept-Encoding': 'gzip, deflate, br', 'Connection': 'keep-alive', 'Content-Length': '69'}
Request headers: {}

-------
Response code: 200
Response text: {"RedirectUrl":null,"PasswordChangeUrl":null,"Exception":null,"Code":0,"Message":""}
Response head: {'Date': 'Wed, 19 Oct 2022 07:12:10 GMT', 'Content-Type': 'application/json; charset=utf-8', 'Server': 'Kestrel', 'Content-Length': '84', 'Cache-Control': 'no-cache', 'Pragma': 'no-cache', 'Expires': 'Thu, 01 Jan 1970 00:00:00 GMT', 'Set-Cookie': 'BPMSESSIONID=; expires=Thu, 01 Jan 1970 00:00:00 GMT; path=/; samesite=lax, .ASPXAUTH=CfDJ8KOx5pzs3vJMgjraUoy-gb6tMd307kuz4b4vPo4mVmI0d-eybD8nc8Sj7UFV4YdH2g5Bcf19CnTLrjZ5OG9SKSYyg7tvD84mMvVDfB6XcQIyMwiKsA0Doo7nP27e3yTAbXv62Mk_Bs7gOaoejN40mclcVqciY_P93ExU4HsdaFE7L3HAKlEcRsayYSrnP_OVBH-mfbH-mYYhdR4gmMcO3sUBjvNEb6STSsvwpTTHM3qMxS2vJP5drHFHtW633fdyzg7wszjd2x8UOZjg207D3kTP4_EvVWynFuu9NXmymgMhMTzFCWwjdi--tuSUQ7xRtOypDJBmWHlI8ByZchif_lzxlqZBeuwEh8IvmX6-Cx_QDCyxth1vUmvue8jv6PusGKl9qp0NDjZ-Mv0LkwxtcXVlO-_mzVIrymFrDtjiBCb2v3W-YywEDGNp55Wifn3O86lPMfSF7r54TqywjOe8fJHmY9Dxbpo8XNrzJz3ZRdN3ZejKvQQmKtel8jZSNcyl-1NLhOFd_j_l-uT4G935kGXuM3eP-pthivTcTUIYBe9KPmlVuMsyrpF7_HfFD4cA3_VBDflyEsLNTlR7IGt9V0X6lD8vX-bctorlvH55PnvV18dX3ot1FnYwbzlBE5nfZNQWzRnEUxUwYCxRBddcl8_iT14QqEFhiUbfCGcOWhlLHPqj9O5PI7Wi7i69STeD7ulWsESYoO8EuE2I-oajv6n7t8xCm9L7Jwx1hcNpcEXxA_Nerf-6rM0iW_cEzDgwt_G8vYk66saiq4r_hbvGZbD6lQcEDhpb-RwmZdPcZcB05-to2xEFxRiTx1n-wkOJMw; path=/; samesite=lax; httponly, CsrfToken=CfDJ8KOx5pzs3vJMgjraUoy-gb7zM4PBrn8zVuD46B9DLe7FYLR_4XUcJR97KSziTtL3PEyCzny8wb56AA0xMcDdmbsU3xHp2bvoBMza7F35-SunCCkmiq99R2gPJdZNQsMJb6_1L6EJJ-Uppel0RkvWJW8; path=/; samesite=lax; httponly, BPMCSRF=CfDJ8KOx5pzs3vJMgjraUoy-gb52UU-CIpjNdhH_u0FLaQwezCer8ATYbA6VDzrYFJD2PmRJz9MQexPz-_KGJyDo8ZSk0O6yDwbotaFt0IFope5NtZAzTvLTh1uq1lZ-PaQYHIpnBkX42Ji1FByMnebc5O1g2iLycAzLZMcn18JrPk8gjvEBhUbcSwnfqRkf-w6Suw; path=/; samesite=lax', 'X-Frame-Options': 'SAMEORIGIN'}
Response cookies: <RequestsCookieJar[<Cookie .ASPXAUTH=CfDJ8KOx5pzs3vJMgjraUoy-gb6tMd307kuz4b4vPo4mVmI0d-eybD8nc8Sj7UFV4YdH2g5Bcf19CnTLrjZ5OG9SKSYyg7tvD84mMvVDfB6XcQIyMwiKsA0Doo7nP27e3yTAbXv62Mk_Bs7gOaoejN40mclcVqciY_P93ExU4HsdaFE7L3HAKlEcRsayYSrnP_OVBH-mfbH-mYYhdR4gmMcO3sUBjvNEb6STSsvwpTTHM3qMxS2vJP5drHFHtW633fdyzg7wszjd2x8UOZjg207D3kTP4_EvVWynFuu9NXmymgMhMTzFCWwjdi--tuSUQ7xRtOypDJBmWHlI8ByZchif_lzxlqZBeuwEh8IvmX6-Cx_QDCyxth1vUmvue8jv6PusGKl9qp0NDjZ-Mv0LkwxtcXVlO-_mzVIrymFrDtjiBCb2v3W-YywEDGNp55Wifn3O86lPMfSF7r54TqywjOe8fJHmY9Dxbpo8XNrzJz3ZRdN3ZejKvQQmKtel8jZSNcyl-1NLhOFd_j_l-uT4G935kGXuM3eP-pthivTcTUIYBe9KPmlVuMsyrpF7_HfFD4cA3_VBDflyEsLNTlR7IGt9V0X6lD8vX-bctorlvH55PnvV18dX3ot1FnYwbzlBE5nfZNQWzRnEUxUwYCxRBddcl8_iT14QqEFhiUbfCGcOWhlLHPqj9O5PI7Wi7i69STeD7ulWsESYoO8EuE2I-oajv6n7t8xCm9L7Jwx1hcNpcEXxA_Nerf-6rM0iW_cEzDgwt_G8vYk66saiq4r_hbvGZbD6lQcEDhpb-RwmZdPcZcB05-to2xEFxRiTx1n-wkOJMw for localmail.itexpert.ru/>, <Cookie BPMCSRF=CfDJ8KOx5pzs3vJMgjraUoy-gb52UU-CIpjNdhH_u0FLaQwezCer8ATYbA6VDzrYFJD2PmRJz9MQexPz-_KGJyDo8ZSk0O6yDwbotaFt0IFope5NtZAzTvLTh1uq1lZ-PaQYHIpnBkX42Ji1FByMnebc5O1g2iLycAzLZMcn18JrPk8gjvEBhUbcSwnfqRkf-w6Suw for localmail.itexpert.ru/>, <Cookie CsrfToken=CfDJ8KOx5pzs3vJMgjraUoy-gb7zM4PBrn8zVuD46B9DLe7FYLR_4XUcJR97KSziTtL3PEyCzny8wb56AA0xMcDdmbsU3xHp2bvoBMza7F35-SunCCkmiq99R2gPJdZNQsMJb6_1L6EJJ-Uppel0RkvWJW8 for localmail.itexpert.ru/>]>

-------

------
Test: None
Time: 2022-10-19 12:12:08.356923
Request method: POST
Request URL: http://localmail.itexpert.ru:5058/rest/SapErpIntegrationService/v1/UpdateOSDirectory
Request data: None
Request json: {'currentPage': 1, 'pageCount': 1, 'delta': 'F', 'item': [{'ANLN1': '240000240179', 'TXT50': 'Аппарат телефонный Cisco/CP-7945G=13', 'INVNR': '12121313', 'AKTIV': '29.03.2016', 'KOSTL': '1006103050', 'WERKS': '1002', 'STORT': '43', 'ANSW_END': '20000.00', 'RBW_END': '10000', 'MENGE': '2', 'POSNR': '1100648.80016-YO04-00011', 'GLO_RUS_OKOF16': '330.28.12', 'GLO_RUS_DEPGRN': '03', 'NDJAR': '003', 'DEAKT': '13.02.2023', 'KTEXT3': 'г.Санкт-Петербург ул.Почтамтская 3-5', 'ZZCNDPERNR': '00028076', 'CNDPERNR_NAME': 'Дернов ИН123', 'OS_STATUS': 'Активен', 'AWKEY': '09072021/2', 'GJAHR': '2021', 'ACT-ID': 'pre09072021/2', 'SERNR': '123йцу123йу1', 'row': 1, 'deleted': ''}]}
Request cookies: {'Content-Type': 'application/json', 'User-Agent': 'PostmanRuntime/7.29.0', 'Accept': '*/*', 'Cache-Control': 'Cache-Control', 'Host': 'localmail.itexpert.ru:5058', 'Accept-Encoding': 'gzip, deflate, br', 'Connection': 'keep-alive', 'Content-Length': '69', 'BPMCSRF': 'CfDJ8KOx5pzs3vJMgjraUoy-gb52UU-CIpjNdhH_u0FLaQwezCer8ATYbA6VDzrYFJD2PmRJz9MQexPz-_KGJyDo8ZSk0O6yDwbotaFt0IFope5NtZAzTvLTh1uq1lZ-PaQYHIpnBkX42Ji1FByMnebc5O1g2iLycAzLZMcn18JrPk8gjvEBhUbcSwnfqRkf-w6Suw'}
Request headers: <RequestsCookieJar[<Cookie .ASPXAUTH=CfDJ8KOx5pzs3vJMgjraUoy-gb6tMd307kuz4b4vPo4mVmI0d-eybD8nc8Sj7UFV4YdH2g5Bcf19CnTLrjZ5OG9SKSYyg7tvD84mMvVDfB6XcQIyMwiKsA0Doo7nP27e3yTAbXv62Mk_Bs7gOaoejN40mclcVqciY_P93ExU4HsdaFE7L3HAKlEcRsayYSrnP_OVBH-mfbH-mYYhdR4gmMcO3sUBjvNEb6STSsvwpTTHM3qMxS2vJP5drHFHtW633fdyzg7wszjd2x8UOZjg207D3kTP4_EvVWynFuu9NXmymgMhMTzFCWwjdi--tuSUQ7xRtOypDJBmWHlI8ByZchif_lzxlqZBeuwEh8IvmX6-Cx_QDCyxth1vUmvue8jv6PusGKl9qp0NDjZ-Mv0LkwxtcXVlO-_mzVIrymFrDtjiBCb2v3W-YywEDGNp55Wifn3O86lPMfSF7r54TqywjOe8fJHmY9Dxbpo8XNrzJz3ZRdN3ZejKvQQmKtel8jZSNcyl-1NLhOFd_j_l-uT4G935kGXuM3eP-pthivTcTUIYBe9KPmlVuMsyrpF7_HfFD4cA3_VBDflyEsLNTlR7IGt9V0X6lD8vX-bctorlvH55PnvV18dX3ot1FnYwbzlBE5nfZNQWzRnEUxUwYCxRBddcl8_iT14QqEFhiUbfCGcOWhlLHPqj9O5PI7Wi7i69STeD7ulWsESYoO8EuE2I-oajv6n7t8xCm9L7Jwx1hcNpcEXxA_Nerf-6rM0iW_cEzDgwt_G8vYk66saiq4r_hbvGZbD6lQcEDhpb-RwmZdPcZcB05-to2xEFxRiTx1n-wkOJMw for localmail.itexpert.ru/>, <Cookie BPMCSRF=CfDJ8KOx5pzs3vJMgjraUoy-gb52UU-CIpjNdhH_u0FLaQwezCer8ATYbA6VDzrYFJD2PmRJz9MQexPz-_KGJyDo8ZSk0O6yDwbotaFt0IFope5NtZAzTvLTh1uq1lZ-PaQYHIpnBkX42Ji1FByMnebc5O1g2iLycAzLZMcn18JrPk8gjvEBhUbcSwnfqRkf-w6Suw for localmail.itexpert.ru/>, <Cookie CsrfToken=CfDJ8KOx5pzs3vJMgjraUoy-gb7zM4PBrn8zVuD46B9DLe7FYLR_4XUcJR97KSziTtL3PEyCzny8wb56AA0xMcDdmbsU3xHp2bvoBMza7F35-SunCCkmiq99R2gPJdZNQsMJb6_1L6EJJ-Uppel0RkvWJW8 for localmail.itexpert.ru/>]>

-------
Response code: 200
Response text: {"result":[{"TYPE":"E","MESSAGE":"СПП-элемент не найден в КСУИТ","ROW":1}],"isSuccessful":true,"message":"OK","success":true,"error":null,"status":200}
Response head: {'Date': 'Wed, 19 Oct 2022 07:12:11 GMT', 'Content-Type': 'application/json; charset=utf-8', 'Server': 'Kestrel', 'Content-Length': '175', 'Cache-Control': 'no-cache', 'Pragma': 'no-cache', 'Expires': '-1', 'Set-Cookie': 'BPMSESSIONID=CfDJ8KOx5pzs3vJMgjraUoy%2Bgb4EtfChjAo306DKHwfssIdECDQCEHeZoVUabp9E6oWTsLTZWMyZH5piChdfm%2BjF4boYQoC5x0RWm8DvSTZhCqra5qByd%2FZDf7%2Bg3u5AGY4xfy15U08WKSRd9w2%2BGNLZTFAeIi1HlveZL7UjkEl0giaf; path=/; samesite=lax; httponly'}
Response cookies: <RequestsCookieJar[<Cookie BPMSESSIONID=CfDJ8KOx5pzs3vJMgjraUoy%2Bgb4EtfChjAo306DKHwfssIdECDQCEHeZoVUabp9E6oWTsLTZWMyZH5piChdfm%2BjF4boYQoC5x0RWm8DvSTZhCqra5qByd%2FZDf7%2Bg3u5AGY4xfy15U08WKSRd9w2%2BGNLZTFAeIi1HlveZL7UjkEl0giaf for localmail.itexpert.ru/>]>

-------

------
Test: None
Time: 2022-10-19 12:12:09.103909
Request method: POST
Request URL: http://localmail.itexpert.ru:5058/ServiceModel/AuthService.svc/Login
Request data: None
Request json: {'UserName': 'Supervisor', 'UserPassword': '!Supervisor123Test!'}
Request cookies: {'Content-Type': 'application/json', 'User-Agent': 'PostmanRuntime/7.29.0', 'Accept': '*/*', 'Cache-Control': 'Cache-Control', 'Host': 'localmail.itexpert.ru:5058', 'Accept-Encoding': 'gzip, deflate, br', 'Connection': 'keep-alive', 'Content-Length': '69'}
Request headers: {}

-------
Response code: 200
Response text: {"RedirectUrl":null,"PasswordChangeUrl":null,"Exception":null,"Code":0,"Message":""}
Response head: {'Date': 'Wed, 19 Oct 2022 07:12:11 GMT', 'Content-Type': 'application/json; charset=utf-8', 'Server': 'Kestrel', 'Content-Length': '84', 'Cache-Control': 'no-cache', 'Pragma': 'no-cache', 'Expires': 'Thu, 01 Jan 1970 00:00:00 GMT', 'Set-Cookie': 'BPMSESSIONID=; expires=Thu, 01 Jan 1970 00:00:00 GMT; path=/; samesite=lax, .ASPXAUTH=CfDJ8KOx5pzs3vJMgjraUoy-gb6kUu2pF1L70Ski1hX_hm1bhc6UzGCj6jPYVyLrZYuvBqekSUV6g6ck-xXxmrdrMb5CsC0T_mkPDvfNDuoALre4i13537ac3WKp251Uqbe1gmdQl4YppWCsVyvNYBlXWAYE9WS1d8mAoQICvx6xCTBeUJugDQfQFStD3lnjvFPYo8DD1BYf4PdLVeYtUzl7qYakyAX0locu1GiQe6cN18VHY04xdefVqga13F-1IGpONnsifx6wk8tDfzewsjNAv3SqdVH8dkErKHGjqhispfReGTtIMum0f5CmZS1ovSZ2fy5hVg0DMiQdHU1vYDFxGX1LVtqvuns7_giYJ9yxF1szwTfsSjXDtZplaoNykasf7xG_NjvETeVIm__39VZXKAnNzH5Zuzltrr93uYDBV75yjcWGGe-XAx8TFTN7lhWcknxCL_Zn2zGX3ue0BZzrhugN3Jh6fnkg0L4X1rFFVm68Yk3ANPNOe2S696icrMeBovVMN-KqhSYMrTKlLhHq33H235pKnH-8sXcuaBPqA8AempDpxr8fxbeIlsiyBRPCAzjDR0l5rO6LiWnRoWlH6zjZwmvBH9BMZWDtDukZ-5sX6H1V4rvRB01FdJ-kCPpDADSFSwUVvx3HvFQ8qS6_s7QW27fi_-BgANtm2leKrR1QvLhseiJ2oCLbK_x-1OLc1SVqckB-01I27mtqhK-Z4o_b2gi70NpVR-g0cEnGwap37iOOOJQGyNTD5QV4DOSBLnLuAt4HI2-N2K5T-HAV3i4b9mHTWytX06KDW7jijZ6ewzREMSpL4td4BgSx2umWbQ; path=/; samesite=lax; httponly, CsrfToken=CfDJ8KOx5pzs3vJMgjraUoy-gb5Ju6kOWQG_FwWsqeezALBSmSQgISScTfLR9dalVAUaOMH4EfVF89bmYSlmTwDgqDDRGPROMybO00iV1PG8vbbXAhuBxKjIoa_KFULdIRXAFFyVAh81ZkxKvHXZHvr5Tnw; path=/; samesite=lax; httponly, BPMCSRF=CfDJ8KOx5pzs3vJMgjraUoy-gb512Eht0C6U0S0ZP3JUG2H3rzNznrvEkaCe3H_fSuGSxFDbdF--zNNoifkKlfymN3E43ubc3zViHMfiwf0nR1Rso1KyUAwB-yXvnecC9p9zCz4ATBoQKoo8gntMJT6jDJm7LlrUfmbnOAEBKojnXvgHPI-LRygrwQ5inWubjWLt8g; path=/; samesite=lax', 'X-Frame-Options': 'SAMEORIGIN'}
Response cookies: <RequestsCookieJar[<Cookie .ASPXAUTH=CfDJ8KOx5pzs3vJMgjraUoy-gb6kUu2pF1L70Ski1hX_hm1bhc6UzGCj6jPYVyLrZYuvBqekSUV6g6ck-xXxmrdrMb5CsC0T_mkPDvfNDuoALre4i13537ac3WKp251Uqbe1gmdQl4YppWCsVyvNYBlXWAYE9WS1d8mAoQICvx6xCTBeUJugDQfQFStD3lnjvFPYo8DD1BYf4PdLVeYtUzl7qYakyAX0locu1GiQe6cN18VHY04xdefVqga13F-1IGpONnsifx6wk8tDfzewsjNAv3SqdVH8dkErKHGjqhispfReGTtIMum0f5CmZS1ovSZ2fy5hVg0DMiQdHU1vYDFxGX1LVtqvuns7_giYJ9yxF1szwTfsSjXDtZplaoNykasf7xG_NjvETeVIm__39VZXKAnNzH5Zuzltrr93uYDBV75yjcWGGe-XAx8TFTN7lhWcknxCL_Zn2zGX3ue0BZzrhugN3Jh6fnkg0L4X1rFFVm68Yk3ANPNOe2S696icrMeBovVMN-KqhSYMrTKlLhHq33H235pKnH-8sXcuaBPqA8AempDpxr8fxbeIlsiyBRPCAzjDR0l5rO6LiWnRoWlH6zjZwmvBH9BMZWDtDukZ-5sX6H1V4rvRB01FdJ-kCPpDADSFSwUVvx3HvFQ8qS6_s7QW27fi_-BgANtm2leKrR1QvLhseiJ2oCLbK_x-1OLc1SVqckB-01I27mtqhK-Z4o_b2gi70NpVR-g0cEnGwap37iOOOJQGyNTD5QV4DOSBLnLuAt4HI2-N2K5T-HAV3i4b9mHTWytX06KDW7jijZ6ewzREMSpL4td4BgSx2umWbQ for localmail.itexpert.ru/>, <Cookie BPMCSRF=CfDJ8KOx5pzs3vJMgjraUoy-gb512Eht0C6U0S0ZP3JUG2H3rzNznrvEkaCe3H_fSuGSxFDbdF--zNNoifkKlfymN3E43ubc3zViHMfiwf0nR1Rso1KyUAwB-yXvnecC9p9zCz4ATBoQKoo8gntMJT6jDJm7LlrUfmbnOAEBKojnXvgHPI-LRygrwQ5inWubjWLt8g for localmail.itexpert.ru/>, <Cookie CsrfToken=CfDJ8KOx5pzs3vJMgjraUoy-gb5Ju6kOWQG_FwWsqeezALBSmSQgISScTfLR9dalVAUaOMH4EfVF89bmYSlmTwDgqDDRGPROMybO00iV1PG8vbbXAhuBxKjIoa_KFULdIRXAFFyVAh81ZkxKvHXZHvr5Tnw for localmail.itexpert.ru/>]>

-------

------
Test: None
Time: 2022-10-19 12:12:09.376720
Request method: POST
Request URL: http://localmail.itexpert.ru:5058/rest/SapErpIntegrationService/v1/UpdateOSDirectory
Request data: None
Request json: {'currentPage': 1, 'pageCount': 1, 'delta': 'F', 'item': [{'ANLN1': '240000240179', 'TXT50': 'Аппарат телефонный Cisco/CP-7945G=13', 'INVNR': '12121313', 'AKTIV': '29.03.2016', 'KOSTL': '1006103050', 'WERKS': '1002', 'STORT': '43', 'ANSW_END': '20000.00', 'RBW_END': '10000', 'MENGE': '2', 'POSNR': '1100648.80016-YO04-00013', 'GLO_RUS_OKOF16': '330.28.12', 'GLO_RUS_DEPGRN': '03', 'NDJAR': '003', 'DEAKT': '13.02.2023', 'KTEXT3': 'г.Санкт-Петербург ул.Почтамтская 3-5', 'ZZCNDPERNR': '00028076', 'CNDPERNR_NAME': 'Дернов ИН123', 'OS_STATUS': 'Активе', 'AWKEY': '09072021/2', 'GJAHR': '2021', 'ACT-ID': 'pre09072021/2', 'SERNR': '123йцу123йу1', 'row': 1, 'deleted': ''}]}
Request cookies: {'Content-Type': 'application/json', 'User-Agent': 'PostmanRuntime/7.29.0', 'Accept': '*/*', 'Cache-Control': 'Cache-Control', 'Host': 'localmail.itexpert.ru:5058', 'Accept-Encoding': 'gzip, deflate, br', 'Connection': 'keep-alive', 'Content-Length': '69', 'BPMCSRF': 'CfDJ8KOx5pzs3vJMgjraUoy-gb512Eht0C6U0S0ZP3JUG2H3rzNznrvEkaCe3H_fSuGSxFDbdF--zNNoifkKlfymN3E43ubc3zViHMfiwf0nR1Rso1KyUAwB-yXvnecC9p9zCz4ATBoQKoo8gntMJT6jDJm7LlrUfmbnOAEBKojnXvgHPI-LRygrwQ5inWubjWLt8g'}
Request headers: <RequestsCookieJar[<Cookie .ASPXAUTH=CfDJ8KOx5pzs3vJMgjraUoy-gb6kUu2pF1L70Ski1hX_hm1bhc6UzGCj6jPYVyLrZYuvBqekSUV6g6ck-xXxmrdrMb5CsC0T_mkPDvfNDuoALre4i13537ac3WKp251Uqbe1gmdQl4YppWCsVyvNYBlXWAYE9WS1d8mAoQICvx6xCTBeUJugDQfQFStD3lnjvFPYo8DD1BYf4PdLVeYtUzl7qYakyAX0locu1GiQe6cN18VHY04xdefVqga13F-1IGpONnsifx6wk8tDfzewsjNAv3SqdVH8dkErKHGjqhispfReGTtIMum0f5CmZS1ovSZ2fy5hVg0DMiQdHU1vYDFxGX1LVtqvuns7_giYJ9yxF1szwTfsSjXDtZplaoNykasf7xG_NjvETeVIm__39VZXKAnNzH5Zuzltrr93uYDBV75yjcWGGe-XAx8TFTN7lhWcknxCL_Zn2zGX3ue0BZzrhugN3Jh6fnkg0L4X1rFFVm68Yk3ANPNOe2S696icrMeBovVMN-KqhSYMrTKlLhHq33H235pKnH-8sXcuaBPqA8AempDpxr8fxbeIlsiyBRPCAzjDR0l5rO6LiWnRoWlH6zjZwmvBH9BMZWDtDukZ-5sX6H1V4rvRB01FdJ-kCPpDADSFSwUVvx3HvFQ8qS6_s7QW27fi_-BgANtm2leKrR1QvLhseiJ2oCLbK_x-1OLc1SVqckB-01I27mtqhK-Z4o_b2gi70NpVR-g0cEnGwap37iOOOJQGyNTD5QV4DOSBLnLuAt4HI2-N2K5T-HAV3i4b9mHTWytX06KDW7jijZ6ewzREMSpL4td4BgSx2umWbQ for localmail.itexpert.ru/>, <Cookie BPMCSRF=CfDJ8KOx5pzs3vJMgjraUoy-gb512Eht0C6U0S0ZP3JUG2H3rzNznrvEkaCe3H_fSuGSxFDbdF--zNNoifkKlfymN3E43ubc3zViHMfiwf0nR1Rso1KyUAwB-yXvnecC9p9zCz4ATBoQKoo8gntMJT6jDJm7LlrUfmbnOAEBKojnXvgHPI-LRygrwQ5inWubjWLt8g for localmail.itexpert.ru/>, <Cookie CsrfToken=CfDJ8KOx5pzs3vJMgjraUoy-gb5Ju6kOWQG_FwWsqeezALBSmSQgISScTfLR9dalVAUaOMH4EfVF89bmYSlmTwDgqDDRGPROMybO00iV1PG8vbbXAhuBxKjIoa_KFULdIRXAFFyVAh81ZkxKvHXZHvr5Tnw for localmail.itexpert.ru/>]>

-------
Response code: 200
Response text: {"result":[{"TYPE":"E","MESSAGE":"Статус не найден в КСУИТ","ROW":1}],"isSuccessful":true,"message":"OK","success":true,"error":null,"status":200}
Response head: {'Date': 'Wed, 19 Oct 2022 07:12:11 GMT', 'Content-Type': 'application/json; charset=utf-8', 'Server': 'Kestrel', 'Content-Length': '166', 'Cache-Control': 'no-cache', 'Pragma': 'no-cache', 'Expires': '-1', 'Set-Cookie': 'BPMSESSIONID=CfDJ8KOx5pzs3vJMgjraUoy%2Bgb5hYDpyAUTXZkYCSLMLJmxf6Yi1WgLZnLiw5Cd36GVEbH0DjQbXXOzzZdO63IVKinWZciAe%2FdgO5HfRUL8zb0CX7TuO%2FRyNb%2FVU0AjwFRPL18sqv%2Fdb%2F%2BktOmGXaE3HpmQMX6h8NKDmfXPspEwkC25B; path=/; samesite=lax; httponly'}
Response cookies: <RequestsCookieJar[<Cookie BPMSESSIONID=CfDJ8KOx5pzs3vJMgjraUoy%2Bgb5hYDpyAUTXZkYCSLMLJmxf6Yi1WgLZnLiw5Cd36GVEbH0DjQbXXOzzZdO63IVKinWZciAe%2FdgO5HfRUL8zb0CX7TuO%2FRyNb%2FVU0AjwFRPL18sqv%2Fdb%2F%2BktOmGXaE3HpmQMX6h8NKDmfXPspEwkC25B for localmail.itexpert.ru/>]>

-------

------
Test: None
Time: 2022-10-19 12:12:10.068096
Request method: POST
Request URL: http://localmail.itexpert.ru:5058/ServiceModel/AuthService.svc/Login
Request data: None
Request json: {'UserName': 'Supervisor', 'UserPassword': '!Supervisor123Test!'}
Request cookies: {'Content-Type': 'application/json', 'User-Agent': 'PostmanRuntime/7.29.0', 'Accept': '*/*', 'Cache-Control': 'Cache-Control', 'Host': 'localmail.itexpert.ru:5058', 'Accept-Encoding': 'gzip, deflate, br', 'Connection': 'keep-alive', 'Content-Length': '69'}
Request headers: {}

-------
Response code: 200
Response text: {"RedirectUrl":null,"PasswordChangeUrl":null,"Exception":null,"Code":0,"Message":""}
Response head: {'Date': 'Wed, 19 Oct 2022 07:12:12 GMT', 'Content-Type': 'application/json; charset=utf-8', 'Server': 'Kestrel', 'Content-Length': '84', 'Cache-Control': 'no-cache', 'Pragma': 'no-cache', 'Expires': 'Thu, 01 Jan 1970 00:00:00 GMT', 'Set-Cookie': 'BPMSESSIONID=; expires=Thu, 01 Jan 1970 00:00:00 GMT; path=/; samesite=lax, .ASPXAUTH=CfDJ8KOx5pzs3vJMgjraUoy-gb57kuJ9F2L2zqcBOK26wKxxt8O5JHS69-8Hn12eQagcuTMCQUQ3t_Us6Ukk69vcnCt_j7fcIqUjYe5u0i2OgmOiqutdmdKxVAYuhW6Lfjkxyr0HbNMaX10nowkAhYOkH8FW5Vzrv6X26cJPYCJNJmkgFyAnSQKtRj2l5CpESyrFuXf_U48_DvZSF3pjTvdreUN9T_umK7-3oD5EJyUmYyzBko_ZOraK5UEjoij0_lRZ67f7JwhG9WEMjWEzcl2yRwNwmdJu6Aruoj7iW3bERNjcX1NmTTV4qYAlppXGKF01Q3Pw0sEZ_VN99o4nD7lsFJp0LzDCiJuk4r0Vdz0j6G8P4I4g1Tm3XDK6uu4AcoHOa0hUQAoP6kSQIE6TrB2eKrU5JVzC5wKnCN0dXGt9O2ouec3MoMZbcNtLSAgx4YtbJYsBMM7dl1zp_Q1pTR5Ad2GdQwTbkfZecNhFXydrAQWbmikXJtq57_4vSVNPhrukNS02kVJ_Mm88s2ZYoDRLPHfmtNOcsmCKU9OQx6hwC_giqWm7X1Zd_XYmdIzHwWlI73Hw9qQhxZcjbPVY1gkYtxHN2xMi8yPSzR33VsSkigg5h-wUPmCpj6JjcIJ_W6aBZIniZccy4RgGomgHAaXC8s3rwa_zaItR8DYSqxVd6DaML4H4e-g2neiLiLRWabJjQiIUksmaEU_zgfNVL98VsWApqEt2W0MFrXaYX8sV58ZmPIo0fT4KqoC2GyT7sNaDtsHtnopgDU7SrN5k3541V3N8bee_CbC223iKV76mYS2sGm1ny50MfbgtSe8cDZ5EBg; path=/; samesite=lax; httponly, CsrfToken=CfDJ8KOx5pzs3vJMgjraUoy-gb7kdfjdXDoZvVdAvxdMrIqz_-4b4AAhWEft-NgsSRWr1tWafzRu1_6ftW3wiWgSlkuTHaVUpHtVctBdR1-VCEGIkl3-daTYGbCqIzt6R4LRm1waKP3l2SbuteZ-X99emPw; path=/; samesite=lax; httponly, BPMCSRF=CfDJ8KOx5pzs3vJMgjraUoy-gb6krS2NMpBtnitB8pXfGr-PiN1fTUFAP-KiNu-W1w0jK0KauzymtQWmWo3s8xUN3rC_WwzQzweJDPjbQINKA1pvqqTbDZAlZLP5rftmdUqcl1pdoX49hCVhR59IOBQ0PujsxAawqaGrtjt0QBi5dPKfhdfYPucM5h0MGoWXizQTBg; path=/; samesite=lax', 'X-Frame-Options': 'SAMEORIGIN'}
Response cookies: <RequestsCookieJar[<Cookie .ASPXAUTH=CfDJ8KOx5pzs3vJMgjraUoy-gb57kuJ9F2L2zqcBOK26wKxxt8O5JHS69-8Hn12eQagcuTMCQUQ3t_Us6Ukk69vcnCt_j7fcIqUjYe5u0i2OgmOiqutdmdKxVAYuhW6Lfjkxyr0HbNMaX10nowkAhYOkH8FW5Vzrv6X26cJPYCJNJmkgFyAnSQKtRj2l5CpESyrFuXf_U48_DvZSF3pjTvdreUN9T_umK7-3oD5EJyUmYyzBko_ZOraK5UEjoij0_lRZ67f7JwhG9WEMjWEzcl2yRwNwmdJu6Aruoj7iW3bERNjcX1NmTTV4qYAlppXGKF01Q3Pw0sEZ_VN99o4nD7lsFJp0LzDCiJuk4r0Vdz0j6G8P4I4g1Tm3XDK6uu4AcoHOa0hUQAoP6kSQIE6TrB2eKrU5JVzC5wKnCN0dXGt9O2ouec3MoMZbcNtLSAgx4YtbJYsBMM7dl1zp_Q1pTR5Ad2GdQwTbkfZecNhFXydrAQWbmikXJtq57_4vSVNPhrukNS02kVJ_Mm88s2ZYoDRLPHfmtNOcsmCKU9OQx6hwC_giqWm7X1Zd_XYmdIzHwWlI73Hw9qQhxZcjbPVY1gkYtxHN2xMi8yPSzR33VsSkigg5h-wUPmCpj6JjcIJ_W6aBZIniZccy4RgGomgHAaXC8s3rwa_zaItR8DYSqxVd6DaML4H4e-g2neiLiLRWabJjQiIUksmaEU_zgfNVL98VsWApqEt2W0MFrXaYX8sV58ZmPIo0fT4KqoC2GyT7sNaDtsHtnopgDU7SrN5k3541V3N8bee_CbC223iKV76mYS2sGm1ny50MfbgtSe8cDZ5EBg for localmail.itexpert.ru/>, <Cookie BPMCSRF=CfDJ8KOx5pzs3vJMgjraUoy-gb6krS2NMpBtnitB8pXfGr-PiN1fTUFAP-KiNu-W1w0jK0KauzymtQWmWo3s8xUN3rC_WwzQzweJDPjbQINKA1pvqqTbDZAlZLP5rftmdUqcl1pdoX49hCVhR59IOBQ0PujsxAawqaGrtjt0QBi5dPKfhdfYPucM5h0MGoWXizQTBg for localmail.itexpert.ru/>, <Cookie CsrfToken=CfDJ8KOx5pzs3vJMgjraUoy-gb7kdfjdXDoZvVdAvxdMrIqz_-4b4AAhWEft-NgsSRWr1tWafzRu1_6ftW3wiWgSlkuTHaVUpHtVctBdR1-VCEGIkl3-daTYGbCqIzt6R4LRm1waKP3l2SbuteZ-X99emPw for localmail.itexpert.ru/>]>

-------

------
Test: None
Time: 2022-10-19 12:12:10.344059
Request method: POST
Request URL: http://localmail.itexpert.ru:5058/rest/SapErpIntegrationService/v1/UpdateOSDirectory
Request data: None
Request json: {'currentPage': 2, 'pageCount': 1, 'delta': 'F', 'item': [{'ANLN1': '240000240179', 'TXT50': 'Аппарат телефонный Cisco/CP-7945G=13', 'INVNR': '12121313', 'AKTIV': '29.03.2016', 'KOSTL': '1006103050', 'WERKS': '1002', 'STORT': '43', 'ANSW_END': '20000.00', 'RBW_END': '10000', 'MENGE': '2', 'POSNR': '1100648.80016-YO04-00013', 'GLO_RUS_OKOF16': '330.28.12', 'GLO_RUS_DEPGRN': '03', 'NDJAR': '003', 'DEAKT': '13.02.2023', 'KTEXT3': 'г.Санкт-Петербург ул.Почтамтская 3-5', 'ZZCNDPERNR': '00028076', 'CNDPERNR_NAME': 'Дернов ИН123', 'OS_STATUS': 'Активен', 'AWKEY': '09072021/2', 'GJAHR': '2021', 'ACT-ID': 'pre09072021/2', 'SERNR': '123йцу123йу1', 'row': 1, 'deleted': ''}]}
Request cookies: {'Content-Type': 'application/json', 'User-Agent': 'PostmanRuntime/7.29.0', 'Accept': '*/*', 'Cache-Control': 'Cache-Control', 'Host': 'localmail.itexpert.ru:5058', 'Accept-Encoding': 'gzip, deflate, br', 'Connection': 'keep-alive', 'Content-Length': '69', 'BPMCSRF': 'CfDJ8KOx5pzs3vJMgjraUoy-gb6krS2NMpBtnitB8pXfGr-PiN1fTUFAP-KiNu-W1w0jK0KauzymtQWmWo3s8xUN3rC_WwzQzweJDPjbQINKA1pvqqTbDZAlZLP5rftmdUqcl1pdoX49hCVhR59IOBQ0PujsxAawqaGrtjt0QBi5dPKfhdfYPucM5h0MGoWXizQTBg'}
Request headers: <RequestsCookieJar[<Cookie .ASPXAUTH=CfDJ8KOx5pzs3vJMgjraUoy-gb57kuJ9F2L2zqcBOK26wKxxt8O5JHS69-8Hn12eQagcuTMCQUQ3t_Us6Ukk69vcnCt_j7fcIqUjYe5u0i2OgmOiqutdmdKxVAYuhW6Lfjkxyr0HbNMaX10nowkAhYOkH8FW5Vzrv6X26cJPYCJNJmkgFyAnSQKtRj2l5CpESyrFuXf_U48_DvZSF3pjTvdreUN9T_umK7-3oD5EJyUmYyzBko_ZOraK5UEjoij0_lRZ67f7JwhG9WEMjWEzcl2yRwNwmdJu6Aruoj7iW3bERNjcX1NmTTV4qYAlppXGKF01Q3Pw0sEZ_VN99o4nD7lsFJp0LzDCiJuk4r0Vdz0j6G8P4I4g1Tm3XDK6uu4AcoHOa0hUQAoP6kSQIE6TrB2eKrU5JVzC5wKnCN0dXGt9O2ouec3MoMZbcNtLSAgx4YtbJYsBMM7dl1zp_Q1pTR5Ad2GdQwTbkfZecNhFXydrAQWbmikXJtq57_4vSVNPhrukNS02kVJ_Mm88s2ZYoDRLPHfmtNOcsmCKU9OQx6hwC_giqWm7X1Zd_XYmdIzHwWlI73Hw9qQhxZcjbPVY1gkYtxHN2xMi8yPSzR33VsSkigg5h-wUPmCpj6JjcIJ_W6aBZIniZccy4RgGomgHAaXC8s3rwa_zaItR8DYSqxVd6DaML4H4e-g2neiLiLRWabJjQiIUksmaEU_zgfNVL98VsWApqEt2W0MFrXaYX8sV58ZmPIo0fT4KqoC2GyT7sNaDtsHtnopgDU7SrN5k3541V3N8bee_CbC223iKV76mYS2sGm1ny50MfbgtSe8cDZ5EBg for localmail.itexpert.ru/>, <Cookie BPMCSRF=CfDJ8KOx5pzs3vJMgjraUoy-gb6krS2NMpBtnitB8pXfGr-PiN1fTUFAP-KiNu-W1w0jK0KauzymtQWmWo3s8xUN3rC_WwzQzweJDPjbQINKA1pvqqTbDZAlZLP5rftmdUqcl1pdoX49hCVhR59IOBQ0PujsxAawqaGrtjt0QBi5dPKfhdfYPucM5h0MGoWXizQTBg for localmail.itexpert.ru/>, <Cookie CsrfToken=CfDJ8KOx5pzs3vJMgjraUoy-gb7kdfjdXDoZvVdAvxdMrIqz_-4b4AAhWEft-NgsSRWr1tWafzRu1_6ftW3wiWgSlkuTHaVUpHtVctBdR1-VCEGIkl3-daTYGbCqIzt6R4LRm1waKP3l2SbuteZ-X99emPw for localmail.itexpert.ru/>]>

-------
Response code: 200
Response text: {"result":null,"isSuccessful":false,"message":null,"success":false,"error":"Номер страницы превышает количество страниц","status":400}
Response head: {'Date': 'Wed, 19 Oct 2022 07:12:12 GMT', 'Content-Type': 'application/json; charset=utf-8', 'Server': 'Kestrel', 'Content-Length': '173', 'Cache-Control': 'no-cache', 'Pragma': 'no-cache', 'Expires': '-1', 'Set-Cookie': 'BPMSESSIONID=CfDJ8KOx5pzs3vJMgjraUoy%2Bgb5RKdwAZSuKE4fsLg10R8GjKAoWw2QCJtUnR%2BvH2RgzGo%2Bh8biKGghn7ptv9IjnELvKePLBx4hKm%2FxFSRaWcHvrZmqV7wDFVjAgI9g1GkK2T4pKcz0R9rjQsQDwR6a6YOwW0Bx4pNek%2BvbcsHeuUwwa; path=/; samesite=lax; httponly'}
Response cookies: <RequestsCookieJar[<Cookie BPMSESSIONID=CfDJ8KOx5pzs3vJMgjraUoy%2Bgb5RKdwAZSuKE4fsLg10R8GjKAoWw2QCJtUnR%2BvH2RgzGo%2Bh8biKGghn7ptv9IjnELvKePLBx4hKm%2FxFSRaWcHvrZmqV7wDFVjAgI9g1GkK2T4pKcz0R9rjQsQDwR6a6YOwW0Bx4pNek%2BvbcsHeuUwwa for localmail.itexpert.ru/>]>

-------

------
Test: None
Time: 2022-10-19 12:12:10.710062
Request method: POST
Request URL: http://localmail.itexpert.ru:5058/ServiceModel/AuthService.svc/Login
Request data: None
Request json: {'UserName': 'Supervisor', 'UserPassword': '!Supervisor123Test!'}
Request cookies: {'Content-Type': 'application/json', 'User-Agent': 'PostmanRuntime/7.29.0', 'Accept': '*/*', 'Cache-Control': 'Cache-Control', 'Host': 'localmail.itexpert.ru:5058', 'Accept-Encoding': 'gzip, deflate, br', 'Connection': 'keep-alive', 'Content-Length': '69'}
Request headers: {}

-------
Response code: 200
Response text: {"RedirectUrl":null,"PasswordChangeUrl":null,"Exception":null,"Code":0,"Message":""}
Response head: {'Date': 'Wed, 19 Oct 2022 07:12:12 GMT', 'Content-Type': 'application/json; charset=utf-8', 'Server': 'Kestrel', 'Content-Length': '84', 'Cache-Control': 'no-cache', 'Pragma': 'no-cache', 'Expires': 'Thu, 01 Jan 1970 00:00:00 GMT', 'Set-Cookie': 'BPMSESSIONID=; expires=Thu, 01 Jan 1970 00:00:00 GMT; path=/; samesite=lax, .ASPXAUTH=CfDJ8KOx5pzs3vJMgjraUoy-gb7eylZfygGfXBVZNoV_p4MoVN1S2Ohnj0O5IR2fy4POpYrGLb-MhySVAcA-PPNuNuq9crTf9ngJR0C4giivgDBaj58GRPUvc0cYe6sFVbWfNIUzTg9gGAVmklkH7IQSwAs0XzuGw3_HIPo4FJ8Itry1eVd97V2pZqbzPQzFOnPUTEpt_UBDaJJEirnDVd_tWedhyzCv9CvNoScx_Y-sAiwaYvqyJq_aSUkpNK3ZMeZmcGMWMY80jV7jN_UCFkRJuyX2NZ6RqPTcWVMVx1ZxFLWPdJKqJTLRcQH9onBGqgqzkyPKcI8ClS7HoPoBSWc5DKjpkbRDzqLMr67d2vTnl8bl1TRSwkhsKG-IhCK-mYnoABy3kMmAMOg6tonLoQed228XjGxr4yPyraNvpPiq8OaSU-dpiH9pwTxU6S97SECe1gGwwn5LMS78B3YTVCq5v6rFjlZ-3NLXvVpX8g-srn9IJavCr5JlfTssmjZryo6kTrHgA1_a2wnUc_hDbOY5vV3uQPI0Osvs1vizJPO-wNfFnbOhcGGQDlXo_B8yc5BVb2xa8OOqy18jm3RaFfvzyjF91iUylX2nTQLQlQ1AQlXS-J2sh62DcrwBDzTOwJkYbMy87JZzoQSm2Bk6qpCiPEYaUVg1lQxlHQO9omEL_09Dr-nM8eRo-5QPG68YFrG-egw8ry7JQSkMnZVpP_2sObiTult0qxmT9_jAkA94v4Cxp0tdY4ASY1qNugblzUd2NwWOSzY8W9QZzPmnflzUccu--Fyes3yVJK5U-iVta1aEap9-dQq1RpOAUhJox2xcQg; path=/; samesite=lax; httponly, CsrfToken=CfDJ8KOx5pzs3vJMgjraUoy-gb66vRixyM8mES3by7wGJtiLnPQb___SlgNzLgAG7hL1aQV9YTee87rOYxz3zo3TcZiFLUBz3QCO4S_FVUVQbr1-NPpCRtWa0Q7RVGpD1jHy0RDMDGnDFaS6k7N0zDMKQiE; path=/; samesite=lax; httponly, BPMCSRF=CfDJ8KOx5pzs3vJMgjraUoy-gb7klya0aJnc4v-XXkJs1gTaTyKudIIYpwvSniYyEhUz_HdPF1LiucFs3pAPyWjUeot1JFsKAO3qNzNFPYYShn-VUPZOpHEi3uqtf7uiC0SUGjao7nBbs1FuYPOR_suUyzOEnRPLdycNr4vcq_xc3mh-P4QSEQvWwLnKWvjzfGC7dg; path=/; samesite=lax', 'X-Frame-Options': 'SAMEORIGIN'}
Response cookies: <RequestsCookieJar[<Cookie .ASPXAUTH=CfDJ8KOx5pzs3vJMgjraUoy-gb7eylZfygGfXBVZNoV_p4MoVN1S2Ohnj0O5IR2fy4POpYrGLb-MhySVAcA-PPNuNuq9crTf9ngJR0C4giivgDBaj58GRPUvc0cYe6sFVbWfNIUzTg9gGAVmklkH7IQSwAs0XzuGw3_HIPo4FJ8Itry1eVd97V2pZqbzPQzFOnPUTEpt_UBDaJJEirnDVd_tWedhyzCv9CvNoScx_Y-sAiwaYvqyJq_aSUkpNK3ZMeZmcGMWMY80jV7jN_UCFkRJuyX2NZ6RqPTcWVMVx1ZxFLWPdJKqJTLRcQH9onBGqgqzkyPKcI8ClS7HoPoBSWc5DKjpkbRDzqLMr67d2vTnl8bl1TRSwkhsKG-IhCK-mYnoABy3kMmAMOg6tonLoQed228XjGxr4yPyraNvpPiq8OaSU-dpiH9pwTxU6S97SECe1gGwwn5LMS78B3YTVCq5v6rFjlZ-3NLXvVpX8g-srn9IJavCr5JlfTssmjZryo6kTrHgA1_a2wnUc_hDbOY5vV3uQPI0Osvs1vizJPO-wNfFnbOhcGGQDlXo_B8yc5BVb2xa8OOqy18jm3RaFfvzyjF91iUylX2nTQLQlQ1AQlXS-J2sh62DcrwBDzTOwJkYbMy87JZzoQSm2Bk6qpCiPEYaUVg1lQxlHQO9omEL_09Dr-nM8eRo-5QPG68YFrG-egw8ry7JQSkMnZVpP_2sObiTult0qxmT9_jAkA94v4Cxp0tdY4ASY1qNugblzUd2NwWOSzY8W9QZzPmnflzUccu--Fyes3yVJK5U-iVta1aEap9-dQq1RpOAUhJox2xcQg for localmail.itexpert.ru/>, <Cookie BPMCSRF=CfDJ8KOx5pzs3vJMgjraUoy-gb7klya0aJnc4v-XXkJs1gTaTyKudIIYpwvSniYyEhUz_HdPF1LiucFs3pAPyWjUeot1JFsKAO3qNzNFPYYShn-VUPZOpHEi3uqtf7uiC0SUGjao7nBbs1FuYPOR_suUyzOEnRPLdycNr4vcq_xc3mh-P4QSEQvWwLnKWvjzfGC7dg for localmail.itexpert.ru/>, <Cookie CsrfToken=CfDJ8KOx5pzs3vJMgjraUoy-gb66vRixyM8mES3by7wGJtiLnPQb___SlgNzLgAG7hL1aQV9YTee87rOYxz3zo3TcZiFLUBz3QCO4S_FVUVQbr1-NPpCRtWa0Q7RVGpD1jHy0RDMDGnDFaS6k7N0zDMKQiE for localmail.itexpert.ru/>]>

-------

------
Test: None
Time: 2022-10-19 12:12:10.976815
Request method: POST
Request URL: http://localmail.itexpert.ru:5058/rest/SapErpIntegrationService/v1/UpdateOSDirectory
Request data: None
Request json: {'currentPage': 1, 'pageCount': 1, 'delta': 'F', 'item': [{'ANLN1': '240000240179', 'TXT50': 'Аппарат телефонный Cisco/CP-7945G=13', 'INVNR': '12121313', 'AKTIV': '29.03.2016', 'KOSTL': '1006103050', 'WERKS': '1002', 'STORT': '43', 'ANSW_END': '20000.00', 'RBW_END': '10000', 'MENGE': '2', 'POSNR': '1100648.80016-YO04-00013', 'GLO_RUS_OKOF16': '330.28.12', 'GLO_RUS_DEPGRN': '03', 'NDJAR': '003', 'DEAKT': '13.02.2023', 'KTEXT3': 'г.Санкт-Петербург ул.Почтамтская 3-5', 'ZZCNDPERNR': '00028076', 'CNDPERNR_NAME': 'Дернов ИН123', 'OS_STATUS': 'Перемещен', 'AWKEY': '09072021/2', 'GJAHR': '2021', 'ACT-ID': 'pre09072021/2', 'SERNR': '666', 'row': 1, 'deleted': ''}]}
Request cookies: {'Content-Type': 'application/json', 'User-Agent': 'PostmanRuntime/7.29.0', 'Accept': '*/*', 'Cache-Control': 'Cache-Control', 'Host': 'localmail.itexpert.ru:5058', 'Accept-Encoding': 'gzip, deflate, br', 'Connection': 'keep-alive', 'Content-Length': '69', 'BPMCSRF': 'CfDJ8KOx5pzs3vJMgjraUoy-gb7klya0aJnc4v-XXkJs1gTaTyKudIIYpwvSniYyEhUz_HdPF1LiucFs3pAPyWjUeot1JFsKAO3qNzNFPYYShn-VUPZOpHEi3uqtf7uiC0SUGjao7nBbs1FuYPOR_suUyzOEnRPLdycNr4vcq_xc3mh-P4QSEQvWwLnKWvjzfGC7dg'}
Request headers: <RequestsCookieJar[<Cookie .ASPXAUTH=CfDJ8KOx5pzs3vJMgjraUoy-gb7eylZfygGfXBVZNoV_p4MoVN1S2Ohnj0O5IR2fy4POpYrGLb-MhySVAcA-PPNuNuq9crTf9ngJR0C4giivgDBaj58GRPUvc0cYe6sFVbWfNIUzTg9gGAVmklkH7IQSwAs0XzuGw3_HIPo4FJ8Itry1eVd97V2pZqbzPQzFOnPUTEpt_UBDaJJEirnDVd_tWedhyzCv9CvNoScx_Y-sAiwaYvqyJq_aSUkpNK3ZMeZmcGMWMY80jV7jN_UCFkRJuyX2NZ6RqPTcWVMVx1ZxFLWPdJKqJTLRcQH9onBGqgqzkyPKcI8ClS7HoPoBSWc5DKjpkbRDzqLMr67d2vTnl8bl1TRSwkhsKG-IhCK-mYnoABy3kMmAMOg6tonLoQed228XjGxr4yPyraNvpPiq8OaSU-dpiH9pwTxU6S97SECe1gGwwn5LMS78B3YTVCq5v6rFjlZ-3NLXvVpX8g-srn9IJavCr5JlfTssmjZryo6kTrHgA1_a2wnUc_hDbOY5vV3uQPI0Osvs1vizJPO-wNfFnbOhcGGQDlXo_B8yc5BVb2xa8OOqy18jm3RaFfvzyjF91iUylX2nTQLQlQ1AQlXS-J2sh62DcrwBDzTOwJkYbMy87JZzoQSm2Bk6qpCiPEYaUVg1lQxlHQO9omEL_09Dr-nM8eRo-5QPG68YFrG-egw8ry7JQSkMnZVpP_2sObiTult0qxmT9_jAkA94v4Cxp0tdY4ASY1qNugblzUd2NwWOSzY8W9QZzPmnflzUccu--Fyes3yVJK5U-iVta1aEap9-dQq1RpOAUhJox2xcQg for localmail.itexpert.ru/>, <Cookie BPMCSRF=CfDJ8KOx5pzs3vJMgjraUoy-gb7klya0aJnc4v-XXkJs1gTaTyKudIIYpwvSniYyEhUz_HdPF1LiucFs3pAPyWjUeot1JFsKAO3qNzNFPYYShn-VUPZOpHEi3uqtf7uiC0SUGjao7nBbs1FuYPOR_suUyzOEnRPLdycNr4vcq_xc3mh-P4QSEQvWwLnKWvjzfGC7dg for localmail.itexpert.ru/>, <Cookie CsrfToken=CfDJ8KOx5pzs3vJMgjraUoy-gb66vRixyM8mES3by7wGJtiLnPQb___SlgNzLgAG7hL1aQV9YTee87rOYxz3zo3TcZiFLUBz3QCO4S_FVUVQbr1-NPpCRtWa0Q7RVGpD1jHy0RDMDGnDFaS6k7N0zDMKQiE for localmail.itexpert.ru/>]>

-------
Response code: 200
Response text: {"result":[{"TYPE":"E","MESSAGE":"ОС перемещено, исключено из обработки Инв№ 12121313, Номер карточки ОС 240000240179","ROW":1}],"isSuccessful":true,"message":"OK","success":true,"error":null,"status":200}
Response head: {'Date': 'Wed, 19 Oct 2022 07:12:13 GMT', 'Content-Type': 'application/json; charset=utf-8', 'Server': 'Kestrel', 'Content-Length': '257', 'Cache-Control': 'no-cache', 'Pragma': 'no-cache', 'Expires': '-1', 'Set-Cookie': 'BPMSESSIONID=CfDJ8KOx5pzs3vJMgjraUoy%2Bgb41Jx%2BN6y%2FL76Ioy2rSiVDvbuNeviRMCg%2F9qUcxua%2FtdIer188kii3UXPGN9ADjekJXVGU%2FF4yQ4MyYGKV4JHEvU%2F3mBOOnSAN6Wf69u%2BMpwCY2nU0luqzYK8%2FQg%2BlFwEzu%2FpF2ZSThDXECRtqoF8aX; path=/; samesite=lax; httponly'}
Response cookies: <RequestsCookieJar[<Cookie BPMSESSIONID=CfDJ8KOx5pzs3vJMgjraUoy%2Bgb41Jx%2BN6y%2FL76Ioy2rSiVDvbuNeviRMCg%2F9qUcxua%2FtdIer188kii3UXPGN9ADjekJXVGU%2FF4yQ4MyYGKV4JHEvU%2F3mBOOnSAN6Wf69u%2BMpwCY2nU0luqzYK8%2FQg%2BlFwEzu%2FpF2ZSThDXECRtqoF8aX for localmail.itexpert.ru/>]>

-------
